[ 2017-05-12T20:56:03+08:00 ] 127.0.0.1 /themes/simplebootx/Public/js/maps/swiper.jquery.js.map
ERR: 无法加载控制器:Themes

[ 2017-05-12T20:56:04+08:00 ] 127.0.0.1 /themes/simplebootx/Public/js/maps/swiper.jquery.js.map
ERR: 无法加载控制器:Themes

[ 2017-05-12T21:02:02+08:00 ] 127.0.0.1 /themes/simplebootx/Public/js/maps/swiper.jquery.js.map
ERR: 无法加载控制器:Themes

[ 2017-05-12T21:02:04+08:00 ] 127.0.0.1 /themes/simplebootx/Public/js/maps/swiper.jquery.js.map
ERR: 无法加载控制器:Themes

[ 2017-05-12T21:02:25+08:00 ] 127.0.0.1 /themes/simplebootx/Public/js/maps/swiper.jquery.js.map
ERR: 无法加载控制器:Themes

[ 2017-05-12T21:02:31+08:00 ] 127.0.0.1 /themes/simplebootx/Public/js/maps/swiper.jquery.js.map
ERR: 无法加载控制器:Themes

[ 2017-05-12T21:02:33+08:00 ] 127.0.0.1 /themes/simplebootx/Public/js/maps/swiper.jquery.js.map
ERR: 无法加载控制器:Themes

[ 2017-05-12T21:02:41+08:00 ] 127.0.0.1 /themes/simplebootx/Public/js/maps/swiper.jquery.js.map
ERR: 无法加载控制器:Themes

[ 2017-05-12T21:02:42+08:00 ] 127.0.0.1 /index.php?g=Portal&m=Index&a=goodClick&id=20170423124543553&name=48
INFO: [ app_begin ] --START--
INFO: Run Behavior\ReadHtmlCacheBehavior [ RunTime:0.001001s ]
INFO: Run Behavior\CheckLangBehavior [ RunTime:0.004000s ]
INFO: Run Common\Behavior\UrldecodeGetBehavior [ RunTime:0.002000s ]
INFO: [ app_begin ] --END-- [ RunTime:0.008001s ]
NOTIC: [8] Undefined index: user E:\bad\application\Common\Controller\HomebaseController.class.php 第 37 行.
SQL: SHOW COLUMNS FROM `i_goods` [ RunTime:0.0030s ]
SQL: SHOW COLUMNS FROM `i_goods_term` [ RunTime:0.0020s ]
SQL: SHOW COLUMNS FROM `i_goods` [ RunTime:0.0030s ]
SQL: SELECT `attribute` FROM `i_goods` WHERE ( id=20170423124543552.000000 ) LIMIT 1   [ RunTime:0.0010s ]

[ 2017-05-12T21:02:43+08:00 ] 127.0.0.1 /index.php?g=Portal&m=Index&a=goodClick&id=20170423124543553&name=49
INFO: [ app_begin ] --START--
INFO: Run Behavior\ReadHtmlCacheBehavior [ RunTime:0.003000s ]
INFO: Run Behavior\CheckLangBehavior [ RunTime:0.006000s ]
INFO: Run Common\Behavior\UrldecodeGetBehavior [ RunTime:0.001000s ]
INFO: [ app_begin ] --END-- [ RunTime:0.011000s ]
NOTIC: [8] Undefined index: user E:\bad\application\Common\Controller\HomebaseController.class.php 第 37 行.
SQL: SHOW COLUMNS FROM `i_goods` [ RunTime:0.0020s ]
SQL: SHOW COLUMNS FROM `i_goods_term` [ RunTime:0.0020s ]
SQL: SHOW COLUMNS FROM `i_goods` [ RunTime:0.0020s ]
SQL: SELECT `attribute` FROM `i_goods` WHERE ( id=20170423124543552.000000 ) LIMIT 1   [ RunTime:0.0010s ]

[ 2017-05-12T21:02:43+08:00 ] 127.0.0.1 /index.php?g=Portal&m=Index&a=goodClick&id=20170423124543553&name=50
INFO: [ app_begin ] --START--
INFO: Run Behavior\ReadHtmlCacheBehavior [ RunTime:0.002000s ]
INFO: Run Behavior\CheckLangBehavior [ RunTime:0.003000s ]
INFO: Run Common\Behavior\UrldecodeGetBehavior [ RunTime:0.002000s ]
INFO: [ app_begin ] --END-- [ RunTime:0.007000s ]
NOTIC: [8] Undefined index: user E:\bad\application\Common\Controller\HomebaseController.class.php 第 37 行.
SQL: SHOW COLUMNS FROM `i_goods` [ RunTime:0.0020s ]
SQL: SHOW COLUMNS FROM `i_goods_term` [ RunTime:0.0010s ]
SQL: SHOW COLUMNS FROM `i_goods` [ RunTime:0.0020s ]
SQL: SELECT `attribute` FROM `i_goods` WHERE ( id=20170423124543552.000000 ) LIMIT 1   [ RunTime:0.0000s ]

[ 2017-05-12T21:02:44+08:00 ] 127.0.0.1 /index.php?g=Portal&m=Index&a=goodClick&id=20170423124543553&name=48
INFO: [ app_begin ] --START--
INFO: Run Behavior\ReadHtmlCacheBehavior [ RunTime:0.001000s ]
INFO: Run Behavior\CheckLangBehavior [ RunTime:0.003000s ]
INFO: Run Common\Behavior\UrldecodeGetBehavior [ RunTime:0.001000s ]
INFO: [ app_begin ] --END-- [ RunTime:0.008000s ]
NOTIC: [8] Undefined index: user E:\bad\application\Common\Controller\HomebaseController.class.php 第 37 行.
SQL: SHOW COLUMNS FROM `i_goods` [ RunTime:0.0020s ]
SQL: SHOW COLUMNS FROM `i_goods_term` [ RunTime:0.0020s ]
SQL: SHOW COLUMNS FROM `i_goods` [ RunTime:0.0030s ]
SQL: SELECT `attribute` FROM `i_goods` WHERE ( id=20170423124543552.000000 ) LIMIT 1   [ RunTime:0.0000s ]

[ 2017-05-12T21:04:33+08:00 ] 127.0.0.1 /themes/simplebootx/Public/js/maps/swiper.jquery.js.map
ERR: 无法加载控制器:Themes

[ 2017-05-12T21:04:46+08:00 ] 127.0.0.1 /themes/simplebootx/Public/js/maps/swiper.jquery.js.map
ERR: 无法加载控制器:Themes

[ 2017-05-12T21:04:48+08:00 ] 127.0.0.1 /index.php?g=Portal&m=Index&a=goodClick&id=20170423124543553&name=50
INFO: [ app_begin ] --START--
INFO: Run Behavior\ReadHtmlCacheBehavior [ RunTime:0.002000s ]
INFO: Run Behavior\CheckLangBehavior [ RunTime:0.006000s ]
INFO: Run Common\Behavior\UrldecodeGetBehavior [ RunTime:0.003000s ]
INFO: [ app_begin ] --END-- [ RunTime:0.011000s ]
SQL: SHOW COLUMNS FROM `i_users` [ RunTime:0.0020s ]
SQL: SELECT * FROM `i_users` WHERE `id` = '5' LIMIT 1   [ RunTime:0.0000s ]
SQL: SHOW COLUMNS FROM `i_goods` [ RunTime:0.0020s ]
SQL: SHOW COLUMNS FROM `i_goods_term` [ RunTime:0.0020s ]
SQL: SHOW COLUMNS FROM `i_goods` [ RunTime:0.0020s ]
SQL: SELECT `attribute` FROM `i_goods` WHERE ( id=20170423124543552.000000 ) LIMIT 1   [ RunTime:0.0000s ]

[ 2017-05-12T21:21:48+08:00 ] 127.0.0.1 /themes/simplebootx/Public/js/maps/swiper.jquery.js.map
ERR: 无法加载控制器:Themes

[ 2017-05-12T21:21:50+08:00 ] 127.0.0.1 /themes/simplebootx/Public/js/maps/swiper.jquery.js.map
ERR: 无法加载控制器:Themes

[ 2017-05-12T21:21:51+08:00 ] 127.0.0.1 /index.php?g=Portal&m=Index&a=goodClick&id=20170423124543553&name=48
INFO: [ app_begin ] --START--
INFO: Run Behavior\ReadHtmlCacheBehavior [ RunTime:0.001000s ]
INFO: Run Behavior\CheckLangBehavior [ RunTime:0.003001s ]
INFO: Run Common\Behavior\UrldecodeGetBehavior [ RunTime:0.002000s ]
INFO: [ app_begin ] --END-- [ RunTime:0.007001s ]
SQL: SHOW COLUMNS FROM `i_users` [ RunTime:0.0040s ]
SQL: SELECT * FROM `i_users` WHERE `id` = '5' LIMIT 1   [ RunTime:0.0000s ]
SQL: SHOW COLUMNS FROM `i_goods` [ RunTime:0.0020s ]
SQL: SHOW COLUMNS FROM `i_goods_term` [ RunTime:0.0030s ]
SQL: SHOW COLUMNS FROM `i_goods` [ RunTime:0.0030s ]
SQL: SELECT `attribute` FROM `i_goods` WHERE ( id=20170423124543552.000000 ) LIMIT 1   [ RunTime:0.0010s ]

[ 2017-05-12T21:21:53+08:00 ] 127.0.0.1 /index.php?g=Portal&m=Index&a=goodClick&id=20170423124543553&name=49
INFO: [ app_begin ] --START--
INFO: Run Behavior\ReadHtmlCacheBehavior [ RunTime:0.004000s ]
INFO: Run Behavior\CheckLangBehavior [ RunTime:0.004000s ]
INFO: Run Common\Behavior\UrldecodeGetBehavior [ RunTime:0.002000s ]
INFO: [ app_begin ] --END-- [ RunTime:0.010000s ]
SQL: SHOW COLUMNS FROM `i_users` [ RunTime:0.0040s ]
SQL: SELECT * FROM `i_users` WHERE `id` = '5' LIMIT 1   [ RunTime:0.0010s ]
SQL: SHOW COLUMNS FROM `i_goods` [ RunTime:0.0030s ]
SQL: SHOW COLUMNS FROM `i_goods_term` [ RunTime:0.0020s ]
SQL: SHOW COLUMNS FROM `i_goods` [ RunTime:0.0030s ]
SQL: SELECT `attribute` FROM `i_goods` WHERE ( id=20170423124543552.000000 ) LIMIT 1   [ RunTime:0.0000s ]

[ 2017-05-12T21:21:53+08:00 ] 127.0.0.1 /index.php?g=Portal&m=Index&a=goodClick&id=20170423124543553&name=50
INFO: [ app_begin ] --START--
INFO: Run Behavior\ReadHtmlCacheBehavior [ RunTime:0.003000s ]
INFO: Run Behavior\CheckLangBehavior [ RunTime:0.006001s ]
INFO: Run Common\Behavior\UrldecodeGetBehavior [ RunTime:0.003000s ]
INFO: [ app_begin ] --END-- [ RunTime:0.012001s ]
SQL: SHOW COLUMNS FROM `i_users` [ RunTime:0.0020s ]
SQL: SELECT * FROM `i_users` WHERE `id` = '5' LIMIT 1   [ RunTime:0.0000s ]
SQL: SHOW COLUMNS FROM `i_goods` [ RunTime:0.0040s ]
SQL: SHOW COLUMNS FROM `i_goods_term` [ RunTime:0.0020s ]
SQL: SHOW COLUMNS FROM `i_goods` [ RunTime:0.0020s ]
SQL: SELECT `attribute` FROM `i_goods` WHERE ( id=20170423124543552.000000 ) LIMIT 1   [ RunTime:0.0000s ]

[ 2017-05-12T21:26:01+08:00 ] 127.0.0.1 /themes/simplebootx/Public/js/maps/swiper.jquery.js.map
ERR: 无法加载控制器:Themes

[ 2017-05-12T21:26:03+08:00 ] 127.0.0.1 /themes/simplebootx/Public/js/maps/swiper.jquery.js.map
ERR: 无法加载控制器:Themes

[ 2017-05-12T21:26:04+08:00 ] 127.0.0.1 /index.php?g=Portal&m=Index&a=goodClick&id=20170423124543553&name=49
INFO: [ app_begin ] --START--
INFO: Run Behavior\ReadHtmlCacheBehavior [ RunTime:0.002000s ]
INFO: Run Behavior\CheckLangBehavior [ RunTime:0.006000s ]
INFO: Run Common\Behavior\UrldecodeGetBehavior [ RunTime:0.003000s ]
INFO: [ app_begin ] --END-- [ RunTime:0.011000s ]
SQL: SHOW COLUMNS FROM `i_users` [ RunTime:0.0030s ]
SQL: SELECT * FROM `i_users` WHERE `id` = '5' LIMIT 1   [ RunTime:0.0000s ]
SQL: SHOW COLUMNS FROM `i_goods` [ RunTime:0.0030s ]
SQL: SHOW COLUMNS FROM `i_goods_term` [ RunTime:0.0030s ]
SQL: SHOW COLUMNS FROM `i_goods` [ RunTime:0.0030s ]
SQL: SELECT `attribute` FROM `i_goods` WHERE ( id=20170423124543552.000000 ) LIMIT 1   [ RunTime:0.0000s ]

[ 2017-05-12T21:26:06+08:00 ] 127.0.0.1 /index.php?g=Portal&m=Index&a=goodClick&id=20170423124543553&name=50
INFO: [ app_begin ] --START--
INFO: Run Behavior\ReadHtmlCacheBehavior [ RunTime:0.001000s ]
INFO: Run Behavior\CheckLangBehavior [ RunTime:0.004000s ]
INFO: Run Common\Behavior\UrldecodeGetBehavior [ RunTime:0.001000s ]
INFO: [ app_begin ] --END-- [ RunTime:0.006000s ]
SQL: SHOW COLUMNS FROM `i_users` [ RunTime:0.0030s ]
SQL: SELECT * FROM `i_users` WHERE `id` = '5' LIMIT 1   [ RunTime:0.0010s ]
SQL: SHOW COLUMNS FROM `i_goods` [ RunTime:0.0020s ]
SQL: SHOW COLUMNS FROM `i_goods_term` [ RunTime:0.0030s ]
SQL: SHOW COLUMNS FROM `i_goods` [ RunTime:0.0040s ]
SQL: SELECT `attribute` FROM `i_goods` WHERE ( id=20170423124543552.000000 ) LIMIT 1   [ RunTime:0.0000s ]

[ 2017-05-12T21:26:06+08:00 ] 127.0.0.1 /index.php?g=Portal&m=Index&a=goodClick&id=20170423124543553&name=49
INFO: [ app_begin ] --START--
INFO: Run Behavior\ReadHtmlCacheBehavior [ RunTime:0.003000s ]
INFO: Run Behavior\CheckLangBehavior [ RunTime:0.003000s ]
INFO: Run Common\Behavior\UrldecodeGetBehavior [ RunTime:0.002000s ]
INFO: [ app_begin ] --END-- [ RunTime:0.009000s ]
SQL: SHOW COLUMNS FROM `i_users` [ RunTime:0.0030s ]
SQL: SELECT * FROM `i_users` WHERE `id` = '5' LIMIT 1   [ RunTime:0.0010s ]
SQL: SHOW COLUMNS FROM `i_goods` [ RunTime:0.0030s ]
SQL: SHOW COLUMNS FROM `i_goods_term` [ RunTime:0.0020s ]
SQL: SHOW COLUMNS FROM `i_goods` [ RunTime:0.0030s ]
SQL: SELECT `attribute` FROM `i_goods` WHERE ( id=20170423124543552.000000 ) LIMIT 1   [ RunTime:0.0010s ]

[ 2017-05-12T21:26:07+08:00 ] 127.0.0.1 /index.php?g=Portal&m=Index&a=goodClick&id=20170423124543553&name=48
INFO: [ app_begin ] --START--
INFO: Run Behavior\ReadHtmlCacheBehavior [ RunTime:0.003000s ]
INFO: Run Behavior\CheckLangBehavior [ RunTime:0.003000s ]
INFO: Run Common\Behavior\UrldecodeGetBehavior [ RunTime:0.004000s ]
INFO: [ app_begin ] --END-- [ RunTime:0.010000s ]
SQL: SHOW COLUMNS FROM `i_users` [ RunTime:0.0040s ]
SQL: SELECT * FROM `i_users` WHERE `id` = '5' LIMIT 1   [ RunTime:0.0000s ]
SQL: SHOW COLUMNS FROM `i_goods` [ RunTime:0.0030s ]
SQL: SHOW COLUMNS FROM `i_goods_term` [ RunTime:0.0020s ]
SQL: SHOW COLUMNS FROM `i_goods` [ RunTime:0.0030s ]
SQL: SELECT `attribute` FROM `i_goods` WHERE ( id=20170423124543552.000000 ) LIMIT 1   [ RunTime:0.0000s ]

[ 2017-05-12T21:26:08+08:00 ] 127.0.0.1 /index.php?g=Portal&m=Index&a=goodClick&id=20170423124543553&name=50
INFO: [ app_begin ] --START--
INFO: Run Behavior\ReadHtmlCacheBehavior [ RunTime:0.002000s ]
INFO: Run Behavior\CheckLangBehavior [ RunTime:0.005000s ]
INFO: Run Common\Behavior\UrldecodeGetBehavior [ RunTime:0.002001s ]
INFO: [ app_begin ] --END-- [ RunTime:0.009001s ]
SQL: SHOW COLUMNS FROM `i_users` [ RunTime:0.0020s ]
SQL: SELECT * FROM `i_users` WHERE `id` = '5' LIMIT 1   [ RunTime:0.0000s ]
SQL: SHOW COLUMNS FROM `i_goods` [ RunTime:0.0020s ]
SQL: SHOW COLUMNS FROM `i_goods_term` [ RunTime:0.0020s ]
SQL: SHOW COLUMNS FROM `i_goods` [ RunTime:0.0020s ]
SQL: SELECT `attribute` FROM `i_goods` WHERE ( id=20170423124543552.000000 ) LIMIT 1   [ RunTime:0.0000s ]

[ 2017-05-12T21:26:36+08:00 ] 127.0.0.1 /pro_info.html
ERR: 无法加载控制器:Pro_info

[ 2017-05-12T21:26:37+08:00 ] 127.0.0.1 /pro_info.html
ERR: 无法加载控制器:Pro_info

[ 2017-05-12T21:28:49+08:00 ] 127.0.0.1 /themes/simplebootx/Public/js/maps/swiper.jquery.js.map
ERR: 无法加载控制器:Themes

[ 2017-05-12T21:28:50+08:00 ] 127.0.0.1 /themes/simplebootx/Public/js/maps/swiper.jquery.js.map
ERR: 无法加载控制器:Themes

[ 2017-05-12T21:28:52+08:00 ] 127.0.0.1 /index.php?g=Portal&m=Index&a=goodClick&id=20170422212306786&name=%E5%B0%8F%E6%AC%BE%E5%BC%8F
INFO: [ app_begin ] --START--
INFO: Run Behavior\ReadHtmlCacheBehavior [ RunTime:0.002000s ]
INFO: Run Behavior\CheckLangBehavior [ RunTime:0.004000s ]
INFO: Run Common\Behavior\UrldecodeGetBehavior [ RunTime:0.003000s ]
INFO: [ app_begin ] --END-- [ RunTime:0.009000s ]
SQL: SHOW COLUMNS FROM `i_users` [ RunTime:0.0020s ]
SQL: SELECT * FROM `i_users` WHERE `id` = '5' LIMIT 1   [ RunTime:0.0000s ]
SQL: SHOW COLUMNS FROM `i_goods` [ RunTime:0.0020s ]
SQL: SHOW COLUMNS FROM `i_goods_term` [ RunTime:0.0020s ]
SQL: SHOW COLUMNS FROM `i_goods` [ RunTime:0.0020s ]
SQL: SELECT `attribute` FROM `i_goods` WHERE ( id=20170422212306784.000000 ) LIMIT 1   [ RunTime:0.0000s ]

[ 2017-05-12T21:30:52+08:00 ] 127.0.0.1 /themes/simplebootx/Public/js/maps/swiper.jquery.js.map
ERR: 无法加载控制器:Themes

[ 2017-05-12T21:50:30+08:00 ] 127.0.0.1 /themes/simplebootx/Public/js/maps/swiper.jquery.js.map
ERR: 无法加载控制器:Themes

[ 2017-05-12T21:50:45+08:00 ] 127.0.0.1 /myburse.html
ERR: 无法加载控制器:Myburse

