[ 2017-04-22T18:18:56+08:00 ] 127.0.0.1 /
INFO: [ app_begin ] --START--
INFO: Run Behavior\ReadHtmlCacheBehavior [ RunTime:0.002000s ]
INFO: Run Behavior\CheckLangBehavior [ RunTime:0.003000s ]
INFO: Run Common\Behavior\UrldecodeGetBehavior [ RunTime:0.002000s ]
INFO: [ app_begin ] --END-- [ RunTime:0.007000s ]
SQL: SHOW COLUMNS FROM `i_goods` [ RunTime:0.0020s ]
INFO: [ view_parse ] --START--
INFO: [ template_filter ] --START--
INFO: Run Behavior\ContentReplaceBehavior [ RunTime:0.000000s ]
INFO: [ template_filter ] --END-- [ RunTime:0.000000s ]
SQL: SHOW COLUMNS FROM `i_slide_cat` [ RunTime:0.0020s ]
SQL: SELECT * FROM i_slide_cat a INNER JOIN i_slide as b on a.cid =b.slide_cid  WHERE ( a.cat_idname='portal_index' and b.slide_status=1 ) ORDER BY listorder ASC LIMIT 0,5   [ RunTime:0.0010s ]
SQL: SHOW COLUMNS FROM `i_term_relationships` [ RunTime:0.0020s ]
SQL: SELECT `post_title`,`post_excerpt`,`object_id`,`smeta`,`term_id` FROM i_term_relationships term_relationships INNER JOIN i_posts as posts on term_relationships.object_id = posts.id INNER JOIN i_users as users on posts.post_author = users.id  WHERE term_relationships.status = 1 AND posts.post_status = 1 AND term_relationships.term_id IN (1,2) ORDER BY listorder asc LIMIT 4   [ RunTime:0.0010s ]
SQL: SHOW COLUMNS FROM `i_links` [ RunTime:0.0020s ]
SQL: SELECT * FROM `i_links` WHERE ( link_status=1 ) ORDER BY listorder ASC  [ RunTime:0.0000s ]
INFO: Run Behavior\ParseTemplateBehavior [ RunTime:0.055003s ]
INFO: [ view_parse ] --END-- [ RunTime:0.055003s ]
INFO: [ view_filter ] --START--
INFO: Run Behavior\WriteHtmlCacheBehavior [ RunTime:0.002000s ]
INFO: Run Common\Behavior\TmplStripSpaceBehavior [ RunTime:0.001000s ]
INFO: [ view_filter ] --END-- [ RunTime:0.003000s ]
INFO: [ app_end ] --START--
INFO: Run Behavior\ShowPageTraceBehavior [ RunTime:0.001000s ]
INFO: [ app_end ] --END-- [ RunTime:0.001000s ]

[ 2017-04-22T18:18:56+08:00 ] 127.0.0.1 /slippry.min.map
ERR: 无法加载控制器:Slippry.min

[ 2017-04-22T18:19:02+08:00 ] 127.0.0.1 /
INFO: [ app_begin ] --START--
INFO: Run Behavior\ReadHtmlCacheBehavior [ RunTime:0.002000s ]
INFO: Run Behavior\CheckLangBehavior [ RunTime:0.003001s ]
INFO: Run Common\Behavior\UrldecodeGetBehavior [ RunTime:0.001000s ]
INFO: [ app_begin ] --END-- [ RunTime:0.006001s ]
SQL: SHOW COLUMNS FROM `i_goods` [ RunTime:0.0030s ]
INFO: [ view_parse ] --START--
INFO: [ template_filter ] --START--
INFO: Run Behavior\ContentReplaceBehavior [ RunTime:0.000000s ]
INFO: [ template_filter ] --END-- [ RunTime:0.001000s ]
SQL: SHOW COLUMNS FROM `i_slide_cat` [ RunTime:0.0030s ]
SQL: SELECT * FROM i_slide_cat a INNER JOIN i_slide as b on a.cid =b.slide_cid  WHERE ( a.cat_idname='portal_index' and b.slide_status=1 ) ORDER BY listorder ASC LIMIT 0,5   [ RunTime:0.0000s ]
SQL: SHOW COLUMNS FROM `i_term_relationships` [ RunTime:0.0030s ]
SQL: SELECT `post_title`,`post_excerpt`,`object_id`,`smeta`,`term_id` FROM i_term_relationships term_relationships INNER JOIN i_posts as posts on term_relationships.object_id = posts.id INNER JOIN i_users as users on posts.post_author = users.id  WHERE term_relationships.status = 1 AND posts.post_status = 1 AND term_relationships.term_id IN (1,2) ORDER BY listorder asc LIMIT 4   [ RunTime:0.0010s ]
SQL: SHOW COLUMNS FROM `i_links` [ RunTime:0.0020s ]
SQL: SELECT * FROM `i_links` WHERE ( link_status=1 ) ORDER BY listorder ASC  [ RunTime:0.0000s ]
INFO: Run Behavior\ParseTemplateBehavior [ RunTime:0.056003s ]
INFO: [ view_parse ] --END-- [ RunTime:0.056003s ]
INFO: [ view_filter ] --START--
INFO: Run Behavior\WriteHtmlCacheBehavior [ RunTime:0.002001s ]
INFO: Run Common\Behavior\TmplStripSpaceBehavior [ RunTime:0.001000s ]
INFO: [ view_filter ] --END-- [ RunTime:0.003001s ]
INFO: [ app_end ] --START--
INFO: Run Behavior\ShowPageTraceBehavior [ RunTime:0.001000s ]
INFO: [ app_end ] --END-- [ RunTime:0.001000s ]

[ 2017-04-22T18:19:02+08:00 ] 127.0.0.1 /slippry.min.map
ERR: 无法加载控制器:Slippry.min

[ 2017-04-22T18:19:26+08:00 ] 127.0.0.1 /
INFO: [ app_begin ] --START--
INFO: Run Behavior\ReadHtmlCacheBehavior [ RunTime:0.004000s ]
INFO: Run Behavior\CheckLangBehavior [ RunTime:0.006001s ]
INFO: Run Common\Behavior\UrldecodeGetBehavior [ RunTime:0.005000s ]
INFO: [ app_begin ] --END-- [ RunTime:0.016001s ]
SQL: SHOW COLUMNS FROM `i_goods` [ RunTime:0.0030s ]
INFO: [ view_parse ] --START--
INFO: [ template_filter ] --START--
INFO: Run Behavior\ContentReplaceBehavior [ RunTime:0.000000s ]
INFO: [ template_filter ] --END-- [ RunTime:0.000000s ]
SQL: SHOW COLUMNS FROM `i_slide_cat` [ RunTime:0.0030s ]
SQL: SELECT * FROM i_slide_cat a INNER JOIN i_slide as b on a.cid =b.slide_cid  WHERE ( a.cat_idname='portal_index' and b.slide_status=1 ) ORDER BY listorder ASC LIMIT 0,5   [ RunTime:0.0000s ]
SQL: SHOW COLUMNS FROM `i_term_relationships` [ RunTime:0.0010s ]
SQL: SELECT `post_title`,`post_excerpt`,`object_id`,`smeta`,`term_id` FROM i_term_relationships term_relationships INNER JOIN i_posts as posts on term_relationships.object_id = posts.id INNER JOIN i_users as users on posts.post_author = users.id  WHERE term_relationships.status = 1 AND posts.post_status = 1 AND term_relationships.term_id IN (1,2) ORDER BY listorder asc LIMIT 4   [ RunTime:0.0000s ]
SQL: SHOW COLUMNS FROM `i_links` [ RunTime:0.0020s ]
SQL: SELECT * FROM `i_links` WHERE ( link_status=1 ) ORDER BY listorder ASC  [ RunTime:0.0000s ]
INFO: Run Behavior\ParseTemplateBehavior [ RunTime:0.062004s ]
INFO: [ view_parse ] --END-- [ RunTime:0.062004s ]
INFO: [ view_filter ] --START--
INFO: Run Behavior\WriteHtmlCacheBehavior [ RunTime:0.002000s ]
INFO: Run Common\Behavior\TmplStripSpaceBehavior [ RunTime:0.002000s ]
INFO: [ view_filter ] --END-- [ RunTime:0.004000s ]
INFO: [ app_end ] --START--
INFO: Run Behavior\ShowPageTraceBehavior [ RunTime:0.001000s ]
INFO: [ app_end ] --END-- [ RunTime:0.001000s ]

[ 2017-04-22T18:19:27+08:00 ] 127.0.0.1 /slippry.min.map
ERR: 无法加载控制器:Slippry.min

[ 2017-04-22T18:21:21+08:00 ] 127.0.0.1 /
INFO: [ app_begin ] --START--
INFO: Run Behavior\ReadHtmlCacheBehavior [ RunTime:0.002000s ]
INFO: Run Behavior\CheckLangBehavior [ RunTime:0.005001s ]
INFO: Run Common\Behavior\UrldecodeGetBehavior [ RunTime:0.001000s ]
INFO: [ app_begin ] --END-- [ RunTime:0.009001s ]
SQL: SHOW COLUMNS FROM `i_goods` [ RunTime:0.0030s ]
INFO: [ view_parse ] --START--
INFO: [ template_filter ] --START--
INFO: Run Behavior\ContentReplaceBehavior [ RunTime:0.000000s ]
INFO: [ template_filter ] --END-- [ RunTime:0.000000s ]
SQL: SHOW COLUMNS FROM `i_slide_cat` [ RunTime:0.0020s ]
SQL: SELECT * FROM i_slide_cat a INNER JOIN i_slide as b on a.cid =b.slide_cid  WHERE ( a.cat_idname='portal_index' and b.slide_status=1 ) ORDER BY listorder ASC LIMIT 0,5   [ RunTime:0.0010s ]
SQL: SHOW COLUMNS FROM `i_term_relationships` [ RunTime:0.0010s ]
SQL: SELECT `post_title`,`post_excerpt`,`object_id`,`smeta`,`term_id` FROM i_term_relationships term_relationships INNER JOIN i_posts as posts on term_relationships.object_id = posts.id INNER JOIN i_users as users on posts.post_author = users.id  WHERE term_relationships.status = 1 AND posts.post_status = 1 AND term_relationships.term_id IN (1,2) ORDER BY listorder asc LIMIT 4   [ RunTime:0.0000s ]
SQL: SHOW COLUMNS FROM `i_links` [ RunTime:0.0020s ]
SQL: SELECT * FROM `i_links` WHERE ( link_status=1 ) ORDER BY listorder ASC  [ RunTime:0.0000s ]
INFO: Run Behavior\ParseTemplateBehavior [ RunTime:0.047002s ]
INFO: [ view_parse ] --END-- [ RunTime:0.047002s ]
INFO: [ view_filter ] --START--
INFO: Run Behavior\WriteHtmlCacheBehavior [ RunTime:0.002001s ]
INFO: Run Common\Behavior\TmplStripSpaceBehavior [ RunTime:0.001000s ]
INFO: [ view_filter ] --END-- [ RunTime:0.003001s ]
INFO: [ app_end ] --START--
INFO: Run Behavior\ShowPageTraceBehavior [ RunTime:0.001000s ]
INFO: [ app_end ] --END-- [ RunTime:0.001000s ]

[ 2017-04-22T18:21:22+08:00 ] 127.0.0.1 /slippry.min.map
ERR: 无法加载控制器:Slippry.min

