[ 2017-05-08T20:21:29+08:00 ] 127.0.0.1 /myburse.html
ERR: 无法加载控制器:Myburse

[ 2017-05-08T20:21:35+08:00 ] 127.0.0.1 /myburse.html
ERR: 无法加载控制器:Myburse

[ 2017-05-08T21:46:27+08:00 ] 127.0.0.1 /themes/simplebootx/Public/js/maps/swiper.jquery.js.map
ERR: 无法加载控制器:Themes

[ 2017-05-08T21:46:31+08:00 ] 127.0.0.1 /themes/simplebootx/Public/js/maps/swiper.jquery.js.map
ERR: 无法加载控制器:Themes

[ 2017-05-08T21:46:33+08:00 ] 127.0.0.1 /index.php?g=Portal&m=Index&a=goodClick&id=20170422212306786&name=%E5%B0%8F%E6%AC%BE%E5%BC%8F
INFO: [ app_begin ] --START--
INFO: Run Behavior\ReadHtmlCacheBehavior [ RunTime:0.002000s ]
INFO: Run Behavior\CheckLangBehavior [ RunTime:0.004000s ]
INFO: Run Common\Behavior\UrldecodeGetBehavior [ RunTime:0.002000s ]
INFO: [ app_begin ] --END-- [ RunTime:0.009000s ]
SQL: SHOW COLUMNS FROM `i_users` [ RunTime:0.0030s ]
SQL: SELECT * FROM `i_users` WHERE `id` = '5' LIMIT 1   [ RunTime:0.0010s ]
SQL: SHOW COLUMNS FROM `i_goods` [ RunTime:0.0030s ]
SQL: SHOW COLUMNS FROM `i_goods_term` [ RunTime:0.0020s ]
SQL: SHOW COLUMNS FROM `i_goods` [ RunTime:0.0020s ]
SQL: SELECT `attribute` FROM `i_goods` WHERE ( id=20170422212306784.000000 ) LIMIT 1   [ RunTime:0.0000s ]

[ 2017-05-08T21:49:44+08:00 ] 127.0.0.1 /themes/simplebootx/Public/js/maps/swiper.jquery.js.map
ERR: 无法加载控制器:Themes

[ 2017-05-08T21:49:47+08:00 ] 127.0.0.1 /themes/simplebootx/Public/js/maps/swiper.jquery.js.map
ERR: 无法加载控制器:Themes

[ 2017-05-08T21:49:48+08:00 ] 127.0.0.1 /index.php?g=Portal&m=Index&a=goodClick&id=20170422212306786&name=%E5%B0%8F%E6%AC%BE%E5%BC%8F
INFO: [ app_begin ] --START--
INFO: Run Behavior\ReadHtmlCacheBehavior [ RunTime:0.002000s ]
INFO: Run Behavior\CheckLangBehavior [ RunTime:0.004000s ]
INFO: Run Common\Behavior\UrldecodeGetBehavior [ RunTime:0.002000s ]
INFO: [ app_begin ] --END-- [ RunTime:0.009000s ]
SQL: SHOW COLUMNS FROM `i_users` [ RunTime:0.0030s ]
SQL: SELECT * FROM `i_users` WHERE `id` = '5' LIMIT 1   [ RunTime:0.0010s ]
SQL: SHOW COLUMNS FROM `i_goods` [ RunTime:0.0020s ]
SQL: SHOW COLUMNS FROM `i_goods_term` [ RunTime:0.0020s ]
SQL: SHOW COLUMNS FROM `i_goods` [ RunTime:0.0020s ]
SQL: SELECT `attribute` FROM `i_goods` WHERE ( id=20170422212306784.000000 ) LIMIT 1   [ RunTime:0.0000s ]

