[ 2017-05-09T20:09:40+08:00 ] 127.0.0.1 /themes/simplebootx/Public/js/maps/swiper.jquery.js.map
ERR: 无法加载控制器:Themes

[ 2017-05-09T20:09:42+08:00 ] 127.0.0.1 /themes/simplebootx/Public/js/maps/swiper.jquery.js.map
ERR: 无法加载控制器:Themes

[ 2017-05-09T20:11:33+08:00 ] 127.0.0.1 /themes/simplebootx/Public/js/maps/swiper.jquery.js.map
ERR: 无法加载控制器:Themes

[ 2017-05-09T20:12:57+08:00 ] 127.0.0.1 /mine.html
ERR: 无法加载控制器:Mine

[ 2017-05-09T20:12:59+08:00 ] 127.0.0.1 /themes/simplebootx/Public/js/maps/swiper.jquery.js.map
ERR: 无法加载控制器:Themes

[ 2017-05-09T20:13:36+08:00 ] 127.0.0.1 /themes/simplebootx/Public/js/maps/swiper.jquery.js.map
ERR: 无法加载控制器:Themes

[ 2017-05-09T20:15:00+08:00 ] 127.0.0.1 /themes/simplebootx/Public/js/maps/swiper.jquery.js.map
ERR: 无法加载控制器:Themes

[ 2017-05-09T20:15:32+08:00 ] 127.0.0.1 /themes/simplebootx/Public/js/maps/swiper.jquery.js.map
ERR: 无法加载控制器:Themes

[ 2017-05-09T20:15:33+08:00 ] 127.0.0.1 /themes/simplebootx/Public/js/maps/swiper.jquery.js.map
ERR: 无法加载控制器:Themes

[ 2017-05-09T20:21:10+08:00 ] 127.0.0.1 /themes/simplebootx/Public/js/maps/swiper.jquery.js.map
ERR: 无法加载控制器:Themes

[ 2017-05-09T20:21:11+08:00 ] 127.0.0.1 /themes/simplebootx/Public/js/maps/swiper.jquery.js.map
ERR: 无法加载控制器:Themes

[ 2017-05-09T20:21:50+08:00 ] 127.0.0.1 /all_orders.html
ERR: 无法加载控制器:All_orders

[ 2017-05-09T20:21:53+08:00 ] 127.0.0.1 /all_orders.html
ERR: 无法加载控制器:All_orders

[ 2017-05-09T20:22:01+08:00 ] 127.0.0.1 /all_orders.html
ERR: 无法加载控制器:All_orders

[ 2017-05-09T20:22:03+08:00 ] 127.0.0.1 /all_orders.html
ERR: 无法加载控制器:All_orders

[ 2017-05-09T20:30:41+08:00 ] 127.0.0.1 /record.html
ERR: 无法加载控制器:Record

[ 2017-05-09T20:35:10+08:00 ] 127.0.0.1 /themes/simplebootx/Public/js/maps/swiper.jquery.js.map
ERR: 无法加载控制器:Themes

[ 2017-05-09T20:35:13+08:00 ] 127.0.0.1 /index.php?g=Portal&m=Index&a=goodClick&id=20170422212306786&name=%E5%B0%8F%E6%AC%BE%E5%BC%8F
INFO: [ app_begin ] --START--
INFO: Run Behavior\ReadHtmlCacheBehavior [ RunTime:0.001000s ]
INFO: Run Behavior\CheckLangBehavior [ RunTime:0.004001s ]
INFO: Run Common\Behavior\UrldecodeGetBehavior [ RunTime:0.001000s ]
INFO: [ app_begin ] --END-- [ RunTime:0.006001s ]
SQL: SHOW COLUMNS FROM `i_users` [ RunTime:0.0020s ]
SQL: SELECT * FROM `i_users` WHERE `id` = '5' LIMIT 1   [ RunTime:0.0010s ]
SQL: SHOW COLUMNS FROM `i_goods` [ RunTime:0.0020s ]
SQL: SHOW COLUMNS FROM `i_goods_term` [ RunTime:0.0020s ]
SQL: SHOW COLUMNS FROM `i_goods` [ RunTime:0.0030s ]
SQL: SELECT `attribute` FROM `i_goods` WHERE ( id=20170422212306784.000000 ) LIMIT 1   [ RunTime:0.0000s ]

[ 2017-05-09T20:35:16+08:00 ] 127.0.0.1 /index.php?g=Portal&m=Index&a=goodClick&id=20170422212306786&name=%E5%B0%8F%E6%AC%BE%E5%BC%8F
INFO: [ app_begin ] --START--
INFO: Run Behavior\ReadHtmlCacheBehavior [ RunTime:0.001000s ]
INFO: Run Behavior\CheckLangBehavior [ RunTime:0.003000s ]
INFO: Run Common\Behavior\UrldecodeGetBehavior [ RunTime:0.002000s ]
INFO: [ app_begin ] --END-- [ RunTime:0.007000s ]
SQL: SHOW COLUMNS FROM `i_users` [ RunTime:0.0020s ]
SQL: SELECT * FROM `i_users` WHERE `id` = '5' LIMIT 1   [ RunTime:0.0010s ]
SQL: SHOW COLUMNS FROM `i_goods` [ RunTime:0.0020s ]
SQL: SHOW COLUMNS FROM `i_goods_term` [ RunTime:0.0030s ]
SQL: SHOW COLUMNS FROM `i_goods` [ RunTime:0.0020s ]
SQL: SELECT `attribute` FROM `i_goods` WHERE ( id=20170422212306784.000000 ) LIMIT 1   [ RunTime:0.0000s ]

[ 2017-05-09T20:35:29+08:00 ] 127.0.0.1 /themes/simplebootx/Public/js/maps/swiper.jquery.js.map
ERR: 无法加载控制器:Themes

[ 2017-05-09T20:35:33+08:00 ] 127.0.0.1 /index.php?g=Portal&m=Index&a=goodClick&id=20170422212306786&name=%E5%B0%8F%E6%AC%BE%E5%BC%8F
INFO: [ app_begin ] --START--
INFO: Run Behavior\ReadHtmlCacheBehavior [ RunTime:0.001000s ]
INFO: Run Behavior\CheckLangBehavior [ RunTime:0.004000s ]
INFO: Run Common\Behavior\UrldecodeGetBehavior [ RunTime:0.002000s ]
INFO: [ app_begin ] --END-- [ RunTime:0.008000s ]
SQL: SHOW COLUMNS FROM `i_users` [ RunTime:0.0020s ]
SQL: SELECT * FROM `i_users` WHERE `id` = '5' LIMIT 1   [ RunTime:0.0010s ]
SQL: SHOW COLUMNS FROM `i_goods` [ RunTime:0.0020s ]
SQL: SHOW COLUMNS FROM `i_goods_term` [ RunTime:0.0020s ]
SQL: SHOW COLUMNS FROM `i_goods` [ RunTime:0.0020s ]
SQL: SELECT `attribute` FROM `i_goods` WHERE ( id=20170422212306784.000000 ) LIMIT 1   [ RunTime:0.0000s ]

[ 2017-05-09T20:35:34+08:00 ] 127.0.0.1 /index.php?g=Portal&m=Index&a=goodClick&id=20170422212306786&name=%E5%B0%8F%E6%AC%BE%E5%BC%8F
INFO: [ app_begin ] --START--
INFO: Run Behavior\ReadHtmlCacheBehavior [ RunTime:0.003000s ]
INFO: Run Behavior\CheckLangBehavior [ RunTime:0.003001s ]
INFO: Run Common\Behavior\UrldecodeGetBehavior [ RunTime:0.002000s ]
INFO: [ app_begin ] --END-- [ RunTime:0.008001s ]
SQL: SHOW COLUMNS FROM `i_users` [ RunTime:0.0020s ]
SQL: SELECT * FROM `i_users` WHERE `id` = '5' LIMIT 1   [ RunTime:0.0010s ]
SQL: SHOW COLUMNS FROM `i_goods` [ RunTime:0.0020s ]
SQL: SHOW COLUMNS FROM `i_goods_term` [ RunTime:0.0020s ]
SQL: SHOW COLUMNS FROM `i_goods` [ RunTime:0.0020s ]
SQL: SELECT `attribute` FROM `i_goods` WHERE ( id=20170422212306784.000000 ) LIMIT 1   [ RunTime:0.0010s ]

[ 2017-05-09T20:35:34+08:00 ] 127.0.0.1 /index.php?g=Portal&m=Index&a=goodClick&id=20170422212306786&name=%E5%A4%A7%E6%AC%BE%E5%BC%8F
INFO: [ app_begin ] --START--
INFO: Run Behavior\ReadHtmlCacheBehavior [ RunTime:0.001000s ]
INFO: Run Behavior\CheckLangBehavior [ RunTime:0.004000s ]
INFO: Run Common\Behavior\UrldecodeGetBehavior [ RunTime:0.001000s ]
INFO: [ app_begin ] --END-- [ RunTime:0.006000s ]
SQL: SHOW COLUMNS FROM `i_users` [ RunTime:0.0030s ]
SQL: SELECT * FROM `i_users` WHERE `id` = '5' LIMIT 1   [ RunTime:0.0000s ]
SQL: SHOW COLUMNS FROM `i_goods` [ RunTime:0.0030s ]
SQL: SHOW COLUMNS FROM `i_goods_term` [ RunTime:0.0020s ]
SQL: SHOW COLUMNS FROM `i_goods` [ RunTime:0.0030s ]
SQL: SELECT `attribute` FROM `i_goods` WHERE ( id=20170422212306784.000000 ) LIMIT 1   [ RunTime:0.0000s ]

[ 2017-05-09T20:35:35+08:00 ] 127.0.0.1 /index.php?g=Portal&m=Index&a=goodClick&id=20170422212306786&name=%E5%B0%8F%E6%AC%BE%E5%BC%8F
INFO: [ app_begin ] --START--
INFO: Run Behavior\ReadHtmlCacheBehavior [ RunTime:0.002001s ]
INFO: Run Behavior\CheckLangBehavior [ RunTime:0.003000s ]
INFO: Run Common\Behavior\UrldecodeGetBehavior [ RunTime:0.003000s ]
INFO: [ app_begin ] --END-- [ RunTime:0.009001s ]
SQL: SHOW COLUMNS FROM `i_users` [ RunTime:0.0020s ]
SQL: SELECT * FROM `i_users` WHERE `id` = '5' LIMIT 1   [ RunTime:0.0000s ]
SQL: SHOW COLUMNS FROM `i_goods` [ RunTime:0.0030s ]
SQL: SHOW COLUMNS FROM `i_goods_term` [ RunTime:0.0030s ]
SQL: SHOW COLUMNS FROM `i_goods` [ RunTime:0.0030s ]
SQL: SELECT `attribute` FROM `i_goods` WHERE ( id=20170422212306784.000000 ) LIMIT 1   [ RunTime:0.0010s ]

[ 2017-05-09T20:35:37+08:00 ] 127.0.0.1 /index.php?g=Portal&m=Index&a=goodClick&id=20170422212306786&name=%E5%B0%8F%E6%AC%BE%E5%BC%8F
INFO: [ app_begin ] --START--
INFO: Run Behavior\ReadHtmlCacheBehavior [ RunTime:0.001000s ]
INFO: Run Behavior\CheckLangBehavior [ RunTime:0.005000s ]
INFO: Run Common\Behavior\UrldecodeGetBehavior [ RunTime:0.002000s ]
INFO: [ app_begin ] --END-- [ RunTime:0.008000s ]
SQL: SHOW COLUMNS FROM `i_users` [ RunTime:0.0030s ]
SQL: SELECT * FROM `i_users` WHERE `id` = '5' LIMIT 1   [ RunTime:0.0000s ]
SQL: SHOW COLUMNS FROM `i_goods` [ RunTime:0.0020s ]
SQL: SHOW COLUMNS FROM `i_goods_term` [ RunTime:0.0020s ]
SQL: SHOW COLUMNS FROM `i_goods` [ RunTime:0.0020s ]
SQL: SELECT `attribute` FROM `i_goods` WHERE ( id=20170422212306784.000000 ) LIMIT 1   [ RunTime:0.0010s ]

[ 2017-05-09T20:35:38+08:00 ] 127.0.0.1 /index.php?g=Portal&m=Index&a=goodClick&id=20170422212306786&name=%E5%A4%A7%E6%AC%BE%E5%BC%8F
INFO: [ app_begin ] --START--
INFO: Run Behavior\ReadHtmlCacheBehavior [ RunTime:0.001000s ]
INFO: Run Behavior\CheckLangBehavior [ RunTime:0.004001s ]
INFO: Run Common\Behavior\UrldecodeGetBehavior [ RunTime:0.003000s ]
INFO: [ app_begin ] --END-- [ RunTime:0.008001s ]
SQL: SHOW COLUMNS FROM `i_users` [ RunTime:0.0020s ]
SQL: SELECT * FROM `i_users` WHERE `id` = '5' LIMIT 1   [ RunTime:0.0010s ]
SQL: SHOW COLUMNS FROM `i_goods` [ RunTime:0.0020s ]
SQL: SHOW COLUMNS FROM `i_goods_term` [ RunTime:0.0030s ]
SQL: SHOW COLUMNS FROM `i_goods` [ RunTime:0.0020s ]
SQL: SELECT `attribute` FROM `i_goods` WHERE ( id=20170422212306784.000000 ) LIMIT 1   [ RunTime:0.0000s ]

[ 2017-05-09T20:35:39+08:00 ] 127.0.0.1 /index.php?g=Portal&m=Index&a=goodClick&id=20170422212306786&name=%E5%B0%8F%E6%AC%BE%E5%BC%8F
INFO: [ app_begin ] --START--
INFO: Run Behavior\ReadHtmlCacheBehavior [ RunTime:0.003001s ]
INFO: Run Behavior\CheckLangBehavior [ RunTime:0.003000s ]
INFO: Run Common\Behavior\UrldecodeGetBehavior [ RunTime:0.002000s ]
INFO: [ app_begin ] --END-- [ RunTime:0.008001s ]
SQL: SHOW COLUMNS FROM `i_users` [ RunTime:0.0020s ]
SQL: SELECT * FROM `i_users` WHERE `id` = '5' LIMIT 1   [ RunTime:0.0000s ]
SQL: SHOW COLUMNS FROM `i_goods` [ RunTime:0.0020s ]
SQL: SHOW COLUMNS FROM `i_goods_term` [ RunTime:0.0010s ]
SQL: SHOW COLUMNS FROM `i_goods` [ RunTime:0.0010s ]
SQL: SELECT `attribute` FROM `i_goods` WHERE ( id=20170422212306784.000000 ) LIMIT 1   [ RunTime:0.0010s ]

[ 2017-05-09T20:36:01+08:00 ] 127.0.0.1 /themes/simplebootx/Public/js/maps/swiper.jquery.js.map
ERR: 无法加载控制器:Themes

[ 2017-05-09T20:36:07+08:00 ] 127.0.0.1 /index.php?g=Portal&m=Index&a=goodClick&id=20170422212306786&name=%E5%B0%8F%E6%AC%BE%E5%BC%8F
INFO: [ app_begin ] --START--
INFO: Run Behavior\ReadHtmlCacheBehavior [ RunTime:0.001000s ]
INFO: Run Behavior\CheckLangBehavior [ RunTime:0.006000s ]
INFO: Run Common\Behavior\UrldecodeGetBehavior [ RunTime:0.002000s ]
INFO: [ app_begin ] --END-- [ RunTime:0.010001s ]
SQL: SHOW COLUMNS FROM `i_users` [ RunTime:0.0020s ]
SQL: SELECT * FROM `i_users` WHERE `id` = '5' LIMIT 1   [ RunTime:0.0010s ]
SQL: SHOW COLUMNS FROM `i_goods` [ RunTime:0.0030s ]
SQL: SHOW COLUMNS FROM `i_goods_term` [ RunTime:0.0020s ]
SQL: SHOW COLUMNS FROM `i_goods` [ RunTime:0.0010s ]
SQL: SELECT `attribute` FROM `i_goods` WHERE ( id=20170422212306784.000000 ) LIMIT 1   [ RunTime:0.0000s ]

[ 2017-05-09T20:36:26+08:00 ] 127.0.0.1 /themes/simplebootx/Public/js/maps/swiper.jquery.js.map
ERR: 无法加载控制器:Themes

[ 2017-05-09T20:41:46+08:00 ] 127.0.0.1 /themes/simplebootx/Public/js/maps/swiper.jquery.js.map
ERR: 无法加载控制器:Themes

[ 2017-05-09T20:41:47+08:00 ] 127.0.0.1 /index.php?g=Portal&m=Index&a=goodClick&id=20170422212306786&name=%E5%B0%8F%E6%AC%BE%E5%BC%8F
INFO: [ app_begin ] --START--
INFO: Run Behavior\ReadHtmlCacheBehavior [ RunTime:0.003000s ]
INFO: Run Behavior\CheckLangBehavior [ RunTime:0.003000s ]
INFO: Run Common\Behavior\UrldecodeGetBehavior [ RunTime:0.002000s ]
INFO: [ app_begin ] --END-- [ RunTime:0.009000s ]
SQL: SHOW COLUMNS FROM `i_users` [ RunTime:0.0020s ]
SQL: SELECT * FROM `i_users` WHERE `id` = '5' LIMIT 1   [ RunTime:0.0010s ]
SQL: SHOW COLUMNS FROM `i_goods` [ RunTime:0.0020s ]
SQL: SHOW COLUMNS FROM `i_goods_term` [ RunTime:0.0020s ]
SQL: SHOW COLUMNS FROM `i_goods` [ RunTime:0.0020s ]
SQL: SELECT `attribute` FROM `i_goods` WHERE ( id=20170422212306784.000000 ) LIMIT 1   [ RunTime:0.0010s ]

[ 2017-05-09T20:42:38+08:00 ] 127.0.0.1 /record.html
ERR: 无法加载控制器:Record

[ 2017-05-09T20:45:08+08:00 ] 127.0.0.1 /record.html
ERR: 无法加载控制器:Record

[ 2017-05-09T20:51:31+08:00 ] 127.0.0.1 /classify.html
ERR: 无法加载控制器:Classify

[ 2017-05-09T20:56:18+08:00 ] 127.0.0.1 /myburse.html
ERR: 无法加载控制器:Myburse

[ 2017-05-09T20:56:20+08:00 ] 127.0.0.1 /myburse.html
ERR: 无法加载控制器:Myburse

[ 2017-05-09T22:56:04+08:00 ] 127.0.0.1 /myburse.html
ERR: 无法加载控制器:Myburse

