[ 2017-05-21T16:47:22+08:00 ] 127.0.0.1 /index.php?g=Admin&m=public&a=dologin
INFO: [ app_begin ] --START--
INFO: Run Behavior\ReadHtmlCacheBehavior [ RunTime:0.002000s ]
INFO: Run Behavior\CheckLangBehavior [ RunTime:0.005001s ]
INFO: Run Common\Behavior\UrldecodeGetBehavior [ RunTime:0.002000s ]
INFO: [ app_begin ] --END-- [ RunTime:0.010001s ]
INFO: [ admin_begin ] --START--
INFO: Run Common\Behavior\AdminDefaultLangBehavior [ RunTime:0.006000s ]
INFO: [ admin_begin ] --END-- [ RunTime:0.006000s ]
SQL: SHOW COLUMNS FROM `i_users` [ RunTime:0.0020s ]
SQL: SELECT * FROM `i_users` WHERE `user_login` = 'admin' LIMIT 1   [ RunTime:0.0400s ]
SQL: SHOW COLUMNS FROM `i_role_user` [ RunTime:0.0030s ]
SQL: SELECT `role_id` FROM i_role_user a INNER JOIN i_role as b on a.role_id =b.id  WHERE `user_id` = '1' AND `status` = 1  [ RunTime:0.0000s ]
SQL: UPDATE `i_users` SET `parentid`='0',`user_login`='admin',`user_pass`='###1fccbd040eb4fc5a3a6440482c5f383e',`user_nicename`='admin',`shop_name`='',`user_email`='a526584713@qq.com',`user_url`='',`avatar`=NULL,`sex`='0',`birthday`='2000-01-01',`signature`=NULL,`last_login_ip`='127.0.0.1',`last_login_time`='2017-05-21 16:47:22',`create_time`='2017-04-13 03:02:05',`user_activation_key`='',`user_status`='1',`score`='0',`user_type`='1',`coin`='0',`mobile`='',`uuid`=NULL,`pid`=NULL,`province`='0',`city`='0',`area`='0',`money`='0',`can_monery`='0.00',`level`='1',`gold`='0.00',`dong`='0' WHERE `id` = '1' [ RunTime:0.0470s ]

[ 2017-05-21T16:47:38+08:00 ] 127.0.0.1 /index.php?g=Admin&m=Setting&a=set_monery
INFO: [ app_begin ] --START--
INFO: Run Behavior\ReadHtmlCacheBehavior [ RunTime:0.002000s ]
INFO: Run Behavior\CheckLangBehavior [ RunTime:0.004000s ]
INFO: Run Common\Behavior\UrldecodeGetBehavior [ RunTime:0.002001s ]
INFO: [ app_begin ] --END-- [ RunTime:0.008001s ]
INFO: [ admin_begin ] --START--
INFO: Run Common\Behavior\AdminDefaultLangBehavior [ RunTime:0.015001s ]
INFO: [ admin_begin ] --END-- [ RunTime:0.015001s ]
SQL: SHOW COLUMNS FROM `i_users` [ RunTime:0.0040s ]
SQL: SELECT * FROM `i_users` WHERE `id` = '1' LIMIT 1   [ RunTime:0.0010s ]
SQL: SHOW COLUMNS FROM `i_options` [ RunTime:0.0030s ]
SQL: SHOW COLUMNS FROM `i_data` [ RunTime:0.0020s ]
SQL: UPDATE `i_data` SET `data`='{\"level_first\":\"0.15\",\"jiandian\":\"15\",\"level_next\":\"0.05\",\"pu\":\"0.1\",\"zuanshi_first\":\"0.15\",\"zuanshi_next\":\"0.05\",\"level_level\":\"0.05\",\"huangjin\":\"0.00\",\"zuanshi\":\"0.05\",\"jinbi\":\"1000\",\"jinbi_shouyi\":\"5\",\"daili_shouyi\":\"5\"}' WHERE `id` = 1 [ RunTime:0.0200s ]

