[ 2017-04-30T13:47:54+08:00 ] 127.0.0.1 /index.php?g=Admin&m=public&a=dologin
INFO: [ app_begin ] --START--
INFO: Run Behavior\ReadHtmlCacheBehavior [ RunTime:0.002000s ]
INFO: Run Behavior\CheckLangBehavior [ RunTime:0.004000s ]
INFO: Run Common\Behavior\UrldecodeGetBehavior [ RunTime:0.001001s ]
INFO: [ app_begin ] --END-- [ RunTime:0.008001s ]
INFO: [ admin_begin ] --START--
INFO: Run Common\Behavior\AdminDefaultLangBehavior [ RunTime:0.004000s ]
INFO: [ admin_begin ] --END-- [ RunTime:0.004000s ]
SQL: SHOW COLUMNS FROM `i_users` [ RunTime:0.0050s ]
SQL: SELECT * FROM `i_users` WHERE `user_login` = 'admin' LIMIT 1   [ RunTime:0.0010s ]
SQL: SHOW COLUMNS FROM `i_role_user` [ RunTime:0.2720s ]
SQL: SELECT `role_id` FROM i_role_user a INNER JOIN i_role as b on a.role_id =b.id  WHERE `user_id` = '1' AND `status` = 1  [ RunTime:0.0130s ]
SQL: UPDATE `i_users` SET `parentid`='0',`user_login`='admin',`user_pass`='###f25434b0a5e217fd97b2737ecf52d72e',`user_nicename`='admin',`shop_name`='',`user_email`='a526584713@qq.com',`user_url`='',`avatar`=NULL,`sex`='0',`birthday`='2000-01-01',`signature`=NULL,`last_login_ip`='127.0.0.1',`last_login_time`='2017-04-30 13:47:54',`create_time`='2017-04-13 03:02:05',`user_activation_key`='',`user_status`='1',`score`='0',`user_type`='1',`coin`='0',`mobile`='',`uuid`=NULL,`pid`=NULL,`province`='0',`city`='0',`area`='0',`money`='0',`can_money`='0' WHERE `id` = '1' [ RunTime:0.0000s ]

[ 2017-04-30T14:00:08+08:00 ] 127.0.0.1 /index.php?g=Admin&m=AdminPost&a=index
ERR: 无法加载控制器:AdminPost

[ 2017-04-30T14:00:09+08:00 ] 127.0.0.1 /index.php?g=Admin&m=AdminPost&a=index
ERR: 无法加载控制器:AdminPost

[ 2017-04-30T14:23:23+08:00 ] 127.0.0.1 /index.php?g=Admin&m=Goods&a=orderList&begin=&end=&name=&phone=&order_number=20170425221200487
ERR: 1054:Unknown column 'a.order_number' in 'where clause'
 [ SQL语句 ] : SELECT COUNT(*) AS tp_count FROM i_orders a LEFT JOIN i_address as b on a.address_id = b.id  WHERE a.order_number = '20170425221200487' LIMIT 1  

[ 2017-04-30T14:36:09+08:00 ] 127.0.0.1 /index.php?g=Admin&m=Goods&a=fa&id=1
ERR: 模板不存在:admin/themes/simplebootx/Admin/Goods/fa.html

[ 2017-04-30T14:44:23+08:00 ] 127.0.0.1 /index.php?g=Admin&m=Goods&a=fa&id=1
INFO: [ app_begin ] --START--
INFO: Run Behavior\ReadHtmlCacheBehavior [ RunTime:0.002000s ]
INFO: Run Behavior\CheckLangBehavior [ RunTime:0.004000s ]
INFO: Run Common\Behavior\UrldecodeGetBehavior [ RunTime:0.001000s ]
INFO: [ app_begin ] --END-- [ RunTime:0.007000s ]
INFO: [ admin_begin ] --START--
INFO: Run Common\Behavior\AdminDefaultLangBehavior [ RunTime:0.007000s ]
INFO: [ admin_begin ] --END-- [ RunTime:0.007000s ]
SQL: SHOW COLUMNS FROM `i_users` [ RunTime:0.0020s ]
SQL: SELECT * FROM `i_users` WHERE `id` = '1' LIMIT 1   [ RunTime:0.0000s ]
SQL: SHOW COLUMNS FROM `i_goods_term` [ RunTime:0.0020s ]
SQL: SHOW COLUMNS FROM `i_goods` [ RunTime:0.0030s ]
SQL: SHOW COLUMNS FROM `i_orders` [ RunTime:0.0020s ]
SQL: UPDATE `i_orders` SET `logistics_mode`='顺丰',`logistics_num`='152145214521452',`delivery_time`='2017-04-30 14:44:23' WHERE ( id=1 ) [ RunTime:0.0430s ]

[ 2017-04-30T14:45:27+08:00 ] 127.0.0.1 /index.php?g=Admin&m=Goods&a=fa&id=1
INFO: [ app_begin ] --START--
INFO: Run Behavior\ReadHtmlCacheBehavior [ RunTime:0.002000s ]
INFO: Run Behavior\CheckLangBehavior [ RunTime:0.004000s ]
INFO: Run Common\Behavior\UrldecodeGetBehavior [ RunTime:0.001000s ]
INFO: [ app_begin ] --END-- [ RunTime:0.007000s ]
INFO: [ admin_begin ] --START--
INFO: Run Common\Behavior\AdminDefaultLangBehavior [ RunTime:0.006000s ]
INFO: [ admin_begin ] --END-- [ RunTime:0.006000s ]
SQL: SHOW COLUMNS FROM `i_users` [ RunTime:0.0030s ]
SQL: SELECT * FROM `i_users` WHERE `id` = '1' LIMIT 1   [ RunTime:0.0000s ]
SQL: SHOW COLUMNS FROM `i_goods_term` [ RunTime:0.0030s ]
SQL: SHOW COLUMNS FROM `i_goods` [ RunTime:0.0030s ]
SQL: SHOW COLUMNS FROM `i_orders` [ RunTime:0.0020s ]
SQL: UPDATE `i_orders` SET `logistics_mode`='顺丰',`logistics_num`='15212145214521',`delivery_time`='2017-04-30 14:45:27' WHERE ( id=1 ) [ RunTime:0.0580s ]

[ 2017-04-30T14:52:00+08:00 ] 127.0.0.1 /index.php?g=Admin&m=Goods&a=fa&id=1
INFO: [ app_begin ] --START--
INFO: Run Behavior\ReadHtmlCacheBehavior [ RunTime:0.002000s ]
INFO: Run Behavior\CheckLangBehavior [ RunTime:0.004000s ]
INFO: Run Common\Behavior\UrldecodeGetBehavior [ RunTime:0.001000s ]
INFO: [ app_begin ] --END-- [ RunTime:0.007000s ]
INFO: [ admin_begin ] --START--
INFO: Run Common\Behavior\AdminDefaultLangBehavior [ RunTime:0.005001s ]
INFO: [ admin_begin ] --END-- [ RunTime:0.005001s ]
SQL: SHOW COLUMNS FROM `i_users` [ RunTime:0.0020s ]
SQL: SELECT * FROM `i_users` WHERE `id` = '1' LIMIT 1   [ RunTime:0.0010s ]
SQL: SHOW COLUMNS FROM `i_goods_term` [ RunTime:0.0020s ]
SQL: SHOW COLUMNS FROM `i_goods` [ RunTime:0.0020s ]
SQL: SHOW COLUMNS FROM `i_orders` [ RunTime:0.0020s ]
SQL: UPDATE `i_orders` SET `logistics_mode`='圆通',`logistics_num`='15212145214521',`status`='2',`delivery_time`='2017-04-30 14:52:00' WHERE ( id=1 ) [ RunTime:0.0480s ]

[ 2017-04-30T14:52:41+08:00 ] 127.0.0.1 /index.php?g=Admin&m=Menu&a=index
NOTIC: D方法实例化没找到模型类Common\Model\AuthRuleModel

[ 2017-04-30T14:52:47+08:00 ] 127.0.0.1 /index.php?g=Admin&m=Menu&a=add&parentid=187&menuid=
NOTIC: D方法实例化没找到模型类Common\Model\AuthRuleModel

[ 2017-04-30T14:53:02+08:00 ] 127.0.0.1 /index.php?g=Admin&m=Menu&a=add_post
INFO: [ app_begin ] --START--
INFO: Run Behavior\ReadHtmlCacheBehavior [ RunTime:0.001000s ]
INFO: Run Behavior\CheckLangBehavior [ RunTime:0.004001s ]
INFO: Run Common\Behavior\UrldecodeGetBehavior [ RunTime:0.002000s ]
INFO: [ app_begin ] --END-- [ RunTime:0.008001s ]
INFO: [ admin_begin ] --START--
INFO: Run Common\Behavior\AdminDefaultLangBehavior [ RunTime:0.006001s ]
INFO: [ admin_begin ] --END-- [ RunTime:0.006001s ]
SQL: SHOW COLUMNS FROM `i_users` [ RunTime:0.0020s ]
SQL: SELECT * FROM `i_users` WHERE `id` = '1' LIMIT 1   [ RunTime:0.0000s ]
SQL: SHOW COLUMNS FROM `i_menu` [ RunTime:0.0020s ]
NOTIC: D方法实例化没找到模型类Common\Model\AuthRuleModel
SQL: SHOW COLUMNS FROM `i_auth_rule` [ RunTime:0.0020s ]
NOTIC: [8] Undefined index: validate E:\bad\simplewind\Core\Library\Think\Model.class.php 第 1185 行.
SQL: SELECT * FROM `i_menu` WHERE `app` = 'Admin' AND `model` = 'Goods' AND `action` = 'orderList' LIMIT 1   [ RunTime:0.0000s ]
SQL: SELECT `parentid` FROM `i_menu` WHERE `id` = 187 LIMIT 1   [ RunTime:0.0010s ]
NOTIC: [8] Undefined index: auto E:\bad\simplewind\Core\Library\Think\Model.class.php 第 1128 行.
SQL: INSERT INTO `i_menu` (`parentid`,`name`,`app`,`model`,`action`,`data`,`icon`,`remark`,`status`,`type`) VALUES ('187','订单列表','Admin','Goods','orderList','','','','1','1') [ RunTime:0.0000s ]
SQL: SELECT COUNT(*) AS tp_count FROM `i_auth_rule` WHERE `name` = 'admin/goods/orderlist' LIMIT 1   [ RunTime:0.0230s ]
SQL: INSERT INTO `i_auth_rule` (`name`,`module`,`type`,`title`) VALUES ('admin/goods/orderlist','Admin','admin_url','订单列表') [ RunTime:0.0000s ]
SQL: SELECT * FROM `i_menu` WHERE `app` = 'Admin' ORDER BY `listorder` ASC,`app` ASC,`model` ASC,`action` ASC  [ RunTime:0.0020s ]
NOTIC: [2] mkdir(): File exists E:\bad\application\Admin\Controller\MenuController.class.php 第 247 行.

[ 2017-04-30T14:53:03+08:00 ] 127.0.0.1 /index.php?g=Admin&m=Menu&a=index
NOTIC: D方法实例化没找到模型类Common\Model\AuthRuleModel

[ 2017-04-30T14:53:06+08:00 ] 127.0.0.1 /index.php?g=Admin&m=Menu&a=index
NOTIC: D方法实例化没找到模型类Common\Model\AuthRuleModel

[ 2017-04-30T14:53:09+08:00 ] 127.0.0.1 /index.php?g=Admin&m=Menu&a=add&parentid=199&menuid=
NOTIC: D方法实例化没找到模型类Common\Model\AuthRuleModel

[ 2017-04-30T14:53:27+08:00 ] 127.0.0.1 /index.php?g=Admin&m=Menu&a=add_post
INFO: [ app_begin ] --START--
INFO: Run Behavior\ReadHtmlCacheBehavior [ RunTime:0.001000s ]
INFO: Run Behavior\CheckLangBehavior [ RunTime:0.004000s ]
INFO: Run Common\Behavior\UrldecodeGetBehavior [ RunTime:0.002000s ]
INFO: [ app_begin ] --END-- [ RunTime:0.008000s ]
INFO: [ admin_begin ] --START--
INFO: Run Common\Behavior\AdminDefaultLangBehavior [ RunTime:0.004000s ]
INFO: [ admin_begin ] --END-- [ RunTime:0.004000s ]
SQL: SHOW COLUMNS FROM `i_users` [ RunTime:0.0030s ]
SQL: SELECT * FROM `i_users` WHERE `id` = '1' LIMIT 1   [ RunTime:0.0000s ]
SQL: SHOW COLUMNS FROM `i_menu` [ RunTime:0.0010s ]
NOTIC: D方法实例化没找到模型类Common\Model\AuthRuleModel
SQL: SHOW COLUMNS FROM `i_auth_rule` [ RunTime:0.0010s ]
NOTIC: [8] Undefined index: validate E:\bad\simplewind\Core\Library\Think\Model.class.php 第 1185 行.
SQL: SELECT * FROM `i_menu` WHERE `app` = 'Admin' AND `model` = 'Goods' AND `action` = 'fa' LIMIT 1   [ RunTime:0.0000s ]
SQL: SELECT `parentid` FROM `i_menu` WHERE `id` = 199 LIMIT 1   [ RunTime:0.0000s ]
SQL: SELECT `parentid` FROM `i_menu` WHERE `id` = 187 LIMIT 1   [ RunTime:0.0000s ]
NOTIC: [8] Undefined index: auto E:\bad\simplewind\Core\Library\Think\Model.class.php 第 1128 行.
SQL: INSERT INTO `i_menu` (`parentid`,`name`,`app`,`model`,`action`,`data`,`icon`,`remark`,`status`,`type`) VALUES ('199','发货','Admin','Goods','fa','','','','0','1') [ RunTime:0.0010s ]
SQL: SELECT COUNT(*) AS tp_count FROM `i_auth_rule` WHERE `name` = 'admin/goods/fa' LIMIT 1   [ RunTime:0.0000s ]
SQL: INSERT INTO `i_auth_rule` (`name`,`module`,`type`,`title`) VALUES ('admin/goods/fa','Admin','admin_url','发货') [ RunTime:0.0000s ]
SQL: SELECT * FROM `i_menu` WHERE `app` = 'Admin' ORDER BY `listorder` ASC,`app` ASC,`model` ASC,`action` ASC  [ RunTime:0.0010s ]
NOTIC: [2] mkdir(): File exists E:\bad\application\Admin\Controller\MenuController.class.php 第 247 行.

[ 2017-04-30T14:53:27+08:00 ] 127.0.0.1 /index.php?g=Admin&m=Menu&a=index
NOTIC: D方法实例化没找到模型类Common\Model\AuthRuleModel

[ 2017-04-30T14:53:32+08:00 ] 127.0.0.1 /index.php?g=Admin&m=Menu&a=add&parentid=199&menuid=
NOTIC: D方法实例化没找到模型类Common\Model\AuthRuleModel

[ 2017-04-30T14:53:47+08:00 ] 127.0.0.1 /index.php?g=Admin&m=Menu&a=add_post
INFO: [ app_begin ] --START--
INFO: Run Behavior\ReadHtmlCacheBehavior [ RunTime:0.001000s ]
INFO: Run Behavior\CheckLangBehavior [ RunTime:0.004000s ]
INFO: Run Common\Behavior\UrldecodeGetBehavior [ RunTime:0.002000s ]
INFO: [ app_begin ] --END-- [ RunTime:0.008000s ]
INFO: [ admin_begin ] --START--
INFO: Run Common\Behavior\AdminDefaultLangBehavior [ RunTime:0.006001s ]
INFO: [ admin_begin ] --END-- [ RunTime:0.007001s ]
SQL: SHOW COLUMNS FROM `i_users` [ RunTime:0.0030s ]
SQL: SELECT * FROM `i_users` WHERE `id` = '1' LIMIT 1   [ RunTime:0.0000s ]
SQL: SHOW COLUMNS FROM `i_menu` [ RunTime:0.0010s ]
NOTIC: D方法实例化没找到模型类Common\Model\AuthRuleModel
SQL: SHOW COLUMNS FROM `i_auth_rule` [ RunTime:0.0010s ]
NOTIC: [8] Undefined index: validate E:\bad\simplewind\Core\Library\Think\Model.class.php 第 1185 行.
SQL: SELECT * FROM `i_menu` WHERE `app` = 'Admin' AND `model` = 'Goods' AND `action` = 'deleteOrder' LIMIT 1   [ RunTime:0.0000s ]
SQL: SELECT `parentid` FROM `i_menu` WHERE `id` = 199 LIMIT 1   [ RunTime:0.0000s ]
SQL: SELECT `parentid` FROM `i_menu` WHERE `id` = 187 LIMIT 1   [ RunTime:0.0000s ]
NOTIC: [8] Undefined index: auto E:\bad\simplewind\Core\Library\Think\Model.class.php 第 1128 行.
SQL: INSERT INTO `i_menu` (`parentid`,`name`,`app`,`model`,`action`,`data`,`icon`,`remark`,`status`,`type`) VALUES ('199','删除订单','Admin','Goods','deleteOrder','','','','0','1') [ RunTime:0.0000s ]
SQL: SELECT COUNT(*) AS tp_count FROM `i_auth_rule` WHERE `name` = 'admin/goods/deleteorder' LIMIT 1   [ RunTime:0.0000s ]
SQL: INSERT INTO `i_auth_rule` (`name`,`module`,`type`,`title`) VALUES ('admin/goods/deleteorder','Admin','admin_url','删除订单') [ RunTime:0.0000s ]
SQL: SELECT * FROM `i_menu` WHERE `app` = 'Admin' ORDER BY `listorder` ASC,`app` ASC,`model` ASC,`action` ASC  [ RunTime:0.0020s ]
NOTIC: [2] mkdir(): File exists E:\bad\application\Admin\Controller\MenuController.class.php 第 247 行.

[ 2017-04-30T14:53:47+08:00 ] 127.0.0.1 /index.php?g=Admin&m=Menu&a=index
NOTIC: D方法实例化没找到模型类Common\Model\AuthRuleModel

[ 2017-04-30T14:53:50+08:00 ] 127.0.0.1 /index.php?g=Admin&m=Menu&a=index
NOTIC: D方法实例化没找到模型类Common\Model\AuthRuleModel

[ 2017-04-30T14:55:10+08:00 ] 127.0.0.1 /index.php?g=Admin&m=Menu&a=index
NOTIC: D方法实例化没找到模型类Common\Model\AuthRuleModel

[ 2017-04-30T14:59:26+08:00 ] 127.0.0.1 /index.php?g=Admin&m=Goods&a=sku_history
ERR: 1054:Unknown column 'b.uid' in 'on clause'
 [ SQL语句 ] : SELECT COUNT(*) AS num FROM i_sku a LEFT JOIN i_goods b ON a.gid = b.uid LEFT JOIN i_users c ON a.uid = c.id

[ 2017-04-30T14:59:45+08:00 ] 127.0.0.1 /index.php?g=Admin&m=Goods&a=sku_history
ERR: 模板不存在:admin/themes/simplebootx/Admin/Goods/sku_history.html

[ 2017-04-30T20:05:21+08:00 ] 127.0.0.1 /index.php?g=Admin&m=Goods&a=sku_history&begin=2017-04-01&end=2017-04-08
ERR: 1064:You have an error in your SQL syntax; check the manual that corresponds to your MariaDB server version for the right syntax to use near 'Array' at line 1
 [ SQL语句 ] : SELECT COUNT(*) AS num FROM i_sku a LEFT JOIN i_goods b ON a.gid = b.id LEFT JOIN i_users c ON a.uid = c.id Array

[ 2017-04-30T20:09:12+08:00 ] 127.0.0.1 /index.php?g=Admin&m=Goods&a=sku_history&begin=2017-04-01&end=2017-04-08
ERR: 1064:You have an error in your SQL syntax; check the manual that corresponds to your MariaDB server version for the right syntax to use near 'a.add_time >= '2017-04-01 00:00:00' AND a.add_time < '2017-04-08 23:59:59'' at line 1
 [ SQL语句 ] : SELECT COUNT(*) AS num FROM i_sku a LEFT JOIN i_goods b ON a.gid = b.id LEFT JOIN i_users c ON a.uid = c.id a.add_time >= '2017-04-01 00:00:00' AND a.add_time < '2017-04-08 23:59:59'

[ 2017-04-30T20:11:20+08:00 ] 127.0.0.1 /index.php?g=Admin&m=Menu&a=index
NOTIC: D方法实例化没找到模型类Common\Model\AuthRuleModel

[ 2017-04-30T20:11:25+08:00 ] 127.0.0.1 /index.php?g=Admin&m=Menu&a=add&parentid=187&menuid=
NOTIC: D方法实例化没找到模型类Common\Model\AuthRuleModel

[ 2017-04-30T20:11:39+08:00 ] 127.0.0.1 /index.php?g=Admin&m=Menu&a=add_post
INFO: [ app_begin ] --START--
INFO: Run Behavior\ReadHtmlCacheBehavior [ RunTime:0.002000s ]
INFO: Run Behavior\CheckLangBehavior [ RunTime:0.006000s ]
INFO: Run Common\Behavior\UrldecodeGetBehavior [ RunTime:0.003000s ]
INFO: [ app_begin ] --END-- [ RunTime:0.011000s ]
INFO: [ admin_begin ] --START--
INFO: Run Common\Behavior\AdminDefaultLangBehavior [ RunTime:0.007000s ]
INFO: [ admin_begin ] --END-- [ RunTime:0.007000s ]
SQL: SHOW COLUMNS FROM `i_users` [ RunTime:0.0030s ]
SQL: SELECT * FROM `i_users` WHERE `id` = '1' LIMIT 1   [ RunTime:0.0000s ]
SQL: SHOW COLUMNS FROM `i_menu` [ RunTime:0.0010s ]
NOTIC: D方法实例化没找到模型类Common\Model\AuthRuleModel
SQL: SHOW COLUMNS FROM `i_auth_rule` [ RunTime:0.0020s ]
NOTIC: [8] Undefined index: validate E:\bad\simplewind\Core\Library\Think\Model.class.php 第 1185 行.
SQL: SELECT * FROM `i_menu` WHERE `app` = 'Admin' AND `model` = 'Goods' AND `action` = 'sku_history' LIMIT 1   [ RunTime:0.0000s ]
SQL: SELECT `parentid` FROM `i_menu` WHERE `id` = 187 LIMIT 1   [ RunTime:0.0000s ]
NOTIC: [8] Undefined index: auto E:\bad\simplewind\Core\Library\Think\Model.class.php 第 1128 行.
SQL: INSERT INTO `i_menu` (`parentid`,`name`,`app`,`model`,`action`,`data`,`icon`,`remark`,`status`,`type`) VALUES ('187','库存记录','Admin','Goods','sku_history','','','','1','1') [ RunTime:0.0000s ]
SQL: SELECT COUNT(*) AS tp_count FROM `i_auth_rule` WHERE `name` = 'admin/goods/sku_history' LIMIT 1   [ RunTime:0.0010s ]
SQL: INSERT INTO `i_auth_rule` (`name`,`module`,`type`,`title`) VALUES ('admin/goods/sku_history','Admin','admin_url','库存记录') [ RunTime:0.0000s ]
SQL: SELECT * FROM `i_menu` WHERE `app` = 'Admin' ORDER BY `listorder` ASC,`app` ASC,`model` ASC,`action` ASC  [ RunTime:0.0020s ]
NOTIC: [2] mkdir(): File exists E:\bad\application\Admin\Controller\MenuController.class.php 第 247 行.

[ 2017-04-30T20:11:39+08:00 ] 127.0.0.1 /index.php?g=Admin&m=Menu&a=index
NOTIC: D方法实例化没找到模型类Common\Model\AuthRuleModel

