[ 2017-05-01T11:20:43+08:00 ] 127.0.0.1 /index.php?g=Admin&m=slidecat&a=add_post
INFO: [ app_begin ] --START--
INFO: Run Behavior\ReadHtmlCacheBehavior [ RunTime:0.002000s ]
INFO: Run Behavior\CheckLangBehavior [ RunTime:0.004000s ]
INFO: Run Common\Behavior\UrldecodeGetBehavior [ RunTime:0.002000s ]
INFO: [ app_begin ] --END-- [ RunTime:0.008000s ]
INFO: [ admin_begin ] --START--
INFO: Run Common\Behavior\AdminDefaultLangBehavior [ RunTime:0.005000s ]
INFO: [ admin_begin ] --END-- [ RunTime:0.005000s ]
SQL: SHOW COLUMNS FROM `i_users` [ RunTime:0.0020s ]
SQL: SELECT * FROM `i_users` WHERE `id` = '1' LIMIT 1   [ RunTime:0.0010s ]
SQL: SHOW COLUMNS FROM `i_slide_cat` [ RunTime:0.0020s ]
NOTIC: [8] Undefined index: validate E:\bad\simplewind\Core\Library\Think\Model.class.php 第 1185 行.
NOTIC: [8] Undefined index: auto E:\bad\simplewind\Core\Library\Think\Model.class.php 第 1128 行.
SQL: INSERT INTO `i_slide_cat` (`cat_name`,`cat_idname`,`cat_remark`) VALUES ('首页banner','banner','') [ RunTime:0.0000s ]

[ 2017-05-01T11:29:12+08:00 ] 127.0.0.1 /index.php?g=Admin&m=slide&a=add_post
INFO: [ app_begin ] --START--
INFO: Run Behavior\ReadHtmlCacheBehavior [ RunTime:0.002000s ]
INFO: Run Behavior\CheckLangBehavior [ RunTime:0.006001s ]
INFO: Run Common\Behavior\UrldecodeGetBehavior [ RunTime:0.003000s ]
INFO: [ app_begin ] --END-- [ RunTime:0.011001s ]
INFO: [ admin_begin ] --START--
INFO: Run Common\Behavior\AdminDefaultLangBehavior [ RunTime:0.006000s ]
INFO: [ admin_begin ] --END-- [ RunTime:0.006000s ]
SQL: SHOW COLUMNS FROM `i_users` [ RunTime:0.0030s ]
SQL: SELECT * FROM `i_users` WHERE `id` = '1' LIMIT 1   [ RunTime:0.0000s ]
SQL: SHOW COLUMNS FROM `i_slide` [ RunTime:0.0030s ]
SQL: SHOW COLUMNS FROM `i_slide_cat` [ RunTime:0.0030s ]
NOTIC: [8] Undefined index: validate E:\bad\simplewind\Core\Library\Think\Model.class.php 第 1185 行.
NOTIC: [8] Undefined index: auto E:\bad\simplewind\Core\Library\Think\Model.class.php 第 1128 行.
SQL: INSERT INTO `i_slide` (`slide_cid`,`slide_name`,`slide_url`,`slide_des`,`slide_content`,`slide_pic`) VALUES ('1','banner1','http://www.baidu.com','以信息化改','','admin/20170501/5906ab69d4537.jpg') [ RunTime:0.0000s ]

[ 2017-05-01T11:29:13+08:00 ] 127.0.0.1 /index.php?g=Admin&m=AdminPost&a=index
ERR: 无法加载控制器:AdminPost

[ 2017-05-01T11:29:32+08:00 ] 127.0.0.1 /index.php?g=Admin&m=slide&a=add_post
INFO: [ app_begin ] --START--
INFO: Run Behavior\ReadHtmlCacheBehavior [ RunTime:0.003000s ]
INFO: Run Behavior\CheckLangBehavior [ RunTime:0.004000s ]
INFO: Run Common\Behavior\UrldecodeGetBehavior [ RunTime:0.002001s ]
INFO: [ app_begin ] --END-- [ RunTime:0.009001s ]
INFO: [ admin_begin ] --START--
INFO: Run Common\Behavior\AdminDefaultLangBehavior [ RunTime:0.007000s ]
INFO: [ admin_begin ] --END-- [ RunTime:0.007000s ]
SQL: SHOW COLUMNS FROM `i_users` [ RunTime:0.0020s ]
SQL: SELECT * FROM `i_users` WHERE `id` = '1' LIMIT 1   [ RunTime:0.0000s ]
SQL: SHOW COLUMNS FROM `i_slide` [ RunTime:0.0030s ]
SQL: SHOW COLUMNS FROM `i_slide_cat` [ RunTime:0.0030s ]
NOTIC: [8] Undefined index: validate E:\bad\simplewind\Core\Library\Think\Model.class.php 第 1185 行.
NOTIC: [8] Undefined index: auto E:\bad\simplewind\Core\Library\Think\Model.class.php 第 1128 行.
SQL: INSERT INTO `i_slide` (`slide_cid`,`slide_name`,`slide_url`,`slide_des`,`slide_content`,`slide_pic`) VALUES ('1','banner2','http://www.taobao.com','以信息化改','','admin/20170501/5906ab922d2a1.jpg') [ RunTime:0.0010s ]

[ 2017-05-01T11:29:33+08:00 ] 127.0.0.1 /index.php?g=Admin&m=AdminPost&a=index
ERR: 无法加载控制器:AdminPost

[ 2017-05-01T13:51:37+08:00 ] 127.0.0.1 /index.php?g=Admin&m=Goods&a=changeStatus&type=1&status=1
INFO: [ app_begin ] --START--
INFO: Run Behavior\ReadHtmlCacheBehavior [ RunTime:0.001000s ]
INFO: Run Behavior\CheckLangBehavior [ RunTime:0.005001s ]
INFO: Run Common\Behavior\UrldecodeGetBehavior [ RunTime:0.002000s ]
INFO: [ app_begin ] --END-- [ RunTime:0.009001s ]
INFO: [ admin_begin ] --START--
INFO: Run Common\Behavior\AdminDefaultLangBehavior [ RunTime:0.006001s ]
INFO: [ admin_begin ] --END-- [ RunTime:0.006001s ]
SQL: SHOW COLUMNS FROM `i_users` [ RunTime:0.0020s ]
SQL: SELECT * FROM `i_users` WHERE `id` = '1' LIMIT 1   [ RunTime:0.0010s ]
SQL: SHOW COLUMNS FROM `i_goods_term` [ RunTime:0.0020s ]
SQL: SHOW COLUMNS FROM `i_goods` [ RunTime:0.0030s ]
SQL:  UPDATE i_goods SET `indexs` = CASE id  WHEN '20170423124543553' THEN 1 
 WHEN '20170422212306786' THEN 1 
 
 END 
 WHERE ID IN(20170423124543553,20170422212306786) [ RunTime:0.0510s ]

[ 2017-05-01T13:51:50+08:00 ] 127.0.0.1 /index.php?g=Admin&m=Goods&a=changeStatus&type=1&status=0
INFO: [ app_begin ] --START--
INFO: Run Behavior\ReadHtmlCacheBehavior [ RunTime:0.002001s ]
INFO: Run Behavior\CheckLangBehavior [ RunTime:0.006000s ]
INFO: Run Common\Behavior\UrldecodeGetBehavior [ RunTime:0.002000s ]
INFO: [ app_begin ] --END-- [ RunTime:0.010001s ]
INFO: [ admin_begin ] --START--
INFO: Run Common\Behavior\AdminDefaultLangBehavior [ RunTime:0.006001s ]
INFO: [ admin_begin ] --END-- [ RunTime:0.006001s ]
SQL: SHOW COLUMNS FROM `i_users` [ RunTime:0.0020s ]
SQL: SELECT * FROM `i_users` WHERE `id` = '1' LIMIT 1   [ RunTime:0.0010s ]
SQL: SHOW COLUMNS FROM `i_goods_term` [ RunTime:0.0020s ]
SQL: SHOW COLUMNS FROM `i_goods` [ RunTime:0.0020s ]
SQL:  UPDATE i_goods SET `indexs` = CASE id  WHEN '20170423124543553' THEN 0 
 WHEN '20170422212306786' THEN 0 
 
 END 
 WHERE ID IN(20170423124543553,20170422212306786) [ RunTime:0.0410s ]

[ 2017-05-01T13:51:53+08:00 ] 127.0.0.1 /index.php?g=Admin&m=Goods&a=changeStatus&type=1&status=1
INFO: [ app_begin ] --START--
INFO: Run Behavior\ReadHtmlCacheBehavior [ RunTime:0.001000s ]
INFO: Run Behavior\CheckLangBehavior [ RunTime:0.004000s ]
INFO: Run Common\Behavior\UrldecodeGetBehavior [ RunTime:0.002000s ]
INFO: [ app_begin ] --END-- [ RunTime:0.008000s ]
INFO: [ admin_begin ] --START--
INFO: Run Common\Behavior\AdminDefaultLangBehavior [ RunTime:0.005001s ]
INFO: [ admin_begin ] --END-- [ RunTime:0.005001s ]
SQL: SHOW COLUMNS FROM `i_users` [ RunTime:0.0020s ]
SQL: SELECT * FROM `i_users` WHERE `id` = '1' LIMIT 1   [ RunTime:0.0000s ]
SQL: SHOW COLUMNS FROM `i_goods_term` [ RunTime:0.0020s ]
SQL: SHOW COLUMNS FROM `i_goods` [ RunTime:0.0020s ]
SQL:  UPDATE i_goods SET `indexs` = CASE id  WHEN '20170423124543553' THEN 1 
 WHEN '20170422212306786' THEN 1 
 
 END 
 WHERE ID IN(20170423124543553,20170422212306786) [ RunTime:0.0310s ]

[ 2017-05-01T20:12:45+08:00 ] 127.0.0.1 /index.php?g=Admin&m=Goods&a=changeStatus&type=2&status=1
INFO: [ app_begin ] --START--
INFO: Run Behavior\ReadHtmlCacheBehavior [ RunTime:0.003000s ]
INFO: Run Behavior\CheckLangBehavior [ RunTime:0.004000s ]
INFO: Run Common\Behavior\UrldecodeGetBehavior [ RunTime:0.002000s ]
INFO: [ app_begin ] --END-- [ RunTime:0.010000s ]
INFO: [ admin_begin ] --START--
INFO: Run Common\Behavior\AdminDefaultLangBehavior [ RunTime:0.005000s ]
INFO: [ admin_begin ] --END-- [ RunTime:0.005000s ]
SQL: SHOW COLUMNS FROM `i_users` [ RunTime:0.0020s ]
SQL: SELECT * FROM `i_users` WHERE `id` = '1' LIMIT 1   [ RunTime:0.0010s ]
SQL: SHOW COLUMNS FROM `i_goods_term` [ RunTime:0.0020s ]
SQL: SHOW COLUMNS FROM `i_goods` [ RunTime:0.0020s ]
SQL:  UPDATE i_goods SET `member` = CASE id  WHEN '20170423124543553' THEN 1 
 WHEN '20170422212306786' THEN 1 
 
 END 
 WHERE ID IN(20170423124543553,20170422212306786) [ RunTime:0.0690s ]

[ 2017-05-01T20:16:43+08:00 ] 127.0.0.1 /index.php?g=Admin&m=Goods&a=edit&id=20170423124543553
INFO: [ app_begin ] --START--
INFO: Run Behavior\ReadHtmlCacheBehavior [ RunTime:0.002000s ]
INFO: Run Behavior\CheckLangBehavior [ RunTime:0.005000s ]
INFO: Run Common\Behavior\UrldecodeGetBehavior [ RunTime:0.003000s ]
INFO: [ app_begin ] --END-- [ RunTime:0.010000s ]
INFO: [ admin_begin ] --START--
INFO: Run Common\Behavior\AdminDefaultLangBehavior [ RunTime:0.007000s ]
INFO: [ admin_begin ] --END-- [ RunTime:0.007000s ]
SQL: SHOW COLUMNS FROM `i_users` [ RunTime:0.0030s ]
SQL: SELECT * FROM `i_users` WHERE `id` = '1' LIMIT 1   [ RunTime:0.0000s ]
SQL: SHOW COLUMNS FROM `i_goods_term` [ RunTime:0.0030s ]
SQL: SHOW COLUMNS FROM `i_goods` [ RunTime:0.0030s ]
NOTIC: [8] Undefined index: validate E:\bad\simplewind\Core\Library\Think\Model.class.php 第 1185 行.
NOTIC: [8] Undefined index: auto E:\bad\simplewind\Core\Library\Think\Model.class.php 第 1128 行.
SQL: UPDATE `i_goods` SET `term_id`='7',`name`='next商品',`status`='0',`label`='优惠#限量',`attribute`='[{\"id\":\"0-0\",\"cost_price\":\"15\",\"selling_price\":\"16\",\"market_value\":\"17\",\"unit\":\"\\u4e2a\",\"stock\":\"14\",\"name\":\"500ML\",\"info\":\"1\"},{\"id\":\"0-0\",\"cost_price\":\"16\",\"selling_price\":\"16\",\"market_value\":\"17\",\"unit\":\"\\u4e2a\",\"stock\":\"13\",\"name\":\"600ML\",\"info\":\"1\"}]',`content`='&lt;p&gt;倒萨打算1&lt;/p&gt;' WHERE `id` = '20170423124543553' [ RunTime:0.2510s ]

[ 2017-05-01T20:16:57+08:00 ] 127.0.0.1 /index.php?g=Admin&m=Goods&a=edit&id=20170422212306786
INFO: [ app_begin ] --START--
INFO: Run Behavior\ReadHtmlCacheBehavior [ RunTime:0.002000s ]
INFO: Run Behavior\CheckLangBehavior [ RunTime:0.005001s ]
INFO: Run Common\Behavior\UrldecodeGetBehavior [ RunTime:0.002000s ]
INFO: [ app_begin ] --END-- [ RunTime:0.010001s ]
INFO: [ admin_begin ] --START--
INFO: Run Common\Behavior\AdminDefaultLangBehavior [ RunTime:0.008001s ]
INFO: [ admin_begin ] --END-- [ RunTime:0.008001s ]
SQL: SHOW COLUMNS FROM `i_users` [ RunTime:0.0030s ]
SQL: SELECT * FROM `i_users` WHERE `id` = '1' LIMIT 1   [ RunTime:0.0000s ]
SQL: SHOW COLUMNS FROM `i_goods_term` [ RunTime:0.0020s ]
SQL: SHOW COLUMNS FROM `i_goods` [ RunTime:0.0010s ]
NOTIC: [8] Undefined index: validate E:\bad\simplewind\Core\Library\Think\Model.class.php 第 1185 行.
NOTIC: [8] Undefined index: auto E:\bad\simplewind\Core\Library\Think\Model.class.php 第 1128 行.
SQL: UPDATE `i_goods` SET `term_id`='4',`name`='规格',`status`='0',`label`='优惠#限量',`attribute`='[{\"id\":\"0-0\",\"cost_price\":\"15\",\"selling_price\":\"16\",\"market_value\":\"17\",\"unit\":\"\\u4e2a\",\"stock\":\"15\",\"name\":\"ML\",\"info\":\"20\"},{\"id\":\"1-1\",\"cost_price\":\"8\",\"selling_price\":\"9\",\"market_value\":\"10\",\"unit\":\"\\u4e2a\",\"stock\":\"13\",\"name\":\"ML\",\"info\":\"\\u7ea2\\u8272\"}]',`content`='&lt;p&gt;的撒旦撒的&lt;/p&gt;' WHERE `id` = '20170422212306786' [ RunTime:0.0750s ]

[ 2017-05-01T20:18:25+08:00 ] 127.0.0.1 /index.php?g=Admin&m=Goods&a=edit&id=20170423124543553
INFO: [ app_begin ] --START--
INFO: Run Behavior\ReadHtmlCacheBehavior [ RunTime:0.002000s ]
INFO: Run Behavior\CheckLangBehavior [ RunTime:0.004000s ]
INFO: Run Common\Behavior\UrldecodeGetBehavior [ RunTime:0.002000s ]
INFO: [ app_begin ] --END-- [ RunTime:0.008000s ]
INFO: [ admin_begin ] --START--
INFO: Run Common\Behavior\AdminDefaultLangBehavior [ RunTime:0.005000s ]
INFO: [ admin_begin ] --END-- [ RunTime:0.005000s ]
SQL: SHOW COLUMNS FROM `i_users` [ RunTime:0.0020s ]
SQL: SELECT * FROM `i_users` WHERE `id` = '1' LIMIT 1   [ RunTime:0.0010s ]
SQL: SHOW COLUMNS FROM `i_goods_term` [ RunTime:0.0020s ]
SQL: SHOW COLUMNS FROM `i_goods` [ RunTime:0.0020s ]
NOTIC: [8] Undefined index: validate E:\bad\simplewind\Core\Library\Think\Model.class.php 第 1185 行.
NOTIC: [8] Undefined index: auto E:\bad\simplewind\Core\Library\Think\Model.class.php 第 1128 行.
SQL: UPDATE `i_goods` SET `term_id`='7',`name`='next商品',`status`='0',`label`='优惠#限量',`photos_url`='[\"admin\\/20170501\\/5907278c56fd8.jpg\",\"admin\\/20170501\\/5907278fe2eec.jpg\"]',`attribute`='[{\"id\":\"0-0\",\"cost_price\":\"15\",\"selling_price\":\"16\",\"market_value\":\"17\",\"unit\":\"\\u4e2a\",\"stock\":\"14\",\"name\":\"500ML\",\"info\":\"1\"},{\"id\":\"0-0\",\"cost_price\":\"16\",\"selling_price\":\"16\",\"market_value\":\"17\",\"unit\":\"\\u4e2a\",\"stock\":\"13\",\"name\":\"600ML\",\"info\":\"1\"}]',`content`='&lt;p&gt;倒萨打算1&lt;/p&gt;' WHERE `id` = '20170423124543553' [ RunTime:0.0650s ]

[ 2017-05-01T20:18:38+08:00 ] 127.0.0.1 /index.php?g=Admin&m=Goods&a=edit&id=20170422212306786
INFO: [ app_begin ] --START--
INFO: Run Behavior\ReadHtmlCacheBehavior [ RunTime:0.001000s ]
INFO: Run Behavior\CheckLangBehavior [ RunTime:0.007000s ]
INFO: Run Common\Behavior\UrldecodeGetBehavior [ RunTime:0.002000s ]
INFO: [ app_begin ] --END-- [ RunTime:0.011000s ]
INFO: [ admin_begin ] --START--
INFO: Run Common\Behavior\AdminDefaultLangBehavior [ RunTime:0.005001s ]
INFO: [ admin_begin ] --END-- [ RunTime:0.005001s ]
SQL: SHOW COLUMNS FROM `i_users` [ RunTime:0.0020s ]
SQL: SELECT * FROM `i_users` WHERE `id` = '1' LIMIT 1   [ RunTime:0.0010s ]
SQL: SHOW COLUMNS FROM `i_goods_term` [ RunTime:0.0020s ]
SQL: SHOW COLUMNS FROM `i_goods` [ RunTime:0.0020s ]
NOTIC: [8] Undefined index: validate E:\bad\simplewind\Core\Library\Think\Model.class.php 第 1185 行.
NOTIC: [8] Undefined index: auto E:\bad\simplewind\Core\Library\Think\Model.class.php 第 1128 行.
SQL: UPDATE `i_goods` SET `term_id`='4',`name`='规格',`status`='0',`label`='优惠#限量',`photos_url`='[\"admin\\/20170501\\/59072797ef409.jpg\",\"admin\\/20170501\\/5907279c29cd1.jpg\"]',`attribute`='[{\"id\":\"0-0\",\"cost_price\":\"15\",\"selling_price\":\"16\",\"market_value\":\"17\",\"unit\":\"\\u4e2a\",\"stock\":\"15\",\"name\":\"ML\",\"info\":\"20\"},{\"id\":\"1-1\",\"cost_price\":\"8\",\"selling_price\":\"9\",\"market_value\":\"10\",\"unit\":\"\\u4e2a\",\"stock\":\"13\",\"name\":\"ML\",\"info\":\"\\u7ea2\\u8272\"}]',`content`='&lt;p&gt;的撒旦撒的&lt;/p&gt;' WHERE `id` = '20170422212306786' [ RunTime:0.0440s ]

[ 2017-05-01T20:53:37+08:00 ] 127.0.0.1 /index.php?g=Admin&m=Goods&a=shuxing&value=1-1
INFO: [ app_begin ] --START--
INFO: Run Behavior\ReadHtmlCacheBehavior [ RunTime:0.002000s ]
INFO: Run Behavior\CheckLangBehavior [ RunTime:0.006001s ]
INFO: Run Common\Behavior\UrldecodeGetBehavior [ RunTime:0.002000s ]
INFO: [ app_begin ] --END-- [ RunTime:0.010001s ]
INFO: [ admin_begin ] --START--
INFO: Run Common\Behavior\AdminDefaultLangBehavior [ RunTime:0.007000s ]
INFO: [ admin_begin ] --END-- [ RunTime:0.008001s ]
SQL: SHOW COLUMNS FROM `i_users` [ RunTime:0.0030s ]
SQL: SELECT * FROM `i_users` WHERE `id` = '1' LIMIT 1   [ RunTime:0.0000s ]
SQL: SHOW COLUMNS FROM `i_goods_term` [ RunTime:0.0020s ]
SQL: SHOW COLUMNS FROM `i_goods` [ RunTime:0.0030s ]

[ 2017-05-01T20:53:52+08:00 ] 127.0.0.1 /index.php?g=Admin&m=Goods&a=edit&id=20170422212306786
INFO: [ app_begin ] --START--
INFO: Run Behavior\ReadHtmlCacheBehavior [ RunTime:0.002000s ]
INFO: Run Behavior\CheckLangBehavior [ RunTime:0.004001s ]
INFO: Run Common\Behavior\UrldecodeGetBehavior [ RunTime:0.001000s ]
INFO: [ app_begin ] --END-- [ RunTime:0.007001s ]
INFO: [ admin_begin ] --START--
INFO: Run Common\Behavior\AdminDefaultLangBehavior [ RunTime:0.007001s ]
INFO: [ admin_begin ] --END-- [ RunTime:0.007001s ]
SQL: SHOW COLUMNS FROM `i_users` [ RunTime:0.0030s ]
SQL: SELECT * FROM `i_users` WHERE `id` = '1' LIMIT 1   [ RunTime:0.0000s ]
SQL: SHOW COLUMNS FROM `i_goods_term` [ RunTime:0.0020s ]
SQL: SHOW COLUMNS FROM `i_goods` [ RunTime:0.0020s ]
NOTIC: [8] Undefined index: validate E:\bad\simplewind\Core\Library\Think\Model.class.php 第 1185 行.
NOTIC: [8] Undefined index: auto E:\bad\simplewind\Core\Library\Think\Model.class.php 第 1128 行.
SQL: UPDATE `i_goods` SET `term_id`='4',`name`='规格',`status`='0',`label`='优惠#限量',`photos_url`='[\"http:\\/\\/bad.cn\\/data\\/upload\\/admin\\/20170501\\/59072797ef409.jpg\",\"http:\\/\\/bad.cn\\/data\\/upload\\/admin\\/20170501\\/5907279c29cd1.jpg\"]',`attribute`='[{\"id\":\"1-1\",\"cost_price\":\"8\",\"selling_price\":\"9\",\"market_value\":\"10\",\"unit\":\"\\u4e2a\",\"stock\":\"13\",\"name\":\"ML\",\"info\":\"\\u7eff\\u8272\"},{\"id\":\"1-1\",\"cost_price\":\"8\",\"selling_price\":\"9\",\"market_value\":\"10\",\"unit\":\"\\u4e2a\",\"stock\":\"13\",\"name\":\"ML\",\"info\":\"\\u7ea2\\u8272\"}]',`content`='&lt;p&gt;的撒旦撒的&lt;/p&gt;' WHERE `id` = '20170422212306786' [ RunTime:0.0640s ]

[ 2017-05-01T20:58:22+08:00 ] 127.0.0.1 /index.php?g=Admin&m=Goods&a=shuxing&value=0-0
INFO: [ app_begin ] --START--
INFO: Run Behavior\ReadHtmlCacheBehavior [ RunTime:0.002000s ]
INFO: Run Behavior\CheckLangBehavior [ RunTime:0.004000s ]
INFO: Run Common\Behavior\UrldecodeGetBehavior [ RunTime:0.002000s ]
INFO: [ app_begin ] --END-- [ RunTime:0.008000s ]
INFO: [ admin_begin ] --START--
INFO: Run Common\Behavior\AdminDefaultLangBehavior [ RunTime:0.007001s ]
INFO: [ admin_begin ] --END-- [ RunTime:0.007001s ]
SQL: SHOW COLUMNS FROM `i_users` [ RunTime:0.0030s ]
SQL: SELECT * FROM `i_users` WHERE `id` = '1' LIMIT 1   [ RunTime:0.0000s ]
SQL: SHOW COLUMNS FROM `i_goods_term` [ RunTime:0.0030s ]
SQL: SHOW COLUMNS FROM `i_goods` [ RunTime:0.0030s ]

[ 2017-05-01T20:58:23+08:00 ] 127.0.0.1 /index.php?g=Admin&m=Goods&a=shuxing&value=0-0
INFO: [ app_begin ] --START--
INFO: Run Behavior\ReadHtmlCacheBehavior [ RunTime:0.002000s ]
INFO: Run Behavior\CheckLangBehavior [ RunTime:0.008000s ]
INFO: Run Common\Behavior\UrldecodeGetBehavior [ RunTime:0.003001s ]
INFO: [ app_begin ] --END-- [ RunTime:0.013001s ]
INFO: [ admin_begin ] --START--
INFO: Run Common\Behavior\AdminDefaultLangBehavior [ RunTime:0.010001s ]
INFO: [ admin_begin ] --END-- [ RunTime:0.010001s ]
SQL: SHOW COLUMNS FROM `i_users` [ RunTime:0.0030s ]
SQL: SELECT * FROM `i_users` WHERE `id` = '1' LIMIT 1   [ RunTime:0.0000s ]
SQL: SHOW COLUMNS FROM `i_goods_term` [ RunTime:0.0030s ]
SQL: SHOW COLUMNS FROM `i_goods` [ RunTime:0.0030s ]

[ 2017-05-01T20:58:23+08:00 ] 127.0.0.1 /index.php?g=Admin&m=Goods&a=shuxing&value=0-0
INFO: [ app_begin ] --START--
INFO: Run Behavior\ReadHtmlCacheBehavior [ RunTime:0.003000s ]
INFO: Run Behavior\CheckLangBehavior [ RunTime:0.007000s ]
INFO: Run Common\Behavior\UrldecodeGetBehavior [ RunTime:0.004001s ]
INFO: [ app_begin ] --END-- [ RunTime:0.014001s ]
INFO: [ admin_begin ] --START--
INFO: Run Common\Behavior\AdminDefaultLangBehavior [ RunTime:0.008001s ]
INFO: [ admin_begin ] --END-- [ RunTime:0.008001s ]
SQL: SHOW COLUMNS FROM `i_users` [ RunTime:0.0030s ]
SQL: SELECT * FROM `i_users` WHERE `id` = '1' LIMIT 1   [ RunTime:0.0010s ]
SQL: SHOW COLUMNS FROM `i_goods_term` [ RunTime:0.0030s ]
SQL: SHOW COLUMNS FROM `i_goods` [ RunTime:0.0020s ]

[ 2017-05-01T20:58:23+08:00 ] 127.0.0.1 /index.php?g=Admin&m=Goods&a=shuxing&value=0-0
INFO: [ app_begin ] --START--
INFO: Run Behavior\ReadHtmlCacheBehavior [ RunTime:0.003001s ]
INFO: Run Behavior\CheckLangBehavior [ RunTime:0.008000s ]
INFO: Run Common\Behavior\UrldecodeGetBehavior [ RunTime:0.004000s ]
INFO: [ app_begin ] --END-- [ RunTime:0.016001s ]
INFO: [ admin_begin ] --START--
INFO: Run Common\Behavior\AdminDefaultLangBehavior [ RunTime:0.007000s ]
INFO: [ admin_begin ] --END-- [ RunTime:0.007000s ]
SQL: SHOW COLUMNS FROM `i_users` [ RunTime:0.0020s ]
SQL: SELECT * FROM `i_users` WHERE `id` = '1' LIMIT 1   [ RunTime:0.0000s ]
SQL: SHOW COLUMNS FROM `i_goods_term` [ RunTime:0.0020s ]
SQL: SHOW COLUMNS FROM `i_goods` [ RunTime:0.0020s ]

[ 2017-05-01T20:58:23+08:00 ] 127.0.0.1 /index.php?g=Admin&m=Goods&a=shuxing&value=0-0
INFO: [ app_begin ] --START--
INFO: Run Behavior\ReadHtmlCacheBehavior [ RunTime:0.004000s ]
INFO: Run Behavior\CheckLangBehavior [ RunTime:0.008001s ]
INFO: Run Common\Behavior\UrldecodeGetBehavior [ RunTime:0.003000s ]
INFO: [ app_begin ] --END-- [ RunTime:0.017001s ]
INFO: [ admin_begin ] --START--
INFO: Run Common\Behavior\AdminDefaultLangBehavior [ RunTime:0.007001s ]
INFO: [ admin_begin ] --END-- [ RunTime:0.007001s ]
SQL: SHOW COLUMNS FROM `i_users` [ RunTime:0.0020s ]
SQL: SELECT * FROM `i_users` WHERE `id` = '1' LIMIT 1   [ RunTime:0.0000s ]
SQL: SHOW COLUMNS FROM `i_goods_term` [ RunTime:0.0020s ]
SQL: SHOW COLUMNS FROM `i_goods` [ RunTime:0.0020s ]

[ 2017-05-01T20:58:23+08:00 ] 127.0.0.1 /index.php?g=Admin&m=Goods&a=shuxing&value=0-0
INFO: [ app_begin ] --START--
INFO: Run Behavior\ReadHtmlCacheBehavior [ RunTime:0.003000s ]
INFO: Run Behavior\CheckLangBehavior [ RunTime:0.010001s ]
INFO: Run Common\Behavior\UrldecodeGetBehavior [ RunTime:0.001000s ]
INFO: [ app_begin ] --END-- [ RunTime:0.015001s ]
INFO: [ admin_begin ] --START--
INFO: Run Common\Behavior\AdminDefaultLangBehavior [ RunTime:0.007000s ]
INFO: [ admin_begin ] --END-- [ RunTime:0.007000s ]
SQL: SHOW COLUMNS FROM `i_users` [ RunTime:0.0020s ]
SQL: SELECT * FROM `i_users` WHERE `id` = '1' LIMIT 1   [ RunTime:0.0010s ]
SQL: SHOW COLUMNS FROM `i_goods_term` [ RunTime:0.0030s ]
SQL: SHOW COLUMNS FROM `i_goods` [ RunTime:0.0020s ]

[ 2017-05-01T20:58:25+08:00 ] 127.0.0.1 /index.php?g=Admin&m=Goods&a=shuxing&value=1-0
INFO: [ app_begin ] --START--
INFO: Run Behavior\ReadHtmlCacheBehavior [ RunTime:0.004000s ]
INFO: Run Behavior\CheckLangBehavior [ RunTime:0.004001s ]
INFO: Run Common\Behavior\UrldecodeGetBehavior [ RunTime:0.002000s ]
INFO: [ app_begin ] --END-- [ RunTime:0.010001s ]
INFO: [ admin_begin ] --START--
INFO: Run Common\Behavior\AdminDefaultLangBehavior [ RunTime:0.006000s ]
INFO: [ admin_begin ] --END-- [ RunTime:0.006000s ]
SQL: SHOW COLUMNS FROM `i_users` [ RunTime:0.0020s ]
SQL: SELECT * FROM `i_users` WHERE `id` = '1' LIMIT 1   [ RunTime:0.0000s ]
SQL: SHOW COLUMNS FROM `i_goods_term` [ RunTime:0.0030s ]
SQL: SHOW COLUMNS FROM `i_goods` [ RunTime:0.0030s ]

[ 2017-05-01T20:58:25+08:00 ] 127.0.0.1 /index.php?g=Admin&m=Goods&a=shuxing&value=1-0
INFO: [ app_begin ] --START--
INFO: Run Behavior\ReadHtmlCacheBehavior [ RunTime:0.002000s ]
INFO: Run Behavior\CheckLangBehavior [ RunTime:0.008001s ]
INFO: Run Common\Behavior\UrldecodeGetBehavior [ RunTime:0.002000s ]
INFO: [ app_begin ] --END-- [ RunTime:0.013001s ]
INFO: [ admin_begin ] --START--
INFO: Run Common\Behavior\AdminDefaultLangBehavior [ RunTime:0.008001s ]
INFO: [ admin_begin ] --END-- [ RunTime:0.008001s ]
SQL: SHOW COLUMNS FROM `i_users` [ RunTime:0.0040s ]
SQL: SELECT * FROM `i_users` WHERE `id` = '1' LIMIT 1   [ RunTime:0.0010s ]
SQL: SHOW COLUMNS FROM `i_goods_term` [ RunTime:0.0030s ]
SQL: SHOW COLUMNS FROM `i_goods` [ RunTime:0.0030s ]

[ 2017-05-01T20:58:25+08:00 ] 127.0.0.1 /index.php?g=Admin&m=Goods&a=shuxing&value=1-0
INFO: [ app_begin ] --START--
INFO: Run Behavior\ReadHtmlCacheBehavior [ RunTime:0.002000s ]
INFO: Run Behavior\CheckLangBehavior [ RunTime:0.008001s ]
INFO: Run Common\Behavior\UrldecodeGetBehavior [ RunTime:0.003000s ]
INFO: [ app_begin ] --END-- [ RunTime:0.014001s ]
INFO: [ admin_begin ] --START--
INFO: Run Common\Behavior\AdminDefaultLangBehavior [ RunTime:0.008001s ]
INFO: [ admin_begin ] --END-- [ RunTime:0.008001s ]
SQL: SHOW COLUMNS FROM `i_users` [ RunTime:0.0020s ]
SQL: SELECT * FROM `i_users` WHERE `id` = '1' LIMIT 1   [ RunTime:0.0000s ]
SQL: SHOW COLUMNS FROM `i_goods_term` [ RunTime:0.0020s ]
SQL: SHOW COLUMNS FROM `i_goods` [ RunTime:0.0020s ]

[ 2017-05-01T20:58:25+08:00 ] 127.0.0.1 /index.php?g=Admin&m=Goods&a=shuxing&value=1-0
INFO: [ app_begin ] --START--
INFO: Run Behavior\ReadHtmlCacheBehavior [ RunTime:0.002000s ]
INFO: Run Behavior\CheckLangBehavior [ RunTime:0.008001s ]
INFO: Run Common\Behavior\UrldecodeGetBehavior [ RunTime:0.003000s ]
INFO: [ app_begin ] --END-- [ RunTime:0.014001s ]
INFO: [ admin_begin ] --START--
INFO: Run Common\Behavior\AdminDefaultLangBehavior [ RunTime:0.007000s ]
INFO: [ admin_begin ] --END-- [ RunTime:0.007000s ]
SQL: SHOW COLUMNS FROM `i_users` [ RunTime:0.0030s ]
SQL: SELECT * FROM `i_users` WHERE `id` = '1' LIMIT 1   [ RunTime:0.0010s ]
SQL: SHOW COLUMNS FROM `i_goods_term` [ RunTime:0.0020s ]
SQL: SHOW COLUMNS FROM `i_goods` [ RunTime:0.0030s ]

[ 2017-05-01T20:58:25+08:00 ] 127.0.0.1 /index.php?g=Admin&m=Goods&a=shuxing&value=1-0
INFO: [ app_begin ] --START--
INFO: Run Behavior\ReadHtmlCacheBehavior [ RunTime:0.003000s ]
INFO: Run Behavior\CheckLangBehavior [ RunTime:0.007001s ]
INFO: Run Common\Behavior\UrldecodeGetBehavior [ RunTime:0.003000s ]
INFO: [ app_begin ] --END-- [ RunTime:0.013001s ]
INFO: [ admin_begin ] --START--
INFO: Run Common\Behavior\AdminDefaultLangBehavior [ RunTime:0.009000s ]
INFO: [ admin_begin ] --END-- [ RunTime:0.009000s ]
SQL: SHOW COLUMNS FROM `i_users` [ RunTime:0.0030s ]
SQL: SELECT * FROM `i_users` WHERE `id` = '1' LIMIT 1   [ RunTime:0.0000s ]
SQL: SHOW COLUMNS FROM `i_goods_term` [ RunTime:0.0030s ]
SQL: SHOW COLUMNS FROM `i_goods` [ RunTime:0.0020s ]

[ 2017-05-01T20:58:27+08:00 ] 127.0.0.1 /index.php?g=Admin&m=Goods&a=shuxing&value=0-0
INFO: [ app_begin ] --START--
INFO: Run Behavior\ReadHtmlCacheBehavior [ RunTime:0.002001s ]
INFO: Run Behavior\CheckLangBehavior [ RunTime:0.006000s ]
INFO: Run Common\Behavior\UrldecodeGetBehavior [ RunTime:0.003000s ]
INFO: [ app_begin ] --END-- [ RunTime:0.012001s ]
INFO: [ admin_begin ] --START--
INFO: Run Common\Behavior\AdminDefaultLangBehavior [ RunTime:0.008000s ]
INFO: [ admin_begin ] --END-- [ RunTime:0.008000s ]
SQL: SHOW COLUMNS FROM `i_users` [ RunTime:0.0020s ]
SQL: SELECT * FROM `i_users` WHERE `id` = '1' LIMIT 1   [ RunTime:0.0010s ]
SQL: SHOW COLUMNS FROM `i_goods_term` [ RunTime:0.0020s ]
SQL: SHOW COLUMNS FROM `i_goods` [ RunTime:0.0020s ]

[ 2017-05-01T20:58:27+08:00 ] 127.0.0.1 /index.php?g=Admin&m=Goods&a=shuxing&value=0-0
INFO: [ app_begin ] --START--
INFO: Run Behavior\ReadHtmlCacheBehavior [ RunTime:0.003001s ]
INFO: Run Behavior\CheckLangBehavior [ RunTime:0.006000s ]
INFO: Run Common\Behavior\UrldecodeGetBehavior [ RunTime:0.002000s ]
INFO: [ app_begin ] --END-- [ RunTime:0.013001s ]
INFO: [ admin_begin ] --START--
INFO: Run Common\Behavior\AdminDefaultLangBehavior [ RunTime:0.005000s ]
INFO: [ admin_begin ] --END-- [ RunTime:0.005000s ]
SQL: SHOW COLUMNS FROM `i_users` [ RunTime:0.0030s ]
SQL: SELECT * FROM `i_users` WHERE `id` = '1' LIMIT 1   [ RunTime:0.0010s ]
SQL: SHOW COLUMNS FROM `i_goods_term` [ RunTime:0.0020s ]
SQL: SHOW COLUMNS FROM `i_goods` [ RunTime:0.0020s ]

[ 2017-05-01T20:58:27+08:00 ] 127.0.0.1 /index.php?g=Admin&m=Goods&a=shuxing&value=0-0
INFO: [ app_begin ] --START--
INFO: Run Behavior\ReadHtmlCacheBehavior [ RunTime:0.003001s ]
INFO: Run Behavior\CheckLangBehavior [ RunTime:0.007000s ]
INFO: Run Common\Behavior\UrldecodeGetBehavior [ RunTime:0.004000s ]
INFO: [ app_begin ] --END-- [ RunTime:0.014001s ]
INFO: [ admin_begin ] --START--
INFO: Run Common\Behavior\AdminDefaultLangBehavior [ RunTime:0.007000s ]
INFO: [ admin_begin ] --END-- [ RunTime:0.007000s ]
SQL: SHOW COLUMNS FROM `i_users` [ RunTime:0.0020s ]
SQL: SELECT * FROM `i_users` WHERE `id` = '1' LIMIT 1   [ RunTime:0.0000s ]
SQL: SHOW COLUMNS FROM `i_goods_term` [ RunTime:0.0020s ]
SQL: SHOW COLUMNS FROM `i_goods` [ RunTime:0.0020s ]

[ 2017-05-01T20:58:27+08:00 ] 127.0.0.1 /index.php?g=Admin&m=Goods&a=shuxing&value=0-0
INFO: [ app_begin ] --START--
INFO: Run Behavior\ReadHtmlCacheBehavior [ RunTime:0.002001s ]
INFO: Run Behavior\CheckLangBehavior [ RunTime:0.008000s ]
INFO: Run Common\Behavior\UrldecodeGetBehavior [ RunTime:0.003000s ]
INFO: [ app_begin ] --END-- [ RunTime:0.014001s ]
INFO: [ admin_begin ] --START--
INFO: Run Common\Behavior\AdminDefaultLangBehavior [ RunTime:0.007001s ]
INFO: [ admin_begin ] --END-- [ RunTime:0.007001s ]
SQL: SHOW COLUMNS FROM `i_users` [ RunTime:0.0020s ]
SQL: SELECT * FROM `i_users` WHERE `id` = '1' LIMIT 1   [ RunTime:0.0000s ]
SQL: SHOW COLUMNS FROM `i_goods_term` [ RunTime:0.0020s ]
SQL: SHOW COLUMNS FROM `i_goods` [ RunTime:0.0020s ]

[ 2017-05-01T20:58:27+08:00 ] 127.0.0.1 /index.php?g=Admin&m=Goods&a=shuxing&value=0-0
INFO: [ app_begin ] --START--
INFO: Run Behavior\ReadHtmlCacheBehavior [ RunTime:0.003000s ]
INFO: Run Behavior\CheckLangBehavior [ RunTime:0.008000s ]
INFO: Run Common\Behavior\UrldecodeGetBehavior [ RunTime:0.003000s ]
INFO: [ app_begin ] --END-- [ RunTime:0.014000s ]
INFO: [ admin_begin ] --START--
INFO: Run Common\Behavior\AdminDefaultLangBehavior [ RunTime:0.007000s ]
INFO: [ admin_begin ] --END-- [ RunTime:0.007000s ]
SQL: SHOW COLUMNS FROM `i_users` [ RunTime:0.0040s ]
SQL: SELECT * FROM `i_users` WHERE `id` = '1' LIMIT 1   [ RunTime:0.0000s ]
SQL: SHOW COLUMNS FROM `i_goods_term` [ RunTime:0.0030s ]
SQL: SHOW COLUMNS FROM `i_goods` [ RunTime:0.0040s ]

[ 2017-05-01T20:58:28+08:00 ] 127.0.0.1 /index.php?g=Admin&m=Goods&a=shuxing&value=1-1
INFO: [ app_begin ] --START--
INFO: Run Behavior\ReadHtmlCacheBehavior [ RunTime:0.002000s ]
INFO: Run Behavior\CheckLangBehavior [ RunTime:0.004001s ]
INFO: Run Common\Behavior\UrldecodeGetBehavior [ RunTime:0.001000s ]
INFO: [ app_begin ] --END-- [ RunTime:0.007001s ]
INFO: [ admin_begin ] --START--
INFO: Run Common\Behavior\AdminDefaultLangBehavior [ RunTime:0.007000s ]
INFO: [ admin_begin ] --END-- [ RunTime:0.007000s ]
SQL: SHOW COLUMNS FROM `i_users` [ RunTime:0.0030s ]
SQL: SELECT * FROM `i_users` WHERE `id` = '1' LIMIT 1   [ RunTime:0.0010s ]
SQL: SHOW COLUMNS FROM `i_goods_term` [ RunTime:0.0020s ]
SQL: SHOW COLUMNS FROM `i_goods` [ RunTime:0.0020s ]

[ 2017-05-01T20:58:28+08:00 ] 127.0.0.1 /index.php?g=Admin&m=Goods&a=shuxing&value=1-1
INFO: [ app_begin ] --START--
INFO: Run Behavior\ReadHtmlCacheBehavior [ RunTime:0.002000s ]
INFO: Run Behavior\CheckLangBehavior [ RunTime:0.007000s ]
INFO: Run Common\Behavior\UrldecodeGetBehavior [ RunTime:0.003000s ]
INFO: [ app_begin ] --END-- [ RunTime:0.013001s ]
INFO: [ admin_begin ] --START--
INFO: Run Common\Behavior\AdminDefaultLangBehavior [ RunTime:0.005000s ]
INFO: [ admin_begin ] --END-- [ RunTime:0.005000s ]
SQL: SHOW COLUMNS FROM `i_users` [ RunTime:0.0040s ]
SQL: SELECT * FROM `i_users` WHERE `id` = '1' LIMIT 1   [ RunTime:0.0010s ]
SQL: SHOW COLUMNS FROM `i_goods_term` [ RunTime:0.0030s ]
SQL: SHOW COLUMNS FROM `i_goods` [ RunTime:0.0030s ]

[ 2017-05-01T20:58:28+08:00 ] 127.0.0.1 /index.php?g=Admin&m=Goods&a=shuxing&value=1-1
INFO: [ app_begin ] --START--
INFO: Run Behavior\ReadHtmlCacheBehavior [ RunTime:0.003000s ]
INFO: Run Behavior\CheckLangBehavior [ RunTime:0.007000s ]
INFO: Run Common\Behavior\UrldecodeGetBehavior [ RunTime:0.003000s ]
INFO: [ app_begin ] --END-- [ RunTime:0.013000s ]
INFO: [ admin_begin ] --START--
INFO: Run Common\Behavior\AdminDefaultLangBehavior [ RunTime:0.008001s ]
INFO: [ admin_begin ] --END-- [ RunTime:0.008001s ]
SQL: SHOW COLUMNS FROM `i_users` [ RunTime:0.0030s ]
SQL: SELECT * FROM `i_users` WHERE `id` = '1' LIMIT 1   [ RunTime:0.0000s ]
SQL: SHOW COLUMNS FROM `i_goods_term` [ RunTime:0.0030s ]
SQL: SHOW COLUMNS FROM `i_goods` [ RunTime:0.0040s ]

[ 2017-05-01T20:58:28+08:00 ] 127.0.0.1 /index.php?g=Admin&m=Goods&a=shuxing&value=1-1
INFO: [ app_begin ] --START--
INFO: Run Behavior\ReadHtmlCacheBehavior [ RunTime:0.002000s ]
INFO: Run Behavior\CheckLangBehavior [ RunTime:0.007000s ]
INFO: Run Common\Behavior\UrldecodeGetBehavior [ RunTime:0.003000s ]
INFO: [ app_begin ] --END-- [ RunTime:0.013000s ]
INFO: [ admin_begin ] --START--
INFO: Run Common\Behavior\AdminDefaultLangBehavior [ RunTime:0.009000s ]
INFO: [ admin_begin ] --END-- [ RunTime:0.009000s ]
SQL: SHOW COLUMNS FROM `i_users` [ RunTime:0.0030s ]
SQL: SELECT * FROM `i_users` WHERE `id` = '1' LIMIT 1   [ RunTime:0.0010s ]
SQL: SHOW COLUMNS FROM `i_goods_term` [ RunTime:0.0020s ]
SQL: SHOW COLUMNS FROM `i_goods` [ RunTime:0.0020s ]

[ 2017-05-01T20:58:28+08:00 ] 127.0.0.1 /index.php?g=Admin&m=Goods&a=shuxing&value=1-1
INFO: [ app_begin ] --START--
INFO: Run Behavior\ReadHtmlCacheBehavior [ RunTime:0.003000s ]
INFO: Run Behavior\CheckLangBehavior [ RunTime:0.006000s ]
INFO: Run Common\Behavior\UrldecodeGetBehavior [ RunTime:0.003000s ]
INFO: [ app_begin ] --END-- [ RunTime:0.012000s ]
INFO: [ admin_begin ] --START--
INFO: Run Common\Behavior\AdminDefaultLangBehavior [ RunTime:0.005001s ]
INFO: [ admin_begin ] --END-- [ RunTime:0.005001s ]
SQL: SHOW COLUMNS FROM `i_users` [ RunTime:0.0020s ]
SQL: SELECT * FROM `i_users` WHERE `id` = '1' LIMIT 1   [ RunTime:0.0010s ]
SQL: SHOW COLUMNS FROM `i_goods_term` [ RunTime:0.0030s ]
SQL: SHOW COLUMNS FROM `i_goods` [ RunTime:0.0030s ]

[ 2017-05-01T20:58:29+08:00 ] 127.0.0.1 /index.php?g=Admin&m=Goods&a=shuxing&value=2-0
INFO: [ app_begin ] --START--
INFO: Run Behavior\ReadHtmlCacheBehavior [ RunTime:0.001000s ]
INFO: Run Behavior\CheckLangBehavior [ RunTime:0.004000s ]
INFO: Run Common\Behavior\UrldecodeGetBehavior [ RunTime:0.003000s ]
INFO: [ app_begin ] --END-- [ RunTime:0.009001s ]
INFO: [ admin_begin ] --START--
INFO: Run Common\Behavior\AdminDefaultLangBehavior [ RunTime:0.006001s ]
INFO: [ admin_begin ] --END-- [ RunTime:0.006001s ]
SQL: SHOW COLUMNS FROM `i_users` [ RunTime:0.0020s ]
SQL: SELECT * FROM `i_users` WHERE `id` = '1' LIMIT 1   [ RunTime:0.0000s ]
SQL: SHOW COLUMNS FROM `i_goods_term` [ RunTime:0.0020s ]
SQL: SHOW COLUMNS FROM `i_goods` [ RunTime:0.0020s ]

[ 2017-05-01T20:58:29+08:00 ] 127.0.0.1 /index.php?g=Admin&m=Goods&a=shuxing&value=2-0
INFO: [ app_begin ] --START--
INFO: Run Behavior\ReadHtmlCacheBehavior [ RunTime:0.002000s ]
INFO: Run Behavior\CheckLangBehavior [ RunTime:0.007001s ]
INFO: Run Common\Behavior\UrldecodeGetBehavior [ RunTime:0.003000s ]
INFO: [ app_begin ] --END-- [ RunTime:0.013001s ]
INFO: [ admin_begin ] --START--
INFO: Run Common\Behavior\AdminDefaultLangBehavior [ RunTime:0.008001s ]
INFO: [ admin_begin ] --END-- [ RunTime:0.008001s ]
SQL: SHOW COLUMNS FROM `i_users` [ RunTime:0.0040s ]
SQL: SELECT * FROM `i_users` WHERE `id` = '1' LIMIT 1   [ RunTime:0.0010s ]
SQL: SHOW COLUMNS FROM `i_goods_term` [ RunTime:0.0030s ]
SQL: SHOW COLUMNS FROM `i_goods` [ RunTime:0.0030s ]

[ 2017-05-01T20:58:29+08:00 ] 127.0.0.1 /index.php?g=Admin&m=Goods&a=shuxing&value=2-0
INFO: [ app_begin ] --START--
INFO: Run Behavior\ReadHtmlCacheBehavior [ RunTime:0.003000s ]
INFO: Run Behavior\CheckLangBehavior [ RunTime:0.007001s ]
INFO: Run Common\Behavior\UrldecodeGetBehavior [ RunTime:0.003000s ]
INFO: [ app_begin ] --END-- [ RunTime:0.013001s ]
INFO: [ admin_begin ] --START--
INFO: Run Common\Behavior\AdminDefaultLangBehavior [ RunTime:0.008001s ]
INFO: [ admin_begin ] --END-- [ RunTime:0.008001s ]
SQL: SHOW COLUMNS FROM `i_users` [ RunTime:0.0020s ]
SQL: SELECT * FROM `i_users` WHERE `id` = '1' LIMIT 1   [ RunTime:0.0000s ]
SQL: SHOW COLUMNS FROM `i_goods_term` [ RunTime:0.0020s ]
SQL: SHOW COLUMNS FROM `i_goods` [ RunTime:0.0020s ]

[ 2017-05-01T20:58:29+08:00 ] 127.0.0.1 /index.php?g=Admin&m=Goods&a=shuxing&value=2-0
INFO: [ app_begin ] --START--
INFO: Run Behavior\ReadHtmlCacheBehavior [ RunTime:0.002000s ]
INFO: Run Behavior\CheckLangBehavior [ RunTime:0.008001s ]
INFO: Run Common\Behavior\UrldecodeGetBehavior [ RunTime:0.003000s ]
INFO: [ app_begin ] --END-- [ RunTime:0.015001s ]
INFO: [ admin_begin ] --START--
INFO: Run Common\Behavior\AdminDefaultLangBehavior [ RunTime:0.008001s ]
INFO: [ admin_begin ] --END-- [ RunTime:0.008001s ]
SQL: SHOW COLUMNS FROM `i_users` [ RunTime:0.0030s ]
SQL: SELECT * FROM `i_users` WHERE `id` = '1' LIMIT 1   [ RunTime:0.0000s ]
SQL: SHOW COLUMNS FROM `i_goods_term` [ RunTime:0.0020s ]
SQL: SHOW COLUMNS FROM `i_goods` [ RunTime:0.0030s ]

[ 2017-05-01T20:58:29+08:00 ] 127.0.0.1 /index.php?g=Admin&m=Goods&a=shuxing&value=2-0
INFO: [ app_begin ] --START--
INFO: Run Behavior\ReadHtmlCacheBehavior [ RunTime:0.003000s ]
INFO: Run Behavior\CheckLangBehavior [ RunTime:0.007000s ]
INFO: Run Common\Behavior\UrldecodeGetBehavior [ RunTime:0.004000s ]
INFO: [ app_begin ] --END-- [ RunTime:0.014000s ]
INFO: [ admin_begin ] --START--
INFO: Run Common\Behavior\AdminDefaultLangBehavior [ RunTime:0.008000s ]
INFO: [ admin_begin ] --END-- [ RunTime:0.008000s ]
SQL: SHOW COLUMNS FROM `i_users` [ RunTime:0.0040s ]
SQL: SELECT * FROM `i_users` WHERE `id` = '1' LIMIT 1   [ RunTime:0.0000s ]
SQL: SHOW COLUMNS FROM `i_goods_term` [ RunTime:0.0020s ]
SQL: SHOW COLUMNS FROM `i_goods` [ RunTime:0.0030s ]

[ 2017-05-01T20:58:42+08:00 ] 127.0.0.1 /index.php?g=Admin&m=Goods&a=shuxing&value=1-0
INFO: [ app_begin ] --START--
INFO: Run Behavior\ReadHtmlCacheBehavior [ RunTime:0.001000s ]
INFO: Run Behavior\CheckLangBehavior [ RunTime:0.004000s ]
INFO: Run Common\Behavior\UrldecodeGetBehavior [ RunTime:0.002000s ]
INFO: [ app_begin ] --END-- [ RunTime:0.008000s ]
INFO: [ admin_begin ] --START--
INFO: Run Common\Behavior\AdminDefaultLangBehavior [ RunTime:0.009000s ]
INFO: [ admin_begin ] --END-- [ RunTime:0.009000s ]
SQL: SHOW COLUMNS FROM `i_users` [ RunTime:0.0030s ]
SQL: SELECT * FROM `i_users` WHERE `id` = '1' LIMIT 1   [ RunTime:0.0000s ]
SQL: SHOW COLUMNS FROM `i_goods_term` [ RunTime:0.0020s ]
SQL: SHOW COLUMNS FROM `i_goods` [ RunTime:0.0030s ]

[ 2017-05-01T20:58:42+08:00 ] 127.0.0.1 /index.php?g=Admin&m=Goods&a=shuxing&value=1-0
INFO: [ app_begin ] --START--
INFO: Run Behavior\ReadHtmlCacheBehavior [ RunTime:0.003000s ]
INFO: Run Behavior\CheckLangBehavior [ RunTime:0.007001s ]
INFO: Run Common\Behavior\UrldecodeGetBehavior [ RunTime:0.003000s ]
INFO: [ app_begin ] --END-- [ RunTime:0.013001s ]
INFO: [ admin_begin ] --START--
INFO: Run Common\Behavior\AdminDefaultLangBehavior [ RunTime:0.010001s ]
INFO: [ admin_begin ] --END-- [ RunTime:0.010001s ]
SQL: SHOW COLUMNS FROM `i_users` [ RunTime:0.0030s ]
SQL: SELECT * FROM `i_users` WHERE `id` = '1' LIMIT 1   [ RunTime:0.0000s ]
SQL: SHOW COLUMNS FROM `i_goods_term` [ RunTime:0.0020s ]
SQL: SHOW COLUMNS FROM `i_goods` [ RunTime:0.0020s ]

[ 2017-05-01T20:58:42+08:00 ] 127.0.0.1 /index.php?g=Admin&m=Goods&a=shuxing&value=1-0
INFO: [ app_begin ] --START--
INFO: Run Behavior\ReadHtmlCacheBehavior [ RunTime:0.003000s ]
INFO: Run Behavior\CheckLangBehavior [ RunTime:0.007000s ]
INFO: Run Common\Behavior\UrldecodeGetBehavior [ RunTime:0.003000s ]
INFO: [ app_begin ] --END-- [ RunTime:0.014000s ]
INFO: [ admin_begin ] --START--
INFO: Run Common\Behavior\AdminDefaultLangBehavior [ RunTime:0.007000s ]
INFO: [ admin_begin ] --END-- [ RunTime:0.007000s ]
SQL: SHOW COLUMNS FROM `i_users` [ RunTime:0.0030s ]
SQL: SELECT * FROM `i_users` WHERE `id` = '1' LIMIT 1   [ RunTime:0.0000s ]
SQL: SHOW COLUMNS FROM `i_goods_term` [ RunTime:0.0010s ]
SQL: SHOW COLUMNS FROM `i_goods` [ RunTime:0.0030s ]

[ 2017-05-01T20:58:42+08:00 ] 127.0.0.1 /index.php?g=Admin&m=Goods&a=shuxing&value=1-0
INFO: [ app_begin ] --START--
INFO: Run Behavior\ReadHtmlCacheBehavior [ RunTime:0.003000s ]
INFO: Run Behavior\CheckLangBehavior [ RunTime:0.009000s ]
INFO: Run Common\Behavior\UrldecodeGetBehavior [ RunTime:0.003000s ]
INFO: [ app_begin ] --END-- [ RunTime:0.016000s ]
INFO: [ admin_begin ] --START--
INFO: Run Common\Behavior\AdminDefaultLangBehavior [ RunTime:0.006001s ]
INFO: [ admin_begin ] --END-- [ RunTime:0.006001s ]
SQL: SHOW COLUMNS FROM `i_users` [ RunTime:0.0030s ]
SQL: SELECT * FROM `i_users` WHERE `id` = '1' LIMIT 1   [ RunTime:0.0000s ]
SQL: SHOW COLUMNS FROM `i_goods_term` [ RunTime:0.0030s ]
SQL: SHOW COLUMNS FROM `i_goods` [ RunTime:0.0020s ]

[ 2017-05-01T20:58:42+08:00 ] 127.0.0.1 /index.php?g=Admin&m=Goods&a=shuxing&value=1-0
INFO: [ app_begin ] --START--
INFO: Run Behavior\ReadHtmlCacheBehavior [ RunTime:0.004000s ]
INFO: Run Behavior\CheckLangBehavior [ RunTime:0.017001s ]
INFO: Run Common\Behavior\UrldecodeGetBehavior [ RunTime:0.003000s ]
INFO: [ app_begin ] --END-- [ RunTime:0.025001s ]
INFO: [ admin_begin ] --START--
INFO: Run Common\Behavior\AdminDefaultLangBehavior [ RunTime:0.007000s ]
INFO: [ admin_begin ] --END-- [ RunTime:0.007000s ]
SQL: SHOW COLUMNS FROM `i_users` [ RunTime:0.0030s ]
SQL: SELECT * FROM `i_users` WHERE `id` = '1' LIMIT 1   [ RunTime:0.0000s ]
SQL: SHOW COLUMNS FROM `i_goods_term` [ RunTime:0.0030s ]
SQL: SHOW COLUMNS FROM `i_goods` [ RunTime:0.0030s ]

[ 2017-05-01T20:58:44+08:00 ] 127.0.0.1 /index.php?g=Admin&m=Goods&a=shuxing&value=0-0
INFO: [ app_begin ] --START--
INFO: Run Behavior\ReadHtmlCacheBehavior [ RunTime:0.001000s ]
INFO: Run Behavior\CheckLangBehavior [ RunTime:0.004001s ]
INFO: Run Common\Behavior\UrldecodeGetBehavior [ RunTime:0.002000s ]
INFO: [ app_begin ] --END-- [ RunTime:0.008001s ]
INFO: [ admin_begin ] --START--
INFO: Run Common\Behavior\AdminDefaultLangBehavior [ RunTime:0.005000s ]
INFO: [ admin_begin ] --END-- [ RunTime:0.005000s ]
SQL: SHOW COLUMNS FROM `i_users` [ RunTime:0.0020s ]
SQL: SELECT * FROM `i_users` WHERE `id` = '1' LIMIT 1   [ RunTime:0.0010s ]
SQL: SHOW COLUMNS FROM `i_goods_term` [ RunTime:0.0030s ]
SQL: SHOW COLUMNS FROM `i_goods` [ RunTime:0.0010s ]

[ 2017-05-01T20:58:44+08:00 ] 127.0.0.1 /index.php?g=Admin&m=Goods&a=shuxing&value=0-0
INFO: [ app_begin ] --START--
INFO: Run Behavior\ReadHtmlCacheBehavior [ RunTime:0.002001s ]
INFO: Run Behavior\CheckLangBehavior [ RunTime:0.004000s ]
INFO: Run Common\Behavior\UrldecodeGetBehavior [ RunTime:0.002000s ]
INFO: [ app_begin ] --END-- [ RunTime:0.008001s ]
INFO: [ admin_begin ] --START--
INFO: Run Common\Behavior\AdminDefaultLangBehavior [ RunTime:0.007000s ]
INFO: [ admin_begin ] --END-- [ RunTime:0.007000s ]
SQL: SHOW COLUMNS FROM `i_users` [ RunTime:0.0020s ]
SQL: SELECT * FROM `i_users` WHERE `id` = '1' LIMIT 1   [ RunTime:0.0010s ]
SQL: SHOW COLUMNS FROM `i_goods_term` [ RunTime:0.0020s ]
SQL: SHOW COLUMNS FROM `i_goods` [ RunTime:0.0020s ]

[ 2017-05-01T20:58:44+08:00 ] 127.0.0.1 /index.php?g=Admin&m=Goods&a=shuxing&value=0-0
INFO: [ app_begin ] --START--
INFO: Run Behavior\ReadHtmlCacheBehavior [ RunTime:0.002000s ]
INFO: Run Behavior\CheckLangBehavior [ RunTime:0.006000s ]
INFO: Run Common\Behavior\UrldecodeGetBehavior [ RunTime:0.003000s ]
INFO: [ app_begin ] --END-- [ RunTime:0.012000s ]
INFO: [ admin_begin ] --START--
INFO: Run Common\Behavior\AdminDefaultLangBehavior [ RunTime:0.006000s ]
INFO: [ admin_begin ] --END-- [ RunTime:0.006000s ]
SQL: SHOW COLUMNS FROM `i_users` [ RunTime:0.0030s ]
SQL: SELECT * FROM `i_users` WHERE `id` = '1' LIMIT 1   [ RunTime:0.0000s ]
SQL: SHOW COLUMNS FROM `i_goods_term` [ RunTime:0.0010s ]
SQL: SHOW COLUMNS FROM `i_goods` [ RunTime:0.0020s ]

[ 2017-05-01T20:58:44+08:00 ] 127.0.0.1 /index.php?g=Admin&m=Goods&a=shuxing&value=0-0
INFO: [ app_begin ] --START--
INFO: Run Behavior\ReadHtmlCacheBehavior [ RunTime:0.002000s ]
INFO: Run Behavior\CheckLangBehavior [ RunTime:0.005000s ]
INFO: Run Common\Behavior\UrldecodeGetBehavior [ RunTime:0.002000s ]
INFO: [ app_begin ] --END-- [ RunTime:0.010000s ]
INFO: [ admin_begin ] --START--
INFO: Run Common\Behavior\AdminDefaultLangBehavior [ RunTime:0.008001s ]
INFO: [ admin_begin ] --END-- [ RunTime:0.008001s ]
SQL: SHOW COLUMNS FROM `i_users` [ RunTime:0.0030s ]
SQL: SELECT * FROM `i_users` WHERE `id` = '1' LIMIT 1   [ RunTime:0.0010s ]
SQL: SHOW COLUMNS FROM `i_goods_term` [ RunTime:0.0020s ]
SQL: SHOW COLUMNS FROM `i_goods` [ RunTime:0.0020s ]

[ 2017-05-01T21:02:39+08:00 ] 127.0.0.1 /index.php?g=Admin&m=Goods&a=shuxing&value=1-0
INFO: [ app_begin ] --START--
INFO: Run Behavior\ReadHtmlCacheBehavior [ RunTime:0.002000s ]
INFO: Run Behavior\CheckLangBehavior [ RunTime:0.004000s ]
INFO: Run Common\Behavior\UrldecodeGetBehavior [ RunTime:0.001000s ]
INFO: [ app_begin ] --END-- [ RunTime:0.007000s ]
INFO: [ admin_begin ] --START--
INFO: Run Common\Behavior\AdminDefaultLangBehavior [ RunTime:0.010000s ]
INFO: [ admin_begin ] --END-- [ RunTime:0.010000s ]
SQL: SHOW COLUMNS FROM `i_users` [ RunTime:0.0040s ]
SQL: SELECT * FROM `i_users` WHERE `id` = '1' LIMIT 1   [ RunTime:0.0010s ]
SQL: SHOW COLUMNS FROM `i_goods_term` [ RunTime:0.0030s ]
SQL: SHOW COLUMNS FROM `i_goods` [ RunTime:0.0030s ]

[ 2017-05-01T21:03:09+08:00 ] 127.0.0.1 /index.php?g=Admin&m=Goods&a=shuxing&value=1-0
INFO: [ app_begin ] --START--
INFO: Run Behavior\ReadHtmlCacheBehavior [ RunTime:0.001000s ]
INFO: Run Behavior\CheckLangBehavior [ RunTime:0.006000s ]
INFO: Run Common\Behavior\UrldecodeGetBehavior [ RunTime:0.003001s ]
INFO: [ app_begin ] --END-- [ RunTime:0.011001s ]
INFO: [ admin_begin ] --START--
INFO: Run Common\Behavior\AdminDefaultLangBehavior [ RunTime:0.006000s ]
INFO: [ admin_begin ] --END-- [ RunTime:0.006000s ]
SQL: SHOW COLUMNS FROM `i_users` [ RunTime:0.0020s ]
SQL: SELECT * FROM `i_users` WHERE `id` = '1' LIMIT 1   [ RunTime:0.0000s ]
SQL: SHOW COLUMNS FROM `i_goods_term` [ RunTime:0.0030s ]
SQL: SHOW COLUMNS FROM `i_goods` [ RunTime:0.0020s ]

[ 2017-05-01T21:03:26+08:00 ] 127.0.0.1 /index.php?g=Admin&m=Goods&a=shuxing&value=1-0
INFO: [ app_begin ] --START--
INFO: Run Behavior\ReadHtmlCacheBehavior [ RunTime:0.002000s ]
INFO: Run Behavior\CheckLangBehavior [ RunTime:0.007001s ]
INFO: Run Common\Behavior\UrldecodeGetBehavior [ RunTime:0.002000s ]
INFO: [ app_begin ] --END-- [ RunTime:0.011001s ]
INFO: [ admin_begin ] --START--
INFO: Run Common\Behavior\AdminDefaultLangBehavior [ RunTime:0.008001s ]
INFO: [ admin_begin ] --END-- [ RunTime:0.008001s ]
SQL: SHOW COLUMNS FROM `i_users` [ RunTime:0.0030s ]
SQL: SELECT * FROM `i_users` WHERE `id` = '1' LIMIT 1   [ RunTime:0.0010s ]
SQL: SHOW COLUMNS FROM `i_goods_term` [ RunTime:0.0030s ]
SQL: SHOW COLUMNS FROM `i_goods` [ RunTime:0.0030s ]

[ 2017-05-01T21:03:47+08:00 ] 127.0.0.1 /index.php?g=Admin&m=Goods&a=shuxing&value=1-1
INFO: [ app_begin ] --START--
INFO: Run Behavior\ReadHtmlCacheBehavior [ RunTime:0.001000s ]
INFO: Run Behavior\CheckLangBehavior [ RunTime:0.004000s ]
INFO: Run Common\Behavior\UrldecodeGetBehavior [ RunTime:0.002000s ]
INFO: [ app_begin ] --END-- [ RunTime:0.007000s ]
INFO: [ admin_begin ] --START--
INFO: Run Common\Behavior\AdminDefaultLangBehavior [ RunTime:0.007000s ]
INFO: [ admin_begin ] --END-- [ RunTime:0.007000s ]
SQL: SHOW COLUMNS FROM `i_users` [ RunTime:0.0030s ]
SQL: SELECT * FROM `i_users` WHERE `id` = '1' LIMIT 1   [ RunTime:0.0010s ]
SQL: SHOW COLUMNS FROM `i_goods_term` [ RunTime:0.0020s ]
SQL: SHOW COLUMNS FROM `i_goods` [ RunTime:0.0020s ]

[ 2017-05-01T21:03:50+08:00 ] 127.0.0.1 /index.php?g=Admin&m=Goods&a=shuxing&value=1-0
INFO: [ app_begin ] --START--
INFO: Run Behavior\ReadHtmlCacheBehavior [ RunTime:0.001000s ]
INFO: Run Behavior\CheckLangBehavior [ RunTime:0.012001s ]
INFO: Run Common\Behavior\UrldecodeGetBehavior [ RunTime:0.003000s ]
INFO: [ app_begin ] --END-- [ RunTime:0.017001s ]
INFO: [ admin_begin ] --START--
INFO: Run Common\Behavior\AdminDefaultLangBehavior [ RunTime:0.005001s ]
INFO: [ admin_begin ] --END-- [ RunTime:0.005001s ]
SQL: SHOW COLUMNS FROM `i_users` [ RunTime:0.0020s ]
SQL: SELECT * FROM `i_users` WHERE `id` = '1' LIMIT 1   [ RunTime:0.0010s ]
SQL: SHOW COLUMNS FROM `i_goods_term` [ RunTime:0.0020s ]
SQL: SHOW COLUMNS FROM `i_goods` [ RunTime:0.0030s ]

[ 2017-05-01T21:04:08+08:00 ] 127.0.0.1 /index.php?g=Admin&m=Goods&a=edit&id=20170423124543553
INFO: [ app_begin ] --START--
INFO: Run Behavior\ReadHtmlCacheBehavior [ RunTime:0.002000s ]
INFO: Run Behavior\CheckLangBehavior [ RunTime:0.007001s ]
INFO: Run Common\Behavior\UrldecodeGetBehavior [ RunTime:0.006000s ]
INFO: [ app_begin ] --END-- [ RunTime:0.017001s ]
INFO: [ admin_begin ] --START--
INFO: Run Common\Behavior\AdminDefaultLangBehavior [ RunTime:0.010000s ]
INFO: [ admin_begin ] --END-- [ RunTime:0.010000s ]
SQL: SHOW COLUMNS FROM `i_users` [ RunTime:0.0040s ]
SQL: SELECT * FROM `i_users` WHERE `id` = '1' LIMIT 1   [ RunTime:0.0010s ]
SQL: SHOW COLUMNS FROM `i_goods_term` [ RunTime:0.0030s ]
SQL: SHOW COLUMNS FROM `i_goods` [ RunTime:0.0030s ]
NOTIC: [8] Undefined index: validate E:\bad\simplewind\Core\Library\Think\Model.class.php 第 1185 行.
NOTIC: [8] Undefined index: auto E:\bad\simplewind\Core\Library\Think\Model.class.php 第 1128 行.
SQL: UPDATE `i_goods` SET `term_id`='7',`name`='next商品',`status`='0',`label`='优惠#限量',`photos_url`='[\"http:\\/\\/bad.cn\\/data\\/upload\\/admin\\/20170501\\/5907278c56fd8.jpg\",\"http:\\/\\/bad.cn\\/data\\/upload\\/admin\\/20170501\\/5907278fe2eec.jpg\"]',`attribute`='[{\"id\":\"1-0\",\"cost_price\":\"60\",\"selling_price\":\"65\",\"market_value\":\"70\",\"unit\":\"\\u4ef6\",\"stock\":\"100\",\"name\":\"50\",\"info\":\"\\u7ea2\\u8272\"},{\"id\":\"1-0\",\"cost_price\":\"60\",\"selling_price\":\"65\",\"market_value\":\"70\",\"unit\":\"\\u4ef6\",\"stock\":\"100\",\"name\":\"50\",\"info\":\"\\u84dd\\u8272\"},{\"id\":\"1-0\",\"cost_price\":\"60\",\"selling_price\":\"65\",\"market_value\":\"70\",\"unit\":\"\\u4ef6\",\"stock\":\"100\",\"name\":\"50\",\"info\":\"\\u9ed1\\u8272\"},{\"id\":\"1-0\",\"cost_price\":\"60\",\"selling_price\":\"65\",\"market_value\":\"70\",\"unit\":\"\\u4ef6\",\"stock\":\"100\",\"name\":\"49\",\"info\":\"\\u9ed1\\u8272\"}]',`content`='&lt;p&gt;倒萨打算1&lt;/p&gt;' WHERE `id` = '20170423124543553' [ RunTime:0.0910s ]

[ 2017-05-01T21:05:07+08:00 ] 127.0.0.1 /index.php?g=Admin&m=Goods&a=edit&id=20170423124543553
INFO: [ app_begin ] --START--
INFO: Run Behavior\ReadHtmlCacheBehavior [ RunTime:0.002000s ]
INFO: Run Behavior\CheckLangBehavior [ RunTime:0.007001s ]
INFO: Run Common\Behavior\UrldecodeGetBehavior [ RunTime:0.001000s ]
INFO: [ app_begin ] --END-- [ RunTime:0.010001s ]
INFO: [ admin_begin ] --START--
INFO: Run Common\Behavior\AdminDefaultLangBehavior [ RunTime:0.009001s ]
INFO: [ admin_begin ] --END-- [ RunTime:0.009001s ]
SQL: SHOW COLUMNS FROM `i_users` [ RunTime:0.0020s ]
SQL: SELECT * FROM `i_users` WHERE `id` = '1' LIMIT 1   [ RunTime:0.0010s ]
SQL: SHOW COLUMNS FROM `i_goods_term` [ RunTime:0.0020s ]
SQL: SHOW COLUMNS FROM `i_goods` [ RunTime:0.0010s ]
NOTIC: [8] Undefined index: validate E:\bad\simplewind\Core\Library\Think\Model.class.php 第 1185 行.
NOTIC: [8] Undefined index: auto E:\bad\simplewind\Core\Library\Think\Model.class.php 第 1128 行.
SQL: UPDATE `i_goods` SET `term_id`='7',`name`='next商品',`status`='0',`label`='优惠#限量',`photos_url`='[\"http:\\/\\/bad.cn\\/data\\/upload\\/admin\\/20170501\\/5907278c56fd8.jpg\",\"http:\\/\\/bad.cn\\/data\\/upload\\/admin\\/20170501\\/5907278fe2eec.jpg\"]',`attribute`='[{\"id\":\"1-0\",\"cost_price\":\"60\",\"selling_price\":\"65\",\"market_value\":\"70\",\"unit\":\"\\u4ef6\",\"stock\":\"100\",\"name\":\"50\",\"info\":\"\\u7ea2\\u8272\"},{\"id\":\"1-0\",\"cost_price\":\"60\",\"selling_price\":\"65\",\"market_value\":\"70\",\"unit\":\"\\u4ef6\",\"stock\":\"100\",\"name\":\"50\",\"info\":\"\\u84dd\\u8272\"},{\"id\":\"1-0\",\"cost_price\":\"60\",\"selling_price\":\"65\",\"market_value\":\"70\",\"unit\":\"\\u4ef6\",\"stock\":\"100\",\"name\":\"50\",\"info\":\"\\u9ed1\\u8272\"},{\"id\":\"1-0\",\"cost_price\":\"60\",\"selling_price\":\"65\",\"market_value\":\"70\",\"unit\":\"\\u4ef6\",\"stock\":\"100\",\"name\":\"49\",\"info\":\"\\u9ed1\\u8272\"},{\"id\":\"1-0\",\"cost_price\":\"60\",\"selling_price\":\"65\",\"market_value\":\"70\",\"unit\":\"\\u4ef6\",\"stock\":\"100\",\"name\":\"48\",\"info\":\"\\u9ed1\\u8272\"},{\"id\":\"1-0\",\"cost_price\":\"60\",\"selling_price\":\"65\",\"market_value\":\"70\",\"unit\":\"\\u4ef6\",\"stock\":\"100\",\"name\":\"48\",\"info\":\"\\u84dd\\u8272\"},{\"id\":\"1-0\",\"cost_price\":\"60\",\"selling_price\":\"65\",\"market_value\":\"70\",\"unit\":\"\\u4ef6\",\"stock\":\"100\",\"name\":\"48\",\"info\":\"\\u7eff\\u8272\"}]',`content`='&lt;p&gt;倒萨打算1&lt;/p&gt;' WHERE `id` = '20170423124543553' [ RunTime:0.1360s ]

[ 2017-05-01T21:23:17+08:00 ] 127.0.0.1 /index.php?g=Admin&m=Goods&a=edit&id=20170422212306786
INFO: [ app_begin ] --START--
INFO: Run Behavior\ReadHtmlCacheBehavior [ RunTime:0.002001s ]
INFO: Run Behavior\CheckLangBehavior [ RunTime:0.006000s ]
INFO: Run Common\Behavior\UrldecodeGetBehavior [ RunTime:0.002000s ]
INFO: [ app_begin ] --END-- [ RunTime:0.010001s ]
INFO: [ admin_begin ] --START--
INFO: Run Common\Behavior\AdminDefaultLangBehavior [ RunTime:0.005001s ]
INFO: [ admin_begin ] --END-- [ RunTime:0.005001s ]
SQL: SHOW COLUMNS FROM `i_users` [ RunTime:0.0030s ]
SQL: SELECT * FROM `i_users` WHERE `id` = '1' LIMIT 1   [ RunTime:0.0010s ]
SQL: SHOW COLUMNS FROM `i_goods_term` [ RunTime:0.0030s ]
SQL: SHOW COLUMNS FROM `i_goods` [ RunTime:0.0030s ]
NOTIC: [8] Undefined index: validate E:\bad\simplewind\Core\Library\Think\Model.class.php 第 1185 行.
NOTIC: [8] Undefined index: auto E:\bad\simplewind\Core\Library\Think\Model.class.php 第 1128 行.
SQL: UPDATE `i_goods` SET `term_id`='4',`name`='规格',`status`='0',`label`='优惠#限量',`photos_url`='[\"http:\\/\\/bad.cn\\/data\\/upload\\/admin\\/20170501\\/59072797ef409.jpg\",\"http:\\/\\/bad.cn\\/data\\/upload\\/admin\\/20170501\\/5907279c29cd1.jpg\"]',`attribute`='[{\"id\":\"1-1\",\"cost_price\":\"8\",\"selling_price\":\"9\",\"market_value\":\"10\",\"unit\":\"\\u4e2a\",\"stock\":\"13\",\"name\":\"ML\",\"info\":\"\\u7eff\\u8272\"},{\"id\":\"1-1\",\"cost_price\":\"8\",\"selling_price\":\"9\",\"market_value\":\"10\",\"unit\":\"\\u4e2a\",\"stock\":\"13\",\"name\":\"ML\",\"info\":\"\\u7ea2\\u8272\"}]',`content`='&lt;p&gt;的撒旦撒的&lt;/p&gt;' WHERE `id` = '20170422212306786' [ RunTime:0.0890s ]

[ 2017-05-01T21:23:55+08:00 ] 127.0.0.1 /index.php?g=Admin&m=Goods&a=edit&id=20170422212306786
INFO: [ app_begin ] --START--
INFO: Run Behavior\ReadHtmlCacheBehavior [ RunTime:0.002001s ]
INFO: Run Behavior\CheckLangBehavior [ RunTime:0.006000s ]
INFO: Run Common\Behavior\UrldecodeGetBehavior [ RunTime:0.003000s ]
INFO: [ app_begin ] --END-- [ RunTime:0.011001s ]
INFO: [ admin_begin ] --START--
INFO: Run Common\Behavior\AdminDefaultLangBehavior [ RunTime:0.007001s ]
INFO: [ admin_begin ] --END-- [ RunTime:0.007001s ]
SQL: SHOW COLUMNS FROM `i_users` [ RunTime:0.0040s ]
SQL: SELECT * FROM `i_users` WHERE `id` = '1' LIMIT 1   [ RunTime:0.0010s ]
SQL: SHOW COLUMNS FROM `i_goods_term` [ RunTime:0.0020s ]
SQL: SHOW COLUMNS FROM `i_goods` [ RunTime:0.0020s ]
NOTIC: [8] Undefined index: validate E:\bad\simplewind\Core\Library\Think\Model.class.php 第 1185 行.
NOTIC: [8] Undefined index: auto E:\bad\simplewind\Core\Library\Think\Model.class.php 第 1128 行.
SQL: UPDATE `i_goods` SET `term_id`='4',`name`='规格',`status`='0',`label`='优惠#限量',`photos_url`='[\"http:\\/\\/bad.cn\\/data\\/upload\\/admin\\/20170501\\/59072797ef409.jpg\",\"http:\\/\\/bad.cn\\/data\\/upload\\/admin\\/20170501\\/5907279c29cd1.jpg\"]',`attribute`='[{\"id\":\"1-1\",\"cost_price\":\"8\",\"selling_price\":\"9\",\"market_value\":\"10\",\"unit\":\"\\u4e2a\",\"stock\":\"13\",\"name\":\"\\u5927\\u6b3e\\u5f0f\",\"info\":\"\\u7eff\\u8272\"},{\"id\":\"1-1\",\"cost_price\":\"8\",\"selling_price\":\"9\",\"market_value\":\"10\",\"unit\":\"\\u4e2a\",\"stock\":\"13\",\"name\":\"\\u5c0f\\u6b3e\\u5f0f\",\"info\":\"\\u7ea2\\u8272\"}]',`content`='&lt;p&gt;的撒旦撒的&lt;/p&gt;' WHERE `id` = '20170422212306786' [ RunTime:0.0580s ]

