[ 2017-04-21T22:25:05+08:00 ] 127.0.0.1 /index.php?g=Admin&m=public&a=dologin
INFO: [ app_begin ] --START--
INFO: Run Behavior\ReadHtmlCacheBehavior [ RunTime:0.000000s ]
INFO: Run Behavior\CheckLangBehavior [ RunTime:0.000000s ]
INFO: Run Common\Behavior\UrldecodeGetBehavior [ RunTime:0.000000s ]
INFO: [ app_begin ] --END-- [ RunTime:0.000000s ]
INFO: [ admin_begin ] --START--
INFO: Run Common\Behavior\AdminDefaultLangBehavior [ RunTime:0.000000s ]
INFO: [ admin_begin ] --END-- [ RunTime:0.000000s ]

[ 2017-04-21T22:25:15+08:00 ] 127.0.0.1 /index.php?g=Admin&m=public&a=dologin
INFO: [ app_begin ] --START--
INFO: Run Behavior\ReadHtmlCacheBehavior [ RunTime:0.001001s ]
INFO: Run Behavior\CheckLangBehavior [ RunTime:0.001000s ]
INFO: Run Common\Behavior\UrldecodeGetBehavior [ RunTime:0.000000s ]
INFO: [ app_begin ] --END-- [ RunTime:0.002001s ]
INFO: [ admin_begin ] --START--
INFO: Run Common\Behavior\AdminDefaultLangBehavior [ RunTime:0.000000s ]
INFO: [ admin_begin ] --END-- [ RunTime:0.000000s ]

[ 2017-04-21T22:25:41+08:00 ] 127.0.0.1 /index.php?g=Admin&m=public&a=dologin
INFO: [ app_begin ] --START--
INFO: Run Behavior\ReadHtmlCacheBehavior [ RunTime:0.001000s ]
INFO: Run Behavior\CheckLangBehavior [ RunTime:0.004001s ]
INFO: Run Common\Behavior\UrldecodeGetBehavior [ RunTime:0.002000s ]
INFO: [ app_begin ] --END-- [ RunTime:0.007001s ]
INFO: [ admin_begin ] --START--
INFO: Run Common\Behavior\AdminDefaultLangBehavior [ RunTime:0.005000s ]
INFO: [ admin_begin ] --END-- [ RunTime:0.005000s ]

[ 2017-04-21T22:26:35+08:00 ] 127.0.0.1 /index.php?g=Admin&m=public&a=dologin
INFO: [ app_begin ] --START--
INFO: Run Behavior\ReadHtmlCacheBehavior [ RunTime:0.002000s ]
INFO: Run Behavior\CheckLangBehavior [ RunTime:0.004000s ]
INFO: Run Common\Behavior\UrldecodeGetBehavior [ RunTime:0.001000s ]
INFO: [ app_begin ] --END-- [ RunTime:0.007000s ]
INFO: [ admin_begin ] --START--
INFO: Run Common\Behavior\AdminDefaultLangBehavior [ RunTime:0.005001s ]
INFO: [ admin_begin ] --END-- [ RunTime:0.005001s ]

[ 2017-04-21T22:26:53+08:00 ] 127.0.0.1 /index.php?g=Admin&m=public&a=dologin
INFO: [ app_begin ] --START--
INFO: Run Behavior\ReadHtmlCacheBehavior [ RunTime:0.002000s ]
INFO: Run Behavior\CheckLangBehavior [ RunTime:0.005000s ]
INFO: Run Common\Behavior\UrldecodeGetBehavior [ RunTime:0.002000s ]
INFO: [ app_begin ] --END-- [ RunTime:0.010000s ]
INFO: [ admin_begin ] --START--
INFO: Run Common\Behavior\AdminDefaultLangBehavior [ RunTime:0.004000s ]
INFO: [ admin_begin ] --END-- [ RunTime:0.005000s ]
SQL: SHOW COLUMNS FROM `i_users` [ RunTime:0.0100s ]
SQL: SELECT * FROM `i_users` WHERE `user_login` = 'admin' LIMIT 1   [ RunTime:0.0468s ]
SQL: SHOW COLUMNS FROM `i_role_user` [ RunTime:0.0312s ]
SQL: SELECT `role_id` FROM i_role_user a INNER JOIN i_role as b on a.role_id =b.id  WHERE `user_id` = '1' AND `status` = 1  [ RunTime:0.0644s ]
SQL: UPDATE `i_users` SET `parentid`='0',`user_login`='admin',`user_pass`='###f25434b0a5e217fd97b2737ecf52d72e',`user_nicename`='admin',`shop_name`='',`user_email`='a526584713@qq.com',`user_url`='',`avatar`=NULL,`sex`='0',`birthday`='2000-01-01',`signature`=NULL,`last_login_ip`='127.0.0.1',`last_login_time`='2017-04-21 22:26:53',`create_time`='2017-04-13 03:02:05',`user_activation_key`='',`user_status`='1',`score`='0',`user_type`='1',`coin`='0',`mobile`='',`uuid`=NULL,`pid`=NULL,`province`='0',`city`='0',`area`='0',`money`='0',`can_money`='0' WHERE `id` = '1' [ RunTime:0.0000s ]

