[ 2017-05-14T17:06:12+08:00 ] 127.0.0.1 /index.php?g=Admin&m=public&a=dologin
INFO: [ app_begin ] --START--
INFO: Run Behavior\ReadHtmlCacheBehavior [ RunTime:0.001000s ]
INFO: Run Behavior\CheckLangBehavior [ RunTime:0.004001s ]
INFO: Run Common\Behavior\UrldecodeGetBehavior [ RunTime:0.002000s ]
INFO: [ app_begin ] --END-- [ RunTime:0.007001s ]
INFO: [ admin_begin ] --START--
INFO: Run Common\Behavior\AdminDefaultLangBehavior [ RunTime:0.005000s ]
INFO: [ admin_begin ] --END-- [ RunTime:0.005000s ]
SQL: SHOW COLUMNS FROM `i_users` [ RunTime:0.0020s ]
SQL: SELECT * FROM `i_users` WHERE `user_login` = 'admin' LIMIT 1   [ RunTime:0.0290s ]
SQL: SHOW COLUMNS FROM `i_role_user` [ RunTime:0.0440s ]
SQL: SELECT `role_id` FROM i_role_user a INNER JOIN i_role as b on a.role_id =b.id  WHERE `user_id` = '1' AND `status` = 1  [ RunTime:0.0830s ]
SQL: UPDATE `i_users` SET `parentid`='0',`user_login`='admin',`user_pass`='###1fccbd040eb4fc5a3a6440482c5f383e',`user_nicename`='admin',`shop_name`='',`user_email`='a526584713@qq.com',`user_url`='',`avatar`=NULL,`sex`='0',`birthday`='2000-01-01',`signature`=NULL,`last_login_ip`='127.0.0.1',`last_login_time`='2017-05-14 17:06:12',`create_time`='2017-04-13 03:02:05',`user_activation_key`='',`user_status`='1',`score`='0',`user_type`='1',`coin`='0',`mobile`='',`uuid`=NULL,`pid`=NULL,`province`='0',`city`='0',`area`='0',`money`='0',`can_monery`='0',`level`='1',`gold`='0' WHERE `id` = '1' [ RunTime:0.1210s ]

[ 2017-05-14T17:06:25+08:00 ] 127.0.0.1 /index.php?g=Admin&m=Menu&a=index
NOTIC: D方法实例化没找到模型类Common\Model\AuthRuleModel

[ 2017-05-14T17:13:15+08:00 ] 127.0.0.1 /index.php?g=Admin&m=Menu&a=add&parentid=132&menuid=
NOTIC: D方法实例化没找到模型类Common\Model\AuthRuleModel

[ 2017-05-14T17:13:33+08:00 ] 127.0.0.1 /index.php?g=Admin&m=Menu&a=add_post
INFO: [ app_begin ] --START--
INFO: Run Behavior\ReadHtmlCacheBehavior [ RunTime:0.002000s ]
INFO: Run Behavior\CheckLangBehavior [ RunTime:0.006001s ]
INFO: Run Common\Behavior\UrldecodeGetBehavior [ RunTime:0.001000s ]
INFO: [ app_begin ] --END-- [ RunTime:0.009001s ]
INFO: [ admin_begin ] --START--
INFO: Run Common\Behavior\AdminDefaultLangBehavior [ RunTime:0.006001s ]
INFO: [ admin_begin ] --END-- [ RunTime:0.006001s ]
SQL: SHOW COLUMNS FROM `i_users` [ RunTime:0.0020s ]
SQL: SELECT * FROM `i_users` WHERE `id` = '1' LIMIT 1   [ RunTime:0.0000s ]
SQL: SHOW COLUMNS FROM `i_menu` [ RunTime:0.0030s ]
NOTIC: D方法实例化没找到模型类Common\Model\AuthRuleModel
SQL: SHOW COLUMNS FROM `i_auth_rule` [ RunTime:0.0020s ]
NOTIC: [8] Undefined index: validate E:\bad\simplewind\Core\Library\Think\Model.class.php 第 1185 行.
SQL: SELECT * FROM `i_menu` WHERE `app` = 'User' AND `model` = 'Indexadmin' AND `action` = 'tixian_log' LIMIT 1   [ RunTime:0.0010s ]
SQL: SELECT `parentid` FROM `i_menu` WHERE `id` = 132 LIMIT 1   [ RunTime:0.0000s ]
NOTIC: [8] Undefined index: auto E:\bad\simplewind\Core\Library\Think\Model.class.php 第 1128 行.
SQL: INSERT INTO `i_menu` (`parentid`,`name`,`app`,`model`,`action`,`data`,`icon`,`remark`,`status`,`type`) VALUES ('132','提现记录','User','Indexadmin','tixian_log','','','','1','1') [ RunTime:0.0000s ]
SQL: SELECT COUNT(*) AS tp_count FROM `i_auth_rule` WHERE `name` = 'user/indexadmin/tixian_log' LIMIT 1   [ RunTime:0.0000s ]
SQL: INSERT INTO `i_auth_rule` (`name`,`module`,`type`,`title`) VALUES ('user/indexadmin/tixian_log','User','admin_url','提现记录') [ RunTime:0.0000s ]
SQL: SELECT * FROM `i_menu` WHERE `app` = 'User' ORDER BY `listorder` ASC,`app` ASC,`model` ASC,`action` ASC  [ RunTime:0.0000s ]
NOTIC: [2] mkdir(): File exists E:\bad\application\Admin\Controller\MenuController.class.php 第 247 行.

[ 2017-05-14T17:13:33+08:00 ] 127.0.0.1 /index.php?g=Admin&m=Menu&a=index
NOTIC: D方法实例化没找到模型类Common\Model\AuthRuleModel

[ 2017-05-14T17:28:21+08:00 ] 127.0.0.1 /index.php?g=Admin&m=Menu&a=index
NOTIC: D方法实例化没找到模型类Common\Model\AuthRuleModel

[ 2017-05-14T17:28:26+08:00 ] 127.0.0.1 /index.php?g=Admin&m=Menu&a=add&parentid=209&menuid=
NOTIC: D方法实例化没找到模型类Common\Model\AuthRuleModel

[ 2017-05-14T17:28:46+08:00 ] 127.0.0.1 /index.php?g=Admin&m=Menu&a=add_post
INFO: [ app_begin ] --START--
INFO: Run Behavior\ReadHtmlCacheBehavior [ RunTime:0.007001s ]
INFO: Run Behavior\CheckLangBehavior [ RunTime:0.006000s ]
INFO: Run Common\Behavior\UrldecodeGetBehavior [ RunTime:0.002000s ]
INFO: [ app_begin ] --END-- [ RunTime:0.015001s ]
INFO: [ admin_begin ] --START--
INFO: Run Common\Behavior\AdminDefaultLangBehavior [ RunTime:0.007000s ]
INFO: [ admin_begin ] --END-- [ RunTime:0.007000s ]
SQL: SHOW COLUMNS FROM `i_users` [ RunTime:0.0020s ]
SQL: SELECT * FROM `i_users` WHERE `id` = '1' LIMIT 1   [ RunTime:0.0010s ]
SQL: SHOW COLUMNS FROM `i_menu` [ RunTime:0.0020s ]
NOTIC: D方法实例化没找到模型类Common\Model\AuthRuleModel
SQL: SHOW COLUMNS FROM `i_auth_rule` [ RunTime:0.0020s ]
NOTIC: [8] Undefined index: validate E:\bad\simplewind\Core\Library\Think\Model.class.php 第 1185 行.
SQL: SELECT * FROM `i_menu` WHERE `app` = 'User' AND `model` = 'Indexadmin' AND `action` = 'change_tixian_status' LIMIT 1   [ RunTime:0.0010s ]
SQL: SELECT `parentid` FROM `i_menu` WHERE `id` = 209 LIMIT 1   [ RunTime:0.0000s ]
SQL: SELECT `parentid` FROM `i_menu` WHERE `id` = 132 LIMIT 1   [ RunTime:0.0000s ]
NOTIC: [8] Undefined index: auto E:\bad\simplewind\Core\Library\Think\Model.class.php 第 1128 行.
SQL: INSERT INTO `i_menu` (`parentid`,`name`,`app`,`model`,`action`,`data`,`icon`,`remark`,`status`,`type`) VALUES ('209','提现状态修改','User','Indexadmin','change_tixian_status','','','','0','1') [ RunTime:0.0000s ]
SQL: SELECT COUNT(*) AS tp_count FROM `i_auth_rule` WHERE `name` = 'user/indexadmin/change_tixian_status' LIMIT 1   [ RunTime:0.0000s ]
SQL: INSERT INTO `i_auth_rule` (`name`,`module`,`type`,`title`) VALUES ('user/indexadmin/change_tixian_status','User','admin_url','提现状态修改') [ RunTime:0.0010s ]
SQL: SELECT * FROM `i_menu` WHERE `app` = 'User' ORDER BY `listorder` ASC,`app` ASC,`model` ASC,`action` ASC  [ RunTime:0.0000s ]
NOTIC: [2] mkdir(): File exists E:\bad\application\Admin\Controller\MenuController.class.php 第 247 行.

[ 2017-05-14T17:28:46+08:00 ] 127.0.0.1 /index.php?g=Admin&m=Menu&a=index
NOTIC: D方法实例化没找到模型类Common\Model\AuthRuleModel

[ 2017-05-14T17:37:45+08:00 ] 127.0.0.1 /index.php?g=Admin&m=Menu&a=index
NOTIC: D方法实例化没找到模型类Common\Model\AuthRuleModel

[ 2017-05-14T17:38:32+08:00 ] 127.0.0.1 /index.php?g=Admin&m=Menu&a=edit&id=203&menuid=
NOTIC: D方法实例化没找到模型类Common\Model\AuthRuleModel

[ 2017-05-14T17:38:39+08:00 ] 127.0.0.1 /index.php?g=Admin&m=Menu&a=edit_post
INFO: [ app_begin ] --START--
INFO: Run Behavior\ReadHtmlCacheBehavior [ RunTime:0.002000s ]
INFO: Run Behavior\CheckLangBehavior [ RunTime:0.007001s ]
INFO: Run Common\Behavior\UrldecodeGetBehavior [ RunTime:0.003000s ]
INFO: [ app_begin ] --END-- [ RunTime:0.012001s ]
INFO: [ admin_begin ] --START--
INFO: Run Common\Behavior\AdminDefaultLangBehavior [ RunTime:0.005001s ]
INFO: [ admin_begin ] --END-- [ RunTime:0.005001s ]
SQL: SHOW COLUMNS FROM `i_users` [ RunTime:0.0030s ]
SQL: SELECT * FROM `i_users` WHERE `id` = '1' LIMIT 1   [ RunTime:0.0010s ]
SQL: SHOW COLUMNS FROM `i_menu` [ RunTime:0.0030s ]
NOTIC: D方法实例化没找到模型类Common\Model\AuthRuleModel
SQL: SHOW COLUMNS FROM `i_auth_rule` [ RunTime:0.0020s ]
SQL: SELECT * FROM `i_menu` WHERE `id` = 203 LIMIT 1   [ RunTime:0.0010s ]
NOTIC: [8] Undefined index: validate E:\bad\simplewind\Core\Library\Think\Model.class.php 第 1185 行.
SQL: SELECT `id` FROM `i_menu` WHERE `app` = 'Admin' AND `model` = 'Setting' AND `action` = 'set_monery' LIMIT 1   [ RunTime:0.0000s ]
NOTIC: [8] Undefined index: auto E:\bad\simplewind\Core\Library\Think\Model.class.php 第 1128 行.
SQL: UPDATE `i_menu` SET `parentid`='109',`name`='网站设置',`app`='Admin',`model`='Setting',`action`='set_monery',`data`='',`icon`='',`remark`='',`status`='1',`type`='1' WHERE `id` = 203 [ RunTime:0.0000s ]
SQL: SELECT COUNT(*) AS tp_count FROM `i_auth_rule` WHERE `name` = 'admin/setting/set_monery' LIMIT 1   [ RunTime:0.0000s ]
SQL: UPDATE `i_auth_rule` SET `name`='admin/setting/set_monery',`module`='Admin',`type`='admin_url',`title`='网站设置' WHERE `name` = 'admin/setting/set_monery' [ RunTime:0.0020s ]
SQL: SELECT * FROM `i_menu` WHERE `app` = 'Admin' ORDER BY `listorder` ASC,`app` ASC,`model` ASC,`action` ASC  [ RunTime:0.0020s ]
NOTIC: [2] mkdir(): File exists E:\bad\application\Admin\Controller\MenuController.class.php 第 247 行.

[ 2017-05-14T17:38:39+08:00 ] 127.0.0.1 /index.php?g=Admin&m=Menu&a=edit&id=203&menuid=
NOTIC: D方法实例化没找到模型类Common\Model\AuthRuleModel

[ 2017-05-14T17:46:18+08:00 ] 127.0.0.1 /index.php?g=Admin&m=Setting&a=set_monery
INFO: [ app_begin ] --START--
INFO: Run Behavior\ReadHtmlCacheBehavior [ RunTime:0.002000s ]
INFO: Run Behavior\CheckLangBehavior [ RunTime:0.007000s ]
INFO: Run Common\Behavior\UrldecodeGetBehavior [ RunTime:0.003000s ]
INFO: [ app_begin ] --END-- [ RunTime:0.013000s ]
INFO: [ admin_begin ] --START--
INFO: Run Common\Behavior\AdminDefaultLangBehavior [ RunTime:0.005000s ]
INFO: [ admin_begin ] --END-- [ RunTime:0.005000s ]
SQL: SHOW COLUMNS FROM `i_users` [ RunTime:0.0030s ]
SQL: SELECT * FROM `i_users` WHERE `id` = '1' LIMIT 1   [ RunTime:0.0000s ]
SQL: SHOW COLUMNS FROM `i_options` [ RunTime:0.0010s ]
SQL: SHOW COLUMNS FROM `i_data` [ RunTime:0.0010s ]
SQL: UPDATE `i_data` SET `data`='{\"level_first\":\"0.15\",\"jiandian\":\"15\",\"level_next\":\"0.05\",\"pu\":\"0.1\",\"zuanshi_first\":\"0.15\",\"zuanshi_next\":\"0.05\",\"level_level\":\"0.05\",\"huangjin\":\"0.15\",\"zuanshi\":\"5\"}' WHERE `id` = 1 [ RunTime:0.0010s ]

[ 2017-05-14T17:46:54+08:00 ] 127.0.0.1 /index.php?g=Admin&m=Setting&a=set_monery
INFO: [ app_begin ] --START--
INFO: Run Behavior\ReadHtmlCacheBehavior [ RunTime:0.002000s ]
INFO: Run Behavior\CheckLangBehavior [ RunTime:0.006001s ]
INFO: Run Common\Behavior\UrldecodeGetBehavior [ RunTime:0.002000s ]
INFO: [ app_begin ] --END-- [ RunTime:0.011001s ]
INFO: [ admin_begin ] --START--
INFO: Run Common\Behavior\AdminDefaultLangBehavior [ RunTime:0.005000s ]
INFO: [ admin_begin ] --END-- [ RunTime:0.005000s ]
SQL: SHOW COLUMNS FROM `i_users` [ RunTime:0.0050s ]
SQL: SELECT * FROM `i_users` WHERE `id` = '1' LIMIT 1   [ RunTime:0.0000s ]
SQL: SHOW COLUMNS FROM `i_options` [ RunTime:0.0030s ]
SQL: SHOW COLUMNS FROM `i_data` [ RunTime:0.0030s ]
SQL: UPDATE `i_data` SET `data`='{\"level_first\":\"0.15\",\"jiandian\":\"15\",\"level_next\":\"0.05\",\"pu\":\"0.1\",\"zuanshi_first\":\"0.15\",\"zuanshi_next\":\"0.05\",\"level_level\":\"0.05\",\"huangjin\":\"0.15\",\"zuanshi\":\"5\",\"jinbi\":\"1000\",\"jinbi_shouyi\":\"5\",\"daili_shouyi\":\"5\"}' WHERE `id` = 1 [ RunTime:0.0010s ]

