[ 2017-04-17T21:32:57+08:00 ] 127.0.0.1 /index.php?g=Admin&m=public&a=dologin
INFO: [ app_begin ] --START--
INFO: Run Behavior\ReadHtmlCacheBehavior [ RunTime:0.002000s ]
INFO: Run Behavior\CheckLangBehavior [ RunTime:0.003000s ]
INFO: Run Common\Behavior\UrldecodeGetBehavior [ RunTime:0.002000s ]
INFO: [ app_begin ] --END-- [ RunTime:0.007000s ]
INFO: [ admin_begin ] --START--
INFO: Run Common\Behavior\AdminDefaultLangBehavior [ RunTime:0.004000s ]
INFO: [ admin_begin ] --END-- [ RunTime:0.004000s ]
SQL: SHOW COLUMNS FROM `i_users` [ RunTime:0.0000s ]
SQL: SELECT * FROM `i_users` WHERE `user_login` = 'admin' LIMIT 1   [ RunTime:0.0000s ]
SQL: SHOW COLUMNS FROM `i_role_user` [ RunTime:0.0312s ]
SQL: SELECT `role_id` FROM i_role_user a INNER JOIN i_role as b on a.role_id =b.id  WHERE `user_id` = '1' AND `status` = 1  [ RunTime:0.0312s ]
SQL: UPDATE `i_users` SET `user_login`='admin',`user_pass`='###f25434b0a5e217fd97b2737ecf52d72e',`user_nicename`='admin',`user_email`='a526584713@qq.com',`user_url`='',`avatar`=NULL,`sex`='0',`birthday`='2000-01-01',`signature`=NULL,`last_login_ip`='127.0.0.1',`last_login_time`='2017-04-17 21:32:57',`create_time`='2017-04-13 03:02:05',`user_activation_key`='',`user_status`='1',`score`='0',`user_type`='1',`coin`='0',`mobile`='' WHERE `id` = '1' [ RunTime:0.0000s ]

[ 2017-04-17T21:33:30+08:00 ] 127.0.0.1 /index.php?g=Admin&m=Goods&a=changeStatus&type=3&status=1
INFO: [ app_begin ] --START--
INFO: Run Behavior\ReadHtmlCacheBehavior [ RunTime:0.003000s ]
INFO: Run Behavior\CheckLangBehavior [ RunTime:0.006001s ]
INFO: Run Common\Behavior\UrldecodeGetBehavior [ RunTime:0.002000s ]
INFO: [ app_begin ] --END-- [ RunTime:0.012001s ]
INFO: [ admin_begin ] --START--
INFO: Run Common\Behavior\AdminDefaultLangBehavior [ RunTime:0.005000s ]
INFO: [ admin_begin ] --END-- [ RunTime:0.005000s ]
SQL: SHOW COLUMNS FROM `i_users` [ RunTime:0.0030s ]
SQL: SELECT * FROM `i_users` WHERE `id` = '1' LIMIT 1   [ RunTime:0.0000s ]
SQL: SHOW COLUMNS FROM `i_goods_term` [ RunTime:0.0030s ]
SQL: SHOW COLUMNS FROM `i_goods` [ RunTime:0.0030s ]
SQL:  UPDATE i_goods SET status = CASE id  WHEN 20170414222636332 THEN 1 
 
 END 
 WHERE ID IN(20170414222636332) [ RunTime:0.0000s ]
INFO: [ app_end ] --START--
INFO: Run Behavior\ShowPageTraceBehavior [ RunTime:0.003000s ]
INFO: [ app_end ] --END-- [ RunTime:0.003000s ]

[ 2017-04-17T21:34:25+08:00 ] 127.0.0.1 /index.php?g=Admin&m=Goods&a=changeStatus&type=3&status=0
INFO: [ app_begin ] --START--
INFO: Run Behavior\ReadHtmlCacheBehavior [ RunTime:0.002000s ]
INFO: Run Behavior\CheckLangBehavior [ RunTime:0.004000s ]
INFO: Run Common\Behavior\UrldecodeGetBehavior [ RunTime:0.002000s ]
INFO: [ app_begin ] --END-- [ RunTime:0.009000s ]
INFO: [ admin_begin ] --START--
INFO: Run Common\Behavior\AdminDefaultLangBehavior [ RunTime:0.005000s ]
INFO: [ admin_begin ] --END-- [ RunTime:0.005000s ]
SQL: SHOW COLUMNS FROM `i_users` [ RunTime:0.0020s ]
SQL: SELECT * FROM `i_users` WHERE `id` = '1' LIMIT 1   [ RunTime:0.0010s ]
SQL: SHOW COLUMNS FROM `i_goods_term` [ RunTime:0.0020s ]
SQL: SHOW COLUMNS FROM `i_goods` [ RunTime:0.0020s ]
ERR: 1064:You have an error in your SQL syntax; check the manual that corresponds to your MariaDB server version for the right syntax to use near 'END 
 WHERE ID IN()' at line 2
 [ SQL语句 ] :  UPDATE i_goods SET status = CASE id  
 END 
 WHERE ID IN()
ERR: 1064:You have an error in your SQL syntax; check the manual that corresponds to your MariaDB server version for the right syntax to use near 'END 
 WHERE ID IN()' at line 2
 [ SQL语句 ] :  UPDATE i_goods SET status = CASE id  
 END 
 WHERE ID IN()

[ 2017-04-17T21:34:53+08:00 ] 127.0.0.1 /index.php?g=Admin&m=Goods&a=changeStatus&type=3&status=0
INFO: [ app_begin ] --START--
INFO: Run Behavior\ReadHtmlCacheBehavior [ RunTime:0.002000s ]
INFO: Run Behavior\CheckLangBehavior [ RunTime:0.007000s ]
INFO: Run Common\Behavior\UrldecodeGetBehavior [ RunTime:0.003001s ]
INFO: [ app_begin ] --END-- [ RunTime:0.012001s ]
INFO: [ admin_begin ] --START--
INFO: Run Common\Behavior\AdminDefaultLangBehavior [ RunTime:0.005000s ]
INFO: [ admin_begin ] --END-- [ RunTime:0.005000s ]
SQL: SHOW COLUMNS FROM `i_users` [ RunTime:0.0020s ]
SQL: SELECT * FROM `i_users` WHERE `id` = '1' LIMIT 1   [ RunTime:0.0010s ]
SQL: SHOW COLUMNS FROM `i_goods_term` [ RunTime:0.0020s ]
SQL: SHOW COLUMNS FROM `i_goods` [ RunTime:0.0020s ]

[ 2017-04-17T21:35:23+08:00 ] 127.0.0.1 /index.php?g=Admin&m=Goods&a=changeStatus&type=3&status=0
INFO: [ app_begin ] --START--
INFO: Run Behavior\ReadHtmlCacheBehavior [ RunTime:0.001000s ]
INFO: Run Behavior\CheckLangBehavior [ RunTime:0.004000s ]
INFO: Run Common\Behavior\UrldecodeGetBehavior [ RunTime:0.002000s ]
INFO: [ app_begin ] --END-- [ RunTime:0.007000s ]
INFO: [ admin_begin ] --START--
INFO: Run Common\Behavior\AdminDefaultLangBehavior [ RunTime:0.005001s ]
INFO: [ admin_begin ] --END-- [ RunTime:0.005001s ]
SQL: SHOW COLUMNS FROM `i_users` [ RunTime:0.0030s ]
SQL: SELECT * FROM `i_users` WHERE `id` = '1' LIMIT 1   [ RunTime:0.0010s ]
SQL: SHOW COLUMNS FROM `i_goods_term` [ RunTime:0.0030s ]
SQL: SHOW COLUMNS FROM `i_goods` [ RunTime:0.0020s ]

[ 2017-04-17T21:36:38+08:00 ] 127.0.0.1 /index.php?g=Admin&m=Goods&a=changeStatus&type=3&status=1
INFO: [ app_begin ] --START--
INFO: Run Behavior\ReadHtmlCacheBehavior [ RunTime:0.002000s ]
INFO: Run Behavior\CheckLangBehavior [ RunTime:0.005001s ]
INFO: Run Common\Behavior\UrldecodeGetBehavior [ RunTime:0.001000s ]
INFO: [ app_begin ] --END-- [ RunTime:0.008001s ]
INFO: [ admin_begin ] --START--
INFO: Run Common\Behavior\AdminDefaultLangBehavior [ RunTime:0.005000s ]
INFO: [ admin_begin ] --END-- [ RunTime:0.005000s ]
SQL: SHOW COLUMNS FROM `i_users` [ RunTime:0.0020s ]
SQL: SELECT * FROM `i_users` WHERE `id` = '1' LIMIT 1   [ RunTime:0.0010s ]
SQL: SHOW COLUMNS FROM `i_goods_term` [ RunTime:0.0030s ]
SQL: SHOW COLUMNS FROM `i_goods` [ RunTime:0.0020s ]

[ 2017-04-17T21:37:01+08:00 ] 127.0.0.1 /index.php?g=Admin&m=Goods&a=changeStatus&type=3&status=0
INFO: [ app_begin ] --START--
INFO: Run Behavior\ReadHtmlCacheBehavior [ RunTime:0.001000s ]
INFO: Run Behavior\CheckLangBehavior [ RunTime:0.009001s ]
INFO: Run Common\Behavior\UrldecodeGetBehavior [ RunTime:0.003000s ]
INFO: [ app_begin ] --END-- [ RunTime:0.014001s ]
INFO: [ admin_begin ] --START--
INFO: Run Common\Behavior\AdminDefaultLangBehavior [ RunTime:0.008001s ]
INFO: [ admin_begin ] --END-- [ RunTime:0.008001s ]
SQL: SHOW COLUMNS FROM `i_users` [ RunTime:0.0020s ]
SQL: SELECT * FROM `i_users` WHERE `id` = '1' LIMIT 1   [ RunTime:0.0010s ]
SQL: SHOW COLUMNS FROM `i_goods_term` [ RunTime:0.0020s ]
SQL: SHOW COLUMNS FROM `i_goods` [ RunTime:0.0020s ]
SQL:  UPDATE i_goods SET status = CASE id  WHEN 20170414222636332 THEN 0 
 
 END 
 WHERE ID IN(20170414222636332) [ RunTime:0.0000s ]

[ 2017-04-17T21:37:32+08:00 ] 127.0.0.1 /index.php?g=Admin&m=Goods&a=changeStatus&type=3&status=1
INFO: [ app_begin ] --START--
INFO: Run Behavior\ReadHtmlCacheBehavior [ RunTime:0.001000s ]
INFO: Run Behavior\CheckLangBehavior [ RunTime:0.004000s ]
INFO: Run Common\Behavior\UrldecodeGetBehavior [ RunTime:0.002000s ]
INFO: [ app_begin ] --END-- [ RunTime:0.007000s ]
INFO: [ admin_begin ] --START--
INFO: Run Common\Behavior\AdminDefaultLangBehavior [ RunTime:0.007000s ]
INFO: [ admin_begin ] --END-- [ RunTime:0.007000s ]
SQL: SHOW COLUMNS FROM `i_users` [ RunTime:0.0020s ]
SQL: SELECT * FROM `i_users` WHERE `id` = '1' LIMIT 1   [ RunTime:0.0000s ]
SQL: SHOW COLUMNS FROM `i_goods_term` [ RunTime:0.0020s ]
SQL: SHOW COLUMNS FROM `i_goods` [ RunTime:0.0030s ]
SQL:  UPDATE i_goods SET status = CASE id  WHEN 20170414222636332 THEN 1 
 
 END 
 WHERE ID IN(20170414222636332) [ RunTime:0.0000s ]

[ 2017-04-17T21:41:36+08:00 ] 127.0.0.1 /index.php?g=Admin&m=Goods&a=changeStatus&type=1&status=1
INFO: [ app_begin ] --START--
INFO: Run Behavior\ReadHtmlCacheBehavior [ RunTime:0.002000s ]
INFO: Run Behavior\CheckLangBehavior [ RunTime:0.004000s ]
INFO: Run Common\Behavior\UrldecodeGetBehavior [ RunTime:0.002000s ]
INFO: [ app_begin ] --END-- [ RunTime:0.008000s ]
INFO: [ admin_begin ] --START--
INFO: Run Common\Behavior\AdminDefaultLangBehavior [ RunTime:0.004000s ]
INFO: [ admin_begin ] --END-- [ RunTime:0.004000s ]
SQL: SHOW COLUMNS FROM `i_users` [ RunTime:0.0000s ]
SQL: SELECT * FROM `i_users` WHERE `id` = '1' LIMIT 1   [ RunTime:0.0000s ]
SQL: SHOW COLUMNS FROM `i_goods_term` [ RunTime:0.0000s ]
SQL: SHOW COLUMNS FROM `i_goods` [ RunTime:0.0000s ]
ERR: 1064:You have an error in your SQL syntax; check the manual that corresponds to your MariaDB server version for the right syntax to use near 'index = CASE id  WHEN 20170414222636332 THEN 1 
 
 END 
 WHERE ID IN(20170414222' at line 1
 [ SQL语句 ] :  UPDATE i_goods SET index = CASE id  WHEN 20170414222636332 THEN 1 
 
 END 
 WHERE ID IN(20170414222636332)
ERR: 1064:You have an error in your SQL syntax; check the manual that corresponds to your MariaDB server version for the right syntax to use near 'index = CASE id  WHEN 20170414222636332 THEN 1 
 
 END 
 WHERE ID IN(20170414222' at line 1
 [ SQL语句 ] :  UPDATE i_goods SET index = CASE id  WHEN 20170414222636332 THEN 1 
 
 END 
 WHERE ID IN(20170414222636332)

[ 2017-04-17T21:42:22+08:00 ] 127.0.0.1 /index.php?g=Admin&m=Goods&a=changeStatus&type=1&status=1
INFO: [ app_begin ] --START--
INFO: Run Behavior\ReadHtmlCacheBehavior [ RunTime:0.001000s ]
INFO: Run Behavior\CheckLangBehavior [ RunTime:0.011000s ]
INFO: Run Common\Behavior\UrldecodeGetBehavior [ RunTime:0.001001s ]
INFO: [ app_begin ] --END-- [ RunTime:0.013001s ]
INFO: [ admin_begin ] --START--
INFO: Run Common\Behavior\AdminDefaultLangBehavior [ RunTime:0.009000s ]
INFO: [ admin_begin ] --END-- [ RunTime:0.009000s ]
SQL: SHOW COLUMNS FROM `i_users` [ RunTime:0.0020s ]
SQL: SELECT * FROM `i_users` WHERE `id` = '1' LIMIT 1   [ RunTime:0.0000s ]
SQL: SHOW COLUMNS FROM `i_goods_term` [ RunTime:0.0020s ]
SQL: SHOW COLUMNS FROM `i_goods` [ RunTime:0.0030s ]
SQL:  UPDATE i_goods SET `index` = CASE id  WHEN 20170414222636332 THEN 1 
 
 END 
 WHERE ID IN(20170414222636332) [ RunTime:0.0010s ]

[ 2017-04-17T21:46:46+08:00 ] 127.0.0.1 /index.php?g=Admin&m=Goods&a=delete
INFO: [ app_begin ] --START--
INFO: Run Behavior\ReadHtmlCacheBehavior [ RunTime:0.001000s ]
INFO: Run Behavior\CheckLangBehavior [ RunTime:0.006000s ]
INFO: Run Common\Behavior\UrldecodeGetBehavior [ RunTime:0.002000s ]
INFO: [ app_begin ] --END-- [ RunTime:0.010000s ]
INFO: [ admin_begin ] --START--
INFO: Run Common\Behavior\AdminDefaultLangBehavior [ RunTime:0.005000s ]
INFO: [ admin_begin ] --END-- [ RunTime:0.005000s ]
SQL: SHOW COLUMNS FROM `i_users` [ RunTime:0.0030s ]
SQL: SELECT * FROM `i_users` WHERE `id` = '1' LIMIT 1   [ RunTime:0.0010s ]
SQL: SHOW COLUMNS FROM `i_goods_term` [ RunTime:0.0020s ]
SQL: SHOW COLUMNS FROM `i_goods` [ RunTime:0.0030s ]

[ 2017-04-17T21:46:54+08:00 ] 127.0.0.1 /index.php?g=Admin&m=Goods&a=delete
INFO: [ app_begin ] --START--
INFO: Run Behavior\ReadHtmlCacheBehavior [ RunTime:0.001000s ]
INFO: Run Behavior\CheckLangBehavior [ RunTime:0.005000s ]
INFO: Run Common\Behavior\UrldecodeGetBehavior [ RunTime:0.001000s ]
INFO: [ app_begin ] --END-- [ RunTime:0.008000s ]
INFO: [ admin_begin ] --START--
INFO: Run Common\Behavior\AdminDefaultLangBehavior [ RunTime:0.008000s ]
INFO: [ admin_begin ] --END-- [ RunTime:0.008000s ]
SQL: SHOW COLUMNS FROM `i_users` [ RunTime:0.0030s ]
SQL: SELECT * FROM `i_users` WHERE `id` = '1' LIMIT 1   [ RunTime:0.0000s ]
SQL: SHOW COLUMNS FROM `i_goods_term` [ RunTime:0.0020s ]
SQL: SHOW COLUMNS FROM `i_goods` [ RunTime:0.0020s ]

[ 2017-04-17T21:47:19+08:00 ] 127.0.0.1 /index.php?g=Admin&m=Goods&a=delete
INFO: [ app_begin ] --START--
INFO: Run Behavior\ReadHtmlCacheBehavior [ RunTime:0.001000s ]
INFO: Run Behavior\CheckLangBehavior [ RunTime:0.005000s ]
INFO: Run Common\Behavior\UrldecodeGetBehavior [ RunTime:0.001000s ]
INFO: [ app_begin ] --END-- [ RunTime:0.008000s ]
INFO: [ admin_begin ] --START--
INFO: Run Common\Behavior\AdminDefaultLangBehavior [ RunTime:0.005001s ]
INFO: [ admin_begin ] --END-- [ RunTime:0.005001s ]
SQL: SHOW COLUMNS FROM `i_users` [ RunTime:0.0020s ]
SQL: SELECT * FROM `i_users` WHERE `id` = '1' LIMIT 1   [ RunTime:0.0000s ]
SQL: SHOW COLUMNS FROM `i_goods_term` [ RunTime:0.0020s ]
SQL: SHOW COLUMNS FROM `i_goods` [ RunTime:0.0020s ]
SQL: UPDATE `i_goods` SET `is_delete`='1' WHERE `id` IN ('20170415113508850') [ RunTime:0.0010s ]

[ 2017-04-17T21:48:23+08:00 ] 127.0.0.1 /index.php?g=Admin&m=AdminPost&a=edit&id=20170415113508850
ERR: 无法加载控制器:AdminPost

[ 2017-04-17T21:48:59+08:00 ] 127.0.0.1 /index.php?g=Admin&m=Goods&a=edit&id=20170415113508850
ERR: 模板不存在:admin/themes/simplebootx/Admin/Goods/edit.html

[ 2017-04-17T22:19:26+08:00 ] 127.0.0.1 /index.php?g=Admin&m=Goods&a=edit&id=20170415113508850
ERR: 1054:Unknown column 'listorder' in 'order clause'
 [ SQL语句 ] : SELECT * FROM `i_goods_term` ORDER BY `listorder` ASC 

[ 2017-04-17T22:30:54+08:00 ] 127.0.0.1 /index.php?g=Admin&m=Goods&a=edit&id=20170415113508850
INFO: [ app_begin ] --START--
INFO: Run Behavior\ReadHtmlCacheBehavior [ RunTime:0.001000s ]
INFO: Run Behavior\CheckLangBehavior [ RunTime:0.004000s ]
INFO: Run Common\Behavior\UrldecodeGetBehavior [ RunTime:0.002000s ]
INFO: [ app_begin ] --END-- [ RunTime:0.008000s ]
INFO: [ admin_begin ] --START--
INFO: Run Common\Behavior\AdminDefaultLangBehavior [ RunTime:0.005001s ]
INFO: [ admin_begin ] --END-- [ RunTime:0.005001s ]
SQL: SHOW COLUMNS FROM `i_users` [ RunTime:0.0020s ]
SQL: SELECT * FROM `i_users` WHERE `id` = '1' LIMIT 1   [ RunTime:0.0000s ]
SQL: SHOW COLUMNS FROM `i_goods_term` [ RunTime:0.0020s ]
SQL: SHOW COLUMNS FROM `i_goods` [ RunTime:0.0000s ]
NOTIC: [8] Undefined index: validate E:\bad\simplewind\Core\Library\Think\Model.class.php 第 1185 行.
NOTIC: [2] preg_match():  E:\bad\simplewind\Core\Library\Think\Model.class.php 第 1117 行.

[ 2017-04-17T22:32:28+08:00 ] 127.0.0.1 /index.php?g=Admin&m=Goods&a=edit&id=20170415113508850
INFO: [ app_begin ] --START--
INFO: Run Behavior\ReadHtmlCacheBehavior [ RunTime:0.002000s ]
INFO: Run Behavior\CheckLangBehavior [ RunTime:0.008000s ]
INFO: Run Common\Behavior\UrldecodeGetBehavior [ RunTime:0.002000s ]
INFO: [ app_begin ] --END-- [ RunTime:0.013000s ]
INFO: [ admin_begin ] --START--
INFO: Run Common\Behavior\AdminDefaultLangBehavior [ RunTime:0.005000s ]
INFO: [ admin_begin ] --END-- [ RunTime:0.005000s ]
SQL: SHOW COLUMNS FROM `i_users` [ RunTime:0.0030s ]
SQL: SELECT * FROM `i_users` WHERE `id` = '1' LIMIT 1   [ RunTime:0.0000s ]
SQL: SHOW COLUMNS FROM `i_goods_term` [ RunTime:0.0020s ]
SQL: SHOW COLUMNS FROM `i_goods` [ RunTime:0.0020s ]
NOTIC: [8] Undefined index: validate E:\bad\simplewind\Core\Library\Think\Model.class.php 第 1185 行.
NOTIC: [2] preg_match():  E:\bad\simplewind\Core\Library\Think\Model.class.php 第 1117 行.

[ 2017-04-17T22:33:00+08:00 ] 127.0.0.1 /index.php?g=Admin&m=Goods&a=edit&id=20170415113508850
INFO: [ app_begin ] --START--
INFO: Run Behavior\ReadHtmlCacheBehavior [ RunTime:0.001000s ]
INFO: Run Behavior\CheckLangBehavior [ RunTime:0.006000s ]
INFO: Run Common\Behavior\UrldecodeGetBehavior [ RunTime:0.003001s ]
INFO: [ app_begin ] --END-- [ RunTime:0.010001s ]
INFO: [ admin_begin ] --START--
INFO: Run Common\Behavior\AdminDefaultLangBehavior [ RunTime:0.005000s ]
INFO: [ admin_begin ] --END-- [ RunTime:0.005000s ]
SQL: SHOW COLUMNS FROM `i_users` [ RunTime:0.0020s ]
SQL: SELECT * FROM `i_users` WHERE `id` = '1' LIMIT 1   [ RunTime:0.0000s ]
SQL: SHOW COLUMNS FROM `i_goods_term` [ RunTime:0.0020s ]
SQL: SHOW COLUMNS FROM `i_goods` [ RunTime:0.0020s ]
NOTIC: [8] Undefined index: validate E:\bad\simplewind\Core\Library\Think\Model.class.php 第 1185 行.
NOTIC: [2] preg_match():  E:\bad\simplewind\Core\Library\Think\Model.class.php 第 1117 行.

[ 2017-04-17T22:33:04+08:00 ] 127.0.0.1 /index.php?g=Admin&m=Goods&a=edit&id=20170415113508850
INFO: [ app_begin ] --START--
INFO: Run Behavior\ReadHtmlCacheBehavior [ RunTime:0.001000s ]
INFO: Run Behavior\CheckLangBehavior [ RunTime:0.008000s ]
INFO: Run Common\Behavior\UrldecodeGetBehavior [ RunTime:0.002000s ]
INFO: [ app_begin ] --END-- [ RunTime:0.011000s ]
INFO: [ admin_begin ] --START--
INFO: Run Common\Behavior\AdminDefaultLangBehavior [ RunTime:0.005000s ]
INFO: [ admin_begin ] --END-- [ RunTime:0.005000s ]
SQL: SHOW COLUMNS FROM `i_users` [ RunTime:0.0030s ]
SQL: SELECT * FROM `i_users` WHERE `id` = '1' LIMIT 1   [ RunTime:0.0010s ]
SQL: SHOW COLUMNS FROM `i_goods_term` [ RunTime:0.0020s ]
SQL: SHOW COLUMNS FROM `i_goods` [ RunTime:0.0020s ]
NOTIC: [8] Undefined index: validate E:\bad\simplewind\Core\Library\Think\Model.class.php 第 1185 行.
NOTIC: [2] preg_match():  E:\bad\simplewind\Core\Library\Think\Model.class.php 第 1117 行.

[ 2017-04-17T22:33:43+08:00 ] 127.0.0.1 /index.php?g=Admin&m=Goods&a=edit&id=20170415113508850
INFO: [ app_begin ] --START--
INFO: Run Behavior\ReadHtmlCacheBehavior [ RunTime:0.002000s ]
INFO: Run Behavior\CheckLangBehavior [ RunTime:0.006000s ]
INFO: Run Common\Behavior\UrldecodeGetBehavior [ RunTime:0.002000s ]
INFO: [ app_begin ] --END-- [ RunTime:0.011000s ]
INFO: [ admin_begin ] --START--
INFO: Run Common\Behavior\AdminDefaultLangBehavior [ RunTime:0.005000s ]
INFO: [ admin_begin ] --END-- [ RunTime:0.005000s ]
SQL: SHOW COLUMNS FROM `i_users` [ RunTime:0.0020s ]
SQL: SELECT * FROM `i_users` WHERE `id` = '1' LIMIT 1   [ RunTime:0.0010s ]
SQL: SHOW COLUMNS FROM `i_goods_term` [ RunTime:0.0010s ]
SQL: SHOW COLUMNS FROM `i_goods` [ RunTime:0.0020s ]
NOTIC: [8] Undefined index: validate E:\bad\simplewind\Core\Library\Think\Model.class.php 第 1185 行.
NOTIC: [8] Undefined index: auto E:\bad\simplewind\Core\Library\Think\Model.class.php 第 1128 行.
SQL: UPDATE `i_goods` SET `term_id`='4',`name`='第二个商品',`cost_price`='18',`selling_price`='19',`market_value`='20',`unit`='个',`stock`='10',`label`='' WHERE `id` = '20170415113508850' [ RunTime:0.0000s ]

[ 2017-04-17T22:33:49+08:00 ] 127.0.0.1 /index.php?g=Admin&m=Goods&a=edit&id=20170415113508850
INFO: [ app_begin ] --START--
INFO: Run Behavior\ReadHtmlCacheBehavior [ RunTime:0.003000s ]
INFO: Run Behavior\CheckLangBehavior [ RunTime:0.006000s ]
INFO: Run Common\Behavior\UrldecodeGetBehavior [ RunTime:0.002000s ]
INFO: [ app_begin ] --END-- [ RunTime:0.012000s ]
INFO: [ admin_begin ] --START--
INFO: Run Common\Behavior\AdminDefaultLangBehavior [ RunTime:0.005000s ]
INFO: [ admin_begin ] --END-- [ RunTime:0.005000s ]
SQL: SHOW COLUMNS FROM `i_users` [ RunTime:0.0020s ]
SQL: SELECT * FROM `i_users` WHERE `id` = '1' LIMIT 1   [ RunTime:0.0000s ]
SQL: SHOW COLUMNS FROM `i_goods_term` [ RunTime:0.0010s ]
SQL: SHOW COLUMNS FROM `i_goods` [ RunTime:0.0020s ]
NOTIC: [8] Undefined index: validate E:\bad\simplewind\Core\Library\Think\Model.class.php 第 1185 行.
NOTIC: [8] Undefined index: auto E:\bad\simplewind\Core\Library\Think\Model.class.php 第 1128 行.
SQL: UPDATE `i_goods` SET `term_id`='4',`name`='第二个商品',`cost_price`='18',`selling_price`='19',`market_value`='20',`unit`='个',`stock`='10',`label`='' WHERE `id` = '20170415113508850' [ RunTime:0.0000s ]

[ 2017-04-17T22:34:14+08:00 ] 127.0.0.1 /index.php?g=Admin&m=Goods&a=edit&id=20170415113508850
INFO: [ app_begin ] --START--
INFO: Run Behavior\ReadHtmlCacheBehavior [ RunTime:0.002000s ]
INFO: Run Behavior\CheckLangBehavior [ RunTime:0.006000s ]
INFO: Run Common\Behavior\UrldecodeGetBehavior [ RunTime:0.003000s ]
INFO: [ app_begin ] --END-- [ RunTime:0.011000s ]
INFO: [ admin_begin ] --START--
INFO: Run Common\Behavior\AdminDefaultLangBehavior [ RunTime:0.008000s ]
INFO: [ admin_begin ] --END-- [ RunTime:0.008000s ]
SQL: SHOW COLUMNS FROM `i_users` [ RunTime:0.0030s ]
SQL: SELECT * FROM `i_users` WHERE `id` = '1' LIMIT 1   [ RunTime:0.0000s ]
SQL: SHOW COLUMNS FROM `i_goods_term` [ RunTime:0.0030s ]
SQL: SHOW COLUMNS FROM `i_goods` [ RunTime:0.0020s ]
NOTIC: [8] Undefined index: validate E:\bad\simplewind\Core\Library\Think\Model.class.php 第 1185 行.
NOTIC: [8] Undefined index: auto E:\bad\simplewind\Core\Library\Think\Model.class.php 第 1128 行.
SQL: UPDATE `i_goods` SET `term_id`='4',`name`='第二个商品',`cost_price`='18',`selling_price`='19',`market_value`='20',`unit`='个',`stock`='10',`label`='',`content`='&lt;p&gt;dsasadsa&lt;/p&gt;' WHERE `id` = '20170415113508850' [ RunTime:0.0000s ]

[ 2017-04-17T22:34:23+08:00 ] 127.0.0.1 /index.php?g=Admin&m=Goods&a=edit&id=20170415113508850
INFO: [ app_begin ] --START--
INFO: Run Behavior\ReadHtmlCacheBehavior [ RunTime:0.001000s ]
INFO: Run Behavior\CheckLangBehavior [ RunTime:0.003000s ]
INFO: Run Common\Behavior\UrldecodeGetBehavior [ RunTime:0.002001s ]
INFO: [ app_begin ] --END-- [ RunTime:0.007001s ]
INFO: [ admin_begin ] --START--
INFO: Run Common\Behavior\AdminDefaultLangBehavior [ RunTime:0.005000s ]
INFO: [ admin_begin ] --END-- [ RunTime:0.005000s ]
SQL: SHOW COLUMNS FROM `i_users` [ RunTime:0.0020s ]
SQL: SELECT * FROM `i_users` WHERE `id` = '1' LIMIT 1   [ RunTime:0.0000s ]
SQL: SHOW COLUMNS FROM `i_goods_term` [ RunTime:0.0000s ]
SQL: SHOW COLUMNS FROM `i_goods` [ RunTime:0.0000s ]
NOTIC: [8] Undefined index: validate E:\bad\simplewind\Core\Library\Think\Model.class.php 第 1185 行.
NOTIC: [8] Undefined index: auto E:\bad\simplewind\Core\Library\Think\Model.class.php 第 1128 行.
SQL: UPDATE `i_goods` SET `term_id`='4',`name`='第二个商品',`cost_price`='18.5',`selling_price`='19',`market_value`='20',`unit`='个',`stock`='10',`label`='',`content`='&lt;p&gt;dsasadsa&lt;/p&gt;' WHERE `id` = '20170415113508850' [ RunTime:0.0000s ]

[ 2017-04-17T22:34:32+08:00 ] 127.0.0.1 /index.php?g=Admin&m=Menu&a=index
NOTIC: D方法实例化没找到模型类Common\Model\AuthRuleModel

[ 2017-04-17T22:34:42+08:00 ] 127.0.0.1 /index.php?g=Admin&m=Menu&a=add&parentid=188&menuid=
NOTIC: D方法实例化没找到模型类Common\Model\AuthRuleModel

[ 2017-04-17T22:35:07+08:00 ] 127.0.0.1 /index.php?g=Admin&m=Menu&a=add_post
INFO: [ app_begin ] --START--
INFO: Run Behavior\ReadHtmlCacheBehavior [ RunTime:0.001000s ]
INFO: Run Behavior\CheckLangBehavior [ RunTime:0.004000s ]
INFO: Run Common\Behavior\UrldecodeGetBehavior [ RunTime:0.001000s ]
INFO: [ app_begin ] --END-- [ RunTime:0.006000s ]
INFO: [ admin_begin ] --START--
INFO: Run Common\Behavior\AdminDefaultLangBehavior [ RunTime:0.000000s ]
INFO: [ admin_begin ] --END-- [ RunTime:0.000000s ]
SQL: SHOW COLUMNS FROM `i_users` [ RunTime:0.0000s ]
SQL: SELECT * FROM `i_users` WHERE `id` = '1' LIMIT 1   [ RunTime:0.0000s ]
SQL: SHOW COLUMNS FROM `i_menu` [ RunTime:0.0000s ]
NOTIC: D方法实例化没找到模型类Common\Model\AuthRuleModel
SQL: SHOW COLUMNS FROM `i_auth_rule` [ RunTime:0.0000s ]
NOTIC: [8] Undefined index: validate E:\bad\simplewind\Core\Library\Think\Model.class.php 第 1185 行.
SQL: SELECT * FROM `i_menu` WHERE `app` = 'Admin' AND `model` = 'Goods' AND `action` = 'term_add' LIMIT 1   [ RunTime:0.0156s ]
SQL: SELECT `parentid` FROM `i_menu` WHERE `id` = 188 LIMIT 1   [ RunTime:0.0000s ]
SQL: SELECT `parentid` FROM `i_menu` WHERE `id` = 187 LIMIT 1   [ RunTime:0.0000s ]
NOTIC: [8] Undefined index: auto E:\bad\simplewind\Core\Library\Think\Model.class.php 第 1128 行.
SQL: INSERT INTO `i_menu` (`parentid`,`name`,`app`,`model`,`action`,`data`,`icon`,`remark`,`status`,`type`) VALUES ('188','添加分类','Admin','Goods','term_add','','','','0','1') [ RunTime:0.0000s ]
SQL: SELECT COUNT(*) AS tp_count FROM `i_auth_rule` WHERE `name` = 'admin/goods/term_add' LIMIT 1   [ RunTime:0.0156s ]
SQL: INSERT INTO `i_auth_rule` (`name`,`module`,`type`,`title`) VALUES ('admin/goods/term_add','Admin','admin_url','添加分类') [ RunTime:0.0000s ]
SQL: SELECT * FROM `i_menu` WHERE `app` = 'Admin' ORDER BY `listorder` ASC,`app` ASC,`model` ASC,`action` ASC  [ RunTime:0.0000s ]
NOTIC: [2] mkdir(): File exists E:\bad\application\Admin\Controller\MenuController.class.php 第 247 行.

[ 2017-04-17T22:35:08+08:00 ] 127.0.0.1 /index.php?g=Admin&m=Menu&a=index
NOTIC: D方法实例化没找到模型类Common\Model\AuthRuleModel

[ 2017-04-17T22:35:16+08:00 ] 127.0.0.1 /index.php?g=Admin&m=Menu&a=add&parentid=188&menuid=
NOTIC: D方法实例化没找到模型类Common\Model\AuthRuleModel

[ 2017-04-17T22:35:28+08:00 ] 127.0.0.1 /index.php?g=Admin&m=Menu&a=add_post
INFO: [ app_begin ] --START--
INFO: Run Behavior\ReadHtmlCacheBehavior [ RunTime:0.002000s ]
INFO: Run Behavior\CheckLangBehavior [ RunTime:0.004000s ]
INFO: Run Common\Behavior\UrldecodeGetBehavior [ RunTime:0.000000s ]
INFO: [ app_begin ] --END-- [ RunTime:0.006000s ]
INFO: [ admin_begin ] --START--
INFO: Run Common\Behavior\AdminDefaultLangBehavior [ RunTime:0.000000s ]
INFO: [ admin_begin ] --END-- [ RunTime:0.000000s ]
SQL: SHOW COLUMNS FROM `i_users` [ RunTime:0.0000s ]
SQL: SELECT * FROM `i_users` WHERE `id` = '1' LIMIT 1   [ RunTime:0.0000s ]
SQL: SHOW COLUMNS FROM `i_menu` [ RunTime:0.0000s ]
NOTIC: D方法实例化没找到模型类Common\Model\AuthRuleModel
SQL: SHOW COLUMNS FROM `i_auth_rule` [ RunTime:0.0156s ]
NOTIC: [8] Undefined index: validate E:\bad\simplewind\Core\Library\Think\Model.class.php 第 1185 行.
SQL: SELECT * FROM `i_menu` WHERE `app` = 'Admin' AND `model` = 'Goods' AND `action` = 'term_edit' LIMIT 1   [ RunTime:0.0000s ]
SQL: SELECT `parentid` FROM `i_menu` WHERE `id` = 188 LIMIT 1   [ RunTime:0.0000s ]
SQL: SELECT `parentid` FROM `i_menu` WHERE `id` = 187 LIMIT 1   [ RunTime:0.0000s ]
NOTIC: [8] Undefined index: auto E:\bad\simplewind\Core\Library\Think\Model.class.php 第 1128 行.
SQL: INSERT INTO `i_menu` (`parentid`,`name`,`app`,`model`,`action`,`data`,`icon`,`remark`,`status`,`type`) VALUES ('188','修改分类','Admin','Goods','term_edit','','','','0','1') [ RunTime:0.0000s ]
SQL: SELECT COUNT(*) AS tp_count FROM `i_auth_rule` WHERE `name` = 'admin/goods/term_edit' LIMIT 1   [ RunTime:0.0000s ]
SQL: INSERT INTO `i_auth_rule` (`name`,`module`,`type`,`title`) VALUES ('admin/goods/term_edit','Admin','admin_url','修改分类') [ RunTime:0.0000s ]
SQL: SELECT * FROM `i_menu` WHERE `app` = 'Admin' ORDER BY `listorder` ASC,`app` ASC,`model` ASC,`action` ASC  [ RunTime:0.0000s ]
NOTIC: [2] mkdir(): File exists E:\bad\application\Admin\Controller\MenuController.class.php 第 247 行.

[ 2017-04-17T22:35:28+08:00 ] 127.0.0.1 /index.php?g=Admin&m=Menu&a=index
NOTIC: D方法实例化没找到模型类Common\Model\AuthRuleModel

[ 2017-04-17T22:35:35+08:00 ] 127.0.0.1 /index.php?g=Admin&m=Menu&a=add&parentid=188&menuid=
NOTIC: D方法实例化没找到模型类Common\Model\AuthRuleModel

[ 2017-04-17T22:35:46+08:00 ] 127.0.0.1 /index.php?g=Admin&m=Menu&a=add_post
INFO: [ app_begin ] --START--
INFO: Run Behavior\ReadHtmlCacheBehavior [ RunTime:0.002000s ]
INFO: Run Behavior\CheckLangBehavior [ RunTime:0.002000s ]
INFO: Run Common\Behavior\UrldecodeGetBehavior [ RunTime:0.000000s ]
INFO: [ app_begin ] --END-- [ RunTime:0.004000s ]
INFO: [ admin_begin ] --START--
INFO: Run Common\Behavior\AdminDefaultLangBehavior [ RunTime:0.000000s ]
INFO: [ admin_begin ] --END-- [ RunTime:0.000000s ]
SQL: SHOW COLUMNS FROM `i_users` [ RunTime:0.0000s ]
SQL: SELECT * FROM `i_users` WHERE `id` = '1' LIMIT 1   [ RunTime:0.0000s ]
SQL: SHOW COLUMNS FROM `i_menu` [ RunTime:0.0000s ]
NOTIC: D方法实例化没找到模型类Common\Model\AuthRuleModel
SQL: SHOW COLUMNS FROM `i_auth_rule` [ RunTime:0.0156s ]
NOTIC: [8] Undefined index: validate E:\bad\simplewind\Core\Library\Think\Model.class.php 第 1185 行.
SQL: SELECT * FROM `i_menu` WHERE `app` = 'Admin' AND `model` = 'Goods' AND `action` = 'term_delete' LIMIT 1   [ RunTime:0.0000s ]
SQL: SELECT `parentid` FROM `i_menu` WHERE `id` = 188 LIMIT 1   [ RunTime:0.0000s ]
SQL: SELECT `parentid` FROM `i_menu` WHERE `id` = 187 LIMIT 1   [ RunTime:0.0000s ]
NOTIC: [8] Undefined index: auto E:\bad\simplewind\Core\Library\Think\Model.class.php 第 1128 行.
SQL: INSERT INTO `i_menu` (`parentid`,`name`,`app`,`model`,`action`,`data`,`icon`,`remark`,`status`,`type`) VALUES ('188','删除分类','Admin','Goods','term_delete','','','','0','1') [ RunTime:0.0000s ]
SQL: SELECT COUNT(*) AS tp_count FROM `i_auth_rule` WHERE `name` = 'admin/goods/term_delete' LIMIT 1   [ RunTime:0.0000s ]
SQL: INSERT INTO `i_auth_rule` (`name`,`module`,`type`,`title`) VALUES ('admin/goods/term_delete','Admin','admin_url','删除分类') [ RunTime:0.0000s ]
SQL: SELECT * FROM `i_menu` WHERE `app` = 'Admin' ORDER BY `listorder` ASC,`app` ASC,`model` ASC,`action` ASC  [ RunTime:0.0000s ]
NOTIC: [2] mkdir(): File exists E:\bad\application\Admin\Controller\MenuController.class.php 第 247 行.

[ 2017-04-17T22:35:47+08:00 ] 127.0.0.1 /index.php?g=Admin&m=Menu&a=index
NOTIC: D方法实例化没找到模型类Common\Model\AuthRuleModel

[ 2017-04-17T22:35:58+08:00 ] 127.0.0.1 /index.php?g=Admin&m=Menu&a=add&parentid=187&menuid=
NOTIC: D方法实例化没找到模型类Common\Model\AuthRuleModel

[ 2017-04-17T22:36:10+08:00 ] 127.0.0.1 /index.php?g=Admin&m=Menu&a=add_post
INFO: [ app_begin ] --START--
INFO: Run Behavior\ReadHtmlCacheBehavior [ RunTime:0.001000s ]
INFO: Run Behavior\CheckLangBehavior [ RunTime:0.004000s ]
INFO: Run Common\Behavior\UrldecodeGetBehavior [ RunTime:0.002000s ]
INFO: [ app_begin ] --END-- [ RunTime:0.008000s ]
INFO: [ admin_begin ] --START--
INFO: Run Common\Behavior\AdminDefaultLangBehavior [ RunTime:0.006000s ]
INFO: [ admin_begin ] --END-- [ RunTime:0.007000s ]
SQL: SHOW COLUMNS FROM `i_users` [ RunTime:0.0030s ]
SQL: SELECT * FROM `i_users` WHERE `id` = '1' LIMIT 1   [ RunTime:0.0010s ]
SQL: SHOW COLUMNS FROM `i_menu` [ RunTime:0.0030s ]
NOTIC: D方法实例化没找到模型类Common\Model\AuthRuleModel
SQL: SHOW COLUMNS FROM `i_auth_rule` [ RunTime:0.0020s ]
NOTIC: [8] Undefined index: validate E:\bad\simplewind\Core\Library\Think\Model.class.php 第 1185 行.
SQL: SELECT * FROM `i_menu` WHERE `app` = 'Admin' AND `model` = 'Goods' AND `action` = 'index' LIMIT 1   [ RunTime:0.0010s ]
SQL: SELECT `parentid` FROM `i_menu` WHERE `id` = 187 LIMIT 1   [ RunTime:0.0000s ]
NOTIC: [8] Undefined index: auto E:\bad\simplewind\Core\Library\Think\Model.class.php 第 1128 行.
SQL: INSERT INTO `i_menu` (`parentid`,`name`,`app`,`model`,`action`,`data`,`icon`,`remark`,`status`,`type`) VALUES ('187','商品列表','Admin','Goods','index','','','','1','1') [ RunTime:0.0000s ]
SQL: SELECT COUNT(*) AS tp_count FROM `i_auth_rule` WHERE `name` = 'admin/goods/index' LIMIT 1   [ RunTime:0.0000s ]
SQL: INSERT INTO `i_auth_rule` (`name`,`module`,`type`,`title`) VALUES ('admin/goods/index','Admin','admin_url','商品列表') [ RunTime:0.0000s ]
SQL: SELECT * FROM `i_menu` WHERE `app` = 'Admin' ORDER BY `listorder` ASC,`app` ASC,`model` ASC,`action` ASC  [ RunTime:0.0020s ]
NOTIC: [2] mkdir(): File exists E:\bad\application\Admin\Controller\MenuController.class.php 第 247 行.

[ 2017-04-17T22:36:10+08:00 ] 127.0.0.1 /index.php?g=Admin&m=Menu&a=index
NOTIC: D方法实例化没找到模型类Common\Model\AuthRuleModel

[ 2017-04-17T22:36:24+08:00 ] 127.0.0.1 /index.php?g=Admin&m=Menu&a=index
NOTIC: D方法实例化没找到模型类Common\Model\AuthRuleModel

[ 2017-04-17T22:36:33+08:00 ] 127.0.0.1 /index.php?g=Admin&m=Menu&a=add&parentid=192&menuid=
NOTIC: D方法实例化没找到模型类Common\Model\AuthRuleModel

[ 2017-04-17T22:36:45+08:00 ] 127.0.0.1 /index.php?g=Admin&m=Menu&a=add_post
INFO: [ app_begin ] --START--
INFO: Run Behavior\ReadHtmlCacheBehavior [ RunTime:0.002000s ]
INFO: Run Behavior\CheckLangBehavior [ RunTime:0.003001s ]
INFO: Run Common\Behavior\UrldecodeGetBehavior [ RunTime:0.002000s ]
INFO: [ app_begin ] --END-- [ RunTime:0.007001s ]
INFO: [ admin_begin ] --START--
INFO: Run Common\Behavior\AdminDefaultLangBehavior [ RunTime:0.007001s ]
INFO: [ admin_begin ] --END-- [ RunTime:0.007001s ]
SQL: SHOW COLUMNS FROM `i_users` [ RunTime:0.0020s ]
SQL: SELECT * FROM `i_users` WHERE `id` = '1' LIMIT 1   [ RunTime:0.0010s ]
SQL: SHOW COLUMNS FROM `i_menu` [ RunTime:0.0030s ]
NOTIC: D方法实例化没找到模型类Common\Model\AuthRuleModel
SQL: SHOW COLUMNS FROM `i_auth_rule` [ RunTime:0.0030s ]
NOTIC: [8] Undefined index: validate E:\bad\simplewind\Core\Library\Think\Model.class.php 第 1185 行.
SQL: SELECT * FROM `i_menu` WHERE `app` = 'Admin' AND `model` = 'Goods' AND `action` = 'add' LIMIT 1   [ RunTime:0.0010s ]
SQL: SELECT `parentid` FROM `i_menu` WHERE `id` = 192 LIMIT 1   [ RunTime:0.0000s ]
SQL: SELECT `parentid` FROM `i_menu` WHERE `id` = 187 LIMIT 1   [ RunTime:0.0000s ]
NOTIC: [8] Undefined index: auto E:\bad\simplewind\Core\Library\Think\Model.class.php 第 1128 行.
SQL: INSERT INTO `i_menu` (`parentid`,`name`,`app`,`model`,`action`,`data`,`icon`,`remark`,`status`,`type`) VALUES ('192','添加商品','Admin','Goods','add','','','','0','1') [ RunTime:0.0000s ]
SQL: SELECT COUNT(*) AS tp_count FROM `i_auth_rule` WHERE `name` = 'admin/goods/add' LIMIT 1   [ RunTime:0.0010s ]
SQL: INSERT INTO `i_auth_rule` (`name`,`module`,`type`,`title`) VALUES ('admin/goods/add','Admin','admin_url','添加商品') [ RunTime:0.0000s ]
SQL: SELECT * FROM `i_menu` WHERE `app` = 'Admin' ORDER BY `listorder` ASC,`app` ASC,`model` ASC,`action` ASC  [ RunTime:0.0020s ]
NOTIC: [2] mkdir(): File exists E:\bad\application\Admin\Controller\MenuController.class.php 第 247 行.

[ 2017-04-17T22:36:45+08:00 ] 127.0.0.1 /index.php?g=Admin&m=Menu&a=index
NOTIC: D方法实例化没找到模型类Common\Model\AuthRuleModel

[ 2017-04-17T22:36:53+08:00 ] 127.0.0.1 /index.php?g=Admin&m=Menu&a=add&parentid=192&menuid=
NOTIC: D方法实例化没找到模型类Common\Model\AuthRuleModel

[ 2017-04-17T22:37:06+08:00 ] 127.0.0.1 /index.php?g=Admin&m=Menu&a=add_post
INFO: [ app_begin ] --START--
INFO: Run Behavior\ReadHtmlCacheBehavior [ RunTime:0.002000s ]
INFO: Run Behavior\CheckLangBehavior [ RunTime:0.004000s ]
INFO: Run Common\Behavior\UrldecodeGetBehavior [ RunTime:0.001000s ]
INFO: [ app_begin ] --END-- [ RunTime:0.007000s ]
INFO: [ admin_begin ] --START--
INFO: Run Common\Behavior\AdminDefaultLangBehavior [ RunTime:0.003000s ]
INFO: [ admin_begin ] --END-- [ RunTime:0.003000s ]
SQL: SHOW COLUMNS FROM `i_users` [ RunTime:0.0156s ]
SQL: SELECT * FROM `i_users` WHERE `id` = '1' LIMIT 1   [ RunTime:0.0000s ]
SQL: SHOW COLUMNS FROM `i_menu` [ RunTime:0.0000s ]
NOTIC: D方法实例化没找到模型类Common\Model\AuthRuleModel
SQL: SHOW COLUMNS FROM `i_auth_rule` [ RunTime:0.0000s ]
NOTIC: [8] Undefined index: validate E:\bad\simplewind\Core\Library\Think\Model.class.php 第 1185 行.

[ 2017-04-17T22:37:23+08:00 ] 127.0.0.1 /index.php?g=Admin&m=Menu&a=add_post
INFO: [ app_begin ] --START--
INFO: Run Behavior\ReadHtmlCacheBehavior [ RunTime:0.002001s ]
INFO: Run Behavior\CheckLangBehavior [ RunTime:0.004000s ]
INFO: Run Common\Behavior\UrldecodeGetBehavior [ RunTime:0.002000s ]
INFO: [ app_begin ] --END-- [ RunTime:0.009001s ]
INFO: [ admin_begin ] --START--
INFO: Run Common\Behavior\AdminDefaultLangBehavior [ RunTime:0.006001s ]
INFO: [ admin_begin ] --END-- [ RunTime:0.006001s ]
SQL: SHOW COLUMNS FROM `i_users` [ RunTime:0.0020s ]
SQL: SELECT * FROM `i_users` WHERE `id` = '1' LIMIT 1   [ RunTime:0.0010s ]
SQL: SHOW COLUMNS FROM `i_menu` [ RunTime:0.0020s ]
NOTIC: D方法实例化没找到模型类Common\Model\AuthRuleModel
SQL: SHOW COLUMNS FROM `i_auth_rule` [ RunTime:0.0020s ]
NOTIC: [8] Undefined index: validate E:\bad\simplewind\Core\Library\Think\Model.class.php 第 1185 行.
SQL: SELECT * FROM `i_menu` WHERE `app` = 'Admin' AND `model` = 'Goods' AND `action` = 'edit' LIMIT 1   [ RunTime:0.0010s ]
SQL: SELECT `parentid` FROM `i_menu` WHERE `id` = 192 LIMIT 1   [ RunTime:0.0000s ]
SQL: SELECT `parentid` FROM `i_menu` WHERE `id` = 187 LIMIT 1   [ RunTime:0.0000s ]
NOTIC: [8] Undefined index: auto E:\bad\simplewind\Core\Library\Think\Model.class.php 第 1128 行.
SQL: INSERT INTO `i_menu` (`parentid`,`name`,`app`,`model`,`action`,`data`,`icon`,`remark`,`status`,`type`) VALUES ('192','修改信息','Admin','Goods','edit','','','','0','1') [ RunTime:0.0000s ]
SQL: SELECT COUNT(*) AS tp_count FROM `i_auth_rule` WHERE `name` = 'admin/goods/edit' LIMIT 1   [ RunTime:0.0000s ]
SQL: INSERT INTO `i_auth_rule` (`name`,`module`,`type`,`title`) VALUES ('admin/goods/edit','Admin','admin_url','修改信息') [ RunTime:0.0010s ]
SQL: SELECT * FROM `i_menu` WHERE `app` = 'Admin' ORDER BY `listorder` ASC,`app` ASC,`model` ASC,`action` ASC  [ RunTime:0.0010s ]
NOTIC: [2] mkdir(): File exists E:\bad\application\Admin\Controller\MenuController.class.php 第 247 行.

[ 2017-04-17T22:37:23+08:00 ] 127.0.0.1 /index.php?g=Admin&m=Menu&a=index
NOTIC: D方法实例化没找到模型类Common\Model\AuthRuleModel

[ 2017-04-17T22:37:30+08:00 ] 127.0.0.1 /index.php?g=Admin&m=Menu&a=add&parentid=192&menuid=
NOTIC: D方法实例化没找到模型类Common\Model\AuthRuleModel

[ 2017-04-17T22:37:43+08:00 ] 127.0.0.1 /index.php?g=Admin&m=Menu&a=add_post
INFO: [ app_begin ] --START--
INFO: Run Behavior\ReadHtmlCacheBehavior [ RunTime:0.001000s ]
INFO: Run Behavior\CheckLangBehavior [ RunTime:0.004001s ]
INFO: Run Common\Behavior\UrldecodeGetBehavior [ RunTime:0.002000s ]
INFO: [ app_begin ] --END-- [ RunTime:0.007001s ]
INFO: [ admin_begin ] --START--
INFO: Run Common\Behavior\AdminDefaultLangBehavior [ RunTime:0.005000s ]
INFO: [ admin_begin ] --END-- [ RunTime:0.005000s ]
SQL: SHOW COLUMNS FROM `i_users` [ RunTime:0.0000s ]
SQL: SELECT * FROM `i_users` WHERE `id` = '1' LIMIT 1   [ RunTime:0.0000s ]
SQL: SHOW COLUMNS FROM `i_menu` [ RunTime:0.0000s ]
NOTIC: D方法实例化没找到模型类Common\Model\AuthRuleModel
SQL: SHOW COLUMNS FROM `i_auth_rule` [ RunTime:0.0156s ]
NOTIC: [8] Undefined index: validate E:\bad\simplewind\Core\Library\Think\Model.class.php 第 1185 行.
SQL: SELECT * FROM `i_menu` WHERE `app` = 'Admin' AND `model` = 'Goods' AND `action` = 'delete' LIMIT 1   [ RunTime:0.0000s ]
SQL: SELECT `parentid` FROM `i_menu` WHERE `id` = 192 LIMIT 1   [ RunTime:0.0000s ]
SQL: SELECT `parentid` FROM `i_menu` WHERE `id` = 187 LIMIT 1   [ RunTime:0.0000s ]
NOTIC: [8] Undefined index: auto E:\bad\simplewind\Core\Library\Think\Model.class.php 第 1128 行.
SQL: INSERT INTO `i_menu` (`parentid`,`name`,`app`,`model`,`action`,`data`,`icon`,`remark`,`status`,`type`) VALUES ('192','删除信息','Admin','Goods','delete','','','','0','1') [ RunTime:0.0000s ]
SQL: SELECT COUNT(*) AS tp_count FROM `i_auth_rule` WHERE `name` = 'admin/goods/delete' LIMIT 1   [ RunTime:0.0000s ]
SQL: INSERT INTO `i_auth_rule` (`name`,`module`,`type`,`title`) VALUES ('admin/goods/delete','Admin','admin_url','删除信息') [ RunTime:0.0000s ]
SQL: SELECT * FROM `i_menu` WHERE `app` = 'Admin' ORDER BY `listorder` ASC,`app` ASC,`model` ASC,`action` ASC  [ RunTime:0.0000s ]
NOTIC: [2] mkdir(): File exists E:\bad\application\Admin\Controller\MenuController.class.php 第 247 行.

[ 2017-04-17T22:37:43+08:00 ] 127.0.0.1 /index.php?g=Admin&m=Menu&a=index
NOTIC: D方法实例化没找到模型类Common\Model\AuthRuleModel

[ 2017-04-17T22:38:01+08:00 ] 127.0.0.1 /index.php?g=Admin&m=Menu&a=add&parentid=192&menuid=
NOTIC: D方法实例化没找到模型类Common\Model\AuthRuleModel

[ 2017-04-17T22:38:15+08:00 ] 127.0.0.1 /index.php?g=Admin&m=Menu&a=add_post
INFO: [ app_begin ] --START--
INFO: Run Behavior\ReadHtmlCacheBehavior [ RunTime:0.002000s ]
INFO: Run Behavior\CheckLangBehavior [ RunTime:0.004000s ]
INFO: Run Common\Behavior\UrldecodeGetBehavior [ RunTime:0.001000s ]
INFO: [ app_begin ] --END-- [ RunTime:0.007000s ]
INFO: [ admin_begin ] --START--
INFO: Run Common\Behavior\AdminDefaultLangBehavior [ RunTime:0.000000s ]
INFO: [ admin_begin ] --END-- [ RunTime:0.000000s ]
SQL: SHOW COLUMNS FROM `i_users` [ RunTime:0.0000s ]
SQL: SELECT * FROM `i_users` WHERE `id` = '1' LIMIT 1   [ RunTime:0.0000s ]
SQL: SHOW COLUMNS FROM `i_menu` [ RunTime:0.0000s ]
NOTIC: D方法实例化没找到模型类Common\Model\AuthRuleModel
SQL: SHOW COLUMNS FROM `i_auth_rule` [ RunTime:0.0000s ]
NOTIC: [8] Undefined index: validate E:\bad\simplewind\Core\Library\Think\Model.class.php 第 1185 行.
SQL: SELECT * FROM `i_menu` WHERE `app` = 'Admin' AND `model` = 'Goods' AND `action` = 'listorders' LIMIT 1   [ RunTime:0.0000s ]
SQL: SELECT `parentid` FROM `i_menu` WHERE `id` = 192 LIMIT 1   [ RunTime:0.0000s ]
SQL: SELECT `parentid` FROM `i_menu` WHERE `id` = 187 LIMIT 1   [ RunTime:0.0000s ]
NOTIC: [8] Undefined index: auto E:\bad\simplewind\Core\Library\Think\Model.class.php 第 1128 行.
SQL: INSERT INTO `i_menu` (`parentid`,`name`,`app`,`model`,`action`,`data`,`icon`,`remark`,`status`,`type`) VALUES ('192','排序','Admin','Goods','listorders','','','','0','1') [ RunTime:0.0000s ]
SQL: SELECT COUNT(*) AS tp_count FROM `i_auth_rule` WHERE `name` = 'admin/goods/listorders' LIMIT 1   [ RunTime:0.0000s ]
SQL: INSERT INTO `i_auth_rule` (`name`,`module`,`type`,`title`) VALUES ('admin/goods/listorders','Admin','admin_url','排序') [ RunTime:0.0000s ]
SQL: SELECT * FROM `i_menu` WHERE `app` = 'Admin' ORDER BY `listorder` ASC,`app` ASC,`model` ASC,`action` ASC  [ RunTime:0.0000s ]
NOTIC: [2] mkdir(): File exists E:\bad\application\Admin\Controller\MenuController.class.php 第 247 行.

[ 2017-04-17T22:38:15+08:00 ] 127.0.0.1 /index.php?g=Admin&m=Menu&a=index
NOTIC: D方法实例化没找到模型类Common\Model\AuthRuleModel

[ 2017-04-17T22:38:25+08:00 ] 127.0.0.1 /index.php?g=Admin&m=Menu&a=add&parentid=192&menuid=
NOTIC: D方法实例化没找到模型类Common\Model\AuthRuleModel

[ 2017-04-17T22:38:36+08:00 ] 127.0.0.1 /index.php?g=Admin&m=Menu&a=add_post
INFO: [ app_begin ] --START--
INFO: Run Behavior\ReadHtmlCacheBehavior [ RunTime:0.002000s ]
INFO: Run Behavior\CheckLangBehavior [ RunTime:0.004000s ]
INFO: Run Common\Behavior\UrldecodeGetBehavior [ RunTime:0.001000s ]
INFO: [ app_begin ] --END-- [ RunTime:0.007000s ]
INFO: [ admin_begin ] --START--
INFO: Run Common\Behavior\AdminDefaultLangBehavior [ RunTime:0.001001s ]
INFO: [ admin_begin ] --END-- [ RunTime:0.001001s ]
SQL: SHOW COLUMNS FROM `i_users` [ RunTime:0.0000s ]
SQL: SELECT * FROM `i_users` WHERE `id` = '1' LIMIT 1   [ RunTime:0.0156s ]
SQL: SHOW COLUMNS FROM `i_menu` [ RunTime:0.0000s ]
NOTIC: D方法实例化没找到模型类Common\Model\AuthRuleModel
SQL: SHOW COLUMNS FROM `i_auth_rule` [ RunTime:0.0000s ]
NOTIC: [8] Undefined index: validate E:\bad\simplewind\Core\Library\Think\Model.class.php 第 1185 行.
SQL: SELECT * FROM `i_menu` WHERE `app` = 'Admin' AND `model` = 'Goods' AND `action` = 'changeStatus' LIMIT 1   [ RunTime:0.0000s ]
SQL: SELECT `parentid` FROM `i_menu` WHERE `id` = 192 LIMIT 1   [ RunTime:0.0000s ]
SQL: SELECT `parentid` FROM `i_menu` WHERE `id` = 187 LIMIT 1   [ RunTime:0.0000s ]
NOTIC: [8] Undefined index: auto E:\bad\simplewind\Core\Library\Think\Model.class.php 第 1128 行.
SQL: INSERT INTO `i_menu` (`parentid`,`name`,`app`,`model`,`action`,`data`,`icon`,`remark`,`status`,`type`) VALUES ('192','修改状态','Admin','Goods','changeStatus','','','','0','1') [ RunTime:0.0000s ]
SQL: SELECT COUNT(*) AS tp_count FROM `i_auth_rule` WHERE `name` = 'admin/goods/changestatus' LIMIT 1   [ RunTime:0.0000s ]
SQL: INSERT INTO `i_auth_rule` (`name`,`module`,`type`,`title`) VALUES ('admin/goods/changestatus','Admin','admin_url','修改状态') [ RunTime:0.0000s ]
SQL: SELECT * FROM `i_menu` WHERE `app` = 'Admin' ORDER BY `listorder` ASC,`app` ASC,`model` ASC,`action` ASC  [ RunTime:0.0000s ]
NOTIC: [2] mkdir(): File exists E:\bad\application\Admin\Controller\MenuController.class.php 第 247 行.

[ 2017-04-17T22:38:36+08:00 ] 127.0.0.1 /index.php?g=Admin&m=Menu&a=index
NOTIC: D方法实例化没找到模型类Common\Model\AuthRuleModel

[ 2017-04-17T22:38:51+08:00 ] 127.0.0.1 /index.php?g=Admin&m=Menu&a=add&parentid=192&menuid=
NOTIC: D方法实例化没找到模型类Common\Model\AuthRuleModel

[ 2017-04-17T22:39:03+08:00 ] 127.0.0.1 /index.php?g=Admin&m=Menu&a=add_post
INFO: [ app_begin ] --START--
INFO: Run Behavior\ReadHtmlCacheBehavior [ RunTime:0.002000s ]
INFO: Run Behavior\CheckLangBehavior [ RunTime:0.003000s ]
INFO: Run Common\Behavior\UrldecodeGetBehavior [ RunTime:0.001000s ]
INFO: [ app_begin ] --END-- [ RunTime:0.006000s ]
INFO: [ admin_begin ] --START--
INFO: Run Common\Behavior\AdminDefaultLangBehavior [ RunTime:0.000000s ]
INFO: [ admin_begin ] --END-- [ RunTime:0.000000s ]
SQL: SHOW COLUMNS FROM `i_users` [ RunTime:0.0000s ]
SQL: SELECT * FROM `i_users` WHERE `id` = '1' LIMIT 1   [ RunTime:0.0000s ]
SQL: SHOW COLUMNS FROM `i_menu` [ RunTime:0.0000s ]
NOTIC: D方法实例化没找到模型类Common\Model\AuthRuleModel
SQL: SHOW COLUMNS FROM `i_auth_rule` [ RunTime:0.0000s ]
NOTIC: [8] Undefined index: validate E:\bad\simplewind\Core\Library\Think\Model.class.php 第 1185 行.
SQL: SELECT * FROM `i_menu` WHERE `app` = 'Admin' AND `model` = 'Goods' AND `action` = '_get_level' LIMIT 1   [ RunTime:0.0000s ]
SQL: SELECT `parentid` FROM `i_menu` WHERE `id` = 192 LIMIT 1   [ RunTime:0.0000s ]
SQL: SELECT `parentid` FROM `i_menu` WHERE `id` = 187 LIMIT 1   [ RunTime:0.0000s ]
NOTIC: [8] Undefined index: auto E:\bad\simplewind\Core\Library\Think\Model.class.php 第 1128 行.
SQL: INSERT INTO `i_menu` (`parentid`,`name`,`app`,`model`,`action`,`data`,`icon`,`remark`,`status`,`type`) VALUES ('192','获取菜单深度','Admin','Goods','_get_level','','','','0','1') [ RunTime:0.0000s ]
SQL: SELECT COUNT(*) AS tp_count FROM `i_auth_rule` WHERE `name` = 'admin/goods/_get_level' LIMIT 1   [ RunTime:0.0156s ]
SQL: INSERT INTO `i_auth_rule` (`name`,`module`,`type`,`title`) VALUES ('admin/goods/_get_level','Admin','admin_url','获取菜单深度') [ RunTime:0.0000s ]
SQL: SELECT * FROM `i_menu` WHERE `app` = 'Admin' ORDER BY `listorder` ASC,`app` ASC,`model` ASC,`action` ASC  [ RunTime:0.0000s ]
NOTIC: [2] mkdir(): File exists E:\bad\application\Admin\Controller\MenuController.class.php 第 247 行.

[ 2017-04-17T22:39:04+08:00 ] 127.0.0.1 /index.php?g=Admin&m=Menu&a=index
NOTIC: D方法实例化没找到模型类Common\Model\AuthRuleModel

