[ 2017-04-24T19:56:17+08:00 ] 127.0.0.1 /index.php?g=user&m=index&a=is_login
INFO: [ app_begin ] --START--
INFO: Run Behavior\ReadHtmlCacheBehavior [ RunTime:0.000000s ]
INFO: Run Behavior\CheckLangBehavior [ RunTime:0.000000s ]
INFO: Run Common\Behavior\UrldecodeGetBehavior [ RunTime:0.000000s ]
INFO: [ app_begin ] --END-- [ RunTime:0.000000s ]
NOTIC: [8] Undefined index: url E:\bad\application\Common\Controller\AppframeController.class.php 第 22 行.

[ 2017-04-24T19:56:25+08:00 ] 127.0.0.1 /index.php?g=user&m=index&a=is_login
INFO: [ app_begin ] --START--
INFO: Run Behavior\ReadHtmlCacheBehavior [ RunTime:0.003000s ]
INFO: Run Behavior\CheckLangBehavior [ RunTime:0.005000s ]
INFO: Run Common\Behavior\UrldecodeGetBehavior [ RunTime:0.003000s ]
INFO: [ app_begin ] --END-- [ RunTime:0.012000s ]
NOTIC: [8] Undefined index: url E:\bad\application\Common\Controller\AppframeController.class.php 第 22 行.

[ 2017-04-24T19:56:33+08:00 ] 127.0.0.1 /index.php?g=user&m=index&a=is_login
INFO: [ app_begin ] --START--
INFO: Run Behavior\ReadHtmlCacheBehavior [ RunTime:0.001000s ]
INFO: Run Behavior\CheckLangBehavior [ RunTime:0.004000s ]
INFO: Run Common\Behavior\UrldecodeGetBehavior [ RunTime:0.001000s ]
INFO: [ app_begin ] --END-- [ RunTime:0.007000s ]
NOTIC: [8] Undefined index: url E:\bad\application\Common\Controller\AppframeController.class.php 第 22 行.

[ 2017-04-24T19:56:48+08:00 ] 127.0.0.1 /index.php?g=user&m=index&a=is_login
INFO: [ app_begin ] --START--
INFO: Run Behavior\ReadHtmlCacheBehavior [ RunTime:0.002000s ]
INFO: Run Behavior\CheckLangBehavior [ RunTime:0.003001s ]
INFO: Run Common\Behavior\UrldecodeGetBehavior [ RunTime:0.002000s ]
INFO: [ app_begin ] --END-- [ RunTime:0.007001s ]
NOTIC: [8] Undefined index: url E:\bad\application\Common\Controller\AppframeController.class.php 第 22 行.

[ 2017-04-24T19:56:50+08:00 ] 127.0.0.1 /index.php?g=user&m=index&a=is_login
INFO: [ app_begin ] --START--
INFO: Run Behavior\ReadHtmlCacheBehavior [ RunTime:0.002000s ]
INFO: Run Behavior\CheckLangBehavior [ RunTime:0.006000s ]
INFO: Run Common\Behavior\UrldecodeGetBehavior [ RunTime:0.003000s ]
INFO: [ app_begin ] --END-- [ RunTime:0.012000s ]
NOTIC: [8] Undefined index: url E:\bad\application\Common\Controller\AppframeController.class.php 第 22 行.

[ 2017-04-24T19:56:54+08:00 ] 127.0.0.1 /index.php?g=user&m=index&a=is_login
INFO: [ app_begin ] --START--
INFO: Run Behavior\ReadHtmlCacheBehavior [ RunTime:0.002000s ]
INFO: Run Behavior\CheckLangBehavior [ RunTime:0.004000s ]
INFO: Run Common\Behavior\UrldecodeGetBehavior [ RunTime:0.003000s ]
INFO: [ app_begin ] --END-- [ RunTime:0.009000s ]
NOTIC: [8] Undefined index: url E:\bad\application\Common\Controller\AppframeController.class.php 第 22 行.

[ 2017-04-24T19:56:59+08:00 ] 127.0.0.1 /index.php?g=user&m=index&a=is_login
INFO: [ app_begin ] --START--
INFO: Run Behavior\ReadHtmlCacheBehavior [ RunTime:0.002000s ]
INFO: Run Behavior\CheckLangBehavior [ RunTime:0.005001s ]
INFO: Run Common\Behavior\UrldecodeGetBehavior [ RunTime:0.002000s ]
INFO: [ app_begin ] --END-- [ RunTime:0.011001s ]
NOTIC: [8] Undefined index: url E:\bad\application\Common\Controller\AppframeController.class.php 第 22 行.

[ 2017-04-24T19:59:29+08:00 ] 127.0.0.1 /index.php?g=user&m=index&a=is_login
INFO: [ app_begin ] --START--
INFO: Run Behavior\ReadHtmlCacheBehavior [ RunTime:0.004000s ]
INFO: Run Behavior\CheckLangBehavior [ RunTime:0.008001s ]
INFO: Run Common\Behavior\UrldecodeGetBehavior [ RunTime:0.003000s ]
INFO: [ app_begin ] --END-- [ RunTime:0.016001s ]
NOTIC: [8] Undefined index: url E:\bad\application\Common\Controller\AppframeController.class.php 第 22 行.

[ 2017-04-24T19:59:56+08:00 ] 127.0.0.1 /index.php?g=user&m=index&a=is_login
INFO: [ app_begin ] --START--
INFO: Run Behavior\ReadHtmlCacheBehavior [ RunTime:0.002000s ]
INFO: Run Behavior\CheckLangBehavior [ RunTime:0.006000s ]
INFO: Run Common\Behavior\UrldecodeGetBehavior [ RunTime:0.003000s ]
INFO: [ app_begin ] --END-- [ RunTime:0.012000s ]
NOTIC: [8] Undefined index: url E:\bad\application\Common\Controller\AppframeController.class.php 第 22 行.

[ 2017-04-24T20:00:16+08:00 ] 127.0.0.1 /index.php?g=user&m=index&a=is_login
INFO: [ app_begin ] --START--
INFO: Run Behavior\ReadHtmlCacheBehavior [ RunTime:0.002000s ]
INFO: Run Behavior\CheckLangBehavior [ RunTime:0.005000s ]
INFO: Run Common\Behavior\UrldecodeGetBehavior [ RunTime:0.003000s ]
INFO: [ app_begin ] --END-- [ RunTime:0.010000s ]
NOTIC: [8] Undefined index: url E:\bad\application\Common\Controller\AppframeController.class.php 第 22 行.

[ 2017-04-24T20:00:52+08:00 ] 127.0.0.1 /index.php?g=user&m=index&a=is_login
INFO: [ app_begin ] --START--
INFO: Run Behavior\ReadHtmlCacheBehavior [ RunTime:0.002000s ]
INFO: Run Behavior\CheckLangBehavior [ RunTime:0.004000s ]
INFO: Run Common\Behavior\UrldecodeGetBehavior [ RunTime:0.002000s ]
INFO: [ app_begin ] --END-- [ RunTime:0.009000s ]
NOTIC: [8] Undefined index: url E:\bad\application\Common\Controller\AppframeController.class.php 第 22 行.

[ 2017-04-24T20:02:22+08:00 ] 127.0.0.1 /index.php?g=user&m=index&a=is_login
INFO: [ app_begin ] --START--
INFO: Run Behavior\ReadHtmlCacheBehavior [ RunTime:0.003000s ]
INFO: Run Behavior\CheckLangBehavior [ RunTime:0.005000s ]
INFO: Run Common\Behavior\UrldecodeGetBehavior [ RunTime:0.003001s ]
INFO: [ app_begin ] --END-- [ RunTime:0.012001s ]
NOTIC: [8] Undefined index: url E:\bad\application\Common\Controller\AppframeController.class.php 第 22 行.

[ 2017-04-24T20:02:27+08:00 ] 127.0.0.1 /index.php?g=User&m=Center&a=addAddress
ERR: 模板不存在:themes/simplebootx/User/Center/addAddress.html

[ 2017-04-24T20:04:20+08:00 ] 127.0.0.1 /index.php?g=user&m=index&a=is_login
INFO: [ app_begin ] --START--
INFO: Run Behavior\ReadHtmlCacheBehavior [ RunTime:0.002000s ]
INFO: Run Behavior\CheckLangBehavior [ RunTime:0.005001s ]
INFO: Run Common\Behavior\UrldecodeGetBehavior [ RunTime:0.002000s ]
INFO: [ app_begin ] --END-- [ RunTime:0.009001s ]
NOTIC: [8] Undefined index: url E:\bad\application\Common\Controller\AppframeController.class.php 第 22 行.

[ 2017-04-24T20:06:07+08:00 ] 127.0.0.1 /index.php?g=user&m=index&a=is_login
INFO: [ app_begin ] --START--
INFO: Run Behavior\ReadHtmlCacheBehavior [ RunTime:0.002000s ]
INFO: Run Behavior\CheckLangBehavior [ RunTime:0.003000s ]
INFO: Run Common\Behavior\UrldecodeGetBehavior [ RunTime:0.001000s ]
INFO: [ app_begin ] --END-- [ RunTime:0.006000s ]
NOTIC: [8] Undefined index: url E:\bad\application\Common\Controller\AppframeController.class.php 第 22 行.

[ 2017-04-24T20:06:08+08:00 ] 127.0.0.1 /index.php?g=user&m=register&a=city&provinceid=110000
INFO: [ app_begin ] --START--
INFO: Run Behavior\ReadHtmlCacheBehavior [ RunTime:0.000000s ]
INFO: Run Behavior\CheckLangBehavior [ RunTime:0.015601s ]
INFO: Run Common\Behavior\UrldecodeGetBehavior [ RunTime:0.000000s ]
INFO: [ app_begin ] --END-- [ RunTime:0.015601s ]
SQL: SHOW COLUMNS FROM `i_city` [ RunTime:0.0020s ]
SQL: SELECT * FROM `i_city` WHERE ( fatherid = 110000 )  [ RunTime:0.0000s ]

[ 2017-04-24T20:06:09+08:00 ] 127.0.0.1 /index.php?g=user&m=register&a=Area&cityid=110100
INFO: [ app_begin ] --START--
INFO: Run Behavior\ReadHtmlCacheBehavior [ RunTime:0.000000s ]
INFO: Run Behavior\CheckLangBehavior [ RunTime:0.000000s ]
INFO: Run Common\Behavior\UrldecodeGetBehavior [ RunTime:0.000000s ]
INFO: [ app_begin ] --END-- [ RunTime:0.000000s ]
SQL: SHOW COLUMNS FROM `i_area` [ RunTime:0.0166s ]
SQL: SELECT * FROM `i_area` WHERE ( fatherid = 110100 )  [ RunTime:0.0090s ]

[ 2017-04-24T20:06:46+08:00 ] 127.0.0.1 /index.php?g=user&m=index&a=is_login
INFO: [ app_begin ] --START--
INFO: Run Behavior\ReadHtmlCacheBehavior [ RunTime:0.002000s ]
INFO: Run Behavior\CheckLangBehavior [ RunTime:0.003000s ]
INFO: Run Common\Behavior\UrldecodeGetBehavior [ RunTime:0.002000s ]
INFO: [ app_begin ] --END-- [ RunTime:0.007000s ]
NOTIC: [8] Undefined index: url E:\bad\application\Common\Controller\AppframeController.class.php 第 22 行.

[ 2017-04-24T20:07:14+08:00 ] 127.0.0.1 /index.php?g=user&m=index&a=is_login
INFO: [ app_begin ] --START--
INFO: Run Behavior\ReadHtmlCacheBehavior [ RunTime:0.002000s ]
INFO: Run Behavior\CheckLangBehavior [ RunTime:0.003000s ]
INFO: Run Common\Behavior\UrldecodeGetBehavior [ RunTime:0.002000s ]
INFO: [ app_begin ] --END-- [ RunTime:0.007000s ]
NOTIC: [8] Undefined index: url E:\bad\application\Common\Controller\AppframeController.class.php 第 22 行.

[ 2017-04-24T20:08:15+08:00 ] 127.0.0.1 /index.php?g=user&m=index&a=is_login
INFO: [ app_begin ] --START--
INFO: Run Behavior\ReadHtmlCacheBehavior [ RunTime:0.001000s ]
INFO: Run Behavior\CheckLangBehavior [ RunTime:0.003000s ]
INFO: Run Common\Behavior\UrldecodeGetBehavior [ RunTime:0.002001s ]
INFO: [ app_begin ] --END-- [ RunTime:0.007001s ]
NOTIC: [8] Undefined index: url E:\bad\application\Common\Controller\AppframeController.class.php 第 22 行.

[ 2017-04-24T20:09:21+08:00 ] 127.0.0.1 /index.php?g=user&m=index&a=is_login
INFO: [ app_begin ] --START--
INFO: Run Behavior\ReadHtmlCacheBehavior [ RunTime:0.001000s ]
INFO: Run Behavior\CheckLangBehavior [ RunTime:0.004001s ]
INFO: Run Common\Behavior\UrldecodeGetBehavior [ RunTime:0.001000s ]
INFO: [ app_begin ] --END-- [ RunTime:0.007001s ]
NOTIC: [8] Undefined index: url E:\bad\application\Common\Controller\AppframeController.class.php 第 22 行.

[ 2017-04-24T20:09:32+08:00 ] 127.0.0.1 /index.php?g=user&m=index&a=is_login
INFO: [ app_begin ] --START--
INFO: Run Behavior\ReadHtmlCacheBehavior [ RunTime:0.001000s ]
INFO: Run Behavior\CheckLangBehavior [ RunTime:0.005000s ]
INFO: Run Common\Behavior\UrldecodeGetBehavior [ RunTime:0.002000s ]
INFO: [ app_begin ] --END-- [ RunTime:0.009000s ]
NOTIC: [8] Undefined index: url E:\bad\application\Common\Controller\AppframeController.class.php 第 22 行.

[ 2017-04-24T20:10:50+08:00 ] 127.0.0.1 /index.php?g=user&m=index&a=is_login
INFO: [ app_begin ] --START--
INFO: Run Behavior\ReadHtmlCacheBehavior [ RunTime:0.002000s ]
INFO: Run Behavior\CheckLangBehavior [ RunTime:0.005000s ]
INFO: Run Common\Behavior\UrldecodeGetBehavior [ RunTime:0.002000s ]
INFO: [ app_begin ] --END-- [ RunTime:0.009000s ]
NOTIC: [8] Undefined index: url E:\bad\application\Common\Controller\AppframeController.class.php 第 22 行.

[ 2017-04-24T20:10:51+08:00 ] 127.0.0.1 /index.php?g=user&m=register&a=city&provinceid=110000
INFO: [ app_begin ] --START--
INFO: Run Behavior\ReadHtmlCacheBehavior [ RunTime:0.004000s ]
INFO: Run Behavior\CheckLangBehavior [ RunTime:0.006000s ]
INFO: Run Common\Behavior\UrldecodeGetBehavior [ RunTime:0.003000s ]
INFO: [ app_begin ] --END-- [ RunTime:0.013000s ]
SQL: SHOW COLUMNS FROM `i_city` [ RunTime:0.0030s ]
SQL: SELECT * FROM `i_city` WHERE ( fatherid = 110000 )  [ RunTime:0.0000s ]

[ 2017-04-24T20:10:52+08:00 ] 127.0.0.1 /index.php?g=user&m=register&a=Area&cityid=110100
INFO: [ app_begin ] --START--
INFO: Run Behavior\ReadHtmlCacheBehavior [ RunTime:0.002000s ]
INFO: Run Behavior\CheckLangBehavior [ RunTime:0.004001s ]
INFO: Run Common\Behavior\UrldecodeGetBehavior [ RunTime:0.002000s ]
INFO: [ app_begin ] --END-- [ RunTime:0.008001s ]
SQL: SHOW COLUMNS FROM `i_area` [ RunTime:0.0020s ]
SQL: SELECT * FROM `i_area` WHERE ( fatherid = 110100 )  [ RunTime:0.0010s ]

[ 2017-04-24T20:11:10+08:00 ] 127.0.0.1 /index.php?g=User&m=Center&a=addAddress
INFO: [ app_begin ] --START--
INFO: Run Behavior\ReadHtmlCacheBehavior [ RunTime:0.002000s ]
INFO: Run Behavior\CheckLangBehavior [ RunTime:0.003000s ]
INFO: Run Common\Behavior\UrldecodeGetBehavior [ RunTime:0.002000s ]
INFO: [ app_begin ] --END-- [ RunTime:0.007000s ]
SQL: SHOW COLUMNS FROM `i_users` [ RunTime:0.0020s ]
SQL: SELECT `user_status` FROM `i_users` WHERE `id` = '2' LIMIT 1   [ RunTime:0.0000s ]
SQL: SHOW COLUMNS FROM `i_users` [ RunTime:0.0030s ]
SQL: SELECT * FROM `i_users` WHERE `id` = '2' LIMIT 1   [ RunTime:0.0000s ]
NOTIC: [8] Undefined index: phone E:\bad\application\User\Controller\CenterController.class.php 第 32 行.
NOTIC: [8] Undefined index: address E:\bad\application\User\Controller\CenterController.class.php 第 33 行.

[ 2017-04-24T20:11:32+08:00 ] 127.0.0.1 /index.php?g=User&m=Center&a=addAddress
INFO: [ app_begin ] --START--
INFO: Run Behavior\ReadHtmlCacheBehavior [ RunTime:0.001000s ]
INFO: Run Behavior\CheckLangBehavior [ RunTime:0.003000s ]
INFO: Run Common\Behavior\UrldecodeGetBehavior [ RunTime:0.001000s ]
INFO: [ app_begin ] --END-- [ RunTime:0.007000s ]
SQL: SHOW COLUMNS FROM `i_users` [ RunTime:0.0000s ]
SQL: SELECT `user_status` FROM `i_users` WHERE `id` = '2' LIMIT 1   [ RunTime:0.0000s ]
SQL: SHOW COLUMNS FROM `i_users` [ RunTime:0.0000s ]
SQL: SELECT * FROM `i_users` WHERE `id` = '2' LIMIT 1   [ RunTime:0.0000s ]
NOTIC: [8] Undefined index: phone E:\bad\application\User\Controller\CenterController.class.php 第 32 行.
NOTIC: [8] Undefined index: address E:\bad\application\User\Controller\CenterController.class.php 第 33 行.

[ 2017-04-24T20:11:54+08:00 ] 127.0.0.1 /index.php?g=User&m=Center&a=addAddress
INFO: [ app_begin ] --START--
INFO: Run Behavior\ReadHtmlCacheBehavior [ RunTime:0.001000s ]
INFO: Run Behavior\CheckLangBehavior [ RunTime:0.003001s ]
INFO: Run Common\Behavior\UrldecodeGetBehavior [ RunTime:0.002000s ]
INFO: [ app_begin ] --END-- [ RunTime:0.007001s ]
SQL: SHOW COLUMNS FROM `i_users` [ RunTime:0.0000s ]
SQL: SELECT `user_status` FROM `i_users` WHERE `id` = '2' LIMIT 1   [ RunTime:0.0000s ]
SQL: SHOW COLUMNS FROM `i_users` [ RunTime:0.0000s ]
SQL: SELECT * FROM `i_users` WHERE `id` = '2' LIMIT 1   [ RunTime:0.0000s ]
NOTIC: [8] Undefined index: phone E:\bad\application\User\Controller\CenterController.class.php 第 32 行.
NOTIC: [8] Undefined index: address E:\bad\application\User\Controller\CenterController.class.php 第 34 行.

[ 2017-04-24T20:11:56+08:00 ] 127.0.0.1 /index.php?g=user&m=index&a=is_login
INFO: [ app_begin ] --START--
INFO: Run Behavior\ReadHtmlCacheBehavior [ RunTime:0.002000s ]
INFO: Run Behavior\CheckLangBehavior [ RunTime:0.006000s ]
INFO: Run Common\Behavior\UrldecodeGetBehavior [ RunTime:0.002000s ]
INFO: [ app_begin ] --END-- [ RunTime:0.012000s ]
NOTIC: [8] Undefined index: url E:\bad\application\Common\Controller\AppframeController.class.php 第 22 行.

[ 2017-04-24T20:12:02+08:00 ] 127.0.0.1 /index.php?g=user&m=index&a=is_login
INFO: [ app_begin ] --START--
INFO: Run Behavior\ReadHtmlCacheBehavior [ RunTime:0.002000s ]
INFO: Run Behavior\CheckLangBehavior [ RunTime:0.005000s ]
INFO: Run Common\Behavior\UrldecodeGetBehavior [ RunTime:0.003001s ]
INFO: [ app_begin ] --END-- [ RunTime:0.011001s ]
NOTIC: [8] Undefined index: url E:\bad\application\Common\Controller\AppframeController.class.php 第 22 行.

[ 2017-04-24T20:12:06+08:00 ] 127.0.0.1 /index.php?g=user&m=index&a=is_login
INFO: [ app_begin ] --START--
INFO: Run Behavior\ReadHtmlCacheBehavior [ RunTime:0.003000s ]
INFO: Run Behavior\CheckLangBehavior [ RunTime:0.005001s ]
INFO: Run Common\Behavior\UrldecodeGetBehavior [ RunTime:0.004000s ]
INFO: [ app_begin ] --END-- [ RunTime:0.012001s ]
NOTIC: [8] Undefined index: url E:\bad\application\Common\Controller\AppframeController.class.php 第 22 行.

[ 2017-04-24T20:12:09+08:00 ] 127.0.0.1 /index.php?g=user&m=register&a=city&provinceid=110000
INFO: [ app_begin ] --START--
INFO: Run Behavior\ReadHtmlCacheBehavior [ RunTime:0.001000s ]
INFO: Run Behavior\CheckLangBehavior [ RunTime:0.004000s ]
INFO: Run Common\Behavior\UrldecodeGetBehavior [ RunTime:0.004000s ]
INFO: [ app_begin ] --END-- [ RunTime:0.011000s ]
SQL: SHOW COLUMNS FROM `i_city` [ RunTime:0.0030s ]
SQL: SELECT * FROM `i_city` WHERE ( fatherid = 110000 )  [ RunTime:0.0000s ]

[ 2017-04-24T20:12:10+08:00 ] 127.0.0.1 /index.php?g=user&m=register&a=Area&cityid=110100
INFO: [ app_begin ] --START--
INFO: Run Behavior\ReadHtmlCacheBehavior [ RunTime:0.002000s ]
INFO: Run Behavior\CheckLangBehavior [ RunTime:0.005000s ]
INFO: Run Common\Behavior\UrldecodeGetBehavior [ RunTime:0.003000s ]
INFO: [ app_begin ] --END-- [ RunTime:0.010000s ]
SQL: SHOW COLUMNS FROM `i_area` [ RunTime:0.0020s ]
SQL: SELECT * FROM `i_area` WHERE ( fatherid = 110100 )  [ RunTime:0.0020s ]

[ 2017-04-24T20:12:20+08:00 ] 127.0.0.1 /index.php?g=User&m=Center&a=addAddress
INFO: [ app_begin ] --START--
INFO: Run Behavior\ReadHtmlCacheBehavior [ RunTime:0.003000s ]
INFO: Run Behavior\CheckLangBehavior [ RunTime:0.006000s ]
INFO: Run Common\Behavior\UrldecodeGetBehavior [ RunTime:0.003000s ]
INFO: [ app_begin ] --END-- [ RunTime:0.012000s ]
SQL: SHOW COLUMNS FROM `i_users` [ RunTime:0.0020s ]
SQL: SELECT `user_status` FROM `i_users` WHERE `id` = '2' LIMIT 1   [ RunTime:0.0000s ]
SQL: SHOW COLUMNS FROM `i_users` [ RunTime:0.0020s ]
SQL: SELECT * FROM `i_users` WHERE `id` = '2' LIMIT 1   [ RunTime:0.0000s ]
NOTIC: [8] Undefined index: phone E:\bad\application\User\Controller\CenterController.class.php 第 32 行.
NOTIC: [8] Undefined index: address E:\bad\application\User\Controller\CenterController.class.php 第 34 行.

[ 2017-04-24T20:12:23+08:00 ] 127.0.0.1 /index.php?g=user&m=index&a=is_login
INFO: [ app_begin ] --START--
INFO: Run Behavior\ReadHtmlCacheBehavior [ RunTime:0.003001s ]
INFO: Run Behavior\CheckLangBehavior [ RunTime:0.005000s ]
INFO: Run Common\Behavior\UrldecodeGetBehavior [ RunTime:0.002000s ]
INFO: [ app_begin ] --END-- [ RunTime:0.010001s ]
NOTIC: [8] Undefined index: url E:\bad\application\Common\Controller\AppframeController.class.php 第 22 行.

[ 2017-04-24T20:12:31+08:00 ] 127.0.0.1 /index.php?g=user&m=register&a=city&provinceid=110000
INFO: [ app_begin ] --START--
INFO: Run Behavior\ReadHtmlCacheBehavior [ RunTime:0.002000s ]
INFO: Run Behavior\CheckLangBehavior [ RunTime:0.003000s ]
INFO: Run Common\Behavior\UrldecodeGetBehavior [ RunTime:0.002000s ]
INFO: [ app_begin ] --END-- [ RunTime:0.007000s ]
SQL: SHOW COLUMNS FROM `i_city` [ RunTime:0.0030s ]
SQL: SELECT * FROM `i_city` WHERE ( fatherid = 110000 )  [ RunTime:0.0010s ]

[ 2017-04-24T20:12:36+08:00 ] 127.0.0.1 /index.php?g=user&m=register&a=Area&cityid=110100
INFO: [ app_begin ] --START--
INFO: Run Behavior\ReadHtmlCacheBehavior [ RunTime:0.001000s ]
INFO: Run Behavior\CheckLangBehavior [ RunTime:0.004000s ]
INFO: Run Common\Behavior\UrldecodeGetBehavior [ RunTime:0.001000s ]
INFO: [ app_begin ] --END-- [ RunTime:0.007000s ]
SQL: SHOW COLUMNS FROM `i_area` [ RunTime:0.0030s ]
SQL: SELECT * FROM `i_area` WHERE ( fatherid = 110100 )  [ RunTime:0.0010s ]

[ 2017-04-24T20:12:49+08:00 ] 127.0.0.1 /index.php?g=User&m=Center&a=addAddress
INFO: [ app_begin ] --START--
INFO: Run Behavior\ReadHtmlCacheBehavior [ RunTime:0.002000s ]
INFO: Run Behavior\CheckLangBehavior [ RunTime:0.005000s ]
INFO: Run Common\Behavior\UrldecodeGetBehavior [ RunTime:0.003000s ]
INFO: [ app_begin ] --END-- [ RunTime:0.011000s ]
SQL: SHOW COLUMNS FROM `i_users` [ RunTime:0.0020s ]
SQL: SELECT `user_status` FROM `i_users` WHERE `id` = '2' LIMIT 1   [ RunTime:0.0000s ]
SQL: SHOW COLUMNS FROM `i_users` [ RunTime:0.0030s ]
SQL: SELECT * FROM `i_users` WHERE `id` = '2' LIMIT 1   [ RunTime:0.0000s ]
NOTIC: [8] Undefined index: phone E:\bad\application\User\Controller\CenterController.class.php 第 32 行.

[ 2017-04-24T20:12:52+08:00 ] 127.0.0.1 /index.php?g=user&m=index&a=is_login
INFO: [ app_begin ] --START--
INFO: Run Behavior\ReadHtmlCacheBehavior [ RunTime:0.001000s ]
INFO: Run Behavior\CheckLangBehavior [ RunTime:0.004000s ]
INFO: Run Common\Behavior\UrldecodeGetBehavior [ RunTime:0.001000s ]
INFO: [ app_begin ] --END-- [ RunTime:0.006000s ]
NOTIC: [8] Undefined index: url E:\bad\application\Common\Controller\AppframeController.class.php 第 22 行.

[ 2017-04-24T20:13:21+08:00 ] 127.0.0.1 /index.php?g=user&m=index&a=is_login
INFO: [ app_begin ] --START--
INFO: Run Behavior\ReadHtmlCacheBehavior [ RunTime:0.002000s ]
INFO: Run Behavior\CheckLangBehavior [ RunTime:0.005000s ]
INFO: Run Common\Behavior\UrldecodeGetBehavior [ RunTime:0.003000s ]
INFO: [ app_begin ] --END-- [ RunTime:0.011000s ]
NOTIC: [8] Undefined index: url E:\bad\application\Common\Controller\AppframeController.class.php 第 22 行.

[ 2017-04-24T20:13:22+08:00 ] 127.0.0.1 /index.php?g=user&m=register&a=city&provinceid=130000
INFO: [ app_begin ] --START--
INFO: Run Behavior\ReadHtmlCacheBehavior [ RunTime:0.002000s ]
INFO: Run Behavior\CheckLangBehavior [ RunTime:0.005001s ]
INFO: Run Common\Behavior\UrldecodeGetBehavior [ RunTime:0.002000s ]
INFO: [ app_begin ] --END-- [ RunTime:0.010001s ]
SQL: SHOW COLUMNS FROM `i_city` [ RunTime:0.0030s ]
SQL: SELECT * FROM `i_city` WHERE ( fatherid = 130000 )  [ RunTime:0.0000s ]

[ 2017-04-24T20:13:23+08:00 ] 127.0.0.1 /index.php?g=user&m=register&a=Area&cityid=130400
INFO: [ app_begin ] --START--
INFO: Run Behavior\ReadHtmlCacheBehavior [ RunTime:0.002000s ]
INFO: Run Behavior\CheckLangBehavior [ RunTime:0.007000s ]
INFO: Run Common\Behavior\UrldecodeGetBehavior [ RunTime:0.003000s ]
INFO: [ app_begin ] --END-- [ RunTime:0.013001s ]
SQL: SHOW COLUMNS FROM `i_area` [ RunTime:0.0020s ]
SQL: SELECT * FROM `i_area` WHERE ( fatherid = 130400 )  [ RunTime:0.0020s ]

[ 2017-04-24T20:13:34+08:00 ] 127.0.0.1 /index.php?g=User&m=Center&a=addAddress
INFO: [ app_begin ] --START--
INFO: Run Behavior\ReadHtmlCacheBehavior [ RunTime:0.003001s ]
INFO: Run Behavior\CheckLangBehavior [ RunTime:0.004000s ]
INFO: Run Common\Behavior\UrldecodeGetBehavior [ RunTime:0.002000s ]
INFO: [ app_begin ] --END-- [ RunTime:0.010001s ]
SQL: SHOW COLUMNS FROM `i_users` [ RunTime:0.0020s ]
SQL: SELECT `user_status` FROM `i_users` WHERE `id` = '2' LIMIT 1   [ RunTime:0.0010s ]
SQL: SHOW COLUMNS FROM `i_users` [ RunTime:0.0020s ]
SQL: SELECT * FROM `i_users` WHERE `id` = '2' LIMIT 1   [ RunTime:0.0010s ]
NOTIC: [8] Undefined index: phone E:\bad\application\User\Controller\CenterController.class.php 第 32 行.
NOTIC: [8] Undefined index: address E:\bad\application\User\Controller\CenterController.class.php 第 33 行.

[ 2017-04-24T20:14:24+08:00 ] 127.0.0.1 /index.php?g=User&m=Center&a=addAddress
INFO: [ app_begin ] --START--
INFO: Run Behavior\ReadHtmlCacheBehavior [ RunTime:0.002000s ]
INFO: Run Behavior\CheckLangBehavior [ RunTime:0.004000s ]
INFO: Run Common\Behavior\UrldecodeGetBehavior [ RunTime:0.003000s ]
INFO: [ app_begin ] --END-- [ RunTime:0.009000s ]
SQL: SHOW COLUMNS FROM `i_users` [ RunTime:0.0020s ]
SQL: SELECT `user_status` FROM `i_users` WHERE `id` = '2' LIMIT 1   [ RunTime:0.0000s ]
SQL: SHOW COLUMNS FROM `i_users` [ RunTime:0.0030s ]
SQL: SELECT * FROM `i_users` WHERE `id` = '2' LIMIT 1   [ RunTime:0.0010s ]

[ 2017-04-24T20:14:26+08:00 ] 127.0.0.1 /index.php?g=user&m=index&a=is_login
INFO: [ app_begin ] --START--
INFO: Run Behavior\ReadHtmlCacheBehavior [ RunTime:0.002001s ]
INFO: Run Behavior\CheckLangBehavior [ RunTime:0.006000s ]
INFO: Run Common\Behavior\UrldecodeGetBehavior [ RunTime:0.003000s ]
INFO: [ app_begin ] --END-- [ RunTime:0.012001s ]
NOTIC: [8] Undefined index: url E:\bad\application\Common\Controller\AppframeController.class.php 第 22 行.

[ 2017-04-24T20:14:28+08:00 ] 127.0.0.1 /index.php?g=user&m=index&a=is_login
INFO: [ app_begin ] --START--
INFO: Run Behavior\ReadHtmlCacheBehavior [ RunTime:0.002001s ]
INFO: Run Behavior\CheckLangBehavior [ RunTime:0.005000s ]
INFO: Run Common\Behavior\UrldecodeGetBehavior [ RunTime:0.002000s ]
INFO: [ app_begin ] --END-- [ RunTime:0.009001s ]
NOTIC: [8] Undefined index: url E:\bad\application\Common\Controller\AppframeController.class.php 第 22 行.

[ 2017-04-24T20:14:30+08:00 ] 127.0.0.1 /index.php?g=user&m=register&a=city&provinceid=120000
INFO: [ app_begin ] --START--
INFO: Run Behavior\ReadHtmlCacheBehavior [ RunTime:0.002000s ]
INFO: Run Behavior\CheckLangBehavior [ RunTime:0.003000s ]
INFO: Run Common\Behavior\UrldecodeGetBehavior [ RunTime:0.002000s ]
INFO: [ app_begin ] --END-- [ RunTime:0.007000s ]
SQL: SHOW COLUMNS FROM `i_city` [ RunTime:0.0020s ]
SQL: SELECT * FROM `i_city` WHERE ( fatherid = 120000 )  [ RunTime:0.0000s ]

[ 2017-04-24T20:14:32+08:00 ] 127.0.0.1 /index.php?g=user&m=register&a=Area&cityid=120100
INFO: [ app_begin ] --START--
INFO: Run Behavior\ReadHtmlCacheBehavior [ RunTime:0.002000s ]
INFO: Run Behavior\CheckLangBehavior [ RunTime:0.005001s ]
INFO: Run Common\Behavior\UrldecodeGetBehavior [ RunTime:0.002000s ]
INFO: [ app_begin ] --END-- [ RunTime:0.011001s ]
SQL: SHOW COLUMNS FROM `i_area` [ RunTime:0.0030s ]
SQL: SELECT * FROM `i_area` WHERE ( fatherid = 120100 )  [ RunTime:0.0020s ]

[ 2017-04-24T20:15:01+08:00 ] 127.0.0.1 /index.php?g=user&m=index&a=is_login
INFO: [ app_begin ] --START--
INFO: Run Behavior\ReadHtmlCacheBehavior [ RunTime:0.001000s ]
INFO: Run Behavior\CheckLangBehavior [ RunTime:0.005001s ]
INFO: Run Common\Behavior\UrldecodeGetBehavior [ RunTime:0.001000s ]
INFO: [ app_begin ] --END-- [ RunTime:0.008001s ]
NOTIC: [8] Undefined index: url E:\bad\application\Common\Controller\AppframeController.class.php 第 22 行.

[ 2017-04-24T20:15:04+08:00 ] 127.0.0.1 /index.php?g=user&m=register&a=city&provinceid=110000
INFO: [ app_begin ] --START--
INFO: Run Behavior\ReadHtmlCacheBehavior [ RunTime:0.001000s ]
INFO: Run Behavior\CheckLangBehavior [ RunTime:0.003001s ]
INFO: Run Common\Behavior\UrldecodeGetBehavior [ RunTime:0.002000s ]
INFO: [ app_begin ] --END-- [ RunTime:0.007001s ]
SQL: SHOW COLUMNS FROM `i_city` [ RunTime:0.0020s ]
SQL: SELECT * FROM `i_city` WHERE ( fatherid = 110000 )  [ RunTime:0.0000s ]

[ 2017-04-24T20:15:05+08:00 ] 127.0.0.1 /index.php?g=user&m=register&a=Area&cityid=110100
INFO: [ app_begin ] --START--
INFO: Run Behavior\ReadHtmlCacheBehavior [ RunTime:0.002000s ]
INFO: Run Behavior\CheckLangBehavior [ RunTime:0.004001s ]
INFO: Run Common\Behavior\UrldecodeGetBehavior [ RunTime:0.003000s ]
INFO: [ app_begin ] --END-- [ RunTime:0.009001s ]
SQL: SHOW COLUMNS FROM `i_area` [ RunTime:0.0020s ]
SQL: SELECT * FROM `i_area` WHERE ( fatherid = 110100 )  [ RunTime:0.0010s ]

[ 2017-04-24T20:15:24+08:00 ] 127.0.0.1 /index.php?g=User&m=Center&a=addressList
ERR: 模板不存在:themes/simplebootx/User/Center/addressList.html

[ 2017-04-24T20:17:31+08:00 ] 127.0.0.1 /index.php?g=User&m=Center&a=addressList
ERR: 模板不存在:themes/simplebootx/User/Center/addressList.html

[ 2017-04-24T20:17:35+08:00 ] 127.0.0.1 /index.php?g=user&m=index&a=is_login
INFO: [ app_begin ] --START--
INFO: Run Behavior\ReadHtmlCacheBehavior [ RunTime:0.003000s ]
INFO: Run Behavior\CheckLangBehavior [ RunTime:0.005000s ]
INFO: Run Common\Behavior\UrldecodeGetBehavior [ RunTime:0.004000s ]
INFO: [ app_begin ] --END-- [ RunTime:0.012000s ]
NOTIC: [8] Undefined index: url E:\bad\application\Common\Controller\AppframeController.class.php 第 22 行.

[ 2017-04-24T20:17:43+08:00 ] 127.0.0.1 /index.php?g=user&m=index&a=is_login
INFO: [ app_begin ] --START--
INFO: Run Behavior\ReadHtmlCacheBehavior [ RunTime:0.002000s ]
INFO: Run Behavior\CheckLangBehavior [ RunTime:0.005000s ]
INFO: Run Common\Behavior\UrldecodeGetBehavior [ RunTime:0.003000s ]
INFO: [ app_begin ] --END-- [ RunTime:0.011000s ]
NOTIC: [8] Undefined index: url E:\bad\application\Common\Controller\AppframeController.class.php 第 22 行.

[ 2017-04-24T20:17:44+08:00 ] 127.0.0.1 /index.php?g=user&m=register&a=city&provinceid=110000
INFO: [ app_begin ] --START--
INFO: Run Behavior\ReadHtmlCacheBehavior [ RunTime:0.003000s ]
INFO: Run Behavior\CheckLangBehavior [ RunTime:0.005000s ]
INFO: Run Common\Behavior\UrldecodeGetBehavior [ RunTime:0.003001s ]
INFO: [ app_begin ] --END-- [ RunTime:0.012001s ]
SQL: SHOW COLUMNS FROM `i_city` [ RunTime:0.0030s ]
SQL: SELECT * FROM `i_city` WHERE ( fatherid = 110000 )  [ RunTime:0.0000s ]

[ 2017-04-24T20:17:45+08:00 ] 127.0.0.1 /index.php?g=user&m=register&a=Area&cityid=110100
INFO: [ app_begin ] --START--
INFO: Run Behavior\ReadHtmlCacheBehavior [ RunTime:0.002000s ]
INFO: Run Behavior\CheckLangBehavior [ RunTime:0.008000s ]
INFO: Run Common\Behavior\UrldecodeGetBehavior [ RunTime:0.002000s ]
INFO: [ app_begin ] --END-- [ RunTime:0.012000s ]
SQL: SHOW COLUMNS FROM `i_area` [ RunTime:0.0030s ]
SQL: SELECT * FROM `i_area` WHERE ( fatherid = 110100 )  [ RunTime:0.0010s ]

[ 2017-04-24T20:18:01+08:00 ] 127.0.0.1 /index.php?g=User&m=Center&a=addAddress
INFO: [ app_begin ] --START--
INFO: Run Behavior\ReadHtmlCacheBehavior [ RunTime:0.001000s ]
INFO: Run Behavior\CheckLangBehavior [ RunTime:0.005000s ]
INFO: Run Common\Behavior\UrldecodeGetBehavior [ RunTime:0.002000s ]
INFO: [ app_begin ] --END-- [ RunTime:0.009000s ]
SQL: SHOW COLUMNS FROM `i_users` [ RunTime:0.0020s ]
SQL: SELECT `user_status` FROM `i_users` WHERE `id` = '2' LIMIT 1   [ RunTime:0.0000s ]
SQL: SHOW COLUMNS FROM `i_users` [ RunTime:0.0020s ]
SQL: SELECT * FROM `i_users` WHERE `id` = '2' LIMIT 1   [ RunTime:0.0000s ]
SQL: SHOW COLUMNS FROM `i_address` [ RunTime:0.0020s ]
SQL: INSERT INTO `i_address` (`province`,`city`,`area`,`address`,`code`,`name`,`phone`,`uid`) VALUES ('110000','110100','110102','中山北路901号','422100','王三','15541215412','2') [ RunTime:0.0000s ]

[ 2017-04-24T20:18:02+08:00 ] 127.0.0.1 /index.php?g=User&m=Center&a=addressList
ERR: 模板不存在:themes/simplebootx/User/Center/addressList.html

[ 2017-04-24T20:22:39+08:00 ] 127.0.0.1 /index.php?g=User&m=Center&a=addressList
ERR: 1064:You have an error in your SQL syntax; check the manual that corresponds to your MariaDB server version for the right syntax to use near ') LIMIT 1' at line 1
 [ SQL语句 ] : SELECT `areaid` FROM `i_area` WHERE ( areaid =  ) LIMIT 1  

[ 2017-04-24T20:22:45+08:00 ] 127.0.0.1 /index.php?g=User&m=Center&a=addressList
ERR: 1064:You have an error in your SQL syntax; check the manual that corresponds to your MariaDB server version for the right syntax to use near ') LIMIT 1' at line 1
 [ SQL语句 ] : SELECT `areaid` FROM `i_area` WHERE ( areaid =  ) LIMIT 1  

[ 2017-04-24T20:23:03+08:00 ] 127.0.0.1 /index.php?g=User&m=Center&a=addressList
ERR: 1064:You have an error in your SQL syntax; check the manual that corresponds to your MariaDB server version for the right syntax to use near ') LIMIT 1' at line 1
 [ SQL语句 ] : SELECT `areaid` FROM `i_area` WHERE ( areaid =  ) LIMIT 1  

[ 2017-04-24T20:24:30+08:00 ] 127.0.0.1 /index.php?g=User&m=Center&a=addressList
ERR: 1064:You have an error in your SQL syntax; check the manual that corresponds to your MariaDB server version for the right syntax to use near ') LIMIT 1' at line 1
 [ SQL语句 ] : SELECT `areaid` FROM `i_area` WHERE ( areaid =  ) LIMIT 1  

[ 2017-04-24T20:25:02+08:00 ] 127.0.0.1 /index.php?g=user&m=index&a=is_login
INFO: [ app_begin ] --START--
INFO: Run Behavior\ReadHtmlCacheBehavior [ RunTime:0.002000s ]
INFO: Run Behavior\CheckLangBehavior [ RunTime:0.006001s ]
INFO: Run Common\Behavior\UrldecodeGetBehavior [ RunTime:0.003000s ]
INFO: [ app_begin ] --END-- [ RunTime:0.011001s ]
NOTIC: [8] Undefined index: url E:\bad\application\Common\Controller\AppframeController.class.php 第 22 行.

[ 2017-04-24T20:26:58+08:00 ] 127.0.0.1 /index.php?g=user&m=index&a=is_login
INFO: [ app_begin ] --START--
INFO: Run Behavior\ReadHtmlCacheBehavior [ RunTime:0.002000s ]
INFO: Run Behavior\CheckLangBehavior [ RunTime:0.006000s ]
INFO: Run Common\Behavior\UrldecodeGetBehavior [ RunTime:0.003000s ]
INFO: [ app_begin ] --END-- [ RunTime:0.011000s ]
NOTIC: [8] Undefined index: url E:\bad\application\Common\Controller\AppframeController.class.php 第 22 行.

[ 2017-04-24T20:27:29+08:00 ] 127.0.0.1 /index.php?g=user&m=index&a=is_login
INFO: [ app_begin ] --START--
INFO: Run Behavior\ReadHtmlCacheBehavior [ RunTime:0.003000s ]
INFO: Run Behavior\CheckLangBehavior [ RunTime:0.006000s ]
INFO: Run Common\Behavior\UrldecodeGetBehavior [ RunTime:0.003001s ]
INFO: [ app_begin ] --END-- [ RunTime:0.012001s ]
NOTIC: [8] Undefined index: url E:\bad\application\Common\Controller\AppframeController.class.php 第 22 行.

[ 2017-04-24T20:27:31+08:00 ] 127.0.0.1 /index.php?g=User&m=Center&a=editAddress&id=1
ERR: 模板不存在:themes/simplebootx/User/Center/editAddress.html

[ 2017-04-24T20:33:09+08:00 ] 127.0.0.1 /index.php?g=user&m=index&a=is_login
INFO: [ app_begin ] --START--
INFO: Run Behavior\ReadHtmlCacheBehavior [ RunTime:0.002000s ]
INFO: Run Behavior\CheckLangBehavior [ RunTime:0.006001s ]
INFO: Run Common\Behavior\UrldecodeGetBehavior [ RunTime:0.003000s ]
INFO: [ app_begin ] --END-- [ RunTime:0.012001s ]
NOTIC: [8] Undefined index: url E:\bad\application\Common\Controller\AppframeController.class.php 第 22 行.

[ 2017-04-24T20:33:11+08:00 ] 127.0.0.1 /index.php?g=user&m=register&a=city&provinceid=120000
INFO: [ app_begin ] --START--
INFO: Run Behavior\ReadHtmlCacheBehavior [ RunTime:0.002000s ]
INFO: Run Behavior\CheckLangBehavior [ RunTime:0.004000s ]
INFO: Run Common\Behavior\UrldecodeGetBehavior [ RunTime:0.002000s ]
INFO: [ app_begin ] --END-- [ RunTime:0.009000s ]
SQL: SHOW COLUMNS FROM `i_city` [ RunTime:0.0020s ]
SQL: SELECT * FROM `i_city` WHERE ( fatherid = 120000 )  [ RunTime:0.0000s ]

[ 2017-04-24T20:33:11+08:00 ] 127.0.0.1 /index.php?g=user&m=register&a=Area&cityid=120100
INFO: [ app_begin ] --START--
INFO: Run Behavior\ReadHtmlCacheBehavior [ RunTime:0.003000s ]
INFO: Run Behavior\CheckLangBehavior [ RunTime:0.003000s ]
INFO: Run Common\Behavior\UrldecodeGetBehavior [ RunTime:0.002000s ]
INFO: [ app_begin ] --END-- [ RunTime:0.008000s ]
SQL: SHOW COLUMNS FROM `i_area` [ RunTime:0.0020s ]
SQL: SELECT * FROM `i_area` WHERE ( fatherid = 120100 )  [ RunTime:0.0010s ]

[ 2017-04-24T20:33:13+08:00 ] 127.0.0.1 /index.php?g=User&m=Center&a=editAddress&id=1
INFO: [ app_begin ] --START--
INFO: Run Behavior\ReadHtmlCacheBehavior [ RunTime:0.002000s ]
INFO: Run Behavior\CheckLangBehavior [ RunTime:0.005001s ]
INFO: Run Common\Behavior\UrldecodeGetBehavior [ RunTime:0.003000s ]
INFO: [ app_begin ] --END-- [ RunTime:0.011001s ]
SQL: SHOW COLUMNS FROM `i_users` [ RunTime:0.0020s ]
SQL: SELECT `user_status` FROM `i_users` WHERE `id` = '2' LIMIT 1   [ RunTime:0.0010s ]
SQL: SHOW COLUMNS FROM `i_users` [ RunTime:0.0030s ]
SQL: SELECT * FROM `i_users` WHERE `id` = '2' LIMIT 1   [ RunTime:0.0000s ]
SQL: SHOW COLUMNS FROM `i_address` [ RunTime:0.0020s ]
SQL: UPDATE `i_address` SET `province`='120000',`city`='120100',`area`='120103',`address`='中山北路901号',`code`='422100',`name`='王三',`phone`='15541215412',`uid`='2' WHERE `id` = 1 [ RunTime:0.0000s ]

[ 2017-04-24T20:33:15+08:00 ] 127.0.0.1 /index.php?g=user&m=index&a=is_login
INFO: [ app_begin ] --START--
INFO: Run Behavior\ReadHtmlCacheBehavior [ RunTime:0.001000s ]
INFO: Run Behavior\CheckLangBehavior [ RunTime:0.004000s ]
INFO: Run Common\Behavior\UrldecodeGetBehavior [ RunTime:0.002000s ]
INFO: [ app_begin ] --END-- [ RunTime:0.008001s ]
NOTIC: [8] Undefined index: url E:\bad\application\Common\Controller\AppframeController.class.php 第 22 行.

[ 2017-04-24T20:33:43+08:00 ] 127.0.0.1 /index.php?g=user&m=index&a=is_login
INFO: [ app_begin ] --START--
INFO: Run Behavior\ReadHtmlCacheBehavior [ RunTime:0.003000s ]
INFO: Run Behavior\CheckLangBehavior [ RunTime:0.005000s ]
INFO: Run Common\Behavior\UrldecodeGetBehavior [ RunTime:0.004001s ]
INFO: [ app_begin ] --END-- [ RunTime:0.013001s ]
NOTIC: [8] Undefined index: url E:\bad\application\Common\Controller\AppframeController.class.php 第 22 行.

[ 2017-04-24T20:33:46+08:00 ] 127.0.0.1 /index.php?g=user&m=index&a=is_login
INFO: [ app_begin ] --START--
INFO: Run Behavior\ReadHtmlCacheBehavior [ RunTime:0.002000s ]
INFO: Run Behavior\CheckLangBehavior [ RunTime:0.006001s ]
INFO: Run Common\Behavior\UrldecodeGetBehavior [ RunTime:0.004000s ]
INFO: [ app_begin ] --END-- [ RunTime:0.014001s ]
NOTIC: [8] Undefined index: url E:\bad\application\Common\Controller\AppframeController.class.php 第 22 行.

[ 2017-04-24T20:34:16+08:00 ] 127.0.0.1 /index.php?g=user&m=index&a=is_login
INFO: [ app_begin ] --START--
INFO: Run Behavior\ReadHtmlCacheBehavior [ RunTime:0.003001s ]
INFO: Run Behavior\CheckLangBehavior [ RunTime:0.009000s ]
INFO: Run Common\Behavior\UrldecodeGetBehavior [ RunTime:0.004000s ]
INFO: [ app_begin ] --END-- [ RunTime:0.018001s ]
NOTIC: [8] Undefined index: url E:\bad\application\Common\Controller\AppframeController.class.php 第 22 行.

[ 2017-04-24T20:35:28+08:00 ] 127.0.0.1 /index.php?g=user&m=index&a=is_login
INFO: [ app_begin ] --START--
INFO: Run Behavior\ReadHtmlCacheBehavior [ RunTime:0.002000s ]
INFO: Run Behavior\CheckLangBehavior [ RunTime:0.008001s ]
INFO: Run Common\Behavior\UrldecodeGetBehavior [ RunTime:0.003000s ]
INFO: [ app_begin ] --END-- [ RunTime:0.015001s ]
NOTIC: [8] Undefined index: url E:\bad\application\Common\Controller\AppframeController.class.php 第 22 行.

[ 2017-04-24T20:35:52+08:00 ] 127.0.0.1 /index.php?g=user&m=index&a=is_login
INFO: [ app_begin ] --START--
INFO: Run Behavior\ReadHtmlCacheBehavior [ RunTime:0.002000s ]
INFO: Run Behavior\CheckLangBehavior [ RunTime:0.005000s ]
INFO: Run Common\Behavior\UrldecodeGetBehavior [ RunTime:0.003000s ]
INFO: [ app_begin ] --END-- [ RunTime:0.011000s ]
NOTIC: [8] Undefined index: url E:\bad\application\Common\Controller\AppframeController.class.php 第 22 行.

[ 2017-04-24T20:35:59+08:00 ] 127.0.0.1 /index.php?g=user&m=index&a=is_login
INFO: [ app_begin ] --START--
INFO: Run Behavior\ReadHtmlCacheBehavior [ RunTime:0.003000s ]
INFO: Run Behavior\CheckLangBehavior [ RunTime:0.006000s ]
INFO: Run Common\Behavior\UrldecodeGetBehavior [ RunTime:0.003000s ]
INFO: [ app_begin ] --END-- [ RunTime:0.012000s ]
NOTIC: [8] Undefined index: url E:\bad\application\Common\Controller\AppframeController.class.php 第 22 行.

[ 2017-04-24T20:36:34+08:00 ] 127.0.0.1 /index.php?g=user&m=index&a=is_login
INFO: [ app_begin ] --START--
INFO: Run Behavior\ReadHtmlCacheBehavior [ RunTime:0.002001s ]
INFO: Run Behavior\CheckLangBehavior [ RunTime:0.005000s ]
INFO: Run Common\Behavior\UrldecodeGetBehavior [ RunTime:0.003000s ]
INFO: [ app_begin ] --END-- [ RunTime:0.011001s ]
NOTIC: [8] Undefined index: url E:\bad\application\Common\Controller\AppframeController.class.php 第 22 行.

[ 2017-04-24T20:38:24+08:00 ] 127.0.0.1 /index.php?g=user&m=index&a=is_login
INFO: [ app_begin ] --START--
INFO: Run Behavior\ReadHtmlCacheBehavior [ RunTime:0.003000s ]
INFO: Run Behavior\CheckLangBehavior [ RunTime:0.005000s ]
INFO: Run Common\Behavior\UrldecodeGetBehavior [ RunTime:0.003000s ]
INFO: [ app_begin ] --END-- [ RunTime:0.011000s ]
NOTIC: [8] Undefined index: url E:\bad\application\Common\Controller\AppframeController.class.php 第 22 行.

[ 2017-04-24T20:38:25+08:00 ] 127.0.0.1 /index.php?g=user&m=index&a=is_login
INFO: [ app_begin ] --START--
INFO: Run Behavior\ReadHtmlCacheBehavior [ RunTime:0.002001s ]
INFO: Run Behavior\CheckLangBehavior [ RunTime:0.011000s ]
INFO: Run Common\Behavior\UrldecodeGetBehavior [ RunTime:0.003000s ]
INFO: [ app_begin ] --END-- [ RunTime:0.016001s ]
NOTIC: [8] Undefined index: url E:\bad\application\Common\Controller\AppframeController.class.php 第 22 行.

[ 2017-04-24T20:38:30+08:00 ] 127.0.0.1 /index.php?g=user&m=index&a=is_login
INFO: [ app_begin ] --START--
INFO: Run Behavior\ReadHtmlCacheBehavior [ RunTime:0.002000s ]
INFO: Run Behavior\CheckLangBehavior [ RunTime:0.006000s ]
INFO: Run Common\Behavior\UrldecodeGetBehavior [ RunTime:0.003000s ]
INFO: [ app_begin ] --END-- [ RunTime:0.011000s ]
NOTIC: [8] Undefined index: url E:\bad\application\Common\Controller\AppframeController.class.php 第 22 行.

[ 2017-04-24T20:39:02+08:00 ] 127.0.0.1 /index.php?g=user&m=index&a=is_login
INFO: [ app_begin ] --START--
INFO: Run Behavior\ReadHtmlCacheBehavior [ RunTime:0.002000s ]
INFO: Run Behavior\CheckLangBehavior [ RunTime:0.004000s ]
INFO: Run Common\Behavior\UrldecodeGetBehavior [ RunTime:0.003000s ]
INFO: [ app_begin ] --END-- [ RunTime:0.009000s ]
NOTIC: [8] Undefined index: url E:\bad\application\Common\Controller\AppframeController.class.php 第 22 行.

[ 2017-04-24T20:39:10+08:00 ] 127.0.0.1 /index.php?g=user&m=index&a=is_login
INFO: [ app_begin ] --START--
INFO: Run Behavior\ReadHtmlCacheBehavior [ RunTime:0.002000s ]
INFO: Run Behavior\CheckLangBehavior [ RunTime:0.005000s ]
INFO: Run Common\Behavior\UrldecodeGetBehavior [ RunTime:0.003001s ]
INFO: [ app_begin ] --END-- [ RunTime:0.010001s ]
NOTIC: [8] Undefined index: url E:\bad\application\Common\Controller\AppframeController.class.php 第 22 行.

[ 2017-04-24T20:39:19+08:00 ] 127.0.0.1 /index.php?g=user&m=index&a=is_login
INFO: [ app_begin ] --START--
INFO: Run Behavior\ReadHtmlCacheBehavior [ RunTime:0.002000s ]
INFO: Run Behavior\CheckLangBehavior [ RunTime:0.006000s ]
INFO: Run Common\Behavior\UrldecodeGetBehavior [ RunTime:0.003000s ]
INFO: [ app_begin ] --END-- [ RunTime:0.012000s ]
NOTIC: [8] Undefined index: url E:\bad\application\Common\Controller\AppframeController.class.php 第 22 行.

[ 2017-04-24T20:39:22+08:00 ] 127.0.0.1 /index.php?g=user&m=index&a=is_login
INFO: [ app_begin ] --START--
INFO: Run Behavior\ReadHtmlCacheBehavior [ RunTime:0.002001s ]
INFO: Run Behavior\CheckLangBehavior [ RunTime:0.005000s ]
INFO: Run Common\Behavior\UrldecodeGetBehavior [ RunTime:0.002000s ]
INFO: [ app_begin ] --END-- [ RunTime:0.009001s ]
NOTIC: [8] Undefined index: url E:\bad\application\Common\Controller\AppframeController.class.php 第 22 行.

[ 2017-04-24T20:39:23+08:00 ] 127.0.0.1 /index.php?g=user&m=index&a=is_login
INFO: [ app_begin ] --START--
INFO: Run Behavior\ReadHtmlCacheBehavior [ RunTime:0.002000s ]
INFO: Run Behavior\CheckLangBehavior [ RunTime:0.008001s ]
INFO: Run Common\Behavior\UrldecodeGetBehavior [ RunTime:0.003000s ]
INFO: [ app_begin ] --END-- [ RunTime:0.014001s ]
NOTIC: [8] Undefined index: url E:\bad\application\Common\Controller\AppframeController.class.php 第 22 行.

[ 2017-04-24T20:39:25+08:00 ] 127.0.0.1 /index.php?g=user&m=index&a=is_login
INFO: [ app_begin ] --START--
INFO: Run Behavior\ReadHtmlCacheBehavior [ RunTime:0.002000s ]
INFO: Run Behavior\CheckLangBehavior [ RunTime:0.003000s ]
INFO: Run Common\Behavior\UrldecodeGetBehavior [ RunTime:0.002001s ]
INFO: [ app_begin ] --END-- [ RunTime:0.007001s ]
NOTIC: [8] Undefined index: url E:\bad\application\Common\Controller\AppframeController.class.php 第 22 行.

[ 2017-04-24T20:39:55+08:00 ] 127.0.0.1 /index.php?g=user&m=index&a=is_login
INFO: [ app_begin ] --START--
INFO: Run Behavior\ReadHtmlCacheBehavior [ RunTime:0.002000s ]
INFO: Run Behavior\CheckLangBehavior [ RunTime:0.005000s ]
INFO: Run Common\Behavior\UrldecodeGetBehavior [ RunTime:0.003000s ]
INFO: [ app_begin ] --END-- [ RunTime:0.011000s ]
NOTIC: [8] Undefined index: url E:\bad\application\Common\Controller\AppframeController.class.php 第 22 行.

[ 2017-04-24T20:40:03+08:00 ] 127.0.0.1 /index.php?g=user&m=index&a=is_login
INFO: [ app_begin ] --START--
INFO: Run Behavior\ReadHtmlCacheBehavior [ RunTime:0.003000s ]
INFO: Run Behavior\CheckLangBehavior [ RunTime:0.010000s ]
INFO: Run Common\Behavior\UrldecodeGetBehavior [ RunTime:0.002000s ]
INFO: [ app_begin ] --END-- [ RunTime:0.016001s ]
NOTIC: [8] Undefined index: url E:\bad\application\Common\Controller\AppframeController.class.php 第 22 行.

[ 2017-04-24T20:41:03+08:00 ] 127.0.0.1 /index.php?g=user&m=index&a=is_login
INFO: [ app_begin ] --START--
INFO: Run Behavior\ReadHtmlCacheBehavior [ RunTime:0.003000s ]
INFO: Run Behavior\CheckLangBehavior [ RunTime:0.007000s ]
INFO: Run Common\Behavior\UrldecodeGetBehavior [ RunTime:0.003001s ]
INFO: [ app_begin ] --END-- [ RunTime:0.014001s ]
NOTIC: [8] Undefined index: url E:\bad\application\Common\Controller\AppframeController.class.php 第 22 行.

[ 2017-04-24T20:41:04+08:00 ] 127.0.0.1 /index.php?g=user&m=index&a=is_login
INFO: [ app_begin ] --START--
INFO: Run Behavior\ReadHtmlCacheBehavior [ RunTime:0.002000s ]
INFO: Run Behavior\CheckLangBehavior [ RunTime:0.006001s ]
INFO: Run Common\Behavior\UrldecodeGetBehavior [ RunTime:0.002000s ]
INFO: [ app_begin ] --END-- [ RunTime:0.011001s ]
NOTIC: [8] Undefined index: url E:\bad\application\Common\Controller\AppframeController.class.php 第 22 行.

[ 2017-04-24T20:41:09+08:00 ] 127.0.0.1 /index.php?g=user&m=index&a=is_login
INFO: [ app_begin ] --START--
INFO: Run Behavior\ReadHtmlCacheBehavior [ RunTime:0.002000s ]
INFO: Run Behavior\CheckLangBehavior [ RunTime:0.005001s ]
INFO: Run Common\Behavior\UrldecodeGetBehavior [ RunTime:0.001000s ]
INFO: [ app_begin ] --END-- [ RunTime:0.009001s ]
NOTIC: [8] Undefined index: url E:\bad\application\Common\Controller\AppframeController.class.php 第 22 行.

[ 2017-04-24T20:41:12+08:00 ] 127.0.0.1 /index.php?g=user&m=index&a=is_login
INFO: [ app_begin ] --START--
INFO: Run Behavior\ReadHtmlCacheBehavior [ RunTime:0.003001s ]
INFO: Run Behavior\CheckLangBehavior [ RunTime:0.006000s ]
INFO: Run Common\Behavior\UrldecodeGetBehavior [ RunTime:0.003000s ]
INFO: [ app_begin ] --END-- [ RunTime:0.014001s ]
NOTIC: [8] Undefined index: url E:\bad\application\Common\Controller\AppframeController.class.php 第 22 行.

[ 2017-04-24T20:42:36+08:00 ] 127.0.0.1 /index.php?g=user&m=index&a=is_login
INFO: [ app_begin ] --START--
INFO: Run Behavior\ReadHtmlCacheBehavior [ RunTime:0.004000s ]
INFO: Run Behavior\CheckLangBehavior [ RunTime:0.006000s ]
INFO: Run Common\Behavior\UrldecodeGetBehavior [ RunTime:0.002000s ]
INFO: [ app_begin ] --END-- [ RunTime:0.013000s ]
NOTIC: [8] Undefined index: url E:\bad\application\Common\Controller\AppframeController.class.php 第 22 行.

[ 2017-04-24T20:42:38+08:00 ] 127.0.0.1 /index.php?g=user&m=index&a=is_login
INFO: [ app_begin ] --START--
INFO: Run Behavior\ReadHtmlCacheBehavior [ RunTime:0.003000s ]
INFO: Run Behavior\CheckLangBehavior [ RunTime:0.008000s ]
INFO: Run Common\Behavior\UrldecodeGetBehavior [ RunTime:0.004000s ]
INFO: [ app_begin ] --END-- [ RunTime:0.016000s ]
NOTIC: [8] Undefined index: url E:\bad\application\Common\Controller\AppframeController.class.php 第 22 行.

[ 2017-04-24T20:42:57+08:00 ] 127.0.0.1 /index.php?g=user&m=index&a=is_login
INFO: [ app_begin ] --START--
INFO: Run Behavior\ReadHtmlCacheBehavior [ RunTime:0.002000s ]
INFO: Run Behavior\CheckLangBehavior [ RunTime:0.006001s ]
INFO: Run Common\Behavior\UrldecodeGetBehavior [ RunTime:0.003000s ]
INFO: [ app_begin ] --END-- [ RunTime:0.012001s ]
NOTIC: [8] Undefined index: url E:\bad\application\Common\Controller\AppframeController.class.php 第 22 行.

[ 2017-04-24T20:43:10+08:00 ] 127.0.0.1 /index.php?g=user&m=index&a=is_login
INFO: [ app_begin ] --START--
INFO: Run Behavior\ReadHtmlCacheBehavior [ RunTime:0.002000s ]
INFO: Run Behavior\CheckLangBehavior [ RunTime:0.003001s ]
INFO: Run Common\Behavior\UrldecodeGetBehavior [ RunTime:0.003000s ]
INFO: [ app_begin ] --END-- [ RunTime:0.008001s ]
NOTIC: [8] Undefined index: url E:\bad\application\Common\Controller\AppframeController.class.php 第 22 行.

[ 2017-04-24T20:43:12+08:00 ] 127.0.0.1 /index.php?g=user&m=index&a=is_login
INFO: [ app_begin ] --START--
INFO: Run Behavior\ReadHtmlCacheBehavior [ RunTime:0.003000s ]
INFO: Run Behavior\CheckLangBehavior [ RunTime:0.006000s ]
INFO: Run Common\Behavior\UrldecodeGetBehavior [ RunTime:0.003000s ]
INFO: [ app_begin ] --END-- [ RunTime:0.013000s ]
NOTIC: [8] Undefined index: url E:\bad\application\Common\Controller\AppframeController.class.php 第 22 行.

[ 2017-04-24T20:43:24+08:00 ] 127.0.0.1 /index.php?g=user&m=index&a=is_login
INFO: [ app_begin ] --START--
INFO: Run Behavior\ReadHtmlCacheBehavior [ RunTime:0.003000s ]
INFO: Run Behavior\CheckLangBehavior [ RunTime:0.005001s ]
INFO: Run Common\Behavior\UrldecodeGetBehavior [ RunTime:0.003000s ]
INFO: [ app_begin ] --END-- [ RunTime:0.011001s ]
NOTIC: [8] Undefined index: url E:\bad\application\Common\Controller\AppframeController.class.php 第 22 行.

[ 2017-04-24T20:43:29+08:00 ] 127.0.0.1 /index.php?g=user&m=index&a=is_login
INFO: [ app_begin ] --START--
INFO: Run Behavior\ReadHtmlCacheBehavior [ RunTime:0.003000s ]
INFO: Run Behavior\CheckLangBehavior [ RunTime:0.005000s ]
INFO: Run Common\Behavior\UrldecodeGetBehavior [ RunTime:0.002000s ]
INFO: [ app_begin ] --END-- [ RunTime:0.011000s ]
NOTIC: [8] Undefined index: url E:\bad\application\Common\Controller\AppframeController.class.php 第 22 行.

[ 2017-04-24T20:48:23+08:00 ] 127.0.0.1 /index.php?g=user&m=index&a=is_login
INFO: [ app_begin ] --START--
INFO: Run Behavior\ReadHtmlCacheBehavior [ RunTime:0.003001s ]
INFO: Run Behavior\CheckLangBehavior [ RunTime:0.009000s ]
INFO: Run Common\Behavior\UrldecodeGetBehavior [ RunTime:0.004000s ]
INFO: [ app_begin ] --END-- [ RunTime:0.016001s ]
NOTIC: [8] Undefined index: url E:\bad\application\Common\Controller\AppframeController.class.php 第 22 行.

[ 2017-04-24T20:48:24+08:00 ] 127.0.0.1 /index.php?g=user&m=index&a=is_login
INFO: [ app_begin ] --START--
INFO: Run Behavior\ReadHtmlCacheBehavior [ RunTime:0.002000s ]
INFO: Run Behavior\CheckLangBehavior [ RunTime:0.003000s ]
INFO: Run Common\Behavior\UrldecodeGetBehavior [ RunTime:0.003000s ]
INFO: [ app_begin ] --END-- [ RunTime:0.009001s ]
NOTIC: [8] Undefined index: url E:\bad\application\Common\Controller\AppframeController.class.php 第 22 行.

[ 2017-04-24T20:48:25+08:00 ] 127.0.0.1 /index.php?g=user&m=index&a=is_login
INFO: [ app_begin ] --START--
INFO: Run Behavior\ReadHtmlCacheBehavior [ RunTime:0.002000s ]
INFO: Run Behavior\CheckLangBehavior [ RunTime:0.007000s ]
INFO: Run Common\Behavior\UrldecodeGetBehavior [ RunTime:0.003000s ]
INFO: [ app_begin ] --END-- [ RunTime:0.015001s ]
NOTIC: [8] Undefined index: url E:\bad\application\Common\Controller\AppframeController.class.php 第 22 行.

[ 2017-04-24T20:55:58+08:00 ] 127.0.0.1 /index.php?g=user&m=index&a=is_login
INFO: [ app_begin ] --START--
INFO: Run Behavior\ReadHtmlCacheBehavior [ RunTime:0.003000s ]
INFO: Run Behavior\CheckLangBehavior [ RunTime:0.006001s ]
INFO: Run Common\Behavior\UrldecodeGetBehavior [ RunTime:0.004000s ]
INFO: [ app_begin ] --END-- [ RunTime:0.014001s ]
NOTIC: [8] Undefined index: url E:\bad\application\Common\Controller\AppframeController.class.php 第 22 行.

[ 2017-04-24T20:57:42+08:00 ] 127.0.0.1 /index.php?g=user&m=index&a=is_login
INFO: [ app_begin ] --START--
INFO: Run Behavior\ReadHtmlCacheBehavior [ RunTime:0.002000s ]
INFO: Run Behavior\CheckLangBehavior [ RunTime:0.004001s ]
INFO: Run Common\Behavior\UrldecodeGetBehavior [ RunTime:0.003000s ]
INFO: [ app_begin ] --END-- [ RunTime:0.009001s ]
NOTIC: [8] Undefined index: url E:\bad\application\Common\Controller\AppframeController.class.php 第 22 行.

[ 2017-04-24T20:57:44+08:00 ] 127.0.0.1 /index.php?g=user&m=index&a=is_login
INFO: [ app_begin ] --START--
INFO: Run Behavior\ReadHtmlCacheBehavior [ RunTime:0.002000s ]
INFO: Run Behavior\CheckLangBehavior [ RunTime:0.005000s ]
INFO: Run Common\Behavior\UrldecodeGetBehavior [ RunTime:0.003000s ]
INFO: [ app_begin ] --END-- [ RunTime:0.012000s ]
NOTIC: [8] Undefined index: url E:\bad\application\Common\Controller\AppframeController.class.php 第 22 行.

[ 2017-04-24T20:57:52+08:00 ] 127.0.0.1 /index.php?g=user&m=index&a=is_login
INFO: [ app_begin ] --START--
INFO: Run Behavior\ReadHtmlCacheBehavior [ RunTime:0.002000s ]
INFO: Run Behavior\CheckLangBehavior [ RunTime:0.006000s ]
INFO: Run Common\Behavior\UrldecodeGetBehavior [ RunTime:0.004000s ]
INFO: [ app_begin ] --END-- [ RunTime:0.013000s ]
NOTIC: [8] Undefined index: url E:\bad\application\Common\Controller\AppframeController.class.php 第 22 行.

[ 2017-04-24T20:57:55+08:00 ] 127.0.0.1 /index.php?g=user&m=index&a=is_login
INFO: [ app_begin ] --START--
INFO: Run Behavior\ReadHtmlCacheBehavior [ RunTime:0.003000s ]
INFO: Run Behavior\CheckLangBehavior [ RunTime:0.005000s ]
INFO: Run Common\Behavior\UrldecodeGetBehavior [ RunTime:0.002000s ]
INFO: [ app_begin ] --END-- [ RunTime:0.010000s ]
NOTIC: [8] Undefined index: url E:\bad\application\Common\Controller\AppframeController.class.php 第 22 行.

[ 2017-04-24T20:57:58+08:00 ] 127.0.0.1 /index.php?g=user&m=index&a=is_login
INFO: [ app_begin ] --START--
INFO: Run Behavior\ReadHtmlCacheBehavior [ RunTime:0.003001s ]
INFO: Run Behavior\CheckLangBehavior [ RunTime:0.005000s ]
INFO: Run Common\Behavior\UrldecodeGetBehavior [ RunTime:0.002000s ]
INFO: [ app_begin ] --END-- [ RunTime:0.011001s ]
NOTIC: [8] Undefined index: url E:\bad\application\Common\Controller\AppframeController.class.php 第 22 行.

[ 2017-04-24T20:58:07+08:00 ] 127.0.0.1 /index.php?g=user&m=index&a=is_login
INFO: [ app_begin ] --START--
INFO: Run Behavior\ReadHtmlCacheBehavior [ RunTime:0.002000s ]
INFO: Run Behavior\CheckLangBehavior [ RunTime:0.005000s ]
INFO: Run Common\Behavior\UrldecodeGetBehavior [ RunTime:0.003001s ]
INFO: [ app_begin ] --END-- [ RunTime:0.011001s ]
NOTIC: [8] Undefined index: url E:\bad\application\Common\Controller\AppframeController.class.php 第 22 行.

[ 2017-04-24T20:58:09+08:00 ] 127.0.0.1 /index.php?g=user&m=index&a=is_login
INFO: [ app_begin ] --START--
INFO: Run Behavior\ReadHtmlCacheBehavior [ RunTime:0.002000s ]
INFO: Run Behavior\CheckLangBehavior [ RunTime:0.006000s ]
INFO: Run Common\Behavior\UrldecodeGetBehavior [ RunTime:0.003000s ]
INFO: [ app_begin ] --END-- [ RunTime:0.012000s ]
NOTIC: [8] Undefined index: url E:\bad\application\Common\Controller\AppframeController.class.php 第 22 行.

[ 2017-04-24T20:58:11+08:00 ] 127.0.0.1 /index.php?g=user&m=index&a=is_login
INFO: [ app_begin ] --START--
INFO: Run Behavior\ReadHtmlCacheBehavior [ RunTime:0.003001s ]
INFO: Run Behavior\CheckLangBehavior [ RunTime:0.007000s ]
INFO: Run Common\Behavior\UrldecodeGetBehavior [ RunTime:0.003000s ]
INFO: [ app_begin ] --END-- [ RunTime:0.014001s ]
NOTIC: [8] Undefined index: url E:\bad\application\Common\Controller\AppframeController.class.php 第 22 行.

[ 2017-04-24T20:58:49+08:00 ] 127.0.0.1 /index.php?g=user&m=index&a=is_login
INFO: [ app_begin ] --START--
INFO: Run Behavior\ReadHtmlCacheBehavior [ RunTime:0.003000s ]
INFO: Run Behavior\CheckLangBehavior [ RunTime:0.004001s ]
INFO: Run Common\Behavior\UrldecodeGetBehavior [ RunTime:0.002000s ]
INFO: [ app_begin ] --END-- [ RunTime:0.010001s ]
NOTIC: [8] Undefined index: url E:\bad\application\Common\Controller\AppframeController.class.php 第 22 行.

[ 2017-04-24T20:58:51+08:00 ] 127.0.0.1 /index.php?g=user&m=index&a=is_login
INFO: [ app_begin ] --START--
INFO: Run Behavior\ReadHtmlCacheBehavior [ RunTime:0.003000s ]
INFO: Run Behavior\CheckLangBehavior [ RunTime:0.004000s ]
INFO: Run Common\Behavior\UrldecodeGetBehavior [ RunTime:0.002001s ]
INFO: [ app_begin ] --END-- [ RunTime:0.009001s ]
NOTIC: [8] Undefined index: url E:\bad\application\Common\Controller\AppframeController.class.php 第 22 行.

[ 2017-04-24T20:59:54+08:00 ] 127.0.0.1 /index.php?g=user&m=index&a=is_login
INFO: [ app_begin ] --START--
INFO: Run Behavior\ReadHtmlCacheBehavior [ RunTime:0.003000s ]
INFO: Run Behavior\CheckLangBehavior [ RunTime:0.007000s ]
INFO: Run Common\Behavior\UrldecodeGetBehavior [ RunTime:0.003001s ]
INFO: [ app_begin ] --END-- [ RunTime:0.014001s ]
NOTIC: [8] Undefined index: url E:\bad\application\Common\Controller\AppframeController.class.php 第 22 行.

[ 2017-04-24T20:59:56+08:00 ] 127.0.0.1 /index.php?g=user&m=index&a=is_login
INFO: [ app_begin ] --START--
INFO: Run Behavior\ReadHtmlCacheBehavior [ RunTime:0.003000s ]
INFO: Run Behavior\CheckLangBehavior [ RunTime:0.007001s ]
INFO: Run Common\Behavior\UrldecodeGetBehavior [ RunTime:0.003000s ]
INFO: [ app_begin ] --END-- [ RunTime:0.013001s ]
NOTIC: [8] Undefined index: url E:\bad\application\Common\Controller\AppframeController.class.php 第 22 行.

[ 2017-04-24T20:59:59+08:00 ] 127.0.0.1 /index.php?g=user&m=index&a=is_login
INFO: [ app_begin ] --START--
INFO: Run Behavior\ReadHtmlCacheBehavior [ RunTime:0.003001s ]
INFO: Run Behavior\CheckLangBehavior [ RunTime:0.005000s ]
INFO: Run Common\Behavior\UrldecodeGetBehavior [ RunTime:0.002000s ]
INFO: [ app_begin ] --END-- [ RunTime:0.011001s ]
NOTIC: [8] Undefined index: url E:\bad\application\Common\Controller\AppframeController.class.php 第 22 行.

[ 2017-04-24T21:00:00+08:00 ] 127.0.0.1 /index.php?g=user&m=index&a=is_login
INFO: [ app_begin ] --START--
INFO: Run Behavior\ReadHtmlCacheBehavior [ RunTime:0.003000s ]
INFO: Run Behavior\CheckLangBehavior [ RunTime:0.005000s ]
INFO: Run Common\Behavior\UrldecodeGetBehavior [ RunTime:0.004001s ]
INFO: [ app_begin ] --END-- [ RunTime:0.012001s ]
NOTIC: [8] Undefined index: url E:\bad\application\Common\Controller\AppframeController.class.php 第 22 行.

[ 2017-04-24T21:00:02+08:00 ] 127.0.0.1 /index.php?g=user&m=index&a=is_login
INFO: [ app_begin ] --START--
INFO: Run Behavior\ReadHtmlCacheBehavior [ RunTime:0.002000s ]
INFO: Run Behavior\CheckLangBehavior [ RunTime:0.005001s ]
INFO: Run Common\Behavior\UrldecodeGetBehavior [ RunTime:0.003000s ]
INFO: [ app_begin ] --END-- [ RunTime:0.011001s ]
NOTIC: [8] Undefined index: url E:\bad\application\Common\Controller\AppframeController.class.php 第 22 行.

[ 2017-04-24T21:00:06+08:00 ] 127.0.0.1 /index.php?g=user&m=index&a=is_login
INFO: [ app_begin ] --START--
INFO: Run Behavior\ReadHtmlCacheBehavior [ RunTime:0.002001s ]
INFO: Run Behavior\CheckLangBehavior [ RunTime:0.007000s ]
INFO: Run Common\Behavior\UrldecodeGetBehavior [ RunTime:0.003000s ]
INFO: [ app_begin ] --END-- [ RunTime:0.013001s ]
NOTIC: [8] Undefined index: url E:\bad\application\Common\Controller\AppframeController.class.php 第 22 行.

[ 2017-04-24T21:05:13+08:00 ] 127.0.0.1 /index.php?g=user&m=index&a=is_login
INFO: [ app_begin ] --START--
INFO: Run Behavior\ReadHtmlCacheBehavior [ RunTime:0.003000s ]
INFO: Run Behavior\CheckLangBehavior [ RunTime:0.007000s ]
INFO: Run Common\Behavior\UrldecodeGetBehavior [ RunTime:0.004001s ]
INFO: [ app_begin ] --END-- [ RunTime:0.014001s ]
NOTIC: [8] Undefined index: url E:\bad\application\Common\Controller\AppframeController.class.php 第 22 行.

[ 2017-04-24T21:05:15+08:00 ] 127.0.0.1 /index.php?g=user&m=index&a=is_login
INFO: [ app_begin ] --START--
INFO: Run Behavior\ReadHtmlCacheBehavior [ RunTime:0.002000s ]
INFO: Run Behavior\CheckLangBehavior [ RunTime:0.006001s ]
INFO: Run Common\Behavior\UrldecodeGetBehavior [ RunTime:0.003000s ]
INFO: [ app_begin ] --END-- [ RunTime:0.012001s ]
NOTIC: [8] Undefined index: url E:\bad\application\Common\Controller\AppframeController.class.php 第 22 行.

[ 2017-04-24T21:05:25+08:00 ] 127.0.0.1 /index.php?g=user&m=index&a=is_login
INFO: [ app_begin ] --START--
INFO: Run Behavior\ReadHtmlCacheBehavior [ RunTime:0.002000s ]
INFO: Run Behavior\CheckLangBehavior [ RunTime:0.006000s ]
INFO: Run Common\Behavior\UrldecodeGetBehavior [ RunTime:0.003000s ]
INFO: [ app_begin ] --END-- [ RunTime:0.011000s ]
NOTIC: [8] Undefined index: url E:\bad\application\Common\Controller\AppframeController.class.php 第 22 行.

[ 2017-04-24T21:07:50+08:00 ] 127.0.0.1 /index.php?g=user&m=index&a=is_login
INFO: [ app_begin ] --START--
INFO: Run Behavior\ReadHtmlCacheBehavior [ RunTime:0.002000s ]
INFO: Run Behavior\CheckLangBehavior [ RunTime:0.004001s ]
INFO: Run Common\Behavior\UrldecodeGetBehavior [ RunTime:0.003000s ]
INFO: [ app_begin ] --END-- [ RunTime:0.010001s ]
NOTIC: [8] Undefined index: url E:\bad\application\Common\Controller\AppframeController.class.php 第 22 行.

[ 2017-04-24T21:07:52+08:00 ] 127.0.0.1 /index.php?g=user&m=index&a=is_login
INFO: [ app_begin ] --START--
INFO: Run Behavior\ReadHtmlCacheBehavior [ RunTime:0.004001s ]
INFO: Run Behavior\CheckLangBehavior [ RunTime:0.005000s ]
INFO: Run Common\Behavior\UrldecodeGetBehavior [ RunTime:0.004000s ]
INFO: [ app_begin ] --END-- [ RunTime:0.013001s ]
NOTIC: [8] Undefined index: url E:\bad\application\Common\Controller\AppframeController.class.php 第 22 行.

[ 2017-04-24T21:07:56+08:00 ] 127.0.0.1 /index.php?g=user&m=index&a=is_login
INFO: [ app_begin ] --START--
INFO: Run Behavior\ReadHtmlCacheBehavior [ RunTime:0.002000s ]
INFO: Run Behavior\CheckLangBehavior [ RunTime:0.006001s ]
INFO: Run Common\Behavior\UrldecodeGetBehavior [ RunTime:0.002000s ]
INFO: [ app_begin ] --END-- [ RunTime:0.011001s ]
NOTIC: [8] Undefined index: url E:\bad\application\Common\Controller\AppframeController.class.php 第 22 行.

[ 2017-04-24T21:07:59+08:00 ] 127.0.0.1 /index.php?g=user&m=index&a=is_login
INFO: [ app_begin ] --START--
INFO: Run Behavior\ReadHtmlCacheBehavior [ RunTime:0.003000s ]
INFO: Run Behavior\CheckLangBehavior [ RunTime:0.006000s ]
INFO: Run Common\Behavior\UrldecodeGetBehavior [ RunTime:0.003000s ]
INFO: [ app_begin ] --END-- [ RunTime:0.012000s ]
NOTIC: [8] Undefined index: url E:\bad\application\Common\Controller\AppframeController.class.php 第 22 行.

[ 2017-04-24T21:09:48+08:00 ] 127.0.0.1 /index.php?g=user&m=index&a=is_login
INFO: [ app_begin ] --START--
INFO: Run Behavior\ReadHtmlCacheBehavior [ RunTime:0.005000s ]
INFO: Run Behavior\CheckLangBehavior [ RunTime:0.006001s ]
INFO: Run Common\Behavior\UrldecodeGetBehavior [ RunTime:0.003000s ]
INFO: [ app_begin ] --END-- [ RunTime:0.015001s ]
NOTIC: [8] Undefined index: url E:\bad\application\Common\Controller\AppframeController.class.php 第 22 行.

[ 2017-04-24T21:09:50+08:00 ] 127.0.0.1 /index.php?g=user&m=index&a=is_login
INFO: [ app_begin ] --START--
INFO: Run Behavior\ReadHtmlCacheBehavior [ RunTime:0.003000s ]
INFO: Run Behavior\CheckLangBehavior [ RunTime:0.006001s ]
INFO: Run Common\Behavior\UrldecodeGetBehavior [ RunTime:0.003000s ]
INFO: [ app_begin ] --END-- [ RunTime:0.013001s ]
NOTIC: [8] Undefined index: url E:\bad\application\Common\Controller\AppframeController.class.php 第 22 行.

[ 2017-04-24T21:09:54+08:00 ] 127.0.0.1 /index.php?g=user&m=index&a=is_login
INFO: [ app_begin ] --START--
INFO: Run Behavior\ReadHtmlCacheBehavior [ RunTime:0.003001s ]
INFO: Run Behavior\CheckLangBehavior [ RunTime:0.006000s ]
INFO: Run Common\Behavior\UrldecodeGetBehavior [ RunTime:0.003000s ]
INFO: [ app_begin ] --END-- [ RunTime:0.013001s ]
NOTIC: [8] Undefined index: url E:\bad\application\Common\Controller\AppframeController.class.php 第 22 行.

[ 2017-04-24T21:09:58+08:00 ] 127.0.0.1 /index.php?g=user&m=index&a=is_login
INFO: [ app_begin ] --START--
INFO: Run Behavior\ReadHtmlCacheBehavior [ RunTime:0.001000s ]
INFO: Run Behavior\CheckLangBehavior [ RunTime:0.005000s ]
INFO: Run Common\Behavior\UrldecodeGetBehavior [ RunTime:0.003001s ]
INFO: [ app_begin ] --END-- [ RunTime:0.009001s ]
NOTIC: [8] Undefined index: url E:\bad\application\Common\Controller\AppframeController.class.php 第 22 行.

[ 2017-04-24T21:12:34+08:00 ] 127.0.0.1 /index.php?g=user&m=index&a=is_login
INFO: [ app_begin ] --START--
INFO: Run Behavior\ReadHtmlCacheBehavior [ RunTime:0.002000s ]
INFO: Run Behavior\CheckLangBehavior [ RunTime:0.008000s ]
INFO: Run Common\Behavior\UrldecodeGetBehavior [ RunTime:0.006001s ]
INFO: [ app_begin ] --END-- [ RunTime:0.018001s ]
NOTIC: [8] Undefined index: url E:\bad\application\Common\Controller\AppframeController.class.php 第 22 行.

[ 2017-04-24T21:12:35+08:00 ] 127.0.0.1 /index.php?g=user&m=index&a=is_login
INFO: [ app_begin ] --START--
INFO: Run Behavior\ReadHtmlCacheBehavior [ RunTime:0.004001s ]
INFO: Run Behavior\CheckLangBehavior [ RunTime:0.005000s ]
INFO: Run Common\Behavior\UrldecodeGetBehavior [ RunTime:0.001000s ]
INFO: [ app_begin ] --END-- [ RunTime:0.011001s ]
NOTIC: [8] Undefined index: url E:\bad\application\Common\Controller\AppframeController.class.php 第 22 行.

[ 2017-04-24T21:12:42+08:00 ] 127.0.0.1 /index.php?g=user&m=index&a=is_login
INFO: [ app_begin ] --START--
INFO: Run Behavior\ReadHtmlCacheBehavior [ RunTime:0.002000s ]
INFO: Run Behavior\CheckLangBehavior [ RunTime:0.006000s ]
INFO: Run Common\Behavior\UrldecodeGetBehavior [ RunTime:0.002000s ]
INFO: [ app_begin ] --END-- [ RunTime:0.012001s ]
NOTIC: [8] Undefined index: url E:\bad\application\Common\Controller\AppframeController.class.php 第 22 行.

[ 2017-04-24T21:12:44+08:00 ] 127.0.0.1 /index.php?g=user&m=index&a=is_login
INFO: [ app_begin ] --START--
INFO: Run Behavior\ReadHtmlCacheBehavior [ RunTime:0.002000s ]
INFO: Run Behavior\CheckLangBehavior [ RunTime:0.005000s ]
INFO: Run Common\Behavior\UrldecodeGetBehavior [ RunTime:0.003001s ]
INFO: [ app_begin ] --END-- [ RunTime:0.012001s ]
NOTIC: [8] Undefined index: url E:\bad\application\Common\Controller\AppframeController.class.php 第 22 行.

[ 2017-04-24T21:12:46+08:00 ] 127.0.0.1 /index.php?g=user&m=index&a=is_login
INFO: [ app_begin ] --START--
INFO: Run Behavior\ReadHtmlCacheBehavior [ RunTime:0.002000s ]
INFO: Run Behavior\CheckLangBehavior [ RunTime:0.005001s ]
INFO: Run Common\Behavior\UrldecodeGetBehavior [ RunTime:0.003000s ]
INFO: [ app_begin ] --END-- [ RunTime:0.011001s ]
NOTIC: [8] Undefined index: url E:\bad\application\Common\Controller\AppframeController.class.php 第 22 行.

[ 2017-04-24T21:12:48+08:00 ] 127.0.0.1 /index.php?g=user&m=index&a=is_login
INFO: [ app_begin ] --START--
INFO: Run Behavior\ReadHtmlCacheBehavior [ RunTime:0.003000s ]
INFO: Run Behavior\CheckLangBehavior [ RunTime:0.006001s ]
INFO: Run Common\Behavior\UrldecodeGetBehavior [ RunTime:0.004000s ]
INFO: [ app_begin ] --END-- [ RunTime:0.014001s ]
NOTIC: [8] Undefined index: url E:\bad\application\Common\Controller\AppframeController.class.php 第 22 行.

[ 2017-04-24T21:13:12+08:00 ] 127.0.0.1 /index.php?g=user&m=index&a=is_login
INFO: [ app_begin ] --START--
INFO: Run Behavior\ReadHtmlCacheBehavior [ RunTime:0.003001s ]
INFO: Run Behavior\CheckLangBehavior [ RunTime:0.005000s ]
INFO: Run Common\Behavior\UrldecodeGetBehavior [ RunTime:0.002000s ]
INFO: [ app_begin ] --END-- [ RunTime:0.011001s ]
NOTIC: [8] Undefined index: url E:\bad\application\Common\Controller\AppframeController.class.php 第 22 行.

[ 2017-04-24T21:13:19+08:00 ] 127.0.0.1 /index.php?g=user&m=index&a=is_login
INFO: [ app_begin ] --START--
INFO: Run Behavior\ReadHtmlCacheBehavior [ RunTime:0.003000s ]
INFO: Run Behavior\CheckLangBehavior [ RunTime:0.005000s ]
INFO: Run Common\Behavior\UrldecodeGetBehavior [ RunTime:0.003000s ]
INFO: [ app_begin ] --END-- [ RunTime:0.012000s ]
NOTIC: [8] Undefined index: url E:\bad\application\Common\Controller\AppframeController.class.php 第 22 行.

[ 2017-04-24T21:13:23+08:00 ] 127.0.0.1 /index.php?g=user&m=index&a=is_login
INFO: [ app_begin ] --START--
INFO: Run Behavior\ReadHtmlCacheBehavior [ RunTime:0.004000s ]
INFO: Run Behavior\CheckLangBehavior [ RunTime:0.007000s ]
INFO: Run Common\Behavior\UrldecodeGetBehavior [ RunTime:0.002000s ]
INFO: [ app_begin ] --END-- [ RunTime:0.015000s ]
NOTIC: [8] Undefined index: url E:\bad\application\Common\Controller\AppframeController.class.php 第 22 行.

[ 2017-04-24T21:13:53+08:00 ] 127.0.0.1 /index.php?g=user&m=index&a=is_login
INFO: [ app_begin ] --START--
INFO: Run Behavior\ReadHtmlCacheBehavior [ RunTime:0.003001s ]
INFO: Run Behavior\CheckLangBehavior [ RunTime:0.005000s ]
INFO: Run Common\Behavior\UrldecodeGetBehavior [ RunTime:0.002000s ]
INFO: [ app_begin ] --END-- [ RunTime:0.011001s ]
NOTIC: [8] Undefined index: url E:\bad\application\Common\Controller\AppframeController.class.php 第 22 行.

[ 2017-04-24T21:13:57+08:00 ] 127.0.0.1 /index.php?g=user&m=index&a=is_login
INFO: [ app_begin ] --START--
INFO: Run Behavior\ReadHtmlCacheBehavior [ RunTime:0.002000s ]
INFO: Run Behavior\CheckLangBehavior [ RunTime:0.007000s ]
INFO: Run Common\Behavior\UrldecodeGetBehavior [ RunTime:0.004000s ]
INFO: [ app_begin ] --END-- [ RunTime:0.013000s ]
NOTIC: [8] Undefined index: url E:\bad\application\Common\Controller\AppframeController.class.php 第 22 行.

[ 2017-04-24T21:14:00+08:00 ] 127.0.0.1 /index.php?g=user&m=index&a=is_login
INFO: [ app_begin ] --START--
INFO: Run Behavior\ReadHtmlCacheBehavior [ RunTime:0.004000s ]
INFO: Run Behavior\CheckLangBehavior [ RunTime:0.005000s ]
INFO: Run Common\Behavior\UrldecodeGetBehavior [ RunTime:0.003000s ]
INFO: [ app_begin ] --END-- [ RunTime:0.013000s ]
NOTIC: [8] Undefined index: url E:\bad\application\Common\Controller\AppframeController.class.php 第 22 行.

[ 2017-04-24T21:16:56+08:00 ] 127.0.0.1 /index.php?g=user&m=index&a=is_login
INFO: [ app_begin ] --START--
INFO: Run Behavior\ReadHtmlCacheBehavior [ RunTime:0.003000s ]
INFO: Run Behavior\CheckLangBehavior [ RunTime:0.007001s ]
INFO: Run Common\Behavior\UrldecodeGetBehavior [ RunTime:0.003000s ]
INFO: [ app_begin ] --END-- [ RunTime:0.014001s ]
NOTIC: [8] Undefined index: url E:\bad\application\Common\Controller\AppframeController.class.php 第 22 行.

[ 2017-04-24T21:16:58+08:00 ] 127.0.0.1 /index.php?g=user&m=index&a=is_login
INFO: [ app_begin ] --START--
INFO: Run Behavior\ReadHtmlCacheBehavior [ RunTime:0.002000s ]
INFO: Run Behavior\CheckLangBehavior [ RunTime:0.006000s ]
INFO: Run Common\Behavior\UrldecodeGetBehavior [ RunTime:0.003001s ]
INFO: [ app_begin ] --END-- [ RunTime:0.012001s ]
NOTIC: [8] Undefined index: url E:\bad\application\Common\Controller\AppframeController.class.php 第 22 行.

[ 2017-04-24T21:17:00+08:00 ] 127.0.0.1 /index.php?g=user&m=index&a=is_login
INFO: [ app_begin ] --START--
INFO: Run Behavior\ReadHtmlCacheBehavior [ RunTime:0.002000s ]
INFO: Run Behavior\CheckLangBehavior [ RunTime:0.005001s ]
INFO: Run Common\Behavior\UrldecodeGetBehavior [ RunTime:0.003000s ]
INFO: [ app_begin ] --END-- [ RunTime:0.011001s ]
NOTIC: [8] Undefined index: url E:\bad\application\Common\Controller\AppframeController.class.php 第 22 行.

[ 2017-04-24T21:17:02+08:00 ] 127.0.0.1 /index.php?g=user&m=index&a=is_login
INFO: [ app_begin ] --START--
INFO: Run Behavior\ReadHtmlCacheBehavior [ RunTime:0.006000s ]
INFO: Run Behavior\CheckLangBehavior [ RunTime:0.005001s ]
INFO: Run Common\Behavior\UrldecodeGetBehavior [ RunTime:0.003000s ]
INFO: [ app_begin ] --END-- [ RunTime:0.016001s ]
NOTIC: [8] Undefined index: url E:\bad\application\Common\Controller\AppframeController.class.php 第 22 行.

[ 2017-04-24T21:17:06+08:00 ] 127.0.0.1 /index.php?g=user&m=index&a=is_login
INFO: [ app_begin ] --START--
INFO: Run Behavior\ReadHtmlCacheBehavior [ RunTime:0.002000s ]
INFO: Run Behavior\CheckLangBehavior [ RunTime:0.007000s ]
INFO: Run Common\Behavior\UrldecodeGetBehavior [ RunTime:0.003001s ]
INFO: [ app_begin ] --END-- [ RunTime:0.013001s ]
NOTIC: [8] Undefined index: url E:\bad\application\Common\Controller\AppframeController.class.php 第 22 行.

[ 2017-04-24T21:28:19+08:00 ] 127.0.0.1 /index.php?g=user&m=index&a=is_login
INFO: [ app_begin ] --START--
INFO: Run Behavior\ReadHtmlCacheBehavior [ RunTime:0.003000s ]
INFO: Run Behavior\CheckLangBehavior [ RunTime:0.008000s ]
INFO: Run Common\Behavior\UrldecodeGetBehavior [ RunTime:0.004000s ]
INFO: [ app_begin ] --END-- [ RunTime:0.017001s ]
NOTIC: [8] Undefined index: url E:\bad\application\Common\Controller\AppframeController.class.php 第 22 行.

[ 2017-04-24T21:28:22+08:00 ] 127.0.0.1 /index.php?g=user&m=index&a=is_login
INFO: [ app_begin ] --START--
INFO: Run Behavior\ReadHtmlCacheBehavior [ RunTime:0.002000s ]
INFO: Run Behavior\CheckLangBehavior [ RunTime:0.006000s ]
INFO: Run Common\Behavior\UrldecodeGetBehavior [ RunTime:0.003001s ]
INFO: [ app_begin ] --END-- [ RunTime:0.012001s ]
NOTIC: [8] Undefined index: url E:\bad\application\Common\Controller\AppframeController.class.php 第 22 行.

[ 2017-04-24T21:28:51+08:00 ] 127.0.0.1 /index.php?g=user&m=index&a=is_login
INFO: [ app_begin ] --START--
INFO: Run Behavior\ReadHtmlCacheBehavior [ RunTime:0.003000s ]
INFO: Run Behavior\CheckLangBehavior [ RunTime:0.005000s ]
INFO: Run Common\Behavior\UrldecodeGetBehavior [ RunTime:0.002000s ]
INFO: [ app_begin ] --END-- [ RunTime:0.011000s ]
NOTIC: [8] Undefined index: url E:\bad\application\Common\Controller\AppframeController.class.php 第 22 行.

[ 2017-04-24T21:28:55+08:00 ] 127.0.0.1 /index.php?g=user&m=index&a=is_login
INFO: [ app_begin ] --START--
INFO: Run Behavior\ReadHtmlCacheBehavior [ RunTime:0.003000s ]
INFO: Run Behavior\CheckLangBehavior [ RunTime:0.006001s ]
INFO: Run Common\Behavior\UrldecodeGetBehavior [ RunTime:0.004000s ]
INFO: [ app_begin ] --END-- [ RunTime:0.014001s ]
NOTIC: [8] Undefined index: url E:\bad\application\Common\Controller\AppframeController.class.php 第 22 行.

[ 2017-04-24T21:30:41+08:00 ] 127.0.0.1 /index.php?g=user&m=index&a=is_login
INFO: [ app_begin ] --START--
INFO: Run Behavior\ReadHtmlCacheBehavior [ RunTime:0.002001s ]
INFO: Run Behavior\CheckLangBehavior [ RunTime:0.007000s ]
INFO: Run Common\Behavior\UrldecodeGetBehavior [ RunTime:0.004000s ]
INFO: [ app_begin ] --END-- [ RunTime:0.014001s ]
NOTIC: [8] Undefined index: url E:\bad\application\Common\Controller\AppframeController.class.php 第 22 行.

[ 2017-04-24T21:30:43+08:00 ] 127.0.0.1 /index.php?g=user&m=index&a=is_login
INFO: [ app_begin ] --START--
INFO: Run Behavior\ReadHtmlCacheBehavior [ RunTime:0.002000s ]
INFO: Run Behavior\CheckLangBehavior [ RunTime:0.006000s ]
INFO: Run Common\Behavior\UrldecodeGetBehavior [ RunTime:0.003000s ]
INFO: [ app_begin ] --END-- [ RunTime:0.012000s ]
NOTIC: [8] Undefined index: url E:\bad\application\Common\Controller\AppframeController.class.php 第 22 行.

[ 2017-04-24T21:31:07+08:00 ] 127.0.0.1 /index.php?g=user&m=index&a=is_login
INFO: [ app_begin ] --START--
INFO: Run Behavior\ReadHtmlCacheBehavior [ RunTime:0.001000s ]
INFO: Run Behavior\CheckLangBehavior [ RunTime:0.006001s ]
INFO: Run Common\Behavior\UrldecodeGetBehavior [ RunTime:0.003000s ]
INFO: [ app_begin ] --END-- [ RunTime:0.011001s ]
NOTIC: [8] Undefined index: url E:\bad\application\Common\Controller\AppframeController.class.php 第 22 行.

[ 2017-04-24T21:31:12+08:00 ] 127.0.0.1 /index.php?g=user&m=index&a=is_login
INFO: [ app_begin ] --START--
INFO: Run Behavior\ReadHtmlCacheBehavior [ RunTime:0.002001s ]
INFO: Run Behavior\CheckLangBehavior [ RunTime:0.004000s ]
INFO: Run Common\Behavior\UrldecodeGetBehavior [ RunTime:0.002000s ]
INFO: [ app_begin ] --END-- [ RunTime:0.009001s ]
NOTIC: [8] Undefined index: url E:\bad\application\Common\Controller\AppframeController.class.php 第 22 行.

[ 2017-04-24T21:32:03+08:00 ] 127.0.0.1 /index.php?g=user&m=index&a=is_login
INFO: [ app_begin ] --START--
INFO: Run Behavior\ReadHtmlCacheBehavior [ RunTime:0.002000s ]
INFO: Run Behavior\CheckLangBehavior [ RunTime:0.007001s ]
INFO: Run Common\Behavior\UrldecodeGetBehavior [ RunTime:0.003000s ]
INFO: [ app_begin ] --END-- [ RunTime:0.014001s ]
NOTIC: [8] Undefined index: url E:\bad\application\Common\Controller\AppframeController.class.php 第 22 行.

[ 2017-04-24T21:32:06+08:00 ] 127.0.0.1 /index.php?g=user&m=index&a=is_login
INFO: [ app_begin ] --START--
INFO: Run Behavior\ReadHtmlCacheBehavior [ RunTime:0.002000s ]
INFO: Run Behavior\CheckLangBehavior [ RunTime:0.006001s ]
INFO: Run Common\Behavior\UrldecodeGetBehavior [ RunTime:0.002000s ]
INFO: [ app_begin ] --END-- [ RunTime:0.012001s ]
NOTIC: [8] Undefined index: url E:\bad\application\Common\Controller\AppframeController.class.php 第 22 行.

[ 2017-04-24T21:33:12+08:00 ] 127.0.0.1 /index.php?g=user&m=index&a=is_login
INFO: [ app_begin ] --START--
INFO: Run Behavior\ReadHtmlCacheBehavior [ RunTime:0.004000s ]
INFO: Run Behavior\CheckLangBehavior [ RunTime:0.008001s ]
INFO: Run Common\Behavior\UrldecodeGetBehavior [ RunTime:0.003000s ]
INFO: [ app_begin ] --END-- [ RunTime:0.015001s ]
NOTIC: [8] Undefined index: url E:\bad\application\Common\Controller\AppframeController.class.php 第 22 行.

[ 2017-04-24T22:00:14+08:00 ] 127.0.0.1 /index.php?g=user&m=index&a=is_login
INFO: [ app_begin ] --START--
INFO: Run Behavior\ReadHtmlCacheBehavior [ RunTime:0.002000s ]
INFO: Run Behavior\CheckLangBehavior [ RunTime:0.006001s ]
INFO: Run Common\Behavior\UrldecodeGetBehavior [ RunTime:0.006000s ]
INFO: [ app_begin ] --END-- [ RunTime:0.015001s ]
NOTIC: [8] Undefined index: url E:\bad\application\Common\Controller\AppframeController.class.php 第 22 行.

[ 2017-04-24T22:04:56+08:00 ] 127.0.0.1 /index.php?g=user&m=index&a=is_login
INFO: [ app_begin ] --START--
INFO: Run Behavior\ReadHtmlCacheBehavior [ RunTime:0.002000s ]
INFO: Run Behavior\CheckLangBehavior [ RunTime:0.005000s ]
INFO: Run Common\Behavior\UrldecodeGetBehavior [ RunTime:0.002000s ]
INFO: [ app_begin ] --END-- [ RunTime:0.010001s ]
NOTIC: [8] Undefined index: url E:\bad\application\Common\Controller\AppframeController.class.php 第 22 行.

[ 2017-04-24T22:05:00+08:00 ] 127.0.0.1 /index.php?g=user&m=index&a=is_login
INFO: [ app_begin ] --START--
INFO: Run Behavior\ReadHtmlCacheBehavior [ RunTime:0.003000s ]
INFO: Run Behavior\CheckLangBehavior [ RunTime:0.008000s ]
INFO: Run Common\Behavior\UrldecodeGetBehavior [ RunTime:0.002000s ]
INFO: [ app_begin ] --END-- [ RunTime:0.013000s ]
NOTIC: [8] Undefined index: url E:\bad\application\Common\Controller\AppframeController.class.php 第 22 行.

[ 2017-04-24T22:06:52+08:00 ] 127.0.0.1 /index.php?g=user&m=index&a=is_login
INFO: [ app_begin ] --START--
INFO: Run Behavior\ReadHtmlCacheBehavior [ RunTime:0.003000s ]
INFO: Run Behavior\CheckLangBehavior [ RunTime:0.006001s ]
INFO: Run Common\Behavior\UrldecodeGetBehavior [ RunTime:0.003000s ]
INFO: [ app_begin ] --END-- [ RunTime:0.012001s ]
NOTIC: [8] Undefined index: url E:\bad\application\Common\Controller\AppframeController.class.php 第 22 行.

[ 2017-04-24T22:08:42+08:00 ] 127.0.0.1 /index.php?g=user&m=index&a=is_login
INFO: [ app_begin ] --START--
INFO: Run Behavior\ReadHtmlCacheBehavior [ RunTime:0.003000s ]
INFO: Run Behavior\CheckLangBehavior [ RunTime:0.007000s ]
INFO: Run Common\Behavior\UrldecodeGetBehavior [ RunTime:0.003000s ]
INFO: [ app_begin ] --END-- [ RunTime:0.013000s ]
NOTIC: [8] Undefined index: url E:\bad\application\Common\Controller\AppframeController.class.php 第 22 行.

[ 2017-04-24T22:08:50+08:00 ] 127.0.0.1 /index.php?g=user&m=index&a=is_login
INFO: [ app_begin ] --START--
INFO: Run Behavior\ReadHtmlCacheBehavior [ RunTime:0.002000s ]
INFO: Run Behavior\CheckLangBehavior [ RunTime:0.004000s ]
INFO: Run Common\Behavior\UrldecodeGetBehavior [ RunTime:0.004000s ]
INFO: [ app_begin ] --END-- [ RunTime:0.011000s ]
NOTIC: [8] Undefined index: url E:\bad\application\Common\Controller\AppframeController.class.php 第 22 行.

[ 2017-04-24T22:09:16+08:00 ] 127.0.0.1 /index.php?g=user&m=index&a=is_login
INFO: [ app_begin ] --START--
INFO: Run Behavior\ReadHtmlCacheBehavior [ RunTime:0.002000s ]
INFO: Run Behavior\CheckLangBehavior [ RunTime:0.004000s ]
INFO: Run Common\Behavior\UrldecodeGetBehavior [ RunTime:0.002000s ]
INFO: [ app_begin ] --END-- [ RunTime:0.009000s ]
NOTIC: [8] Undefined index: url E:\bad\application\Common\Controller\AppframeController.class.php 第 22 行.

[ 2017-04-24T22:09:47+08:00 ] 127.0.0.1 /index.php?g=user&m=index&a=is_login
INFO: [ app_begin ] --START--
INFO: Run Behavior\ReadHtmlCacheBehavior [ RunTime:0.002000s ]
INFO: Run Behavior\CheckLangBehavior [ RunTime:0.005000s ]
INFO: Run Common\Behavior\UrldecodeGetBehavior [ RunTime:0.003000s ]
INFO: [ app_begin ] --END-- [ RunTime:0.010000s ]
NOTIC: [8] Undefined index: url E:\bad\application\Common\Controller\AppframeController.class.php 第 22 行.

[ 2017-04-24T22:09:48+08:00 ] 127.0.0.1 /index.php?g=user&m=index&a=is_login
INFO: [ app_begin ] --START--
INFO: Run Behavior\ReadHtmlCacheBehavior [ RunTime:0.003000s ]
INFO: Run Behavior\CheckLangBehavior [ RunTime:0.006001s ]
INFO: Run Common\Behavior\UrldecodeGetBehavior [ RunTime:0.003000s ]
INFO: [ app_begin ] --END-- [ RunTime:0.012001s ]
NOTIC: [8] Undefined index: url E:\bad\application\Common\Controller\AppframeController.class.php 第 22 行.

[ 2017-04-24T22:09:52+08:00 ] 127.0.0.1 /index.php?g=user&m=index&a=is_login
INFO: [ app_begin ] --START--
INFO: Run Behavior\ReadHtmlCacheBehavior [ RunTime:0.003000s ]
INFO: Run Behavior\CheckLangBehavior [ RunTime:0.007000s ]
INFO: Run Common\Behavior\UrldecodeGetBehavior [ RunTime:0.002000s ]
INFO: [ app_begin ] --END-- [ RunTime:0.013000s ]
NOTIC: [8] Undefined index: url E:\bad\application\Common\Controller\AppframeController.class.php 第 22 行.

[ 2017-04-24T22:09:53+08:00 ] 127.0.0.1 /index.php?g=user&m=index&a=is_login
INFO: [ app_begin ] --START--
INFO: Run Behavior\ReadHtmlCacheBehavior [ RunTime:0.002000s ]
INFO: Run Behavior\CheckLangBehavior [ RunTime:0.005000s ]
INFO: Run Common\Behavior\UrldecodeGetBehavior [ RunTime:0.003000s ]
INFO: [ app_begin ] --END-- [ RunTime:0.011000s ]
NOTIC: [8] Undefined index: url E:\bad\application\Common\Controller\AppframeController.class.php 第 22 行.

[ 2017-04-24T22:09:53+08:00 ] 127.0.0.1 /index.php?g=user&m=index&a=is_login
INFO: [ app_begin ] --START--
INFO: Run Behavior\ReadHtmlCacheBehavior [ RunTime:0.003000s ]
INFO: Run Behavior\CheckLangBehavior [ RunTime:0.005000s ]
INFO: Run Common\Behavior\UrldecodeGetBehavior [ RunTime:0.010001s ]
INFO: [ app_begin ] --END-- [ RunTime:0.019001s ]
NOTIC: [8] Undefined index: url E:\bad\application\Common\Controller\AppframeController.class.php 第 22 行.

[ 2017-04-24T22:09:54+08:00 ] 127.0.0.1 /index.php?g=user&m=index&a=is_login
INFO: [ app_begin ] --START--
INFO: Run Behavior\ReadHtmlCacheBehavior [ RunTime:0.001001s ]
INFO: Run Behavior\CheckLangBehavior [ RunTime:0.003000s ]
INFO: Run Common\Behavior\UrldecodeGetBehavior [ RunTime:0.004000s ]
INFO: [ app_begin ] --END-- [ RunTime:0.010001s ]
NOTIC: [8] Undefined index: url E:\bad\application\Common\Controller\AppframeController.class.php 第 22 行.

[ 2017-04-24T22:11:05+08:00 ] 127.0.0.1 /index.php?g=user&m=index&a=is_login
INFO: [ app_begin ] --START--
INFO: Run Behavior\ReadHtmlCacheBehavior [ RunTime:0.003000s ]
INFO: Run Behavior\CheckLangBehavior [ RunTime:0.005000s ]
INFO: Run Common\Behavior\UrldecodeGetBehavior [ RunTime:0.003001s ]
INFO: [ app_begin ] --END-- [ RunTime:0.012001s ]
NOTIC: [8] Undefined index: url E:\bad\application\Common\Controller\AppframeController.class.php 第 22 行.

[ 2017-04-24T22:11:08+08:00 ] 127.0.0.1 /index.php?g=user&m=index&a=is_login
INFO: [ app_begin ] --START--
INFO: Run Behavior\ReadHtmlCacheBehavior [ RunTime:0.002000s ]
INFO: Run Behavior\CheckLangBehavior [ RunTime:0.004000s ]
INFO: Run Common\Behavior\UrldecodeGetBehavior [ RunTime:0.002000s ]
INFO: [ app_begin ] --END-- [ RunTime:0.008000s ]
NOTIC: [8] Undefined index: url E:\bad\application\Common\Controller\AppframeController.class.php 第 22 行.

[ 2017-04-24T22:17:37+08:00 ] 127.0.0.1 /index.php?g=user&m=index&a=is_login
INFO: [ app_begin ] --START--
INFO: Run Behavior\ReadHtmlCacheBehavior [ RunTime:0.003000s ]
INFO: Run Behavior\CheckLangBehavior [ RunTime:0.006001s ]
INFO: Run Common\Behavior\UrldecodeGetBehavior [ RunTime:0.003000s ]
INFO: [ app_begin ] --END-- [ RunTime:0.014001s ]
NOTIC: [8] Undefined index: url E:\bad\application\Common\Controller\AppframeController.class.php 第 22 行.

[ 2017-04-24T22:17:40+08:00 ] 127.0.0.1 /index.php?g=user&m=index&a=is_login
INFO: [ app_begin ] --START--
INFO: Run Behavior\ReadHtmlCacheBehavior [ RunTime:0.001000s ]
INFO: Run Behavior\CheckLangBehavior [ RunTime:0.007000s ]
INFO: Run Common\Behavior\UrldecodeGetBehavior [ RunTime:0.003000s ]
INFO: [ app_begin ] --END-- [ RunTime:0.012000s ]
NOTIC: [8] Undefined index: url E:\bad\application\Common\Controller\AppframeController.class.php 第 22 行.

[ 2017-04-24T22:17:45+08:00 ] 127.0.0.1 /index.php?g=user&m=index&a=is_login
INFO: [ app_begin ] --START--
INFO: Run Behavior\ReadHtmlCacheBehavior [ RunTime:0.002000s ]
INFO: Run Behavior\CheckLangBehavior [ RunTime:0.007001s ]
INFO: Run Common\Behavior\UrldecodeGetBehavior [ RunTime:0.003000s ]
INFO: [ app_begin ] --END-- [ RunTime:0.013001s ]
NOTIC: [8] Undefined index: url E:\bad\application\Common\Controller\AppframeController.class.php 第 22 行.

[ 2017-04-24T22:18:15+08:00 ] 127.0.0.1 /index.php?g=user&m=index&a=is_login
INFO: [ app_begin ] --START--
INFO: Run Behavior\ReadHtmlCacheBehavior [ RunTime:0.003000s ]
INFO: Run Behavior\CheckLangBehavior [ RunTime:0.008000s ]
INFO: Run Common\Behavior\UrldecodeGetBehavior [ RunTime:0.005001s ]
INFO: [ app_begin ] --END-- [ RunTime:0.017001s ]
NOTIC: [8] Undefined index: url E:\bad\application\Common\Controller\AppframeController.class.php 第 22 行.

[ 2017-04-24T22:22:25+08:00 ] 127.0.0.1 /index.php?g=user&m=index&a=is_login
INFO: [ app_begin ] --START--
INFO: Run Behavior\ReadHtmlCacheBehavior [ RunTime:0.005000s ]
INFO: Run Behavior\CheckLangBehavior [ RunTime:0.011001s ]
INFO: Run Common\Behavior\UrldecodeGetBehavior [ RunTime:0.004000s ]
INFO: [ app_begin ] --END-- [ RunTime:0.020001s ]
NOTIC: [8] Undefined index: url E:\bad\application\Common\Controller\AppframeController.class.php 第 22 行.

[ 2017-04-24T22:22:31+08:00 ] 127.0.0.1 /index.php?g=user&m=index&a=is_login
INFO: [ app_begin ] --START--
INFO: Run Behavior\ReadHtmlCacheBehavior [ RunTime:0.004000s ]
INFO: Run Behavior\CheckLangBehavior [ RunTime:0.006000s ]
INFO: Run Common\Behavior\UrldecodeGetBehavior [ RunTime:0.003000s ]
INFO: [ app_begin ] --END-- [ RunTime:0.015001s ]
NOTIC: [8] Undefined index: url E:\bad\application\Common\Controller\AppframeController.class.php 第 22 行.

[ 2017-04-24T22:22:33+08:00 ] 127.0.0.1 /index.php?g=user&m=index&a=is_login
INFO: [ app_begin ] --START--
INFO: Run Behavior\ReadHtmlCacheBehavior [ RunTime:0.002001s ]
INFO: Run Behavior\CheckLangBehavior [ RunTime:0.006000s ]
INFO: Run Common\Behavior\UrldecodeGetBehavior [ RunTime:0.002000s ]
INFO: [ app_begin ] --END-- [ RunTime:0.011001s ]
NOTIC: [8] Undefined index: url E:\bad\application\Common\Controller\AppframeController.class.php 第 22 行.

[ 2017-04-24T22:22:35+08:00 ] 127.0.0.1 /index.php?g=user&m=index&a=is_login
INFO: [ app_begin ] --START--
INFO: Run Behavior\ReadHtmlCacheBehavior [ RunTime:0.002000s ]
INFO: Run Behavior\CheckLangBehavior [ RunTime:0.006000s ]
INFO: Run Common\Behavior\UrldecodeGetBehavior [ RunTime:0.003000s ]
INFO: [ app_begin ] --END-- [ RunTime:0.012001s ]
NOTIC: [8] Undefined index: url E:\bad\application\Common\Controller\AppframeController.class.php 第 22 行.

[ 2017-04-24T22:22:38+08:00 ] 127.0.0.1 /index.php?g=user&m=index&a=is_login
INFO: [ app_begin ] --START--
INFO: Run Behavior\ReadHtmlCacheBehavior [ RunTime:0.003001s ]
INFO: Run Behavior\CheckLangBehavior [ RunTime:0.005000s ]
INFO: Run Common\Behavior\UrldecodeGetBehavior [ RunTime:0.003000s ]
INFO: [ app_begin ] --END-- [ RunTime:0.011001s ]
NOTIC: [8] Undefined index: url E:\bad\application\Common\Controller\AppframeController.class.php 第 22 行.

[ 2017-04-24T22:30:28+08:00 ] 127.0.0.1 /index.php?g=user&m=index&a=is_login
INFO: [ app_begin ] --START--
INFO: Run Behavior\ReadHtmlCacheBehavior [ RunTime:0.003000s ]
INFO: Run Behavior\CheckLangBehavior [ RunTime:0.006001s ]
INFO: Run Common\Behavior\UrldecodeGetBehavior [ RunTime:0.003000s ]
INFO: [ app_begin ] --END-- [ RunTime:0.012001s ]
NOTIC: [8] Undefined index: url E:\bad\application\Common\Controller\AppframeController.class.php 第 22 行.

[ 2017-04-24T22:30:47+08:00 ] 127.0.0.1 /index.php?g=user&m=index&a=is_login
INFO: [ app_begin ] --START--
INFO: Run Behavior\ReadHtmlCacheBehavior [ RunTime:0.003000s ]
INFO: Run Behavior\CheckLangBehavior [ RunTime:0.007000s ]
INFO: Run Common\Behavior\UrldecodeGetBehavior [ RunTime:0.003001s ]
INFO: [ app_begin ] --END-- [ RunTime:0.014001s ]
NOTIC: [8] Undefined index: url E:\bad\application\Common\Controller\AppframeController.class.php 第 22 行.

[ 2017-04-24T22:31:13+08:00 ] 127.0.0.1 /index.php?g=user&m=index&a=is_login
INFO: [ app_begin ] --START--
INFO: Run Behavior\ReadHtmlCacheBehavior [ RunTime:0.003000s ]
INFO: Run Behavior\CheckLangBehavior [ RunTime:0.006000s ]
INFO: Run Common\Behavior\UrldecodeGetBehavior [ RunTime:0.003000s ]
INFO: [ app_begin ] --END-- [ RunTime:0.013000s ]
NOTIC: [8] Undefined index: url E:\bad\application\Common\Controller\AppframeController.class.php 第 22 行.

[ 2017-04-24T22:33:09+08:00 ] 127.0.0.1 /index.php?g=user&m=index&a=is_login
INFO: [ app_begin ] --START--
INFO: Run Behavior\ReadHtmlCacheBehavior [ RunTime:0.002000s ]
INFO: Run Behavior\CheckLangBehavior [ RunTime:0.006000s ]
INFO: Run Common\Behavior\UrldecodeGetBehavior [ RunTime:0.003001s ]
INFO: [ app_begin ] --END-- [ RunTime:0.012001s ]
NOTIC: [8] Undefined index: url E:\bad\application\Common\Controller\AppframeController.class.php 第 22 行.

[ 2017-04-24T22:34:47+08:00 ] 127.0.0.1 /index.php?g=user&m=index&a=is_login
INFO: [ app_begin ] --START--
INFO: Run Behavior\ReadHtmlCacheBehavior [ RunTime:0.003000s ]
INFO: Run Behavior\CheckLangBehavior [ RunTime:0.005000s ]
INFO: Run Common\Behavior\UrldecodeGetBehavior [ RunTime:0.003000s ]
INFO: [ app_begin ] --END-- [ RunTime:0.011000s ]
NOTIC: [8] Undefined index: url E:\bad\application\Common\Controller\AppframeController.class.php 第 22 行.

[ 2017-04-24T22:35:33+08:00 ] 127.0.0.1 /index.php?g=user&m=index&a=is_login
INFO: [ app_begin ] --START--
INFO: Run Behavior\ReadHtmlCacheBehavior [ RunTime:0.003000s ]
INFO: Run Behavior\CheckLangBehavior [ RunTime:0.005001s ]
INFO: Run Common\Behavior\UrldecodeGetBehavior [ RunTime:0.002000s ]
INFO: [ app_begin ] --END-- [ RunTime:0.010001s ]
NOTIC: [8] Undefined index: url E:\bad\application\Common\Controller\AppframeController.class.php 第 22 行.

[ 2017-04-24T22:36:02+08:00 ] 127.0.0.1 /index.php?g=user&m=index&a=is_login
INFO: [ app_begin ] --START--
INFO: Run Behavior\ReadHtmlCacheBehavior [ RunTime:0.002000s ]
INFO: Run Behavior\CheckLangBehavior [ RunTime:0.005001s ]
INFO: Run Common\Behavior\UrldecodeGetBehavior [ RunTime:0.003000s ]
INFO: [ app_begin ] --END-- [ RunTime:0.010001s ]
NOTIC: [8] Undefined index: url E:\bad\application\Common\Controller\AppframeController.class.php 第 22 行.

[ 2017-04-24T22:36:03+08:00 ] 127.0.0.1 /index.php?g=user&m=index&a=is_login
INFO: [ app_begin ] --START--
INFO: Run Behavior\ReadHtmlCacheBehavior [ RunTime:0.002000s ]
INFO: Run Behavior\CheckLangBehavior [ RunTime:0.005000s ]
INFO: Run Common\Behavior\UrldecodeGetBehavior [ RunTime:0.005000s ]
INFO: [ app_begin ] --END-- [ RunTime:0.013000s ]
NOTIC: [8] Undefined index: url E:\bad\application\Common\Controller\AppframeController.class.php 第 22 行.

[ 2017-04-24T22:36:05+08:00 ] 127.0.0.1 /index.php?g=user&m=index&a=is_login
INFO: [ app_begin ] --START--
INFO: Run Behavior\ReadHtmlCacheBehavior [ RunTime:0.002000s ]
INFO: Run Behavior\CheckLangBehavior [ RunTime:0.007001s ]
INFO: Run Common\Behavior\UrldecodeGetBehavior [ RunTime:0.006000s ]
INFO: [ app_begin ] --END-- [ RunTime:0.016001s ]
NOTIC: [8] Undefined index: url E:\bad\application\Common\Controller\AppframeController.class.php 第 22 行.

[ 2017-04-24T22:36:08+08:00 ] 127.0.0.1 /index.php?g=user&m=index&a=is_login
INFO: [ app_begin ] --START--
INFO: Run Behavior\ReadHtmlCacheBehavior [ RunTime:0.002000s ]
INFO: Run Behavior\CheckLangBehavior [ RunTime:0.006000s ]
INFO: Run Common\Behavior\UrldecodeGetBehavior [ RunTime:0.002000s ]
INFO: [ app_begin ] --END-- [ RunTime:0.011000s ]
NOTIC: [8] Undefined index: url E:\bad\application\Common\Controller\AppframeController.class.php 第 22 行.

[ 2017-04-24T22:36:12+08:00 ] 127.0.0.1 /index.php?g=user&m=index&a=is_login
INFO: [ app_begin ] --START--
INFO: Run Behavior\ReadHtmlCacheBehavior [ RunTime:0.003000s ]
INFO: Run Behavior\CheckLangBehavior [ RunTime:0.006001s ]
INFO: Run Common\Behavior\UrldecodeGetBehavior [ RunTime:0.003000s ]
INFO: [ app_begin ] --END-- [ RunTime:0.012001s ]
NOTIC: [8] Undefined index: url E:\bad\application\Common\Controller\AppframeController.class.php 第 22 行.

[ 2017-04-24T22:36:47+08:00 ] 127.0.0.1 /index.php?g=user&m=index&a=is_login
INFO: [ app_begin ] --START--
INFO: Run Behavior\ReadHtmlCacheBehavior [ RunTime:0.002000s ]
INFO: Run Behavior\CheckLangBehavior [ RunTime:0.006000s ]
INFO: Run Common\Behavior\UrldecodeGetBehavior [ RunTime:0.002000s ]
INFO: [ app_begin ] --END-- [ RunTime:0.012000s ]
NOTIC: [8] Undefined index: url E:\bad\application\Common\Controller\AppframeController.class.php 第 22 行.

[ 2017-04-24T22:36:49+08:00 ] 127.0.0.1 /index.php?g=user&m=index&a=is_login
INFO: [ app_begin ] --START--
INFO: Run Behavior\ReadHtmlCacheBehavior [ RunTime:0.002000s ]
INFO: Run Behavior\CheckLangBehavior [ RunTime:0.003000s ]
INFO: Run Common\Behavior\UrldecodeGetBehavior [ RunTime:0.002000s ]
INFO: [ app_begin ] --END-- [ RunTime:0.008000s ]
NOTIC: [8] Undefined index: url E:\bad\application\Common\Controller\AppframeController.class.php 第 22 行.

[ 2017-04-24T22:36:50+08:00 ] 127.0.0.1 /index.php?g=user&m=index&a=is_login
INFO: [ app_begin ] --START--
INFO: Run Behavior\ReadHtmlCacheBehavior [ RunTime:0.003000s ]
INFO: Run Behavior\CheckLangBehavior [ RunTime:0.004000s ]
INFO: Run Common\Behavior\UrldecodeGetBehavior [ RunTime:0.003001s ]
INFO: [ app_begin ] --END-- [ RunTime:0.010001s ]
NOTIC: [8] Undefined index: url E:\bad\application\Common\Controller\AppframeController.class.php 第 22 行.

[ 2017-04-24T22:36:54+08:00 ] 127.0.0.1 /index.php?g=user&m=index&a=is_login
INFO: [ app_begin ] --START--
INFO: Run Behavior\ReadHtmlCacheBehavior [ RunTime:0.003001s ]
INFO: Run Behavior\CheckLangBehavior [ RunTime:0.006000s ]
INFO: Run Common\Behavior\UrldecodeGetBehavior [ RunTime:0.003000s ]
INFO: [ app_begin ] --END-- [ RunTime:0.014001s ]
NOTIC: [8] Undefined index: url E:\bad\application\Common\Controller\AppframeController.class.php 第 22 行.

[ 2017-04-24T22:36:58+08:00 ] 127.0.0.1 /index.php?g=user&m=index&a=is_login
INFO: [ app_begin ] --START--
INFO: Run Behavior\ReadHtmlCacheBehavior [ RunTime:0.002000s ]
INFO: Run Behavior\CheckLangBehavior [ RunTime:0.005000s ]
INFO: Run Common\Behavior\UrldecodeGetBehavior [ RunTime:0.003001s ]
INFO: [ app_begin ] --END-- [ RunTime:0.011001s ]
NOTIC: [8] Undefined index: url E:\bad\application\Common\Controller\AppframeController.class.php 第 22 行.

[ 2017-04-24T22:37:08+08:00 ] 127.0.0.1 /index.php?g=user&m=index&a=is_login
INFO: [ app_begin ] --START--
INFO: Run Behavior\ReadHtmlCacheBehavior [ RunTime:0.004001s ]
INFO: Run Behavior\CheckLangBehavior [ RunTime:0.007000s ]
INFO: Run Common\Behavior\UrldecodeGetBehavior [ RunTime:0.004000s ]
INFO: [ app_begin ] --END-- [ RunTime:0.016001s ]
NOTIC: [8] Undefined index: url E:\bad\application\Common\Controller\AppframeController.class.php 第 22 行.

[ 2017-04-24T22:37:10+08:00 ] 127.0.0.1 /index.php?g=user&m=index&a=is_login
INFO: [ app_begin ] --START--
INFO: Run Behavior\ReadHtmlCacheBehavior [ RunTime:0.002000s ]
INFO: Run Behavior\CheckLangBehavior [ RunTime:0.006000s ]
INFO: Run Common\Behavior\UrldecodeGetBehavior [ RunTime:0.003001s ]
INFO: [ app_begin ] --END-- [ RunTime:0.012001s ]
NOTIC: [8] Undefined index: url E:\bad\application\Common\Controller\AppframeController.class.php 第 22 行.

[ 2017-04-24T22:37:22+08:00 ] 127.0.0.1 /index.php?g=user&m=index&a=is_login
INFO: [ app_begin ] --START--
INFO: Run Behavior\ReadHtmlCacheBehavior [ RunTime:0.002000s ]
INFO: Run Behavior\CheckLangBehavior [ RunTime:0.009000s ]
INFO: Run Common\Behavior\UrldecodeGetBehavior [ RunTime:0.004001s ]
INFO: [ app_begin ] --END-- [ RunTime:0.016001s ]
NOTIC: [8] Undefined index: url E:\bad\application\Common\Controller\AppframeController.class.php 第 22 行.

[ 2017-04-24T22:37:24+08:00 ] 127.0.0.1 /index.php?g=user&m=index&a=is_login
INFO: [ app_begin ] --START--
INFO: Run Behavior\ReadHtmlCacheBehavior [ RunTime:0.003000s ]
INFO: Run Behavior\CheckLangBehavior [ RunTime:0.006000s ]
INFO: Run Common\Behavior\UrldecodeGetBehavior [ RunTime:0.002000s ]
INFO: [ app_begin ] --END-- [ RunTime:0.012000s ]
NOTIC: [8] Undefined index: url E:\bad\application\Common\Controller\AppframeController.class.php 第 22 行.

[ 2017-04-24T22:37:28+08:00 ] 127.0.0.1 /index.php?g=user&m=index&a=is_login
INFO: [ app_begin ] --START--
INFO: Run Behavior\ReadHtmlCacheBehavior [ RunTime:0.002000s ]
INFO: Run Behavior\CheckLangBehavior [ RunTime:0.006001s ]
INFO: Run Common\Behavior\UrldecodeGetBehavior [ RunTime:0.003000s ]
INFO: [ app_begin ] --END-- [ RunTime:0.012001s ]
NOTIC: [8] Undefined index: url E:\bad\application\Common\Controller\AppframeController.class.php 第 22 行.

[ 2017-04-24T22:37:31+08:00 ] 127.0.0.1 /index.php?g=user&m=index&a=is_login
INFO: [ app_begin ] --START--
INFO: Run Behavior\ReadHtmlCacheBehavior [ RunTime:0.003000s ]
INFO: Run Behavior\CheckLangBehavior [ RunTime:0.005001s ]
INFO: Run Common\Behavior\UrldecodeGetBehavior [ RunTime:0.002000s ]
INFO: [ app_begin ] --END-- [ RunTime:0.011001s ]
NOTIC: [8] Undefined index: url E:\bad\application\Common\Controller\AppframeController.class.php 第 22 行.

