[ 2017-05-14T13:12:51+08:00 ] 127.0.0.1 /index.php?g=User&m=Login&a=dologin
INFO: [ app_begin ] --START--
INFO: Run Behavior\ReadHtmlCacheBehavior [ RunTime:0.002000s ]
INFO: Run Behavior\CheckLangBehavior [ RunTime:0.003000s ]
INFO: Run Common\Behavior\UrldecodeGetBehavior [ RunTime:0.002000s ]
INFO: [ app_begin ] --END-- [ RunTime:0.007000s ]
NOTIC: [8] Undefined index: user E:\bad\application\Common\Controller\HomebaseController.class.php 第 37 行.
SQL: SHOW COLUMNS FROM `i_users` [ RunTime:0.0020s ]
NOTIC: [8] Undefined index: auto E:\bad\simplewind\Core\Library\Think\Model.class.php 第 1128 行.
SQL: SELECT * FROM `i_users` WHERE `user_status` = 1 AND `mobile` = '18815412178' LIMIT 1   [ RunTime:0.0000s ]
SQL: UPDATE `i_users` SET `last_login_time`='2017-05-14 13:12:51',`last_login_ip`='127.0.0.1' WHERE `id` = '5' [ RunTime:0.0400s ]

[ 2017-05-14T13:12:59+08:00 ] 127.0.0.1 /index.php?g=User&m=Other&a=getGold
ERR: 模板不存在:themes/simplebootx/User/Other/getGold.html

[ 2017-05-14T13:15:35+08:00 ] 127.0.0.1 /index.php?g=User&m=Login&a=dologin
INFO: [ app_begin ] --START--
INFO: Run Behavior\ReadHtmlCacheBehavior [ RunTime:0.002000s ]
INFO: Run Behavior\CheckLangBehavior [ RunTime:0.003001s ]
INFO: Run Common\Behavior\UrldecodeGetBehavior [ RunTime:0.003000s ]
INFO: [ app_begin ] --END-- [ RunTime:0.008001s ]
NOTIC: [8] Undefined index: user E:\bad\application\Common\Controller\HomebaseController.class.php 第 37 行.
SQL: SHOW COLUMNS FROM `i_users` [ RunTime:0.0020s ]
NOTIC: [8] Undefined index: auto E:\bad\simplewind\Core\Library\Think\Model.class.php 第 1128 行.
SQL: SELECT * FROM `i_users` WHERE `user_status` = 1 AND `mobile` = '18816978511' LIMIT 1   [ RunTime:0.0000s ]
SQL: UPDATE `i_users` SET `last_login_time`='2017-05-14 13:15:35',`last_login_ip`='127.0.0.1' WHERE `id` = '3' [ RunTime:0.0470s ]

[ 2017-05-14T13:26:23+08:00 ] 127.0.0.1 /index.php?g=User&m=Other&a=getGold
ERR: 模板不存在:themes/simplebootx/User/Other/getGold.html

[ 2017-05-14T15:35:43+08:00 ] 127.0.0.1 /index.php?g=User&m=Other&a=tixian
ERR: 模板不存在:themes/simplebootx/User/Other/tixian.html

[ 2017-05-14T16:06:53+08:00 ] 127.0.0.1 /index.php?g=user&m=register&a=city&provinceid=150000
INFO: [ app_begin ] --START--
INFO: Run Behavior\ReadHtmlCacheBehavior [ RunTime:0.001000s ]
INFO: Run Behavior\CheckLangBehavior [ RunTime:0.004001s ]
INFO: Run Common\Behavior\UrldecodeGetBehavior [ RunTime:0.002000s ]
INFO: [ app_begin ] --END-- [ RunTime:0.007001s ]
NOTIC: [8] Undefined index: user E:\bad\application\Common\Controller\HomebaseController.class.php 第 37 行.
SQL: SHOW COLUMNS FROM `i_city` [ RunTime:0.0610s ]
SQL: SELECT * FROM `i_city` WHERE ( fatherid = 150000 )  [ RunTime:0.0390s ]

[ 2017-05-14T16:06:55+08:00 ] 127.0.0.1 /index.php?g=user&m=register&a=Area&cityid=150100
INFO: [ app_begin ] --START--
INFO: Run Behavior\ReadHtmlCacheBehavior [ RunTime:0.003000s ]
INFO: Run Behavior\CheckLangBehavior [ RunTime:0.005001s ]
INFO: Run Common\Behavior\UrldecodeGetBehavior [ RunTime:0.003000s ]
INFO: [ app_begin ] --END-- [ RunTime:0.011001s ]
NOTIC: [8] Undefined index: user E:\bad\application\Common\Controller\HomebaseController.class.php 第 37 行.
SQL: SHOW COLUMNS FROM `i_area` [ RunTime:0.0620s ]
SQL: SELECT * FROM `i_area` WHERE ( fatherid = 150100 )  [ RunTime:0.0640s ]

[ 2017-05-14T16:16:55+08:00 ] 127.0.0.1 /index.php?g=User&m=Center&a=add_bank
INFO: [ app_begin ] --START--
INFO: Run Behavior\ReadHtmlCacheBehavior [ RunTime:0.001000s ]
INFO: Run Behavior\CheckLangBehavior [ RunTime:0.003000s ]
INFO: Run Common\Behavior\UrldecodeGetBehavior [ RunTime:0.002000s ]
INFO: [ app_begin ] --END-- [ RunTime:0.007000s ]
SQL: SHOW COLUMNS FROM `i_users` [ RunTime:0.0020s ]
SQL: SELECT * FROM `i_users` WHERE `id` = '3' LIMIT 1   [ RunTime:0.0000s ]
SQL: SHOW COLUMNS FROM `i_users` [ RunTime:0.0020s ]
SQL: SELECT `user_status` FROM `i_users` WHERE `id` = '3' LIMIT 1   [ RunTime:0.0000s ]
SQL: SHOW COLUMNS FROM `i_users` [ RunTime:0.0030s ]
SQL: SELECT * FROM `i_users` WHERE `id` = '3' LIMIT 1   [ RunTime:0.0010s ]
SQL: SHOW COLUMNS FROM `i_bank` [ RunTime:0.0020s ]
SQL: INSERT INTO `i_bank` (`name`,`phone`,`card`,`bank_name`,`uid`,`add_time`) VALUES ('王三包','18816521452','14524561123456561245612','中国工商银行','3','2017-05-14 16:16:55') [ RunTime:0.0750s ]

[ 2017-05-14T16:36:48+08:00 ] 127.0.0.1 /index.php?g=User&m=Other&a=gold_get_jf
INFO: [ app_begin ] --START--
INFO: Run Behavior\ReadHtmlCacheBehavior [ RunTime:0.001000s ]
INFO: Run Behavior\CheckLangBehavior [ RunTime:0.006000s ]
INFO: Run Common\Behavior\UrldecodeGetBehavior [ RunTime:0.003001s ]
INFO: [ app_begin ] --END-- [ RunTime:0.011001s ]
SQL: SHOW COLUMNS FROM `i_users` [ RunTime:0.0030s ]
SQL: SELECT * FROM `i_users` WHERE `id` = '3' LIMIT 1   [ RunTime:0.0010s ]
SQL: SHOW COLUMNS FROM `i_users` [ RunTime:0.0020s ]
SQL: SELECT `user_status` FROM `i_users` WHERE `id` = '3' LIMIT 1   [ RunTime:0.0010s ]
SQL: SHOW COLUMNS FROM `i_users` [ RunTime:0.0030s ]
SQL: SELECT * FROM `i_users` WHERE `id` = '3' LIMIT 1   [ RunTime:0.0000s ]
ERR: 1064:You have an error in your SQL syntax; check the manual that corresponds to your MariaDB server version for the right syntax to use near 'gold = gold- WHERE id = 3' at line 1
 [ SQL语句 ] : UPDATE i_users SET score = score + ,gold = gold- WHERE id = 3
ERR: 1064:You have an error in your SQL syntax; check the manual that corresponds to your MariaDB server version for the right syntax to use near 'gold = gold- WHERE id = 3' at line 1
 [ SQL语句 ] : UPDATE i_users SET score = score + ,gold = gold- WHERE id = 3

[ 2017-05-14T16:37:28+08:00 ] 127.0.0.1 /index.php?g=User&m=Other&a=gold_get_jf
INFO: [ app_begin ] --START--
INFO: Run Behavior\ReadHtmlCacheBehavior [ RunTime:0.002000s ]
INFO: Run Behavior\CheckLangBehavior [ RunTime:0.003000s ]
INFO: Run Common\Behavior\UrldecodeGetBehavior [ RunTime:0.002000s ]
INFO: [ app_begin ] --END-- [ RunTime:0.008001s ]
SQL: SHOW COLUMNS FROM `i_users` [ RunTime:0.0020s ]
SQL: SELECT * FROM `i_users` WHERE `id` = '3' LIMIT 1   [ RunTime:0.0010s ]
SQL: SHOW COLUMNS FROM `i_users` [ RunTime:0.0020s ]
SQL: SELECT `user_status` FROM `i_users` WHERE `id` = '3' LIMIT 1   [ RunTime:0.0000s ]
SQL: SHOW COLUMNS FROM `i_users` [ RunTime:0.0030s ]
SQL: SELECT * FROM `i_users` WHERE `id` = '3' LIMIT 1   [ RunTime:0.0010s ]
ERR: 1064:You have an error in your SQL syntax; check the manual that corresponds to your MariaDB server version for the right syntax to use near 'gold = gold- WHERE id = 3' at line 1
 [ SQL语句 ] : UPDATE i_users SET score = score + ,gold = gold- WHERE id = 3
ERR: 1064:You have an error in your SQL syntax; check the manual that corresponds to your MariaDB server version for the right syntax to use near 'gold = gold- WHERE id = 3' at line 1
 [ SQL语句 ] : UPDATE i_users SET score = score + ,gold = gold- WHERE id = 3

[ 2017-05-14T16:37:55+08:00 ] 127.0.0.1 /index.php?g=User&m=Other&a=tixian
INFO: [ app_begin ] --START--
INFO: Run Behavior\ReadHtmlCacheBehavior [ RunTime:0.002000s ]
INFO: Run Behavior\CheckLangBehavior [ RunTime:0.006000s ]
INFO: Run Common\Behavior\UrldecodeGetBehavior [ RunTime:0.002000s ]
INFO: [ app_begin ] --END-- [ RunTime:0.011000s ]
SQL: SHOW COLUMNS FROM `i_users` [ RunTime:0.0030s ]
SQL: SELECT * FROM `i_users` WHERE `id` = '3' LIMIT 1   [ RunTime:0.0000s ]
SQL: SHOW COLUMNS FROM `i_users` [ RunTime:0.0010s ]
SQL: SELECT `user_status` FROM `i_users` WHERE `id` = '3' LIMIT 1   [ RunTime:0.0000s ]
SQL: SHOW COLUMNS FROM `i_users` [ RunTime:0.0020s ]
SQL: SELECT * FROM `i_users` WHERE `id` = '3' LIMIT 1   [ RunTime:0.0010s ]
NOTIC: [8] Undefined index: can_money E:\bad\application\User\Controller\OtherController.class.php 第 64 行.

[ 2017-05-14T16:38:20+08:00 ] 127.0.0.1 /index.php?g=User&m=Other&a=tixian
INFO: [ app_begin ] --START--
INFO: Run Behavior\ReadHtmlCacheBehavior [ RunTime:0.002000s ]
INFO: Run Behavior\CheckLangBehavior [ RunTime:0.003000s ]
INFO: Run Common\Behavior\UrldecodeGetBehavior [ RunTime:0.002000s ]
INFO: [ app_begin ] --END-- [ RunTime:0.008000s ]
SQL: SHOW COLUMNS FROM `i_users` [ RunTime:0.0020s ]
SQL: SELECT * FROM `i_users` WHERE `id` = '3' LIMIT 1   [ RunTime:0.0000s ]
SQL: SHOW COLUMNS FROM `i_users` [ RunTime:0.0020s ]
SQL: SELECT `user_status` FROM `i_users` WHERE `id` = '3' LIMIT 1   [ RunTime:0.0000s ]
SQL: SHOW COLUMNS FROM `i_users` [ RunTime:0.0030s ]
SQL: SELECT * FROM `i_users` WHERE `id` = '3' LIMIT 1   [ RunTime:0.0000s ]
ERR: 1054:Unknown column 'can_money' in 'field list'
 [ SQL语句 ] : UPDATE i_users SET can_money = can_money - 20 WHERE id = 3
ERR: 1054:Unknown column 'can_money' in 'field list'
 [ SQL语句 ] : UPDATE i_users SET can_money = can_money - 20 WHERE id = 3

[ 2017-05-14T16:38:44+08:00 ] 127.0.0.1 /index.php?g=User&m=Other&a=tixian
INFO: [ app_begin ] --START--
INFO: Run Behavior\ReadHtmlCacheBehavior [ RunTime:0.002000s ]
INFO: Run Behavior\CheckLangBehavior [ RunTime:0.008001s ]
INFO: Run Common\Behavior\UrldecodeGetBehavior [ RunTime:0.003000s ]
INFO: [ app_begin ] --END-- [ RunTime:0.015001s ]
SQL: SHOW COLUMNS FROM `i_users` [ RunTime:0.0020s ]
SQL: SELECT * FROM `i_users` WHERE `id` = '3' LIMIT 1   [ RunTime:0.0010s ]
SQL: SHOW COLUMNS FROM `i_users` [ RunTime:0.0020s ]
SQL: SELECT `user_status` FROM `i_users` WHERE `id` = '3' LIMIT 1   [ RunTime:0.0000s ]
SQL: SHOW COLUMNS FROM `i_users` [ RunTime:0.0030s ]
SQL: SELECT * FROM `i_users` WHERE `id` = '3' LIMIT 1   [ RunTime:0.0010s ]
ERR: 1054:Unknown column 'can_money' in 'field list'
 [ SQL语句 ] : UPDATE i_users SET can_money = can_monery - 20 WHERE id = 3
ERR: 1054:Unknown column 'can_money' in 'field list'
 [ SQL语句 ] : UPDATE i_users SET can_money = can_monery - 20 WHERE id = 3

[ 2017-05-14T16:38:56+08:00 ] 127.0.0.1 /index.php?g=User&m=Other&a=tixian
INFO: [ app_begin ] --START--
INFO: Run Behavior\ReadHtmlCacheBehavior [ RunTime:0.002000s ]
INFO: Run Behavior\CheckLangBehavior [ RunTime:0.003000s ]
INFO: Run Common\Behavior\UrldecodeGetBehavior [ RunTime:0.003000s ]
INFO: [ app_begin ] --END-- [ RunTime:0.008000s ]
SQL: SHOW COLUMNS FROM `i_users` [ RunTime:0.0030s ]
SQL: SELECT * FROM `i_users` WHERE `id` = '3' LIMIT 1   [ RunTime:0.0010s ]
SQL: SHOW COLUMNS FROM `i_users` [ RunTime:0.0030s ]
SQL: SELECT `user_status` FROM `i_users` WHERE `id` = '3' LIMIT 1   [ RunTime:0.0010s ]
SQL: SHOW COLUMNS FROM `i_users` [ RunTime:0.0030s ]
SQL: SELECT * FROM `i_users` WHERE `id` = '3' LIMIT 1   [ RunTime:0.0000s ]
SQL: UPDATE i_users SET can_monery = can_monery - 20 WHERE id = 3 [ RunTime:0.0250s ]
SQL: INSERT INTO i_tixian (uid,money,status,type,add_time) VALUES (3,10,1,1,now()) [ RunTime:0.0080s ]

[ 2017-05-14T16:38:59+08:00 ] 127.0.0.1 /index.php?g=User&m=Other&a=tixian_history
ERR: 模板不存在:themes/simplebootx/User/Other/tixian_history.html

[ 2017-05-14T17:13:37+08:00 ] 127.0.0.1 /index.php?g=User&m=Indexadmin&a=tixian_log
ERR: 模板不存在:admin/themes/simplebootx/User/Indexadmin/tixian_log.html

[ 2017-05-14T17:26:35+08:00 ] 127.0.0.1 /index.php?g=User&m=Indexadmin&a=change_tixian_status&status=2&id=1
INFO: [ app_begin ] --START--
INFO: Run Behavior\ReadHtmlCacheBehavior [ RunTime:0.002000s ]
INFO: Run Behavior\CheckLangBehavior [ RunTime:0.005001s ]
INFO: Run Common\Behavior\UrldecodeGetBehavior [ RunTime:0.002000s ]
INFO: [ app_begin ] --END-- [ RunTime:0.009001s ]
INFO: [ admin_begin ] --START--
INFO: Run Common\Behavior\AdminDefaultLangBehavior [ RunTime:0.006000s ]
INFO: [ admin_begin ] --END-- [ RunTime:0.006000s ]
SQL: SHOW COLUMNS FROM `i_users` [ RunTime:0.0020s ]
SQL: SELECT * FROM `i_users` WHERE `id` = '1' LIMIT 1   [ RunTime:0.0010s ]
SQL: SHOW COLUMNS FROM `i_tixian` [ RunTime:0.0020s ]
SQL: UPDATE `i_tixian` SET `status`='0' WHERE `id` = 1 [ RunTime:0.0400s ]

[ 2017-05-14T17:27:10+08:00 ] 127.0.0.1 /index.php?g=User&m=Indexadmin&a=change_tixian_status&status=3&id=1
INFO: [ app_begin ] --START--
INFO: Run Behavior\ReadHtmlCacheBehavior [ RunTime:0.001001s ]
INFO: Run Behavior\CheckLangBehavior [ RunTime:0.004000s ]
INFO: Run Common\Behavior\UrldecodeGetBehavior [ RunTime:0.002000s ]
INFO: [ app_begin ] --END-- [ RunTime:0.008001s ]
INFO: [ admin_begin ] --START--
INFO: Run Common\Behavior\AdminDefaultLangBehavior [ RunTime:0.007001s ]
INFO: [ admin_begin ] --END-- [ RunTime:0.008001s ]
SQL: SHOW COLUMNS FROM `i_users` [ RunTime:0.0030s ]
SQL: SELECT * FROM `i_users` WHERE `id` = '1' LIMIT 1   [ RunTime:0.0010s ]
SQL: SHOW COLUMNS FROM `i_tixian` [ RunTime:0.0020s ]
SQL: UPDATE `i_tixian` SET `status`='0' WHERE `id` = 1 [ RunTime:0.0420s ]

[ 2017-05-14T17:27:56+08:00 ] 127.0.0.1 /index.php?g=User&m=Indexadmin&a=change_tixian_status&status=2&id=1
INFO: [ app_begin ] --START--
INFO: Run Behavior\ReadHtmlCacheBehavior [ RunTime:0.002000s ]
INFO: Run Behavior\CheckLangBehavior [ RunTime:0.005001s ]
INFO: Run Common\Behavior\UrldecodeGetBehavior [ RunTime:0.003000s ]
INFO: [ app_begin ] --END-- [ RunTime:0.011001s ]
INFO: [ admin_begin ] --START--
INFO: Run Common\Behavior\AdminDefaultLangBehavior [ RunTime:0.005001s ]
INFO: [ admin_begin ] --END-- [ RunTime:0.005001s ]
SQL: SHOW COLUMNS FROM `i_users` [ RunTime:0.0020s ]
SQL: SELECT * FROM `i_users` WHERE `id` = '1' LIMIT 1   [ RunTime:0.0000s ]

[ 2017-05-14T17:28:09+08:00 ] 127.0.0.1 /index.php?g=User&m=Indexadmin&a=change_tixian_status&status=2&id=1
INFO: [ app_begin ] --START--
INFO: Run Behavior\ReadHtmlCacheBehavior [ RunTime:0.003000s ]
INFO: Run Behavior\CheckLangBehavior [ RunTime:0.005000s ]
INFO: Run Common\Behavior\UrldecodeGetBehavior [ RunTime:0.002000s ]
INFO: [ app_begin ] --END-- [ RunTime:0.010000s ]
INFO: [ admin_begin ] --START--
INFO: Run Common\Behavior\AdminDefaultLangBehavior [ RunTime:0.005000s ]
INFO: [ admin_begin ] --END-- [ RunTime:0.005000s ]
SQL: SHOW COLUMNS FROM `i_users` [ RunTime:0.0030s ]
SQL: SELECT * FROM `i_users` WHERE `id` = '1' LIMIT 1   [ RunTime:0.0010s ]

[ 2017-05-14T17:37:50+08:00 ] 127.0.0.1 /index.php?g=User&m=Indexadmin&a=change_tixian_status&status=2&id=1
INFO: [ app_begin ] --START--
INFO: Run Behavior\ReadHtmlCacheBehavior [ RunTime:0.001000s ]
INFO: Run Behavior\CheckLangBehavior [ RunTime:0.005000s ]
INFO: Run Common\Behavior\UrldecodeGetBehavior [ RunTime:0.002001s ]
INFO: [ app_begin ] --END-- [ RunTime:0.009001s ]
INFO: [ admin_begin ] --START--
INFO: Run Common\Behavior\AdminDefaultLangBehavior [ RunTime:0.005000s ]
INFO: [ admin_begin ] --END-- [ RunTime:0.005000s ]
SQL: SHOW COLUMNS FROM `i_users` [ RunTime:0.0020s ]
SQL: SELECT * FROM `i_users` WHERE `id` = '1' LIMIT 1   [ RunTime:0.0000s ]
SQL: SHOW COLUMNS FROM `i_tixian` [ RunTime:0.0020s ]
SQL: UPDATE `i_tixian` SET `status`='2' WHERE `id` = 1 [ RunTime:0.0350s ]

