[ 2017-05-08T20:21:16+08:00 ] 127.0.0.1 /index.php?g=User&m=Login&a=dologin
INFO: [ app_begin ] --START--
INFO: Run Behavior\ReadHtmlCacheBehavior [ RunTime:0.010000s ]
INFO: Run Behavior\CheckLangBehavior [ RunTime:0.003001s ]
INFO: Run Common\Behavior\UrldecodeGetBehavior [ RunTime:0.002000s ]
INFO: [ app_begin ] --END-- [ RunTime:0.015001s ]
NOTIC: [8] Undefined index: user E:\bad\application\Common\Controller\HomebaseController.class.php 第 37 行.
SQL: SHOW COLUMNS FROM `i_users` [ RunTime:0.0020s ]
NOTIC: [8] Undefined index: auto E:\bad\simplewind\Core\Library\Think\Model.class.php 第 1128 行.
SQL: SELECT * FROM `i_users` WHERE `user_status` = 1 AND `mobile` = '18815412178' LIMIT 1   [ RunTime:0.0000s ]
SQL: UPDATE `i_users` SET `last_login_time`='2017-05-08 20:21:16',`last_login_ip`='127.0.0.1' WHERE `id` = '5' [ RunTime:0.0330s ]

[ 2017-05-08T20:27:01+08:00 ] 127.0.0.1 /index.php?g=User&m=Center&a=chongzhi
ERR: 模板不存在:themes/simplebootx/User/Center/chongzhi.html

[ 2017-05-08T20:27:12+08:00 ] 127.0.0.1 /index.php?g=User&m=Center&a=chongzhi
ERR: 模板不存在:themes/simplebootx/User/Center/chongzhi.html

[ 2017-05-08T21:02:05+08:00 ] 127.0.0.1 /index.php?g=User&m=Center&a=chonzghima
ERR: 模板不存在:themes/simplebootx/User/Center/chonzghima.html

[ 2017-05-08T21:02:33+08:00 ] 127.0.0.1 /index.php?g=User&m=Center&a=chongzhima
ERR: 模板不存在:themes/simplebootx/User/Center/chongzhima.html

[ 2017-05-08T21:26:47+08:00 ] 127.0.0.1 /index.php?g=User&m=Center&a=chongzhima
INFO: [ app_begin ] --START--
INFO: Run Behavior\ReadHtmlCacheBehavior [ RunTime:0.001000s ]
INFO: Run Behavior\CheckLangBehavior [ RunTime:0.003001s ]
INFO: Run Common\Behavior\UrldecodeGetBehavior [ RunTime:0.002000s ]
INFO: [ app_begin ] --END-- [ RunTime:0.007001s ]
SQL: SHOW COLUMNS FROM `i_users` [ RunTime:0.0020s ]
SQL: SELECT * FROM `i_users` WHERE `id` = '5' LIMIT 1   [ RunTime:0.0010s ]
SQL: SHOW COLUMNS FROM `i_users` [ RunTime:0.0020s ]
SQL: SELECT `user_status` FROM `i_users` WHERE `id` = '5' LIMIT 1   [ RunTime:0.0010s ]
SQL: SHOW COLUMNS FROM `i_users` [ RunTime:0.0020s ]
SQL: SELECT * FROM `i_users` WHERE `id` = '5' LIMIT 1   [ RunTime:0.0000s ]
SQL: SHOW COLUMNS FROM `i_recharges` [ RunTime:0.0020s ]
SQL: SELECT * FROM `i_recharges` WHERE ( code = 1038393575 AND mi = 2302 AND status != 2 AND uid IS NULL ) LIMIT 1   [ RunTime:0.0000s ]

[ 2017-05-08T21:28:01+08:00 ] 127.0.0.1 /index.php?g=User&m=Center&a=chongzhima
INFO: [ app_begin ] --START--
INFO: Run Behavior\ReadHtmlCacheBehavior [ RunTime:0.002000s ]
INFO: Run Behavior\CheckLangBehavior [ RunTime:0.005000s ]
INFO: Run Common\Behavior\UrldecodeGetBehavior [ RunTime:0.002000s ]
INFO: [ app_begin ] --END-- [ RunTime:0.010000s ]
SQL: SHOW COLUMNS FROM `i_users` [ RunTime:0.0030s ]
SQL: SELECT * FROM `i_users` WHERE `id` = '5' LIMIT 1   [ RunTime:0.0000s ]
SQL: SHOW COLUMNS FROM `i_users` [ RunTime:0.0030s ]
SQL: SELECT `user_status` FROM `i_users` WHERE `id` = '5' LIMIT 1   [ RunTime:0.0000s ]
SQL: SHOW COLUMNS FROM `i_users` [ RunTime:0.0030s ]
SQL: SELECT * FROM `i_users` WHERE `id` = '5' LIMIT 1   [ RunTime:0.0000s ]

[ 2017-05-08T21:30:55+08:00 ] 127.0.0.1 /index.php?g=User&m=Center&a=chongzhima
INFO: [ app_begin ] --START--
INFO: Run Behavior\ReadHtmlCacheBehavior [ RunTime:0.002000s ]
INFO: Run Behavior\CheckLangBehavior [ RunTime:0.003000s ]
INFO: Run Common\Behavior\UrldecodeGetBehavior [ RunTime:0.002000s ]
INFO: [ app_begin ] --END-- [ RunTime:0.008000s ]
SQL: SHOW COLUMNS FROM `i_users` [ RunTime:0.0020s ]
SQL: SELECT * FROM `i_users` WHERE `id` = '5' LIMIT 1   [ RunTime:0.0010s ]
SQL: SHOW COLUMNS FROM `i_users` [ RunTime:0.0020s ]
SQL: SELECT `user_status` FROM `i_users` WHERE `id` = '5' LIMIT 1   [ RunTime:0.0000s ]
SQL: SHOW COLUMNS FROM `i_users` [ RunTime:0.0030s ]
SQL: SELECT * FROM `i_users` WHERE `id` = '5' LIMIT 1   [ RunTime:0.0000s ]
SQL: SHOW COLUMNS FROM `i_recharges` [ RunTime:0.0030s ]
SQL: SELECT * FROM `i_recharges` WHERE ( code = 1038393575 AND mi = 2302 AND status != 2 AND uid IS NULL ) LIMIT 1   [ RunTime:0.0000s ]
SQL: UPDATE i_users SET gold = gold+200 WHERE id = 5 [ RunTime:0.0000s ]
NOTIC: [2] Illegal string offset 'code' E:\bad\application\User\Controller\CenterController.class.php 第 64 行.
SQL: INSERT INTO i_chongzhi_log (uid,type,jf,`number`,status,add_time) VALUES (5,3,'200','2',2,now()) [ RunTime:0.0010s ]
NOTIC: [8] Undefined variable: mode E:\bad\application\User\Controller\CenterController.class.php 第 65 行.

[ 2017-05-08T21:31:08+08:00 ] 127.0.0.1 /index.php?g=User&m=Center&a=chongzhima
INFO: [ app_begin ] --START--
INFO: Run Behavior\ReadHtmlCacheBehavior [ RunTime:0.003000s ]
INFO: Run Behavior\CheckLangBehavior [ RunTime:0.004000s ]
INFO: Run Common\Behavior\UrldecodeGetBehavior [ RunTime:0.001000s ]
INFO: [ app_begin ] --END-- [ RunTime:0.010000s ]
SQL: SHOW COLUMNS FROM `i_users` [ RunTime:0.0020s ]
SQL: SELECT * FROM `i_users` WHERE `id` = '5' LIMIT 1   [ RunTime:0.0010s ]
SQL: SHOW COLUMNS FROM `i_users` [ RunTime:0.0020s ]
SQL: SELECT `user_status` FROM `i_users` WHERE `id` = '5' LIMIT 1   [ RunTime:0.0000s ]
SQL: SHOW COLUMNS FROM `i_users` [ RunTime:0.0020s ]
SQL: SELECT * FROM `i_users` WHERE `id` = '5' LIMIT 1   [ RunTime:0.0000s ]
SQL: SHOW COLUMNS FROM `i_recharges` [ RunTime:0.0020s ]
SQL: SELECT * FROM `i_recharges` WHERE ( code = 1038393575 AND mi = 2302 AND status != 2 AND uid IS NULL ) LIMIT 1   [ RunTime:0.0010s ]
SQL: UPDATE i_users SET gold = gold+200 WHERE id = 5 [ RunTime:0.0000s ]
NOTIC: [2] Illegal string offset 'code' E:\bad\application\User\Controller\CenterController.class.php 第 64 行.
SQL: INSERT INTO i_chongzhi_log (uid,type,jf,`number`,status,add_time) VALUES (5,3,'200','2',2,now()) [ RunTime:0.0000s ]
SQL: UPDATE i_recharges SET uid = 5,use_time=now(),status = 2 WHERE id = '143' [ RunTime:0.0000s ]

[ 2017-05-08T21:32:56+08:00 ] 127.0.0.1 /index.php?g=User&m=Center&a=chongzhima
INFO: [ app_begin ] --START--
INFO: Run Behavior\ReadHtmlCacheBehavior [ RunTime:0.002000s ]
INFO: Run Behavior\CheckLangBehavior [ RunTime:0.004001s ]
INFO: Run Common\Behavior\UrldecodeGetBehavior [ RunTime:0.002000s ]
INFO: [ app_begin ] --END-- [ RunTime:0.008001s ]
SQL: SHOW COLUMNS FROM `i_users` [ RunTime:0.0020s ]
SQL: SELECT * FROM `i_users` WHERE `id` = '5' LIMIT 1   [ RunTime:0.0000s ]
SQL: SHOW COLUMNS FROM `i_users` [ RunTime:0.0020s ]
SQL: SELECT `user_status` FROM `i_users` WHERE `id` = '5' LIMIT 1   [ RunTime:0.0010s ]
SQL: SHOW COLUMNS FROM `i_users` [ RunTime:0.0020s ]
SQL: SELECT * FROM `i_users` WHERE `id` = '5' LIMIT 1   [ RunTime:0.0000s ]
SQL: SHOW COLUMNS FROM `i_recharges` [ RunTime:0.0020s ]
SQL: SELECT * FROM `i_recharges` WHERE ( code = 1060180802 AND mi = 8722 AND status != 2 AND uid IS NULL ) LIMIT 1   [ RunTime:0.0000s ]

[ 2017-05-08T21:33:00+08:00 ] 127.0.0.1 /index.php?g=User&m=Center&a=chongzhima
INFO: [ app_begin ] --START--
INFO: Run Behavior\ReadHtmlCacheBehavior [ RunTime:0.003001s ]
INFO: Run Behavior\CheckLangBehavior [ RunTime:0.005000s ]
INFO: Run Common\Behavior\UrldecodeGetBehavior [ RunTime:0.002000s ]
INFO: [ app_begin ] --END-- [ RunTime:0.010001s ]
SQL: SHOW COLUMNS FROM `i_users` [ RunTime:0.0030s ]
SQL: SELECT * FROM `i_users` WHERE `id` = '5' LIMIT 1   [ RunTime:0.0000s ]
SQL: SHOW COLUMNS FROM `i_users` [ RunTime:0.0020s ]
SQL: SELECT `user_status` FROM `i_users` WHERE `id` = '5' LIMIT 1   [ RunTime:0.0000s ]
SQL: SHOW COLUMNS FROM `i_users` [ RunTime:0.0030s ]
SQL: SELECT * FROM `i_users` WHERE `id` = '5' LIMIT 1   [ RunTime:0.0000s ]
SQL: SHOW COLUMNS FROM `i_recharges` [ RunTime:0.0010s ]
SQL: SELECT * FROM `i_recharges` WHERE ( code = 1060180802 AND mi = 8720 AND status != 2 AND uid IS NULL ) LIMIT 1   [ RunTime:0.0010s ]
SQL: UPDATE i_users SET score = score+200 WHERE id = 5 [ RunTime:0.0000s ]
NOTIC: [2] Illegal string offset 'code' E:\bad\application\User\Controller\CenterController.class.php 第 64 行.
SQL: INSERT INTO i_chongzhi_log (uid,type,jf,`number`,status,add_time) VALUES (5,3,'200','2',2,now()) [ RunTime:0.0000s ]
SQL: UPDATE i_recharges SET uid = 5,use_time=now(),status = 2 WHERE id = '142' [ RunTime:0.0010s ]

[ 2017-05-08T21:35:34+08:00 ] 127.0.0.1 /index.php?g=User&m=Center&a=chongzhima
INFO: [ app_begin ] --START--
INFO: Run Behavior\ReadHtmlCacheBehavior [ RunTime:0.002000s ]
INFO: Run Behavior\CheckLangBehavior [ RunTime:0.004000s ]
INFO: Run Common\Behavior\UrldecodeGetBehavior [ RunTime:0.002000s ]
INFO: [ app_begin ] --END-- [ RunTime:0.010001s ]
SQL: SHOW COLUMNS FROM `i_users` [ RunTime:0.0020s ]
SQL: SELECT * FROM `i_users` WHERE `id` = '5' LIMIT 1   [ RunTime:0.0010s ]
SQL: SHOW COLUMNS FROM `i_users` [ RunTime:0.0020s ]
SQL: SELECT `user_status` FROM `i_users` WHERE `id` = '5' LIMIT 1   [ RunTime:0.0000s ]
SQL: SHOW COLUMNS FROM `i_users` [ RunTime:0.0020s ]
SQL: SELECT * FROM `i_users` WHERE `id` = '5' LIMIT 1   [ RunTime:0.0000s ]
SQL: SHOW COLUMNS FROM `i_recharges` [ RunTime:0.0020s ]
SQL: SELECT * FROM `i_recharges` WHERE ( code = 1088125018 AND mi = 1180 AND status != 2 AND uid IS NULL ) LIMIT 1   [ RunTime:0.0010s ]
SQL: UPDATE i_users SET score = score+200 WHERE id = 5 [ RunTime:0.0000s ]
SQL: INSERT INTO i_chongzhi_log (uid,type,jf,`number`,status,add_time) VALUES (5,3,'200','1088125018',2,now()) [ RunTime:0.0000s ]
SQL: UPDATE i_recharges SET uid = 5,use_time=now(),status = 2 WHERE id = '141' [ RunTime:0.0000s ]

[ 2017-05-08T21:49:06+08:00 ] 127.0.0.1 /index.php?g=User&m=Center&a=do_duihuan
INFO: [ app_begin ] --START--
INFO: Run Behavior\ReadHtmlCacheBehavior [ RunTime:0.002000s ]
INFO: Run Behavior\CheckLangBehavior [ RunTime:0.004000s ]
INFO: Run Common\Behavior\UrldecodeGetBehavior [ RunTime:0.002000s ]
INFO: [ app_begin ] --END-- [ RunTime:0.008000s ]
SQL: SHOW COLUMNS FROM `i_users` [ RunTime:0.0020s ]
SQL: SELECT * FROM `i_users` WHERE `id` = '5' LIMIT 1   [ RunTime:0.0010s ]
SQL: SHOW COLUMNS FROM `i_users` [ RunTime:0.0020s ]
SQL: SELECT `user_status` FROM `i_users` WHERE `id` = '5' LIMIT 1   [ RunTime:0.0000s ]
SQL: SHOW COLUMNS FROM `i_users` [ RunTime:0.0020s ]
SQL: SELECT * FROM `i_users` WHERE `id` = '5' LIMIT 1   [ RunTime:0.0000s ]
SQL: SHOW COLUMNS FROM `i_data` [ RunTime:0.0020s ]
SQL: SELECT `data` FROM `i_data` WHERE `id` = 1 LIMIT 1   [ RunTime:0.0000s ]

[ 2017-05-08T21:49:29+08:00 ] 127.0.0.1 /index.php?g=User&m=Center&a=addAddress
INFO: [ app_begin ] --START--
INFO: Run Behavior\ReadHtmlCacheBehavior [ RunTime:0.001000s ]
INFO: Run Behavior\CheckLangBehavior [ RunTime:0.003000s ]
INFO: Run Common\Behavior\UrldecodeGetBehavior [ RunTime:0.003000s ]
INFO: [ app_begin ] --END-- [ RunTime:0.009001s ]
SQL: SHOW COLUMNS FROM `i_users` [ RunTime:0.0020s ]
SQL: SELECT * FROM `i_users` WHERE `id` = '5' LIMIT 1   [ RunTime:0.0000s ]
SQL: SHOW COLUMNS FROM `i_users` [ RunTime:0.0030s ]
SQL: SELECT `user_status` FROM `i_users` WHERE `id` = '5' LIMIT 1   [ RunTime:0.0000s ]
SQL: SHOW COLUMNS FROM `i_users` [ RunTime:0.0030s ]
SQL: SELECT * FROM `i_users` WHERE `id` = '5' LIMIT 1   [ RunTime:0.0010s ]
SQL: SHOW COLUMNS FROM `i_address` [ RunTime:0.0030s ]
SQL: UPDATE `i_address` SET `listorder`='0' WHERE `uid` = 5 [ RunTime:0.0000s ]
SQL: INSERT INTO `i_address` (`name`,`phone`,`address`,`province`,`city`,`area`,`uid`,`listorder`) VALUES ('王三岁','15512361245','的撒旦撒倒萨的撒旦撒','130000','130100','130102','5','1') [ RunTime:0.0010s ]

[ 2017-05-08T21:49:51+08:00 ] 127.0.0.1 /index.php?g=User&m=Center&a=do_duihuan
INFO: [ app_begin ] --START--
INFO: Run Behavior\ReadHtmlCacheBehavior [ RunTime:0.001000s ]
INFO: Run Behavior\CheckLangBehavior [ RunTime:0.005001s ]
INFO: Run Common\Behavior\UrldecodeGetBehavior [ RunTime:0.002000s ]
INFO: [ app_begin ] --END-- [ RunTime:0.008001s ]
SQL: SHOW COLUMNS FROM `i_users` [ RunTime:0.0030s ]
SQL: SELECT * FROM `i_users` WHERE `id` = '5' LIMIT 1   [ RunTime:0.0000s ]
SQL: SHOW COLUMNS FROM `i_users` [ RunTime:0.0030s ]
SQL: SELECT `user_status` FROM `i_users` WHERE `id` = '5' LIMIT 1   [ RunTime:0.0000s ]
SQL: SHOW COLUMNS FROM `i_users` [ RunTime:0.0020s ]
SQL: SELECT * FROM `i_users` WHERE `id` = '5' LIMIT 1   [ RunTime:0.0010s ]
SQL: SHOW COLUMNS FROM `i_data` [ RunTime:0.0020s ]
SQL: SELECT `data` FROM `i_data` WHERE `id` = 1 LIMIT 1   [ RunTime:0.0000s ]

[ 2017-05-08T21:49:55+08:00 ] 127.0.0.1 /index.php?g=User&m=Center&a=do_duihuan
INFO: [ app_begin ] --START--
INFO: Run Behavior\ReadHtmlCacheBehavior [ RunTime:0.002000s ]
INFO: Run Behavior\CheckLangBehavior [ RunTime:0.005000s ]
INFO: Run Common\Behavior\UrldecodeGetBehavior [ RunTime:0.002001s ]
INFO: [ app_begin ] --END-- [ RunTime:0.009001s ]
SQL: SHOW COLUMNS FROM `i_users` [ RunTime:0.0020s ]
SQL: SELECT * FROM `i_users` WHERE `id` = '5' LIMIT 1   [ RunTime:0.0000s ]
SQL: SHOW COLUMNS FROM `i_users` [ RunTime:0.0020s ]
SQL: SELECT `user_status` FROM `i_users` WHERE `id` = '5' LIMIT 1   [ RunTime:0.0010s ]
SQL: SHOW COLUMNS FROM `i_users` [ RunTime:0.0020s ]
SQL: SELECT * FROM `i_users` WHERE `id` = '5' LIMIT 1   [ RunTime:0.0000s ]
SQL: SHOW COLUMNS FROM `i_data` [ RunTime:0.0020s ]
SQL: SELECT `data` FROM `i_data` WHERE `id` = 1 LIMIT 1   [ RunTime:0.0000s ]

[ 2017-05-08T21:50:16+08:00 ] 127.0.0.1 /index.php?g=User&m=Center&a=do_duihuan
INFO: [ app_begin ] --START--
INFO: Run Behavior\ReadHtmlCacheBehavior [ RunTime:0.002000s ]
INFO: Run Behavior\CheckLangBehavior [ RunTime:0.005001s ]
INFO: Run Common\Behavior\UrldecodeGetBehavior [ RunTime:0.002000s ]
INFO: [ app_begin ] --END-- [ RunTime:0.009001s ]
SQL: SHOW COLUMNS FROM `i_users` [ RunTime:0.0020s ]
SQL: SELECT * FROM `i_users` WHERE `id` = '5' LIMIT 1   [ RunTime:0.0000s ]
SQL: SHOW COLUMNS FROM `i_users` [ RunTime:0.0020s ]
SQL: SELECT `user_status` FROM `i_users` WHERE `id` = '5' LIMIT 1   [ RunTime:0.0000s ]
SQL: SHOW COLUMNS FROM `i_users` [ RunTime:0.0020s ]
SQL: SELECT * FROM `i_users` WHERE `id` = '5' LIMIT 1   [ RunTime:0.0000s ]
SQL: SHOW COLUMNS FROM `i_data` [ RunTime:0.0020s ]
SQL: SELECT `data` FROM `i_data` WHERE `id` = 1 LIMIT 1   [ RunTime:0.0000s ]
SQL: SHOW COLUMNS FROM `i_goods` [ RunTime:0.0020s ]
SQL: SELECT * FROM `i_goods` WHERE ( id=20170422212306784.000000 ) LIMIT 1   [ RunTime:0.0010s ]
SQL: SELECT * FROM `i_users` WHERE `uuid` = '8431b7c9-5a98-c32c-8c2d-20979207cca1' LIMIT 1   [ RunTime:0.0000s ]
SQL: SELECT * FROM `i_users` WHERE `uuid` = 'fa6e51e1-7475-248c-aa3f-32406676d8de' LIMIT 1   [ RunTime:0.0000s ]
NOTIC: [8] Undefined variable: insert_jiandian E:\bad\application\User\Controller\CenterController.class.php 第 521 行.
NOTIC: [8] Undefined variable: insert_jiandian E:\bad\application\User\Controller\CenterController.class.php 第 541 行.
NOTIC: [8] Undefined variable: updateGrand E:\bad\application\User\Controller\CenterController.class.php 第 557 行.
ERR: 1054:Unknown column 'can_monery' in 'field list'
 [ SQL语句 ] : UPDATE i_users SET can_monery = can_monery+10 WHERE id = '4'
ERR: 1054:Unknown column 'can_monery' in 'field list'
 [ SQL语句 ] : UPDATE i_users SET can_monery = can_monery+10 WHERE id = '4'

[ 2017-05-08T21:51:12+08:00 ] 127.0.0.1 /index.php?g=User&m=Center&a=do_duihuan
INFO: [ app_begin ] --START--
INFO: Run Behavior\ReadHtmlCacheBehavior [ RunTime:0.002000s ]
INFO: Run Behavior\CheckLangBehavior [ RunTime:0.003000s ]
INFO: Run Common\Behavior\UrldecodeGetBehavior [ RunTime:0.002001s ]
INFO: [ app_begin ] --END-- [ RunTime:0.007001s ]
SQL: SHOW COLUMNS FROM `i_users` [ RunTime:0.0040s ]
SQL: SELECT * FROM `i_users` WHERE `id` = '5' LIMIT 1   [ RunTime:0.0000s ]
SQL: SHOW COLUMNS FROM `i_users` [ RunTime:0.0030s ]
SQL: SELECT `user_status` FROM `i_users` WHERE `id` = '5' LIMIT 1   [ RunTime:0.0000s ]
SQL: SHOW COLUMNS FROM `i_users` [ RunTime:0.0030s ]
SQL: SELECT * FROM `i_users` WHERE `id` = '5' LIMIT 1   [ RunTime:0.0010s ]
SQL: SHOW COLUMNS FROM `i_data` [ RunTime:0.0020s ]
SQL: SELECT `data` FROM `i_data` WHERE `id` = 1 LIMIT 1   [ RunTime:0.0010s ]
SQL: SHOW COLUMNS FROM `i_goods` [ RunTime:0.0030s ]
SQL: SELECT * FROM `i_goods` WHERE ( id=20170422212306784.000000 ) LIMIT 1   [ RunTime:0.0010s ]
SQL: SELECT * FROM `i_users` WHERE `uuid` = '8431b7c9-5a98-c32c-8c2d-20979207cca1' LIMIT 1   [ RunTime:0.0000s ]
SQL: SELECT * FROM `i_users` WHERE `uuid` = 'fa6e51e1-7475-248c-aa3f-32406676d8de' LIMIT 1   [ RunTime:0.0010s ]
NOTIC: [8] Undefined variable: insert_jiandian E:\bad\application\User\Controller\CenterController.class.php 第 521 行.
NOTIC: [8] Undefined variable: insert_jiandian E:\bad\application\User\Controller\CenterController.class.php 第 541 行.
NOTIC: [8] Undefined variable: updateGrand E:\bad\application\User\Controller\CenterController.class.php 第 557 行.
SQL: UPDATE i_users SET can_monery = can_monery+10 WHERE id = '4' [ RunTime:0.0010s ]
SQL: INSERT INTO i_ticheng_log (uid,level,pid,score,gid,zhuanfa,add_time,status) VALUES ('4',1,'5',10,20170422212306786,0,NOW(),1) [ RunTime:0.0000s ]
SQL: UPDATE i_users SET score = score - 100 WHERE id = '5' [ RunTime:0.0010s ]
SQL:  INSERT INTO i_orders (order_num,uid,address_id,`number`,gid,goodsInfo,score,pay_score,pay_time) VALUES (20170508215111540,'5',4,'1',20170422212306786,'[{"fname":"规格|小款式、红色","fprice":"100","fcount":1,"prices":"100","fid":"20170422212306786-1"}]',100,100,NOW()) [ RunTime:0.0000s ]
SQL: INSERT INTO i_ticheng_log (uid,level,pid,score,gid,action,add_time) VALUES ('5',0,0,100,20170422212306786,0,now()) [ RunTime:0.0000s ]
SQL: UPDATE `i_goods` SET `attribute`='[{\"id\":\"1-1\",\"cost_price\":\"8\",\"selling_price\":\"9\",\"market_value\":\"10\",\"unit\":\"\\u4e2a\",\"stock\":\"13\",\"name\":\"\\u5927\\u6b3e\\u5f0f\",\"info\":\"\\u7eff\\u8272\"},{\"id\":\"1-1\",\"cost_price\":\"8\",\"selling_price\":\"9\",\"market_value\":\"10\",\"unit\":\"\\u4e2a\",\"stock\":9,\"name\":\"\\u5c0f\\u6b3e\\u5f0f\",\"info\":\"\\u7ea2\\u8272\"}]' WHERE `id` = '20170422212306786' [ RunTime:0.1110s ]
SQL: SHOW COLUMNS FROM `i_sku` [ RunTime:0.0020s ]
SQL: INSERT INTO `i_sku` (`gid`,`uid`,`action`,`gid_info`) VALUES ('20170422212306786','5','1','1') [ RunTime:0.1220s ]
SQL: UPDATE `i_users` SET `level`='2' WHERE `id` = '5' [ RunTime:0.0570s ]
SQL: SELECT * FROM `i_users` WHERE `uuid` = '8431b7c9-5a98-c32c-8c2d-20979207cca1' LIMIT 1   [ RunTime:0.0000s ]
SQL: SELECT COUNT(*) AS num FROM i_orders WHERE uid = 5 AND order_time =to_days(now()) [ RunTime:0.0010s ]

