[ 2017-05-25T20:57:40+08:00 ] 127.0.0.1 /index.php?g=User&m=Login&a=dologin
INFO: [ app_begin ] --START--
INFO: Run Behavior\ReadHtmlCacheBehavior [ RunTime:0.002000s ]
INFO: Run Behavior\CheckLangBehavior [ RunTime:0.004000s ]
INFO: Run Common\Behavior\UrldecodeGetBehavior [ RunTime:0.002000s ]
INFO: [ app_begin ] --END-- [ RunTime:0.009000s ]
NOTIC: [8] Undefined index: user E:\bad\application\Common\Controller\HomebaseController.class.php 第 37 行.
SQL: SHOW COLUMNS FROM `i_users` [ RunTime:0.0190s ]
NOTIC: [8] Undefined index: auto E:\bad\simplewind\Core\Library\Think\Model.class.php 第 1128 行.
SQL: SELECT * FROM `i_users` WHERE `user_status` = 1 AND `mobile` = '18816978523' LIMIT 1   [ RunTime:0.0000s ]
SQL: UPDATE `i_users` SET `last_login_time`='2017-05-25 20:57:40',`last_login_ip`='127.0.0.1' WHERE `id` = '2' [ RunTime:0.1980s ]

[ 2017-05-25T21:23:09+08:00 ] 127.0.0.1 /index.php?g=User&m=Other&a=getLevelPeople
ERR: 模板不存在:themes/simplebootx/User/Other/getLevelPeople.html

[ 2017-05-25T21:39:30+08:00 ] 127.0.0.1 /index.php?g=User&m=Login&a=dologin
INFO: [ app_begin ] --START--
INFO: Run Behavior\ReadHtmlCacheBehavior [ RunTime:0.002001s ]
INFO: Run Behavior\CheckLangBehavior [ RunTime:0.003000s ]
INFO: Run Common\Behavior\UrldecodeGetBehavior [ RunTime:0.002000s ]
INFO: [ app_begin ] --END-- [ RunTime:0.008001s ]
NOTIC: [8] Undefined index: user E:\bad\application\Common\Controller\HomebaseController.class.php 第 37 行.
SQL: SHOW COLUMNS FROM `i_users` [ RunTime:0.0020s ]
NOTIC: [8] Undefined index: auto E:\bad\simplewind\Core\Library\Think\Model.class.php 第 1128 行.
SQL: SELECT * FROM `i_users` WHERE `user_status` = 1 AND `mobile` = '18816978511' LIMIT 1   [ RunTime:0.0000s ]
SQL: UPDATE `i_users` SET `last_login_time`='2017-05-25 21:39:30',`last_login_ip`='127.0.0.1' WHERE `id` = '3' [ RunTime:0.1990s ]

