[ 2017-05-11T20:38:15+08:00 ] 127.0.0.1 /index.php?g=User&m=Login&a=dologin
INFO: [ app_begin ] --START--
INFO: Run Behavior\ReadHtmlCacheBehavior [ RunTime:0.003000s ]
INFO: Run Behavior\CheckLangBehavior [ RunTime:0.005001s ]
INFO: Run Common\Behavior\UrldecodeGetBehavior [ RunTime:0.003000s ]
INFO: [ app_begin ] --END-- [ RunTime:0.011001s ]
NOTIC: [8] Undefined index: user E:\bad\application\Common\Controller\HomebaseController.class.php 第 37 行.
SQL: SHOW COLUMNS FROM `i_users` [ RunTime:0.0020s ]
NOTIC: [8] Undefined index: auto E:\bad\simplewind\Core\Library\Think\Model.class.php 第 1128 行.
SQL: SELECT * FROM `i_users` WHERE `user_status` = 1 AND `mobile` = '18815412178' LIMIT 1   [ RunTime:0.0000s ]
SQL: UPDATE `i_users` SET `last_login_time`='2017-05-11 20:38:15',`last_login_ip`='127.0.0.1' WHERE `id` = '5' [ RunTime:0.1000s ]

[ 2017-05-11T20:42:26+08:00 ] 127.0.0.1 /index.php?g=User&m=Login&a=dologin
INFO: [ app_begin ] --START--
INFO: Run Behavior\ReadHtmlCacheBehavior [ RunTime:0.008000s ]
INFO: Run Behavior\CheckLangBehavior [ RunTime:0.005000s ]
INFO: Run Common\Behavior\UrldecodeGetBehavior [ RunTime:0.002000s ]
INFO: [ app_begin ] --END-- [ RunTime:0.015000s ]
NOTIC: [8] Undefined index: user E:\bad\application\Common\Controller\HomebaseController.class.php 第 37 行.
SQL: SHOW COLUMNS FROM `i_users` [ RunTime:0.0020s ]
NOTIC: [8] Undefined index: auto E:\bad\simplewind\Core\Library\Think\Model.class.php 第 1128 行.
SQL: SELECT * FROM `i_users` WHERE `user_status` = 1 AND `mobile` = '18816978511' LIMIT 1   [ RunTime:0.0000s ]
SQL: UPDATE `i_users` SET `last_login_time`='2017-05-11 20:42:26',`last_login_ip`='127.0.0.1' WHERE `id` = '3' [ RunTime:0.0480s ]

[ 2017-05-11T20:42:29+08:00 ] 127.0.0.1 /index.php?g=User&m=Center&a=fx_log
ERR: 模板不存在:themes/simplebootx/User/Center/fx_log.html

[ 2017-05-11T20:46:44+08:00 ] 127.0.0.1 /index.php?g=User&m=Login&a=dologin
INFO: [ app_begin ] --START--
INFO: Run Behavior\ReadHtmlCacheBehavior [ RunTime:0.004000s ]
INFO: Run Behavior\CheckLangBehavior [ RunTime:0.006000s ]
INFO: Run Common\Behavior\UrldecodeGetBehavior [ RunTime:0.002000s ]
INFO: [ app_begin ] --END-- [ RunTime:0.013000s ]
NOTIC: [8] Undefined index: user E:\bad\application\Common\Controller\HomebaseController.class.php 第 37 行.
SQL: SHOW COLUMNS FROM `i_users` [ RunTime:0.0020s ]
NOTIC: [8] Undefined index: auto E:\bad\simplewind\Core\Library\Think\Model.class.php 第 1128 行.
SQL: SELECT * FROM `i_users` WHERE `user_status` = 1 AND `mobile` = '15412123212' LIMIT 1   [ RunTime:0.0010s ]
SQL: UPDATE `i_users` SET `last_login_time`='2017-05-11 20:46:44',`last_login_ip`='127.0.0.1' WHERE `id` = '4' [ RunTime:0.0370s ]

[ 2017-05-11T20:58:28+08:00 ] 127.0.0.1 /index.php?g=User&m=Login&a=dologin
INFO: [ app_begin ] --START--
INFO: Run Behavior\ReadHtmlCacheBehavior [ RunTime:0.001000s ]
INFO: Run Behavior\CheckLangBehavior [ RunTime:0.006001s ]
INFO: Run Common\Behavior\UrldecodeGetBehavior [ RunTime:0.001000s ]
INFO: [ app_begin ] --END-- [ RunTime:0.008001s ]
NOTIC: [8] Undefined index: user E:\bad\application\Common\Controller\HomebaseController.class.php 第 37 行.
SQL: SHOW COLUMNS FROM `i_users` [ RunTime:0.0020s ]
NOTIC: [8] Undefined index: auto E:\bad\simplewind\Core\Library\Think\Model.class.php 第 1128 行.
SQL: SELECT * FROM `i_users` WHERE `user_status` = 1 AND `mobile` = '18815412178' LIMIT 1   [ RunTime:0.0000s ]
SQL: UPDATE `i_users` SET `last_login_time`='2017-05-11 20:58:28',`last_login_ip`='127.0.0.1' WHERE `id` = '5' [ RunTime:0.0370s ]

[ 2017-05-11T20:59:43+08:00 ] 127.0.0.1 /index.php?g=User&m=Center&a=chongzhima
INFO: [ app_begin ] --START--
INFO: Run Behavior\ReadHtmlCacheBehavior [ RunTime:0.001000s ]
INFO: Run Behavior\CheckLangBehavior [ RunTime:0.004000s ]
INFO: Run Common\Behavior\UrldecodeGetBehavior [ RunTime:0.001000s ]
INFO: [ app_begin ] --END-- [ RunTime:0.006000s ]
SQL: SHOW COLUMNS FROM `i_users` [ RunTime:0.0020s ]
SQL: SELECT * FROM `i_users` WHERE `id` = '5' LIMIT 1   [ RunTime:0.0000s ]
SQL: SHOW COLUMNS FROM `i_users` [ RunTime:0.0020s ]
SQL: SELECT `user_status` FROM `i_users` WHERE `id` = '5' LIMIT 1   [ RunTime:0.0010s ]
SQL: SHOW COLUMNS FROM `i_users` [ RunTime:0.0020s ]
SQL: SELECT * FROM `i_users` WHERE `id` = '5' LIMIT 1   [ RunTime:0.0010s ]
SQL: SHOW COLUMNS FROM `i_recharges` [ RunTime:0.0020s ]
SQL: SELECT * FROM `i_recharges` WHERE ( code = 1031272993 AND mi = 5658 AND status != 2 AND uid IS NULL ) LIMIT 1   [ RunTime:0.0000s ]
SQL: UPDATE i_users SET score = score+5000 WHERE id = 5 [ RunTime:0.0000s ]
SQL: INSERT INTO i_chongzhi_log (uid,type,jf,`number`,status,add_time) VALUES (5,3,'5000','1031272993',2,now()) [ RunTime:0.0010s ]
SQL: UPDATE i_recharges SET uid = 5,use_time=now(),status = 2 WHERE id = '146' [ RunTime:0.0000s ]

[ 2017-05-11T21:03:29+08:00 ] 127.0.0.1 /index.php?g=User&m=Center&a=do_duihuan
INFO: [ app_begin ] --START--
INFO: Run Behavior\ReadHtmlCacheBehavior [ RunTime:0.002000s ]
INFO: Run Behavior\CheckLangBehavior [ RunTime:0.003001s ]
INFO: Run Common\Behavior\UrldecodeGetBehavior [ RunTime:0.002000s ]
INFO: [ app_begin ] --END-- [ RunTime:0.007001s ]
SQL: SHOW COLUMNS FROM `i_users` [ RunTime:0.0030s ]
SQL: SELECT * FROM `i_users` WHERE `id` = '5' LIMIT 1   [ RunTime:0.0000s ]
SQL: SHOW COLUMNS FROM `i_users` [ RunTime:0.0020s ]
SQL: SELECT `user_status` FROM `i_users` WHERE `id` = '5' LIMIT 1   [ RunTime:0.0000s ]
SQL: SHOW COLUMNS FROM `i_users` [ RunTime:0.0020s ]
SQL: SELECT * FROM `i_users` WHERE `id` = '5' LIMIT 1   [ RunTime:0.0000s ]
SQL: SHOW COLUMNS FROM `i_data` [ RunTime:0.0020s ]
SQL: SELECT `data` FROM `i_data` WHERE `id` = 1 LIMIT 1   [ RunTime:0.0000s ]
SQL: SHOW COLUMNS FROM `i_goods` [ RunTime:0.0020s ]
SQL: SELECT * FROM `i_goods` WHERE ( id=20170422212306784.000000 ) LIMIT 1   [ RunTime:0.0010s ]
SQL: SELECT * FROM `i_users` WHERE `uuid` = '8431b7c9-5a98-c32c-8c2d-20979207cca1' LIMIT 1   [ RunTime:0.0000s ]
SQL: SELECT * FROM `i_users` WHERE `uuid` = 'fa6e51e1-7475-248c-aa3f-32406676d8de' LIMIT 1   [ RunTime:0.0010s ]
NOTIC: [8] Undefined variable: insert_jiandian E:\bad\application\User\Controller\CenterController.class.php 第 570 行.
NOTIC: [8] Undefined variable: insert_jiandian E:\bad\application\User\Controller\CenterController.class.php 第 590 行.
SQL: UPDATE i_users SET can_monery = can_monery+8 WHERE id = '4' [ RunTime:0.0000s ]
SQL: INSERT INTO i_ticheng_log (uid,level,pid,score,gid,zhuanfa,add_time,status) VALUES ('4',1,'5',8,20170422212306786,0,NOW(),1) [ RunTime:0.0000s ]
SQL: UPDATE i_users SET can_monery = can_monery + 15 WHERE id = '3' [ RunTime:0.0000s ]
SQL: INSERT INTO i_ticheng_log (uid,level,pid,score,gid,add_time) VALUES ('4',2,'5',15,20170422212306786,NOW()) [ RunTime:0.0000s ]
SQL:  UPDATE i_users SET can_monery = can_monery + 4 WHERE id = '3' [ RunTime:0.0000s ]
SQL: INSERT INTO i_ticheng_log (uid,level,pid,score,gid,add_time) VALUES ('4',2,'5',4,20170422212306786,NOW()) [ RunTime:0.0000s ]
SQL: UPDATE i_users SET score = score - 85 WHERE id = '5' [ RunTime:0.0000s ]
SQL:  INSERT INTO i_orders (order_num,uid,address_id,`number`,gid,goodsInfo,score,pay_score,pay_time) VALUES (20170511210329660,'5',4,'1',20170422212306786,'[{"fname":"规格|小款式、绿色","fprice":"85","fcount":1,"prices":"100","fid":"20170422212306786-1"}]',85,85,NOW()) [ RunTime:0.0010s ]
SQL: INSERT INTO i_ticheng_log (uid,level,pid,score,gid,action,add_time) VALUES ('5',0,0,85,20170422212306786,0,now()) [ RunTime:0.0000s ]
SQL: UPDATE `i_goods` SET `attribute`='[{\"id\":\"1-1\",\"cost_price\":\"8\",\"selling_price\":\"9\",\"market_value\":\"10\",\"unit\":\"\\u4e2a\",\"stock\":\"13\",\"name\":\"\\u5927\\u6b3e\\u5f0f\",\"info\":\"\\u7eff\\u8272\"},{\"id\":\"1-1\",\"cost_price\":\"8\",\"selling_price\":\"9\",\"market_value\":\"10\",\"unit\":\"\\u4e2a\",\"stock\":6,\"name\":\"\\u5c0f\\u6b3e\\u5f0f\",\"info\":\"\\u7ea2\\u8272\"}]' WHERE `id` = '20170422212306786' [ RunTime:0.0660s ]
SQL: SHOW COLUMNS FROM `i_sku` [ RunTime:0.0020s ]
SQL: INSERT INTO `i_sku` (`gid`,`uid`,`action`,`gid_info`,`add_time`,`number`) VALUES ('20170422212306786','5','1','1','2017-05-11','1') [ RunTime:0.0220s ]
SQL: SELECT COUNT(*) AS num FROM i_orders WHERE uid = 5 AND order_time =to_days(now()) [ RunTime:0.0000s ]

[ 2017-05-11T21:03:53+08:00 ] 127.0.0.1 /index.php?g=User&m=Login&a=dologin
INFO: [ app_begin ] --START--
INFO: Run Behavior\ReadHtmlCacheBehavior [ RunTime:0.001000s ]
INFO: Run Behavior\CheckLangBehavior [ RunTime:0.005000s ]
INFO: Run Common\Behavior\UrldecodeGetBehavior [ RunTime:0.002001s ]
INFO: [ app_begin ] --END-- [ RunTime:0.009001s ]
NOTIC: [8] Undefined index: user E:\bad\application\Common\Controller\HomebaseController.class.php 第 37 行.
SQL: SHOW COLUMNS FROM `i_users` [ RunTime:0.0020s ]
NOTIC: [8] Undefined index: auto E:\bad\simplewind\Core\Library\Think\Model.class.php 第 1128 行.
SQL: SELECT * FROM `i_users` WHERE `user_status` = 1 AND `mobile` = '15412123212' LIMIT 1   [ RunTime:0.0000s ]
SQL: UPDATE `i_users` SET `last_login_time`='2017-05-11 21:03:53',`last_login_ip`='127.0.0.1' WHERE `id` = '4' [ RunTime:0.0340s ]

[ 2017-05-11T21:06:50+08:00 ] 127.0.0.1 /index.php?g=User&m=Login&a=dologin
INFO: [ app_begin ] --START--
INFO: Run Behavior\ReadHtmlCacheBehavior [ RunTime:0.001000s ]
INFO: Run Behavior\CheckLangBehavior [ RunTime:0.003000s ]
INFO: Run Common\Behavior\UrldecodeGetBehavior [ RunTime:0.002000s ]
INFO: [ app_begin ] --END-- [ RunTime:0.007000s ]
NOTIC: [8] Undefined index: user E:\bad\application\Common\Controller\HomebaseController.class.php 第 37 行.
SQL: SHOW COLUMNS FROM `i_users` [ RunTime:0.0020s ]
NOTIC: [8] Undefined index: auto E:\bad\simplewind\Core\Library\Think\Model.class.php 第 1128 行.
SQL: SELECT * FROM `i_users` WHERE `user_status` = 1 AND `mobile` = '18815412178' LIMIT 1   [ RunTime:0.0000s ]
SQL: UPDATE `i_users` SET `last_login_time`='2017-05-11 21:06:50',`last_login_ip`='127.0.0.1' WHERE `id` = '5' [ RunTime:0.0350s ]

[ 2017-05-11T21:08:40+08:00 ] 127.0.0.1 /index.php?g=User&m=Center&a=do_duihuan
INFO: [ app_begin ] --START--
INFO: Run Behavior\ReadHtmlCacheBehavior [ RunTime:0.002000s ]
INFO: Run Behavior\CheckLangBehavior [ RunTime:0.003000s ]
INFO: Run Common\Behavior\UrldecodeGetBehavior [ RunTime:0.002000s ]
INFO: [ app_begin ] --END-- [ RunTime:0.007000s ]
SQL: SHOW COLUMNS FROM `i_users` [ RunTime:0.0030s ]
SQL: SELECT * FROM `i_users` WHERE `id` = '5' LIMIT 1   [ RunTime:0.0000s ]
SQL: SHOW COLUMNS FROM `i_users` [ RunTime:0.0040s ]
SQL: SELECT `user_status` FROM `i_users` WHERE `id` = '5' LIMIT 1   [ RunTime:0.0000s ]
SQL: SHOW COLUMNS FROM `i_users` [ RunTime:0.0040s ]
SQL: SELECT * FROM `i_users` WHERE `id` = '5' LIMIT 1   [ RunTime:0.0010s ]
SQL: SHOW COLUMNS FROM `i_data` [ RunTime:0.0020s ]
SQL: SELECT `data` FROM `i_data` WHERE `id` = 1 LIMIT 1   [ RunTime:0.0000s ]
SQL: SHOW COLUMNS FROM `i_goods` [ RunTime:0.0030s ]
SQL: SELECT * FROM `i_goods` WHERE ( id=20170422212306784.000000 ) LIMIT 1   [ RunTime:0.0010s ]
SQL: SELECT * FROM `i_users` WHERE `uuid` = '8431b7c9-5a98-c32c-8c2d-20979207cca1' LIMIT 1   [ RunTime:0.0000s ]
SQL: SELECT * FROM `i_users` WHERE `uuid` = 'fa6e51e1-7475-248c-aa3f-32406676d8de' LIMIT 1   [ RunTime:0.0010s ]
NOTIC: [8] Undefined variable: insert_jiandian E:\bad\application\User\Controller\CenterController.class.php 第 570 行.
NOTIC: [8] Undefined variable: insert_jiandian E:\bad\application\User\Controller\CenterController.class.php 第 590 行.
NOTIC: [8] Undefined variable: updateGrand E:\bad\application\User\Controller\CenterController.class.php 第 606 行.
SQL: UPDATE i_users SET can_monery = can_monery+10 WHERE id = '4' [ RunTime:0.0000s ]
SQL: INSERT INTO i_ticheng_log (uid,level,pid,score,gid,zhuanfa,add_time,status) VALUES ('4',1,'5',10,20170422212306786,0,NOW(),1) [ RunTime:0.0000s ]
SQL: UPDATE i_users SET score = score - 100 WHERE id = '5' [ RunTime:0.0000s ]
SQL:  INSERT INTO i_orders (order_num,uid,address_id,`number`,gid,goodsInfo,score,pay_score,pay_time) VALUES (20170511210840601,'5',4,'1',20170422212306786,'[{"fname":"规格|小款式、绿色","fprice":"100","fcount":1,"prices":"100","fid":"20170422212306786-1"}]',100,100,NOW()) [ RunTime:0.0000s ]
SQL: INSERT INTO i_ticheng_log (uid,level,pid,score,gid,action,add_time) VALUES ('5',0,0,100,20170422212306786,0,now()) [ RunTime:0.0000s ]
SQL: UPDATE `i_goods` SET `attribute`='[{\"id\":\"1-1\",\"cost_price\":\"8\",\"selling_price\":\"9\",\"market_value\":\"10\",\"unit\":\"\\u4e2a\",\"stock\":\"13\",\"name\":\"\\u5927\\u6b3e\\u5f0f\",\"info\":\"\\u7eff\\u8272\"},{\"id\":\"1-1\",\"cost_price\":\"8\",\"selling_price\":\"9\",\"market_value\":\"10\",\"unit\":\"\\u4e2a\",\"stock\":6,\"name\":\"\\u5c0f\\u6b3e\\u5f0f\",\"info\":\"\\u7ea2\\u8272\"}]' WHERE `id` = '20170422212306786' [ RunTime:0.0660s ]
SQL: SHOW COLUMNS FROM `i_sku` [ RunTime:0.0020s ]
SQL: INSERT INTO `i_sku` (`gid`,`uid`,`action`,`gid_info`,`add_time`,`number`) VALUES ('20170422212306786','5','1','1','2017-05-11','1') [ RunTime:0.0640s ]
SQL: UPDATE `i_users` SET `level`='2' WHERE `id` = '5' [ RunTime:0.0410s ]
SQL: SELECT * FROM `i_users` WHERE `uuid` = '8431b7c9-5a98-c32c-8c2d-20979207cca1' LIMIT 1   [ RunTime:0.0000s ]
SQL: SELECT COUNT(*) AS num FROM i_orders WHERE uid = 5 AND order_time =to_days(now()) [ RunTime:0.0000s ]

[ 2017-05-11T21:09:03+08:00 ] 127.0.0.1 /index.php?g=User&m=Login&a=dologin
INFO: [ app_begin ] --START--
INFO: Run Behavior\ReadHtmlCacheBehavior [ RunTime:0.002001s ]
INFO: Run Behavior\CheckLangBehavior [ RunTime:0.005000s ]
INFO: Run Common\Behavior\UrldecodeGetBehavior [ RunTime:0.003000s ]
INFO: [ app_begin ] --END-- [ RunTime:0.010001s ]
NOTIC: [8] Undefined index: user E:\bad\application\Common\Controller\HomebaseController.class.php 第 37 行.
SQL: SHOW COLUMNS FROM `i_users` [ RunTime:0.0030s ]
NOTIC: [8] Undefined index: auto E:\bad\simplewind\Core\Library\Think\Model.class.php 第 1128 行.
SQL: SELECT * FROM `i_users` WHERE `user_status` = 1 AND `mobile` = '15412123212' LIMIT 1   [ RunTime:0.0000s ]
SQL: UPDATE `i_users` SET `last_login_time`='2017-05-11 21:09:03',`last_login_ip`='127.0.0.1' WHERE `id` = '4' [ RunTime:0.0720s ]

[ 2017-05-11T21:20:42+08:00 ] 127.0.0.1 /index.php?g=User&m=Login&a=dologin
INFO: [ app_begin ] --START--
INFO: Run Behavior\ReadHtmlCacheBehavior [ RunTime:0.002001s ]
INFO: Run Behavior\CheckLangBehavior [ RunTime:0.003000s ]
INFO: Run Common\Behavior\UrldecodeGetBehavior [ RunTime:0.002000s ]
INFO: [ app_begin ] --END-- [ RunTime:0.007001s ]
NOTIC: [8] Undefined index: user E:\bad\application\Common\Controller\HomebaseController.class.php 第 37 行.
SQL: SHOW COLUMNS FROM `i_users` [ RunTime:0.0020s ]
NOTIC: [8] Undefined index: auto E:\bad\simplewind\Core\Library\Think\Model.class.php 第 1128 行.
SQL: SELECT * FROM `i_users` WHERE `user_status` = 1 AND `mobile` = '18815412178' LIMIT 1   [ RunTime:0.0000s ]
SQL: UPDATE `i_users` SET `last_login_time`='2017-05-11 21:20:42',`last_login_ip`='127.0.0.1' WHERE `id` = '5' [ RunTime:0.0390s ]

[ 2017-05-11T21:21:01+08:00 ] 127.0.0.1 /index.php?g=User&m=Center&a=do_duihuan
INFO: [ app_begin ] --START--
INFO: Run Behavior\ReadHtmlCacheBehavior [ RunTime:0.002001s ]
INFO: Run Behavior\CheckLangBehavior [ RunTime:0.003000s ]
INFO: Run Common\Behavior\UrldecodeGetBehavior [ RunTime:0.002000s ]
INFO: [ app_begin ] --END-- [ RunTime:0.007001s ]
SQL: SHOW COLUMNS FROM `i_users` [ RunTime:0.0030s ]
SQL: SELECT * FROM `i_users` WHERE `id` = '5' LIMIT 1   [ RunTime:0.0000s ]
SQL: SHOW COLUMNS FROM `i_users` [ RunTime:0.0020s ]
SQL: SELECT `user_status` FROM `i_users` WHERE `id` = '5' LIMIT 1   [ RunTime:0.0000s ]
SQL: SHOW COLUMNS FROM `i_users` [ RunTime:0.0030s ]
SQL: SELECT * FROM `i_users` WHERE `id` = '5' LIMIT 1   [ RunTime:0.0010s ]
SQL: SHOW COLUMNS FROM `i_data` [ RunTime:0.0020s ]
SQL: SELECT `data` FROM `i_data` WHERE `id` = 1 LIMIT 1   [ RunTime:0.0010s ]
SQL: SHOW COLUMNS FROM `i_goods` [ RunTime:0.0030s ]
SQL: SELECT * FROM `i_goods` WHERE ( id=20170422212306784.000000 ) LIMIT 1   [ RunTime:0.0010s ]
SQL: SELECT * FROM `i_users` WHERE `uuid` = '8431b7c9-5a98-c32c-8c2d-20979207cca1' LIMIT 1   [ RunTime:0.0000s ]
SQL: SELECT * FROM `i_users` WHERE `uuid` = 'fa6e51e1-7475-248c-aa3f-32406676d8de' LIMIT 1   [ RunTime:0.0000s ]
NOTIC: [8] Undefined variable: insert_jiandian E:\bad\application\User\Controller\CenterController.class.php 第 570 行.
NOTIC: [8] Undefined variable: insert_jiandian E:\bad\application\User\Controller\CenterController.class.php 第 590 行.
SQL: UPDATE i_users SET can_monery = can_monery+10 WHERE id = '4' [ RunTime:0.0010s ]
SQL: INSERT INTO i_ticheng_log (uid,level,pid,score,gid,zhuanfa,add_time,status) VALUES ('4',1,'5',10,20170422212306786,0,NOW(),1) [ RunTime:0.0000s ]
SQL: UPDATE i_users SET can_monery = can_monery + 15 WHERE id = '3' [ RunTime:0.0000s ]
SQL: INSERT INTO i_ticheng_log (uid,level,pid,score,gid,add_time) VALUES ('4',2,'5',15,20170422212306786,NOW()) [ RunTime:0.0000s ]
SQL:  UPDATE i_users SET can_monery = can_monery + 5 WHERE id = '3' [ RunTime:0.0010s ]
SQL: INSERT INTO i_ticheng_log (uid,level,pid,score,gid,add_time) VALUES ('4',2,'5',5,20170422212306786,NOW()) [ RunTime:0.0000s ]
SQL: UPDATE i_users SET score = score - 100 WHERE id = '5' [ RunTime:0.0000s ]
SQL:  INSERT INTO i_orders (order_num,uid,address_id,`number`,gid,goodsInfo,score,pay_score,pay_time) VALUES (20170511212101773,'5',4,'1',20170422212306786,'[{"fname":"规格|小款式、绿色","fprice":"100","fcount":1,"prices":"100","fid":"20170422212306786-1"}]',100,100,NOW()) [ RunTime:0.0000s ]
SQL: INSERT INTO i_ticheng_log (uid,level,pid,score,gid,action,add_time) VALUES ('5',0,0,100,20170422212306786,0,now()) [ RunTime:0.0000s ]
SQL: UPDATE `i_goods` SET `attribute`='[{\"id\":\"1-1\",\"cost_price\":\"8\",\"selling_price\":\"9\",\"market_value\":\"10\",\"unit\":\"\\u4e2a\",\"stock\":\"13\",\"name\":\"\\u5927\\u6b3e\\u5f0f\",\"info\":\"\\u7eff\\u8272\"},{\"id\":\"1-1\",\"cost_price\":\"8\",\"selling_price\":\"9\",\"market_value\":\"10\",\"unit\":\"\\u4e2a\",\"stock\":6,\"name\":\"\\u5c0f\\u6b3e\\u5f0f\",\"info\":\"\\u7ea2\\u8272\"}]' WHERE `id` = '20170422212306786' [ RunTime:0.0780s ]
SQL: SHOW COLUMNS FROM `i_sku` [ RunTime:0.0020s ]
SQL: INSERT INTO `i_sku` (`gid`,`uid`,`action`,`gid_info`,`add_time`,`number`) VALUES ('20170422212306786','5','1','1','2017-05-11','1') [ RunTime:0.0360s ]
SQL: UPDATE `i_users` SET `level`='2' WHERE `id` = '5' [ RunTime:0.0330s ]
SQL: SELECT * FROM `i_users` WHERE `uuid` = '8431b7c9-5a98-c32c-8c2d-20979207cca1' LIMIT 1   [ RunTime:0.0000s ]
SQL: SELECT COUNT(*) AS num FROM i_orders WHERE uid = 5 AND order_time =to_days(now()) [ RunTime:0.0010s ]

[ 2017-05-11T21:21:31+08:00 ] 127.0.0.1 /index.php?g=User&m=Login&a=dologin
INFO: [ app_begin ] --START--
INFO: Run Behavior\ReadHtmlCacheBehavior [ RunTime:0.002000s ]
INFO: Run Behavior\CheckLangBehavior [ RunTime:0.004000s ]
INFO: Run Common\Behavior\UrldecodeGetBehavior [ RunTime:0.001000s ]
INFO: [ app_begin ] --END-- [ RunTime:0.007000s ]
NOTIC: [8] Undefined index: user E:\bad\application\Common\Controller\HomebaseController.class.php 第 37 行.
SQL: SHOW COLUMNS FROM `i_users` [ RunTime:0.0020s ]
NOTIC: [8] Undefined index: auto E:\bad\simplewind\Core\Library\Think\Model.class.php 第 1128 行.
SQL: SELECT * FROM `i_users` WHERE `user_status` = 1 AND `mobile` = '15412123212' LIMIT 1   [ RunTime:0.0000s ]
SQL: UPDATE `i_users` SET `last_login_time`='2017-05-11 21:21:31',`last_login_ip`='127.0.0.1' WHERE `id` = '4' [ RunTime:0.0350s ]

[ 2017-05-11T21:59:06+08:00 ] 127.0.0.1 /index.php?g=User&m=Login&a=dologin
INFO: [ app_begin ] --START--
INFO: Run Behavior\ReadHtmlCacheBehavior [ RunTime:0.001000s ]
INFO: Run Behavior\CheckLangBehavior [ RunTime:0.004001s ]
INFO: Run Common\Behavior\UrldecodeGetBehavior [ RunTime:0.001000s ]
INFO: [ app_begin ] --END-- [ RunTime:0.007001s ]
NOTIC: [8] Undefined index: user E:\bad\application\Common\Controller\HomebaseController.class.php 第 37 行.
SQL: SHOW COLUMNS FROM `i_users` [ RunTime:0.0020s ]
NOTIC: [8] Undefined index: auto E:\bad\simplewind\Core\Library\Think\Model.class.php 第 1128 行.
SQL: SELECT * FROM `i_users` WHERE `user_status` = 1 AND `mobile` = '18815412178' LIMIT 1   [ RunTime:0.0010s ]
SQL: UPDATE `i_users` SET `last_login_time`='2017-05-11 21:59:06',`last_login_ip`='127.0.0.1' WHERE `id` = '5' [ RunTime:0.0370s ]

[ 2017-05-11T21:59:24+08:00 ] 127.0.0.1 /index.php?g=User&m=Center&a=do_duihuan
INFO: [ app_begin ] --START--
INFO: Run Behavior\ReadHtmlCacheBehavior [ RunTime:0.002001s ]
INFO: Run Behavior\CheckLangBehavior [ RunTime:0.003000s ]
INFO: Run Common\Behavior\UrldecodeGetBehavior [ RunTime:0.002000s ]
INFO: [ app_begin ] --END-- [ RunTime:0.007001s ]
SQL: SHOW COLUMNS FROM `i_users` [ RunTime:0.0020s ]
SQL: SELECT * FROM `i_users` WHERE `id` = '5' LIMIT 1   [ RunTime:0.0000s ]
SQL: SHOW COLUMNS FROM `i_users` [ RunTime:0.0020s ]
SQL: SELECT `user_status` FROM `i_users` WHERE `id` = '5' LIMIT 1   [ RunTime:0.0000s ]
SQL: SHOW COLUMNS FROM `i_users` [ RunTime:0.0020s ]
SQL: SELECT * FROM `i_users` WHERE `id` = '5' LIMIT 1   [ RunTime:0.0010s ]
SQL: SHOW COLUMNS FROM `i_data` [ RunTime:0.0020s ]
SQL: SELECT `data` FROM `i_data` WHERE `id` = 1 LIMIT 1   [ RunTime:0.0000s ]
SQL: SHOW COLUMNS FROM `i_goods` [ RunTime:0.0020s ]
SQL: SELECT * FROM `i_goods` WHERE ( id=20170422212306784.000000 ) LIMIT 1   [ RunTime:0.0000s ]
SQL: SELECT * FROM `i_users` WHERE `uuid` = '8431b7c9-5a98-c32c-8c2d-20979207cca1' LIMIT 1   [ RunTime:0.0010s ]
SQL: SELECT * FROM `i_users` WHERE `uuid` = 'fa6e51e1-7475-248c-aa3f-32406676d8de' LIMIT 1   [ RunTime:0.0000s ]
NOTIC: [8] Undefined variable: insert_jiandian E:\bad\application\User\Controller\CenterController.class.php 第 570 行.
NOTIC: [8] Undefined variable: insert_jiandian E:\bad\application\User\Controller\CenterController.class.php 第 590 行.
NOTIC: [8] Undefined variable: updateGrand E:\bad\application\User\Controller\CenterController.class.php 第 606 行.
SQL: UPDATE i_users SET can_monery = can_monery+10 WHERE id = '4' [ RunTime:0.0000s ]
SQL: INSERT INTO i_ticheng_log (uid,level,pid,score,gid,zhuanfa,add_time,status) VALUES ('4',1,'5',10,20170422212306786,0,NOW(),1) [ RunTime:0.0000s ]
SQL: UPDATE i_users SET score = score - 100 WHERE id = '5' [ RunTime:0.0000s ]
SQL:  INSERT INTO i_orders (order_num,uid,address_id,`number`,gid,goodsInfo,score,pay_score,pay_time) VALUES (20170511215924481,'5',4,'1',20170422212306786,'[{"fname":"规格|小款式、绿色","fprice":"100","fcount":1,"prices":"100","fid":"20170422212306786-1"}]',100,100,NOW()) [ RunTime:0.0000s ]
SQL: INSERT INTO i_ticheng_log (uid,level,pid,score,gid,action,add_time) VALUES ('5',0,0,100,20170422212306786,0,now()) [ RunTime:0.0180s ]
SQL: UPDATE `i_goods` SET `attribute`='[{\"id\":\"1-1\",\"cost_price\":\"8\",\"selling_price\":\"9\",\"market_value\":\"10\",\"unit\":\"\\u4e2a\",\"stock\":\"13\",\"name\":\"\\u5927\\u6b3e\\u5f0f\",\"info\":\"\\u7eff\\u8272\"},{\"id\":\"1-1\",\"cost_price\":\"8\",\"selling_price\":\"9\",\"market_value\":\"10\",\"unit\":\"\\u4e2a\",\"stock\":6,\"name\":\"\\u5c0f\\u6b3e\\u5f0f\",\"info\":\"\\u7ea2\\u8272\"}]' WHERE `id` = '20170422212306786' [ RunTime:0.0760s ]
SQL: SHOW COLUMNS FROM `i_sku` [ RunTime:0.0010s ]
SQL: INSERT INTO `i_sku` (`gid`,`uid`,`action`,`gid_info`,`add_time`,`number`) VALUES ('20170422212306786','5','1','1','2017-05-11','1') [ RunTime:0.0290s ]
SQL: UPDATE `i_users` SET `level`='2' WHERE `id` = '5' [ RunTime:0.0250s ]
SQL: SELECT * FROM `i_users` WHERE `uuid` = '8431b7c9-5a98-c32c-8c2d-20979207cca1' LIMIT 1   [ RunTime:0.0010s ]
SQL: SELECT COUNT(*) AS num FROM i_orders WHERE uid = 5 AND order_time =to_days(now()) [ RunTime:0.0000s ]

[ 2017-05-11T22:09:27+08:00 ] 127.0.0.1 /index.php?g=User&m=Login&a=dologin
INFO: [ app_begin ] --START--
INFO: Run Behavior\ReadHtmlCacheBehavior [ RunTime:0.001000s ]
INFO: Run Behavior\CheckLangBehavior [ RunTime:0.004000s ]
INFO: Run Common\Behavior\UrldecodeGetBehavior [ RunTime:0.002000s ]
INFO: [ app_begin ] --END-- [ RunTime:0.008000s ]
NOTIC: [8] Undefined index: user E:\bad\application\Common\Controller\HomebaseController.class.php 第 37 行.
SQL: SHOW COLUMNS FROM `i_users` [ RunTime:0.0020s ]
NOTIC: [8] Undefined index: auto E:\bad\simplewind\Core\Library\Think\Model.class.php 第 1128 行.
SQL: SELECT * FROM `i_users` WHERE `user_status` = 1 AND `mobile` = '15412123212' LIMIT 1   [ RunTime:0.0000s ]
SQL: UPDATE `i_users` SET `last_login_time`='2017-05-11 22:09:27',`last_login_ip`='127.0.0.1' WHERE `id` = '4' [ RunTime:0.0430s ]

[ 2017-05-11T22:24:23+08:00 ] 127.0.0.1 /index.php?g=User&m=Login&a=dologin
INFO: [ app_begin ] --START--
INFO: Run Behavior\ReadHtmlCacheBehavior [ RunTime:0.002001s ]
INFO: Run Behavior\CheckLangBehavior [ RunTime:0.004000s ]
INFO: Run Common\Behavior\UrldecodeGetBehavior [ RunTime:0.002000s ]
INFO: [ app_begin ] --END-- [ RunTime:0.008001s ]
NOTIC: [8] Undefined index: user E:\bad\application\Common\Controller\HomebaseController.class.php 第 37 行.
SQL: SHOW COLUMNS FROM `i_users` [ RunTime:0.0020s ]
NOTIC: [8] Undefined index: auto E:\bad\simplewind\Core\Library\Think\Model.class.php 第 1128 行.
SQL: SELECT * FROM `i_users` WHERE `user_status` = 1 AND `mobile` = '18815412178' LIMIT 1   [ RunTime:0.0000s ]
SQL: UPDATE `i_users` SET `last_login_time`='2017-05-11 22:24:23',`last_login_ip`='127.0.0.1' WHERE `id` = '5' [ RunTime:0.0600s ]

[ 2017-05-11T22:24:36+08:00 ] 127.0.0.1 /index.php?g=User&m=Center&a=do_duihuan
INFO: [ app_begin ] --START--
INFO: Run Behavior\ReadHtmlCacheBehavior [ RunTime:0.001000s ]
INFO: Run Behavior\CheckLangBehavior [ RunTime:0.003000s ]
INFO: Run Common\Behavior\UrldecodeGetBehavior [ RunTime:0.002000s ]
INFO: [ app_begin ] --END-- [ RunTime:0.007000s ]
SQL: SHOW COLUMNS FROM `i_users` [ RunTime:0.0020s ]
SQL: SELECT * FROM `i_users` WHERE `id` = '5' LIMIT 1   [ RunTime:0.0000s ]
SQL: SHOW COLUMNS FROM `i_users` [ RunTime:0.0020s ]
SQL: SELECT `user_status` FROM `i_users` WHERE `id` = '5' LIMIT 1   [ RunTime:0.0000s ]
SQL: SHOW COLUMNS FROM `i_users` [ RunTime:0.0020s ]
SQL: SELECT * FROM `i_users` WHERE `id` = '5' LIMIT 1   [ RunTime:0.0010s ]
SQL: SHOW COLUMNS FROM `i_data` [ RunTime:0.0010s ]
SQL: SELECT `data` FROM `i_data` WHERE `id` = 1 LIMIT 1   [ RunTime:0.0010s ]
SQL: SHOW COLUMNS FROM `i_goods` [ RunTime:0.0020s ]
SQL: SELECT * FROM `i_goods` WHERE ( id=20170422212306784.000000 ) LIMIT 1   [ RunTime:0.0000s ]
SQL: SELECT * FROM `i_users` WHERE `uuid` = '8431b7c9-5a98-c32c-8c2d-20979207cca1' LIMIT 1   [ RunTime:0.0000s ]
SQL: SELECT * FROM `i_users` WHERE `uuid` = 'fa6e51e1-7475-248c-aa3f-32406676d8de' LIMIT 1   [ RunTime:0.0000s ]
NOTIC: [8] Undefined variable: insert_jiandian E:\bad\application\User\Controller\CenterController.class.php 第 570 行.
NOTIC: [8] Undefined variable: insert_jiandian E:\bad\application\User\Controller\CenterController.class.php 第 590 行.
SQL: UPDATE i_users SET can_monery = can_monery+10 WHERE id = '4' [ RunTime:0.0000s ]
SQL: INSERT INTO i_ticheng_log (uid,level,pid,score,gid,zhuanfa,add_time,status) VALUES ('4',1,'5',10,20170422212306786,0,NOW(),1) [ RunTime:0.0000s ]
SQL: UPDATE i_users SET can_monery = can_monery + 15 WHERE id = '3' [ RunTime:0.0000s ]
SQL: INSERT INTO i_ticheng_log (uid,level,pid,score,gid,add_time) VALUES ('3',2,'5',15,20170422212306786,NOW()) [ RunTime:0.0000s ]
SQL:  UPDATE i_users SET can_monery = can_monery + 5 WHERE id = '3' [ RunTime:0.0000s ]
SQL: INSERT INTO i_ticheng_log (uid,level,pid,score,gid,add_time) VALUES ('3',2,'5',5,20170422212306786,NOW()) [ RunTime:0.0000s ]
SQL: UPDATE i_users SET score = score - 100 WHERE id = '5' [ RunTime:0.0000s ]
SQL:  INSERT INTO i_orders (order_num,uid,address_id,`number`,gid,goodsInfo,score,pay_score,pay_time) VALUES (20170511222436459,'5',4,'1',20170422212306786,'[{"fname":"规格|小款式、红色","fprice":"100","fcount":1,"prices":"100","fid":"20170422212306786-1"}]',100,100,NOW()) [ RunTime:0.0000s ]
SQL: INSERT INTO i_ticheng_log (uid,level,pid,score,gid,action,add_time) VALUES ('5',0,0,100,20170422212306786,0,now()) [ RunTime:0.0000s ]
SQL: UPDATE `i_goods` SET `attribute`='[{\"id\":\"1-1\",\"cost_price\":\"8\",\"selling_price\":\"9\",\"market_value\":\"10\",\"unit\":\"\\u4e2a\",\"stock\":\"13\",\"name\":\"\\u5927\\u6b3e\\u5f0f\",\"info\":\"\\u7eff\\u8272\"},{\"id\":\"1-1\",\"cost_price\":\"8\",\"selling_price\":\"9\",\"market_value\":\"10\",\"unit\":\"\\u4e2a\",\"stock\":5,\"name\":\"\\u5c0f\\u6b3e\\u5f0f\",\"info\":\"\\u7ea2\\u8272\"}]' WHERE `id` = '20170422212306786' [ RunTime:0.0500s ]
SQL: SHOW COLUMNS FROM `i_sku` [ RunTime:0.0030s ]
SQL: INSERT INTO `i_sku` (`gid`,`uid`,`action`,`gid_info`,`add_time`,`number`) VALUES ('20170422212306786','5','1','1','2017-05-11','1') [ RunTime:0.0220s ]
SQL: UPDATE `i_users` SET `level`='2' WHERE `id` = '5' [ RunTime:0.0250s ]
SQL: SELECT * FROM `i_users` WHERE `uuid` = '8431b7c9-5a98-c32c-8c2d-20979207cca1' LIMIT 1   [ RunTime:0.0000s ]
SQL: SELECT COUNT(*) AS num FROM i_orders WHERE uid = 5 AND order_time =to_days(now()) [ RunTime:0.0000s ]

[ 2017-05-11T22:29:31+08:00 ] 127.0.0.1 /index.php?g=User&m=Login&a=dologin
INFO: [ app_begin ] --START--
INFO: Run Behavior\ReadHtmlCacheBehavior [ RunTime:0.002000s ]
INFO: Run Behavior\CheckLangBehavior [ RunTime:0.004000s ]
INFO: Run Common\Behavior\UrldecodeGetBehavior [ RunTime:0.002001s ]
INFO: [ app_begin ] --END-- [ RunTime:0.008001s ]
NOTIC: [8] Undefined index: user E:\bad\application\Common\Controller\HomebaseController.class.php 第 37 行.
SQL: SHOW COLUMNS FROM `i_users` [ RunTime:0.0020s ]
NOTIC: [8] Undefined index: auto E:\bad\simplewind\Core\Library\Think\Model.class.php 第 1128 行.
SQL: SELECT * FROM `i_users` WHERE `user_status` = 1 AND `mobile` = '15412123212' LIMIT 1   [ RunTime:0.0010s ]
SQL: UPDATE `i_users` SET `last_login_time`='2017-05-11 22:29:31',`last_login_ip`='127.0.0.1' WHERE `id` = '4' [ RunTime:0.0390s ]

[ 2017-05-11T22:29:48+08:00 ] 127.0.0.1 /index.php?g=User&m=Login&a=dologin
INFO: [ app_begin ] --START--
INFO: Run Behavior\ReadHtmlCacheBehavior [ RunTime:0.001000s ]
INFO: Run Behavior\CheckLangBehavior [ RunTime:0.004000s ]
INFO: Run Common\Behavior\UrldecodeGetBehavior [ RunTime:0.002000s ]
INFO: [ app_begin ] --END-- [ RunTime:0.008000s ]
NOTIC: [8] Undefined index: user E:\bad\application\Common\Controller\HomebaseController.class.php 第 37 行.
SQL: SHOW COLUMNS FROM `i_users` [ RunTime:0.0020s ]
NOTIC: [8] Undefined index: auto E:\bad\simplewind\Core\Library\Think\Model.class.php 第 1128 行.
SQL: SELECT * FROM `i_users` WHERE `user_status` = 1 AND `mobile` = '18816978511' LIMIT 1   [ RunTime:0.0000s ]
SQL: UPDATE `i_users` SET `last_login_time`='2017-05-11 22:29:48',`last_login_ip`='127.0.0.1' WHERE `id` = '3' [ RunTime:0.0500s ]

[ 2017-05-11T22:37:17+08:00 ] 127.0.0.1 /index.php?g=User&m=Login&a=dologin
INFO: [ app_begin ] --START--
INFO: Run Behavior\ReadHtmlCacheBehavior [ RunTime:0.002000s ]
INFO: Run Behavior\CheckLangBehavior [ RunTime:0.004000s ]
INFO: Run Common\Behavior\UrldecodeGetBehavior [ RunTime:0.002000s ]
INFO: [ app_begin ] --END-- [ RunTime:0.008000s ]
NOTIC: [8] Undefined index: user E:\bad\application\Common\Controller\HomebaseController.class.php 第 37 行.
SQL: SHOW COLUMNS FROM `i_users` [ RunTime:0.0020s ]
NOTIC: [8] Undefined index: auto E:\bad\simplewind\Core\Library\Think\Model.class.php 第 1128 行.
SQL: SELECT * FROM `i_users` WHERE `user_status` = 1 AND `mobile` = '18815412178' LIMIT 1   [ RunTime:0.0010s ]
SQL: UPDATE `i_users` SET `last_login_time`='2017-05-11 22:37:16',`last_login_ip`='127.0.0.1' WHERE `id` = '5' [ RunTime:0.8951s ]

[ 2017-05-11T22:38:01+08:00 ] 127.0.0.1 /index.php?g=User&m=Center&a=do_duihuan
INFO: [ app_begin ] --START--
INFO: Run Behavior\ReadHtmlCacheBehavior [ RunTime:0.001000s ]
INFO: Run Behavior\CheckLangBehavior [ RunTime:0.004000s ]
INFO: Run Common\Behavior\UrldecodeGetBehavior [ RunTime:0.001000s ]
INFO: [ app_begin ] --END-- [ RunTime:0.007000s ]
SQL: SHOW COLUMNS FROM `i_users` [ RunTime:0.0020s ]
SQL: SELECT * FROM `i_users` WHERE `id` = '5' LIMIT 1   [ RunTime:0.0000s ]
SQL: SHOW COLUMNS FROM `i_users` [ RunTime:0.0020s ]
SQL: SELECT `user_status` FROM `i_users` WHERE `id` = '5' LIMIT 1   [ RunTime:0.0000s ]
SQL: SHOW COLUMNS FROM `i_users` [ RunTime:0.0020s ]
SQL: SELECT * FROM `i_users` WHERE `id` = '5' LIMIT 1   [ RunTime:0.0010s ]
SQL: SHOW COLUMNS FROM `i_data` [ RunTime:0.0020s ]
SQL: SELECT `data` FROM `i_data` WHERE `id` = 1 LIMIT 1   [ RunTime:0.0000s ]
SQL: SHOW COLUMNS FROM `i_goods` [ RunTime:0.0030s ]
SQL: SELECT * FROM `i_goods` WHERE ( id=20170422212306784.000000 ) LIMIT 1   [ RunTime:0.0000s ]
SQL: SELECT * FROM `i_users` WHERE `uuid` = '8431b7c9-5a98-c32c-8c2d-20979207cca1' LIMIT 1   [ RunTime:0.0010s ]
SQL: SHOW COLUMNS FROM `i_orders` [ RunTime:0.0020s ]
SQL: SELECT `id` FROM `i_orders` WHERE `uid` = 5 LIMIT 1   [ RunTime:0.0000s ]
SQL: SELECT * FROM `i_users` WHERE `uuid` = 'fa6e51e1-7475-248c-aa3f-32406676d8de' LIMIT 1   [ RunTime:0.0000s ]
SQL: UPDATE i_users SET can_monery = can_monery+5 WHERE id = '4' [ RunTime:0.0010s ]
SQL: INSERT INTO i_ticheng_log (uid,level,pid,score,gid,zhuanfa,add_time,status) VALUES ('4',1,'5',5,20170422212306786,0,NOW(),2) [ RunTime:0.0000s ]
SQL: UPDATE i_users SET can_monery = can_monery+15 WHERE id = '4' [ RunTime:0.0000s ]
SQL: INSERT INTO i_ticheng_log (uid,level,pid,score,gid,zhuanfa,add_time,status) VALUES ('4',1,'5',5,20170422212306786,0,NOW(),3) [ RunTime:0.0000s ]
SQL: UPDATE i_users SET can_monery = can_monery + 15 WHERE id = '3' [ RunTime:0.1790s ]
SQL: INSERT INTO i_ticheng_log (uid,level,pid,score,gid,add_time,status) VALUES ('3',2,'5',15,20170422212306786,NOW(),2) [ RunTime:0.0000s ]
SQL:  UPDATE i_users SET can_monery = can_monery + 5 WHERE id = '3' [ RunTime:0.0000s ]
SQL: INSERT INTO i_ticheng_log (uid,level,pid,score,gid,add_time,status) VALUES ('3',2,'5',5,20170422212306786,NOW(),3) [ RunTime:0.0000s ]
SQL: UPDATE i_users SET score = score - 100 WHERE id = '5' [ RunTime:0.0010s ]
SQL:  INSERT INTO i_orders (order_num,uid,address_id,`number`,gid,goodsInfo,score,pay_score,pay_time) VALUES (20170511223800288,'5',4,'1',20170422212306786,'[{"fname":"规格|小款式、红色","fprice":"100","fcount":1,"prices":"100","fid":"20170422212306786-1"}]',100,100,NOW()) [ RunTime:0.0000s ]
SQL: INSERT INTO i_ticheng_log (uid,level,pid,score,gid,action,add_time) VALUES ('5',0,0,100,20170422212306786,0,now()) [ RunTime:0.0000s ]
SQL: UPDATE `i_goods` SET `attribute`='[{\"id\":\"1-1\",\"cost_price\":\"8\",\"selling_price\":\"9\",\"market_value\":\"10\",\"unit\":\"\\u4e2a\",\"stock\":\"13\",\"name\":\"\\u5927\\u6b3e\\u5f0f\",\"info\":\"\\u7eff\\u8272\"},{\"id\":\"1-1\",\"cost_price\":\"8\",\"selling_price\":\"9\",\"market_value\":\"10\",\"unit\":\"\\u4e2a\",\"stock\":4,\"name\":\"\\u5c0f\\u6b3e\\u5f0f\",\"info\":\"\\u7ea2\\u8272\"}]' WHERE `id` = '20170422212306786' [ RunTime:0.5340s ]
SQL: SHOW COLUMNS FROM `i_sku` [ RunTime:0.0020s ]
SQL: INSERT INTO `i_sku` (`gid`,`uid`,`action`,`gid_info`,`add_time`,`number`) VALUES ('20170422212306786','5','1','1','2017-05-11','1') [ RunTime:0.2310s ]
SQL: UPDATE `i_users` SET `level`='2' WHERE `id` = '5' [ RunTime:0.0350s ]
SQL: SELECT * FROM `i_users` WHERE `uuid` = '8431b7c9-5a98-c32c-8c2d-20979207cca1' LIMIT 1   [ RunTime:0.0000s ]
SQL: SELECT COUNT(*) AS tp_count FROM `i_users` WHERE `pid` = '8431b7c9-5a98-c32c-8c2d-20979207cca1' AND `level` = 2 LIMIT 1   [ RunTime:0.0000s ]
SQL: SELECT COUNT(*) AS num FROM i_orders WHERE uid = 5 AND order_time =to_days(now()) [ RunTime:0.0010s ]

