[ 2017-05-12T21:04:21+08:00 ] 127.0.0.1 /index.php?g=User&m=Login&a=dologin
INFO: [ app_begin ] --START--
INFO: Run Behavior\ReadHtmlCacheBehavior [ RunTime:0.001000s ]
INFO: Run Behavior\CheckLangBehavior [ RunTime:0.003001s ]
INFO: Run Common\Behavior\UrldecodeGetBehavior [ RunTime:0.002000s ]
INFO: [ app_begin ] --END-- [ RunTime:0.007001s ]
NOTIC: [8] Undefined index: user E:\bad\application\Common\Controller\HomebaseController.class.php 第 37 行.
SQL: SHOW COLUMNS FROM `i_users` [ RunTime:0.0020s ]
NOTIC: [8] Undefined index: auto E:\bad\simplewind\Core\Library\Think\Model.class.php 第 1128 行.
SQL: SELECT * FROM `i_users` WHERE `user_status` = 1 AND `mobile` = '18815412178' LIMIT 1   [ RunTime:0.0000s ]
SQL: UPDATE `i_users` SET `last_login_time`='2017-05-12 21:04:21',`last_login_ip`='127.0.0.1' WHERE `id` = '5' [ RunTime:0.2850s ]

[ 2017-05-12T21:05:42+08:00 ] 127.0.0.1 /index.php?g=User&m=Center&a=do_duihuan
INFO: [ app_begin ] --START--
INFO: Run Behavior\ReadHtmlCacheBehavior [ RunTime:0.002000s ]
INFO: Run Behavior\CheckLangBehavior [ RunTime:0.003000s ]
INFO: Run Common\Behavior\UrldecodeGetBehavior [ RunTime:0.002000s ]
INFO: [ app_begin ] --END-- [ RunTime:0.007000s ]
SQL: SHOW COLUMNS FROM `i_users` [ RunTime:0.0020s ]
SQL: SELECT * FROM `i_users` WHERE `id` = '5' LIMIT 1   [ RunTime:0.0010s ]
SQL: SHOW COLUMNS FROM `i_users` [ RunTime:0.0020s ]
SQL: SELECT `user_status` FROM `i_users` WHERE `id` = '5' LIMIT 1   [ RunTime:0.0010s ]
SQL: SHOW COLUMNS FROM `i_users` [ RunTime:0.0020s ]
SQL: SELECT * FROM `i_users` WHERE `id` = '5' LIMIT 1   [ RunTime:0.0000s ]
SQL: SHOW COLUMNS FROM `i_data` [ RunTime:0.0030s ]
SQL: SELECT `data` FROM `i_data` WHERE `id` = 1 LIMIT 1   [ RunTime:0.0000s ]
SQL: SHOW COLUMNS FROM `i_goods` [ RunTime:0.0020s ]
SQL: SELECT * FROM `i_goods` WHERE ( id=20170423124543552.000000 ) LIMIT 1   [ RunTime:0.0000s ]
SQL: SELECT * FROM `i_users` WHERE `uuid` = '8431b7c9-5a98-c32c-8c2d-20979207cca1' LIMIT 1   [ RunTime:0.0010s ]
SQL: SHOW COLUMNS FROM `i_orders` [ RunTime:0.0020s ]
SQL: SELECT `id` FROM `i_orders` WHERE `uid` = 5 LIMIT 1   [ RunTime:0.0000s ]
SQL: SELECT * FROM `i_users` WHERE `uuid` = 'fa6e51e1-7475-248c-aa3f-32406676d8de' LIMIT 1   [ RunTime:0.0010s ]
NOTIC: [8] Undefined variable: updateGrand E:\bad\application\User\Controller\CenterController.class.php 第 570 行.
SQL: UPDATE i_users SET can_monery = can_monery+15 WHERE id = '4' [ RunTime:0.0000s ]
SQL: INSERT INTO i_ticheng_log (uid,level,pid,score,gid,zhuanfa,add_time,status,times) VALUES ('4',1,'5',15,20170423124543553,0,NOW(),2,1) [ RunTime:0.0000s ]
SQL: UPDATE i_users SET can_monery = can_monery+15 WHERE id = '4' [ RunTime:0.0000s ]
SQL: INSERT INTO i_ticheng_log (uid,level,pid,score,gid,zhuanfa,add_time,status) VALUES ('4',1,'5',15,20170423124543553,0,NOW(),3) [ RunTime:0.0000s ]
SQL: UPDATE i_users SET score = score - 100 WHERE id = '5' [ RunTime:0.0000s ]
SQL:  INSERT INTO i_orders (order_num,uid,address_id,`number`,gid,goodsInfo,score,pay_score,pay_time) VALUES (20170512210541311,'5',4,'1',20170423124543553,'[{"fname":"next商品|50、蓝色","fprice":"100","fcount":1,"prices":"100","fid":"20170423124543553-1"}]',100,100,NOW()) [ RunTime:0.0000s ]
SQL: INSERT INTO i_ticheng_log (uid,level,pid,score,gid,action,add_time) VALUES ('5',0,0,100,20170423124543553,0,now()) [ RunTime:0.0000s ]
NOTIC: [8] Undefined variable: six E:\bad\application\User\Controller\CenterController.class.php 第 598 行.
SQL: UPDATE `i_goods` SET `attribute`='[{\"id\":\"1-0\",\"cost_price\":\"60\",\"selling_price\":\"65\",\"market_value\":\"70\",\"unit\":\"\\u4ef6\",\"stock\":\"100\",\"name\":\"50\",\"info\":\"\\u7ea2\\u8272\"},{\"id\":\"1-0\",\"cost_price\":\"60\",\"selling_price\":\"65\",\"market_value\":\"70\",\"unit\":\"\\u4ef6\",\"stock\":99,\"name\":\"50\",\"info\":\"\\u84dd\\u8272\"},{\"id\":\"1-0\",\"cost_price\":\"60\",\"selling_price\":\"65\",\"market_value\":\"70\",\"unit\":\"\\u4ef6\",\"stock\":\"100\",\"name\":\"50\",\"info\":\"\\u9ed1\\u8272\"},{\"id\":\"1-0\",\"cost_price\":\"60\",\"selling_price\":\"65\",\"market_value\":\"70\",\"unit\":\"\\u4ef6\",\"stock\":\"100\",\"name\":\"49\",\"info\":\"\\u9ed1\\u8272\"},{\"id\":\"1-0\",\"cost_price\":\"60\",\"selling_price\":\"65\",\"market_value\":\"70\",\"unit\":\"\\u4ef6\",\"stock\":\"100\",\"name\":\"48\",\"info\":\"\\u9ed1\\u8272\"},{\"id\":\"1-0\",\"cost_price\":\"60\",\"selling_price\":\"65\",\"market_value\":\"70\",\"unit\":\"\\u4ef6\",\"stock\":\"100\",\"name\":\"48\",\"info\":\"\\u84dd\\u8272\"},{\"id\":\"1-0\",\"cost_price\":\"60\",\"selling_price\":\"65\",\"market_value\":\"70\",\"unit\":\"\\u4ef6\",\"stock\":\"100\",\"name\":\"48\",\"info\":\"\\u7eff\\u8272\"}]' WHERE `id` = '20170423124543553' [ RunTime:0.0330s ]
SQL: SHOW COLUMNS FROM `i_sku` [ RunTime:0.0030s ]
SQL: INSERT INTO `i_sku` (`gid`,`uid`,`action`,`gid_info`,`add_time`,`number`) VALUES ('20170423124543553','5','1','1','2017-05-12','1') [ RunTime:0.0330s ]
NOTIC: [8] Undefined variable: success E:\bad\application\User\Controller\CenterController.class.php 第 650 行.
SQL: SELECT COUNT(*) AS num FROM i_orders WHERE uid = 5 AND order_time =to_days(now()) [ RunTime:0.0000s ]
NOTIC: [8] Undefined variable: success E:\bad\application\User\Controller\CenterController.class.php 第 680 行.

[ 2017-05-12T21:06:13+08:00 ] 127.0.0.1 /index.php?g=User&m=Center&a=do_duihuan
INFO: [ app_begin ] --START--
INFO: Run Behavior\ReadHtmlCacheBehavior [ RunTime:0.001000s ]
INFO: Run Behavior\CheckLangBehavior [ RunTime:0.010000s ]
INFO: Run Common\Behavior\UrldecodeGetBehavior [ RunTime:0.002000s ]
INFO: [ app_begin ] --END-- [ RunTime:0.014000s ]
SQL: SHOW COLUMNS FROM `i_users` [ RunTime:0.0030s ]
SQL: SELECT * FROM `i_users` WHERE `id` = '5' LIMIT 1   [ RunTime:0.0000s ]
SQL: SHOW COLUMNS FROM `i_users` [ RunTime:0.0030s ]
SQL: SELECT `user_status` FROM `i_users` WHERE `id` = '5' LIMIT 1   [ RunTime:0.0000s ]
SQL: SHOW COLUMNS FROM `i_users` [ RunTime:0.0020s ]
SQL: SELECT * FROM `i_users` WHERE `id` = '5' LIMIT 1   [ RunTime:0.0000s ]
SQL: SHOW COLUMNS FROM `i_data` [ RunTime:0.0020s ]
SQL: SELECT `data` FROM `i_data` WHERE `id` = 1 LIMIT 1   [ RunTime:0.0000s ]
SQL: SHOW COLUMNS FROM `i_goods` [ RunTime:0.0030s ]
SQL: SELECT * FROM `i_goods` WHERE ( id=20170423124543552.000000 ) LIMIT 1   [ RunTime:0.0000s ]
SQL: SELECT * FROM `i_users` WHERE `uuid` = '8431b7c9-5a98-c32c-8c2d-20979207cca1' LIMIT 1   [ RunTime:0.0010s ]
SQL: SHOW COLUMNS FROM `i_orders` [ RunTime:0.0020s ]
SQL: SELECT `id` FROM `i_orders` WHERE `uid` = 5 LIMIT 1   [ RunTime:0.0010s ]
SQL: SELECT * FROM `i_users` WHERE `uuid` = 'fa6e51e1-7475-248c-aa3f-32406676d8de' LIMIT 1   [ RunTime:0.0000s ]
NOTIC: [8] Undefined variable: updateGrand E:\bad\application\User\Controller\CenterController.class.php 第 570 行.
SQL: UPDATE i_users SET can_monery = can_monery+15 WHERE id = '4' [ RunTime:0.0000s ]
SQL: INSERT INTO i_ticheng_log (uid,level,pid,score,gid,zhuanfa,add_time,status,times) VALUES ('4',1,'5',15,20170423124543553,0,NOW(),2,1) [ RunTime:0.0010s ]
SQL: UPDATE i_users SET can_monery = can_monery+15 WHERE id = '4' [ RunTime:0.0000s ]
SQL: INSERT INTO i_ticheng_log (uid,level,pid,score,gid,zhuanfa,add_time,status) VALUES ('4',1,'5',15,20170423124543553,0,NOW(),3) [ RunTime:0.0000s ]
SQL: UPDATE i_users SET score = score - 100 WHERE id = '5' [ RunTime:0.0000s ]
SQL:  INSERT INTO i_orders (order_num,uid,address_id,`number`,gid,goodsInfo,score,pay_score,pay_time) VALUES (20170512210613391,'5',4,'1',20170423124543553,'[{"fname":"next商品|50、蓝色","fprice":"100","fcount":1,"prices":"100","fid":"20170423124543553-1"}]',100,100,NOW()) [ RunTime:0.0000s ]
SQL: INSERT INTO i_ticheng_log (uid,level,pid,score,gid,action,add_time) VALUES ('5',0,0,100,20170423124543553,0,now()) [ RunTime:0.0010s ]
NOTIC: [8] Undefined variable: six E:\bad\application\User\Controller\CenterController.class.php 第 598 行.
SQL: UPDATE `i_goods` SET `attribute`='[{\"id\":\"1-0\",\"cost_price\":\"60\",\"selling_price\":\"65\",\"market_value\":\"70\",\"unit\":\"\\u4ef6\",\"stock\":\"100\",\"name\":\"50\",\"info\":\"\\u7ea2\\u8272\"},{\"id\":\"1-0\",\"cost_price\":\"60\",\"selling_price\":\"65\",\"market_value\":\"70\",\"unit\":\"\\u4ef6\",\"stock\":98,\"name\":\"50\",\"info\":\"\\u84dd\\u8272\"},{\"id\":\"1-0\",\"cost_price\":\"60\",\"selling_price\":\"65\",\"market_value\":\"70\",\"unit\":\"\\u4ef6\",\"stock\":\"100\",\"name\":\"50\",\"info\":\"\\u9ed1\\u8272\"},{\"id\":\"1-0\",\"cost_price\":\"60\",\"selling_price\":\"65\",\"market_value\":\"70\",\"unit\":\"\\u4ef6\",\"stock\":\"100\",\"name\":\"49\",\"info\":\"\\u9ed1\\u8272\"},{\"id\":\"1-0\",\"cost_price\":\"60\",\"selling_price\":\"65\",\"market_value\":\"70\",\"unit\":\"\\u4ef6\",\"stock\":\"100\",\"name\":\"48\",\"info\":\"\\u9ed1\\u8272\"},{\"id\":\"1-0\",\"cost_price\":\"60\",\"selling_price\":\"65\",\"market_value\":\"70\",\"unit\":\"\\u4ef6\",\"stock\":\"100\",\"name\":\"48\",\"info\":\"\\u84dd\\u8272\"},{\"id\":\"1-0\",\"cost_price\":\"60\",\"selling_price\":\"65\",\"market_value\":\"70\",\"unit\":\"\\u4ef6\",\"stock\":\"100\",\"name\":\"48\",\"info\":\"\\u7eff\\u8272\"}]' WHERE `id` = '20170423124543553' [ RunTime:0.0330s ]
SQL: SHOW COLUMNS FROM `i_sku` [ RunTime:0.0020s ]
SQL: INSERT INTO `i_sku` (`gid`,`uid`,`action`,`gid_info`,`add_time`,`number`) VALUES ('20170423124543553','5','1','1','2017-05-12','1') [ RunTime:0.0220s ]
NOTIC: [8] Undefined variable: success E:\bad\application\User\Controller\CenterController.class.php 第 650 行.
SQL: SELECT COUNT(*) AS num FROM i_orders WHERE uid = 5 AND order_time =to_days(now()) [ RunTime:0.0000s ]
NOTIC: [8] Undefined variable: success E:\bad\application\User\Controller\CenterController.class.php 第 680 行.

[ 2017-05-12T21:08:00+08:00 ] 127.0.0.1 /index.php?g=User&m=Center&a=do_duihuan
INFO: [ app_begin ] --START--
INFO: Run Behavior\ReadHtmlCacheBehavior [ RunTime:0.001000s ]
INFO: Run Behavior\CheckLangBehavior [ RunTime:0.004000s ]
INFO: Run Common\Behavior\UrldecodeGetBehavior [ RunTime:0.002001s ]
INFO: [ app_begin ] --END-- [ RunTime:0.007001s ]
SQL: SHOW COLUMNS FROM `i_users` [ RunTime:0.0020s ]
SQL: SELECT * FROM `i_users` WHERE `id` = '5' LIMIT 1   [ RunTime:0.0000s ]
SQL: SHOW COLUMNS FROM `i_users` [ RunTime:0.0020s ]
SQL: SELECT `user_status` FROM `i_users` WHERE `id` = '5' LIMIT 1   [ RunTime:0.0000s ]
SQL: SHOW COLUMNS FROM `i_users` [ RunTime:0.0020s ]
SQL: SELECT * FROM `i_users` WHERE `id` = '5' LIMIT 1   [ RunTime:0.0000s ]
SQL: SHOW COLUMNS FROM `i_data` [ RunTime:0.0020s ]
SQL: SELECT `data` FROM `i_data` WHERE `id` = 1 LIMIT 1   [ RunTime:0.0000s ]
SQL: SHOW COLUMNS FROM `i_goods` [ RunTime:0.0020s ]
SQL: SELECT * FROM `i_goods` WHERE ( id=20170423124543552.000000 ) LIMIT 1   [ RunTime:0.0000s ]
SQL: SELECT * FROM `i_users` WHERE `uuid` = '8431b7c9-5a98-c32c-8c2d-20979207cca1' LIMIT 1   [ RunTime:0.0000s ]
SQL: SHOW COLUMNS FROM `i_orders` [ RunTime:0.0010s ]
SQL: SELECT `id` FROM `i_orders` WHERE `uid` = 5 LIMIT 1   [ RunTime:0.0000s ]
SQL: SELECT * FROM `i_users` WHERE `uuid` = 'fa6e51e1-7475-248c-aa3f-32406676d8de' LIMIT 1   [ RunTime:0.0000s ]
NOTIC: [8] Undefined variable: updateGrand E:\bad\application\User\Controller\CenterController.class.php 第 570 行.
SQL: UPDATE i_users SET can_monery = can_monery+15 WHERE id = '4' [ RunTime:0.0000s ]
SQL: INSERT INTO i_ticheng_log (uid,level,pid,score,gid,zhuanfa,add_time,status,times) VALUES ('4',1,'5',15,20170423124543553,0,NOW(),2,1) [ RunTime:0.0000s ]
SQL: UPDATE i_users SET can_monery = can_monery+15 WHERE id = '4' [ RunTime:0.0000s ]
SQL: INSERT INTO i_ticheng_log (uid,level,pid,score,gid,zhuanfa,add_time,status) VALUES ('4',1,'5',15,20170423124543553,0,NOW(),3) [ RunTime:0.0000s ]
SQL: UPDATE i_users SET score = score - 100 WHERE id = '5' [ RunTime:0.0010s ]
SQL:  INSERT INTO i_orders (order_num,uid,address_id,`number`,gid,goodsInfo,score,pay_score,pay_time) VALUES (20170512210800480,'5',4,'1',20170423124543553,'[{"fname":"next商品|50、蓝色","fprice":"100","fcount":1,"prices":"100","fid":"20170423124543553-1"}]',100,100,NOW()) [ RunTime:0.0000s ]
SQL: INSERT INTO i_ticheng_log (uid,level,pid,score,gid,action,add_time) VALUES ('5',0,0,100,20170423124543553,0,now()) [ RunTime:0.0000s ]
NOTIC: [8] Undefined variable: six E:\bad\application\User\Controller\CenterController.class.php 第 599 行.
SQL: UPDATE `i_goods` SET `attribute`='[{\"id\":\"1-0\",\"cost_price\":\"60\",\"selling_price\":\"65\",\"market_value\":\"70\",\"unit\":\"\\u4ef6\",\"stock\":\"100\",\"name\":\"50\",\"info\":\"\\u7ea2\\u8272\"},{\"id\":\"1-0\",\"cost_price\":\"60\",\"selling_price\":\"65\",\"market_value\":\"70\",\"unit\":\"\\u4ef6\",\"stock\":97,\"name\":\"50\",\"info\":\"\\u84dd\\u8272\"},{\"id\":\"1-0\",\"cost_price\":\"60\",\"selling_price\":\"65\",\"market_value\":\"70\",\"unit\":\"\\u4ef6\",\"stock\":\"100\",\"name\":\"50\",\"info\":\"\\u9ed1\\u8272\"},{\"id\":\"1-0\",\"cost_price\":\"60\",\"selling_price\":\"65\",\"market_value\":\"70\",\"unit\":\"\\u4ef6\",\"stock\":\"100\",\"name\":\"49\",\"info\":\"\\u9ed1\\u8272\"},{\"id\":\"1-0\",\"cost_price\":\"60\",\"selling_price\":\"65\",\"market_value\":\"70\",\"unit\":\"\\u4ef6\",\"stock\":\"100\",\"name\":\"48\",\"info\":\"\\u9ed1\\u8272\"},{\"id\":\"1-0\",\"cost_price\":\"60\",\"selling_price\":\"65\",\"market_value\":\"70\",\"unit\":\"\\u4ef6\",\"stock\":\"100\",\"name\":\"48\",\"info\":\"\\u84dd\\u8272\"},{\"id\":\"1-0\",\"cost_price\":\"60\",\"selling_price\":\"65\",\"market_value\":\"70\",\"unit\":\"\\u4ef6\",\"stock\":\"100\",\"name\":\"48\",\"info\":\"\\u7eff\\u8272\"}]' WHERE `id` = '20170423124543553' [ RunTime:0.0330s ]
SQL: SHOW COLUMNS FROM `i_sku` [ RunTime:0.0020s ]
SQL: INSERT INTO `i_sku` (`gid`,`uid`,`action`,`gid_info`,`add_time`,`number`) VALUES ('20170423124543553','5','1','1','2017-05-12','1') [ RunTime:0.0280s ]
NOTIC: [8] Undefined variable: success E:\bad\application\User\Controller\CenterController.class.php 第 655 行.
SQL: SELECT COUNT(*) AS num FROM i_orders WHERE uid = 5 AND order_time =to_days(now()) [ RunTime:0.0010s ]
NOTIC: [8] Undefined variable: success E:\bad\application\User\Controller\CenterController.class.php 第 685 行.

[ 2017-05-12T21:08:49+08:00 ] 127.0.0.1 /index.php?g=User&m=Center&a=do_duihuan
INFO: [ app_begin ] --START--
INFO: Run Behavior\ReadHtmlCacheBehavior [ RunTime:0.001000s ]
INFO: Run Behavior\CheckLangBehavior [ RunTime:0.004000s ]
INFO: Run Common\Behavior\UrldecodeGetBehavior [ RunTime:0.003001s ]
INFO: [ app_begin ] --END-- [ RunTime:0.009001s ]
SQL: SHOW COLUMNS FROM `i_users` [ RunTime:0.0020s ]
SQL: SELECT * FROM `i_users` WHERE `id` = '5' LIMIT 1   [ RunTime:0.0010s ]
SQL: SHOW COLUMNS FROM `i_users` [ RunTime:0.0020s ]
SQL: SELECT `user_status` FROM `i_users` WHERE `id` = '5' LIMIT 1   [ RunTime:0.0000s ]
SQL: SHOW COLUMNS FROM `i_users` [ RunTime:0.0030s ]
SQL: SELECT * FROM `i_users` WHERE `id` = '5' LIMIT 1   [ RunTime:0.0000s ]
SQL: SHOW COLUMNS FROM `i_data` [ RunTime:0.0020s ]
SQL: SELECT `data` FROM `i_data` WHERE `id` = 1 LIMIT 1   [ RunTime:0.0000s ]
SQL: SHOW COLUMNS FROM `i_goods` [ RunTime:0.0030s ]
SQL: SELECT * FROM `i_goods` WHERE ( id=20170423124543552.000000 ) LIMIT 1   [ RunTime:0.0000s ]
SQL: SELECT * FROM `i_users` WHERE `uuid` = '8431b7c9-5a98-c32c-8c2d-20979207cca1' LIMIT 1   [ RunTime:0.0000s ]
SQL: SHOW COLUMNS FROM `i_orders` [ RunTime:0.0020s ]
SQL: SELECT `id` FROM `i_orders` WHERE `uid` = 5 LIMIT 1   [ RunTime:0.0000s ]
SQL: SELECT * FROM `i_users` WHERE `uuid` = 'fa6e51e1-7475-248c-aa3f-32406676d8de' LIMIT 1   [ RunTime:0.0010s ]

[ 2017-05-12T21:10:44+08:00 ] 127.0.0.1 /index.php?g=User&m=Center&a=do_duihuan
INFO: [ app_begin ] --START--
INFO: Run Behavior\ReadHtmlCacheBehavior [ RunTime:0.001000s ]
INFO: Run Behavior\CheckLangBehavior [ RunTime:0.006000s ]
INFO: Run Common\Behavior\UrldecodeGetBehavior [ RunTime:0.003000s ]
INFO: [ app_begin ] --END-- [ RunTime:0.011001s ]
SQL: SHOW COLUMNS FROM `i_users` [ RunTime:0.0030s ]
SQL: SELECT * FROM `i_users` WHERE `id` = '5' LIMIT 1   [ RunTime:0.0000s ]
SQL: SHOW COLUMNS FROM `i_users` [ RunTime:0.0020s ]
SQL: SELECT `user_status` FROM `i_users` WHERE `id` = '5' LIMIT 1   [ RunTime:0.0000s ]
SQL: SHOW COLUMNS FROM `i_users` [ RunTime:0.0030s ]
SQL: SELECT * FROM `i_users` WHERE `id` = '5' LIMIT 1   [ RunTime:0.0010s ]
SQL: SHOW COLUMNS FROM `i_data` [ RunTime:0.0020s ]
SQL: SELECT `data` FROM `i_data` WHERE `id` = 1 LIMIT 1   [ RunTime:0.0010s ]
SQL: SHOW COLUMNS FROM `i_goods` [ RunTime:0.0020s ]
SQL: SELECT * FROM `i_goods` WHERE ( id=20170423124543552.000000 ) LIMIT 1   [ RunTime:0.0000s ]
SQL: SELECT * FROM `i_users` WHERE `uuid` = '8431b7c9-5a98-c32c-8c2d-20979207cca1' LIMIT 1   [ RunTime:0.0000s ]
SQL: SHOW COLUMNS FROM `i_orders` [ RunTime:0.0020s ]
SQL: SELECT `id` FROM `i_orders` WHERE `uid` = 5 LIMIT 1   [ RunTime:0.0000s ]
SQL: SELECT * FROM `i_users` WHERE `uuid` = 'fa6e51e1-7475-248c-aa3f-32406676d8de' LIMIT 1   [ RunTime:0.0000s ]
NOTIC: [8] Undefined variable: updateGrand E:\bad\application\User\Controller\CenterController.class.php 第 570 行.
SQL: UPDATE i_users SET can_monery = can_monery+15 WHERE id = '4' [ RunTime:0.0000s ]
SQL: INSERT INTO i_ticheng_log (uid,level,pid,score,gid,zhuanfa,add_time,status,times) VALUES ('4',1,'5',15,20170423124543553,0,NOW(),2,1) [ RunTime:0.0000s ]
SQL: UPDATE i_users SET can_monery = can_monery+15 WHERE id = '4' [ RunTime:0.0000s ]
SQL: INSERT INTO i_ticheng_log (uid,level,pid,score,gid,zhuanfa,add_time,status) VALUES ('4',1,'5',15,20170423124543553,0,NOW(),3) [ RunTime:0.0000s ]
SQL: UPDATE i_users SET score = score - 100 WHERE id = '5' [ RunTime:0.0010s ]
SQL:  INSERT INTO i_orders (order_num,uid,address_id,`number`,gid,goodsInfo,score,pay_score,pay_time) VALUES (20170512211044467,'5',4,'1',20170423124543553,'[{"fname":"next商品|50、蓝色","fprice":"100","fcount":1,"prices":"100","fid":"20170423124543553-1"}]',100,100,NOW()) [ RunTime:0.0000s ]
SQL: INSERT INTO i_ticheng_log (uid,level,pid,score,gid,action,add_time) VALUES ('5',0,0,100,20170423124543553,0,now()) [ RunTime:0.0000s ]
NOTIC: [8] Undefined variable: six E:\bad\application\User\Controller\CenterController.class.php 第 599 行.

[ 2017-05-12T21:11:11+08:00 ] 127.0.0.1 /index.php?g=User&m=Center&a=do_duihuan
INFO: [ app_begin ] --START--
INFO: Run Behavior\ReadHtmlCacheBehavior [ RunTime:0.002000s ]
INFO: Run Behavior\CheckLangBehavior [ RunTime:0.003000s ]
INFO: Run Common\Behavior\UrldecodeGetBehavior [ RunTime:0.003000s ]
INFO: [ app_begin ] --END-- [ RunTime:0.008000s ]
SQL: SHOW COLUMNS FROM `i_users` [ RunTime:0.0020s ]
SQL: SELECT * FROM `i_users` WHERE `id` = '5' LIMIT 1   [ RunTime:0.0000s ]
SQL: SHOW COLUMNS FROM `i_users` [ RunTime:0.0030s ]
SQL: SELECT `user_status` FROM `i_users` WHERE `id` = '5' LIMIT 1   [ RunTime:0.0010s ]
SQL: SHOW COLUMNS FROM `i_users` [ RunTime:0.0030s ]
SQL: SELECT * FROM `i_users` WHERE `id` = '5' LIMIT 1   [ RunTime:0.0000s ]
SQL: SHOW COLUMNS FROM `i_data` [ RunTime:0.0020s ]
SQL: SELECT `data` FROM `i_data` WHERE `id` = 1 LIMIT 1   [ RunTime:0.0010s ]
SQL: SHOW COLUMNS FROM `i_goods` [ RunTime:0.0020s ]
SQL: SELECT * FROM `i_goods` WHERE ( id=20170423124543552.000000 ) LIMIT 1   [ RunTime:0.0000s ]
SQL: SELECT * FROM `i_users` WHERE `uuid` = '8431b7c9-5a98-c32c-8c2d-20979207cca1' LIMIT 1   [ RunTime:0.0000s ]
SQL: SHOW COLUMNS FROM `i_orders` [ RunTime:0.0030s ]
SQL: SELECT `id` FROM `i_orders` WHERE `uid` = 5 LIMIT 1   [ RunTime:0.0010s ]
SQL: SELECT * FROM `i_users` WHERE `uuid` = 'fa6e51e1-7475-248c-aa3f-32406676d8de' LIMIT 1   [ RunTime:0.0000s ]
NOTIC: [8] Undefined variable: updateGrand E:\bad\application\User\Controller\CenterController.class.php 第 570 行.
SQL: UPDATE i_users SET can_monery = can_monery+15 WHERE id = '4' [ RunTime:0.0000s ]
SQL: INSERT INTO i_ticheng_log (uid,level,pid,score,gid,zhuanfa,add_time,status,times) VALUES ('4',1,'5',15,20170423124543553,0,NOW(),2,1) [ RunTime:0.0000s ]
SQL: UPDATE i_users SET can_monery = can_monery+15 WHERE id = '4' [ RunTime:0.0010s ]
SQL: INSERT INTO i_ticheng_log (uid,level,pid,score,gid,zhuanfa,add_time,status) VALUES ('4',1,'5',15,20170423124543553,0,NOW(),3) [ RunTime:0.0000s ]
SQL: UPDATE i_users SET score = score - 100 WHERE id = '5' [ RunTime:0.0000s ]
SQL:  INSERT INTO i_orders (order_num,uid,address_id,`number`,gid,goodsInfo,score,pay_score,pay_time) VALUES (20170512211111508,'5',4,'1',20170423124543553,'[{"fname":"next商品|50、蓝色","fprice":"100","fcount":1,"prices":"100","fid":"20170423124543553-1"}]',100,100,NOW()) [ RunTime:0.0000s ]
SQL: INSERT INTO i_ticheng_log (uid,level,pid,score,gid,action,add_time) VALUES ('5',0,0,100,20170423124543553,0,now()) [ RunTime:0.0000s ]
NOTIC: [8] Undefined variable: six E:\bad\application\User\Controller\CenterController.class.php 第 599 行.

[ 2017-05-12T21:11:34+08:00 ] 127.0.0.1 /index.php?g=User&m=Center&a=do_duihuan
INFO: [ app_begin ] --START--
INFO: Run Behavior\ReadHtmlCacheBehavior [ RunTime:0.003000s ]
INFO: Run Behavior\CheckLangBehavior [ RunTime:0.005001s ]
INFO: Run Common\Behavior\UrldecodeGetBehavior [ RunTime:0.002000s ]
INFO: [ app_begin ] --END-- [ RunTime:0.011001s ]
SQL: SHOW COLUMNS FROM `i_users` [ RunTime:0.0020s ]
SQL: SELECT * FROM `i_users` WHERE `id` = '5' LIMIT 1   [ RunTime:0.0000s ]
SQL: SHOW COLUMNS FROM `i_users` [ RunTime:0.0020s ]
SQL: SELECT `user_status` FROM `i_users` WHERE `id` = '5' LIMIT 1   [ RunTime:0.0000s ]
SQL: SHOW COLUMNS FROM `i_users` [ RunTime:0.0030s ]
SQL: SELECT * FROM `i_users` WHERE `id` = '5' LIMIT 1   [ RunTime:0.0000s ]
SQL: SHOW COLUMNS FROM `i_data` [ RunTime:0.0020s ]
SQL: SELECT `data` FROM `i_data` WHERE `id` = 1 LIMIT 1   [ RunTime:0.0000s ]
SQL: SHOW COLUMNS FROM `i_goods` [ RunTime:0.0020s ]
SQL: SELECT * FROM `i_goods` WHERE ( id=20170423124543552.000000 ) LIMIT 1   [ RunTime:0.0000s ]
SQL: SELECT * FROM `i_users` WHERE `uuid` = '8431b7c9-5a98-c32c-8c2d-20979207cca1' LIMIT 1   [ RunTime:0.0000s ]
SQL: SHOW COLUMNS FROM `i_orders` [ RunTime:0.0030s ]
SQL: SELECT `id` FROM `i_orders` WHERE `uid` = 5 LIMIT 1   [ RunTime:0.0000s ]
SQL: SELECT * FROM `i_users` WHERE `uuid` = 'fa6e51e1-7475-248c-aa3f-32406676d8de' LIMIT 1   [ RunTime:0.0000s ]
NOTIC: [8] Undefined variable: updateGrand E:\bad\application\User\Controller\CenterController.class.php 第 570 行.
SQL: UPDATE i_users SET can_monery = can_monery+15 WHERE id = '4' [ RunTime:0.0000s ]
SQL: INSERT INTO i_ticheng_log (uid,level,pid,score,gid,zhuanfa,add_time,status,times) VALUES ('4',1,'5',15,20170423124543553,0,NOW(),2,1) [ RunTime:0.0000s ]
SQL: UPDATE i_users SET can_monery = can_monery+15 WHERE id = '4' [ RunTime:0.0010s ]
SQL: INSERT INTO i_ticheng_log (uid,level,pid,score,gid,zhuanfa,add_time,status) VALUES ('4',1,'5',15,20170423124543553,0,NOW(),3) [ RunTime:0.0000s ]
SQL: UPDATE i_users SET score = score - 100 WHERE id = '5' [ RunTime:0.0000s ]
SQL:  INSERT INTO i_orders (order_num,uid,address_id,`number`,gid,goodsInfo,score,pay_score,pay_time) VALUES (20170512211134715,'5',4,'1',20170423124543553,'[{"fname":"next商品|50、蓝色","fprice":"100","fcount":1,"prices":"100","fid":"20170423124543553-1"}]',100,100,NOW()) [ RunTime:0.0000s ]
SQL: INSERT INTO i_ticheng_log (uid,level,pid,score,gid,action,add_time) VALUES ('5',0,0,100,20170423124543553,0,now()) [ RunTime:0.0000s ]
NOTIC: [8] Undefined variable: six E:\bad\application\User\Controller\CenterController.class.php 第 599 行.
NOTIC: [8] Undefined variable: six E:\bad\application\User\Controller\CenterController.class.php 第 603 行.

[ 2017-05-12T21:12:13+08:00 ] 127.0.0.1 /index.php?g=User&m=Center&a=do_duihuan
INFO: [ app_begin ] --START--
INFO: Run Behavior\ReadHtmlCacheBehavior [ RunTime:0.001000s ]
INFO: Run Behavior\CheckLangBehavior [ RunTime:0.009000s ]
INFO: Run Common\Behavior\UrldecodeGetBehavior [ RunTime:0.001000s ]
INFO: [ app_begin ] --END-- [ RunTime:0.013001s ]
SQL: SHOW COLUMNS FROM `i_users` [ RunTime:0.0030s ]
SQL: SELECT * FROM `i_users` WHERE `id` = '5' LIMIT 1   [ RunTime:0.0000s ]
SQL: SHOW COLUMNS FROM `i_users` [ RunTime:0.0030s ]
SQL: SELECT `user_status` FROM `i_users` WHERE `id` = '5' LIMIT 1   [ RunTime:0.0000s ]
SQL: SHOW COLUMNS FROM `i_users` [ RunTime:0.0020s ]
SQL: SELECT * FROM `i_users` WHERE `id` = '5' LIMIT 1   [ RunTime:0.0000s ]
SQL: SHOW COLUMNS FROM `i_data` [ RunTime:0.0010s ]
SQL: SELECT `data` FROM `i_data` WHERE `id` = 1 LIMIT 1   [ RunTime:0.0010s ]
SQL: SHOW COLUMNS FROM `i_goods` [ RunTime:0.0020s ]
SQL: SELECT * FROM `i_goods` WHERE ( id=20170423124543552.000000 ) LIMIT 1   [ RunTime:0.0000s ]
SQL: SELECT * FROM `i_users` WHERE `uuid` = '8431b7c9-5a98-c32c-8c2d-20979207cca1' LIMIT 1   [ RunTime:0.0000s ]
SQL: SHOW COLUMNS FROM `i_orders` [ RunTime:0.0030s ]
SQL: SELECT `id` FROM `i_orders` WHERE `uid` = 5 LIMIT 1   [ RunTime:0.0000s ]
SQL: SELECT * FROM `i_users` WHERE `uuid` = 'fa6e51e1-7475-248c-aa3f-32406676d8de' LIMIT 1   [ RunTime:0.0010s ]
NOTIC: [8] Undefined variable: updateGrand E:\bad\application\User\Controller\CenterController.class.php 第 570 行.
SQL: UPDATE i_users SET can_monery = can_monery+15 WHERE id = '4' [ RunTime:0.0000s ]
SQL: INSERT INTO i_ticheng_log (uid,level,pid,score,gid,zhuanfa,add_time,status,times) VALUES ('4',1,'5',15,20170423124543553,0,NOW(),2,1) [ RunTime:0.0000s ]
SQL: UPDATE i_users SET can_monery = can_monery+15 WHERE id = '4' [ RunTime:0.0010s ]
SQL: INSERT INTO i_ticheng_log (uid,level,pid,score,gid,zhuanfa,add_time,status) VALUES ('4',1,'5',15,20170423124543553,0,NOW(),3) [ RunTime:0.0000s ]
SQL: UPDATE i_users SET score = score - 100 WHERE id = '5' [ RunTime:0.0000s ]
SQL:  INSERT INTO i_orders (order_num,uid,address_id,`number`,gid,goodsInfo,score,pay_score,pay_time) VALUES (20170512211213809,'5',4,'1',20170423124543553,'[{"fname":"next商品|50、蓝色","fprice":"100","fcount":1,"prices":"100","fid":"20170423124543553-1"}]',100,100,NOW()) [ RunTime:0.0000s ]
SQL: INSERT INTO i_ticheng_log (uid,level,pid,score,gid,action,add_time) VALUES ('5',0,0,100,20170423124543553,0,now()) [ RunTime:0.0000s ]
SQL: UPDATE `i_goods` SET `attribute`='[{\"id\":\"1-0\",\"cost_price\":\"60\",\"selling_price\":\"65\",\"market_value\":\"70\",\"unit\":\"\\u4ef6\",\"stock\":\"100\",\"name\":\"50\",\"info\":\"\\u7ea2\\u8272\"},{\"id\":\"1-0\",\"cost_price\":\"60\",\"selling_price\":\"65\",\"market_value\":\"70\",\"unit\":\"\\u4ef6\",\"stock\":96,\"name\":\"50\",\"info\":\"\\u84dd\\u8272\"},{\"id\":\"1-0\",\"cost_price\":\"60\",\"selling_price\":\"65\",\"market_value\":\"70\",\"unit\":\"\\u4ef6\",\"stock\":\"100\",\"name\":\"50\",\"info\":\"\\u9ed1\\u8272\"},{\"id\":\"1-0\",\"cost_price\":\"60\",\"selling_price\":\"65\",\"market_value\":\"70\",\"unit\":\"\\u4ef6\",\"stock\":\"100\",\"name\":\"49\",\"info\":\"\\u9ed1\\u8272\"},{\"id\":\"1-0\",\"cost_price\":\"60\",\"selling_price\":\"65\",\"market_value\":\"70\",\"unit\":\"\\u4ef6\",\"stock\":\"100\",\"name\":\"48\",\"info\":\"\\u9ed1\\u8272\"},{\"id\":\"1-0\",\"cost_price\":\"60\",\"selling_price\":\"65\",\"market_value\":\"70\",\"unit\":\"\\u4ef6\",\"stock\":\"100\",\"name\":\"48\",\"info\":\"\\u84dd\\u8272\"},{\"id\":\"1-0\",\"cost_price\":\"60\",\"selling_price\":\"65\",\"market_value\":\"70\",\"unit\":\"\\u4ef6\",\"stock\":\"100\",\"name\":\"48\",\"info\":\"\\u7eff\\u8272\"}]' WHERE `id` = '20170423124543553' [ RunTime:0.0660s ]
SQL: SHOW COLUMNS FROM `i_sku` [ RunTime:0.0020s ]
SQL: INSERT INTO `i_sku` (`gid`,`uid`,`action`,`gid_info`,`add_time`,`number`) VALUES ('20170423124543553','5','1','1','2017-05-12','1') [ RunTime:0.0330s ]
SQL: UPDATE `i_users` SET `level`='2' WHERE `id` = '5' [ RunTime:0.0300s ]
SQL: SELECT * FROM `i_users` WHERE `uuid` = '8431b7c9-5a98-c32c-8c2d-20979207cca1' LIMIT 1   [ RunTime:0.0010s ]
SQL: SELECT COUNT(*) AS tp_count FROM `i_users` WHERE `pid` = '8431b7c9-5a98-c32c-8c2d-20979207cca1' AND `level` = 2 LIMIT 1   [ RunTime:0.0000s ]
SQL: SELECT COUNT(*) AS num FROM i_orders WHERE uid = 5 AND order_time =to_days(now()) [ RunTime:0.0000s ]

[ 2017-05-12T21:18:29+08:00 ] 127.0.0.1 /index.php?g=User&m=Login&a=dologin
INFO: [ app_begin ] --START--
INFO: Run Behavior\ReadHtmlCacheBehavior [ RunTime:0.002000s ]
INFO: Run Behavior\CheckLangBehavior [ RunTime:0.003000s ]
INFO: Run Common\Behavior\UrldecodeGetBehavior [ RunTime:0.002001s ]
INFO: [ app_begin ] --END-- [ RunTime:0.008001s ]
NOTIC: [8] Undefined index: user E:\bad\application\Common\Controller\HomebaseController.class.php 第 37 行.
SQL: SHOW COLUMNS FROM `i_users` [ RunTime:0.0020s ]
NOTIC: [8] Undefined index: auto E:\bad\simplewind\Core\Library\Think\Model.class.php 第 1128 行.
SQL: SELECT * FROM `i_users` WHERE `user_status` = 1 AND `mobile` = '15412123212' LIMIT 1   [ RunTime:0.0000s ]
SQL: UPDATE `i_users` SET `last_login_time`='2017-05-12 21:18:29',`last_login_ip`='127.0.0.1' WHERE `id` = '4' [ RunTime:0.0420s ]

[ 2017-05-12T21:21:27+08:00 ] 127.0.0.1 /index.php?g=User&m=Login&a=dologin
INFO: [ app_begin ] --START--
INFO: Run Behavior\ReadHtmlCacheBehavior [ RunTime:0.001000s ]
INFO: Run Behavior\CheckLangBehavior [ RunTime:0.005000s ]
INFO: Run Common\Behavior\UrldecodeGetBehavior [ RunTime:0.001000s ]
INFO: [ app_begin ] --END-- [ RunTime:0.008000s ]
NOTIC: [8] Undefined index: user E:\bad\application\Common\Controller\HomebaseController.class.php 第 37 行.
SQL: SHOW COLUMNS FROM `i_users` [ RunTime:0.0030s ]
NOTIC: [8] Undefined index: auto E:\bad\simplewind\Core\Library\Think\Model.class.php 第 1128 行.
SQL: SELECT * FROM `i_users` WHERE `user_status` = 1 AND `mobile` = '18815412178' LIMIT 1   [ RunTime:0.0000s ]
SQL: UPDATE `i_users` SET `last_login_time`='2017-05-12 21:21:27',`last_login_ip`='127.0.0.1' WHERE `id` = '5' [ RunTime:0.0440s ]

[ 2017-05-12T21:21:58+08:00 ] 127.0.0.1 /index.php?g=User&m=Center&a=do_duihuan
INFO: [ app_begin ] --START--
INFO: Run Behavior\ReadHtmlCacheBehavior [ RunTime:0.002000s ]
INFO: Run Behavior\CheckLangBehavior [ RunTime:0.004000s ]
INFO: Run Common\Behavior\UrldecodeGetBehavior [ RunTime:0.002000s ]
INFO: [ app_begin ] --END-- [ RunTime:0.008000s ]
SQL: SHOW COLUMNS FROM `i_users` [ RunTime:0.0030s ]
SQL: SELECT * FROM `i_users` WHERE `id` = '5' LIMIT 1   [ RunTime:0.0000s ]
SQL: SHOW COLUMNS FROM `i_users` [ RunTime:0.0030s ]
SQL: SELECT `user_status` FROM `i_users` WHERE `id` = '5' LIMIT 1   [ RunTime:0.0000s ]
SQL: SHOW COLUMNS FROM `i_users` [ RunTime:0.0020s ]
SQL: SELECT * FROM `i_users` WHERE `id` = '5' LIMIT 1   [ RunTime:0.0000s ]
SQL: SHOW COLUMNS FROM `i_data` [ RunTime:0.0020s ]
SQL: SELECT `data` FROM `i_data` WHERE `id` = 1 LIMIT 1   [ RunTime:0.0010s ]
SQL: SHOW COLUMNS FROM `i_goods` [ RunTime:0.0020s ]
SQL: SELECT * FROM `i_goods` WHERE ( id=20170423124543552.000000 ) LIMIT 1   [ RunTime:0.0000s ]
SQL: SELECT * FROM `i_users` WHERE `uuid` = '8431b7c9-5a98-c32c-8c2d-20979207cca1' LIMIT 1   [ RunTime:0.0010s ]
SQL: SELECT * FROM `i_users` WHERE `uuid` = 'fa6e51e1-7475-248c-aa3f-32406676d8de' LIMIT 1   [ RunTime:0.0000s ]
NOTIC: [8] Undefined variable: insert_jiandian E:\bad\application\User\Controller\CenterController.class.php 第 570 行.
NOTIC: [8] Undefined variable: insert_jiandian E:\bad\application\User\Controller\CenterController.class.php 第 591 行.
NOTIC: [8] Undefined variable: updateGrand E:\bad\application\User\Controller\CenterController.class.php 第 608 行.
SQL: UPDATE i_users SET can_monery = can_monery+10 WHERE id = '4' [ RunTime:0.0000s ]
SQL: INSERT INTO i_ticheng_log (uid,level,pid,score,gid,zhuanfa,add_time,status) VALUES ('4',1,'5',10,20170423124543553,0,NOW(),1) [ RunTime:0.0010s ]
SQL: UPDATE i_users SET score = score - 100 WHERE id = '5' [ RunTime:0.0000s ]
SQL:  INSERT INTO i_orders (order_num,uid,address_id,`number`,gid,goodsInfo,score,pay_score,pay_time) VALUES (20170512212158424,'5',4,'1',20170423124543553,'[{"fname":"next商品|50、蓝色","fprice":"100","fcount":1,"prices":"100","fid":"20170423124543553-1"}]',100,100,NOW()) [ RunTime:0.0000s ]
SQL: INSERT INTO i_ticheng_log (uid,level,pid,score,gid,action,add_time) VALUES ('5',0,0,100,20170423124543553,0,now()) [ RunTime:0.0000s ]
SQL: UPDATE `i_goods` SET `attribute`='[{\"id\":\"1-0\",\"cost_price\":\"60\",\"selling_price\":\"65\",\"market_value\":\"70\",\"unit\":\"\\u4ef6\",\"stock\":\"100\",\"name\":\"50\",\"info\":\"\\u7ea2\\u8272\"},{\"id\":\"1-0\",\"cost_price\":\"60\",\"selling_price\":\"65\",\"market_value\":\"70\",\"unit\":\"\\u4ef6\",\"stock\":95,\"name\":\"50\",\"info\":\"\\u84dd\\u8272\"},{\"id\":\"1-0\",\"cost_price\":\"60\",\"selling_price\":\"65\",\"market_value\":\"70\",\"unit\":\"\\u4ef6\",\"stock\":\"100\",\"name\":\"50\",\"info\":\"\\u9ed1\\u8272\"},{\"id\":\"1-0\",\"cost_price\":\"60\",\"selling_price\":\"65\",\"market_value\":\"70\",\"unit\":\"\\u4ef6\",\"stock\":\"100\",\"name\":\"49\",\"info\":\"\\u9ed1\\u8272\"},{\"id\":\"1-0\",\"cost_price\":\"60\",\"selling_price\":\"65\",\"market_value\":\"70\",\"unit\":\"\\u4ef6\",\"stock\":\"100\",\"name\":\"48\",\"info\":\"\\u9ed1\\u8272\"},{\"id\":\"1-0\",\"cost_price\":\"60\",\"selling_price\":\"65\",\"market_value\":\"70\",\"unit\":\"\\u4ef6\",\"stock\":\"100\",\"name\":\"48\",\"info\":\"\\u84dd\\u8272\"},{\"id\":\"1-0\",\"cost_price\":\"60\",\"selling_price\":\"65\",\"market_value\":\"70\",\"unit\":\"\\u4ef6\",\"stock\":\"100\",\"name\":\"48\",\"info\":\"\\u7eff\\u8272\"}]' WHERE `id` = '20170423124543553' [ RunTime:0.0830s ]
SQL: SHOW COLUMNS FROM `i_sku` [ RunTime:0.0020s ]
SQL: INSERT INTO `i_sku` (`gid`,`uid`,`action`,`gid_info`,`add_time`,`number`) VALUES ('20170423124543553','5','1','1','2017-05-12','1') [ RunTime:0.0210s ]
SQL: UPDATE `i_users` SET `level`='2' WHERE `id` = '5' [ RunTime:0.0250s ]
SQL: SELECT * FROM `i_users` WHERE `uuid` = '8431b7c9-5a98-c32c-8c2d-20979207cca1' LIMIT 1   [ RunTime:0.0000s ]
SQL: SELECT COUNT(*) AS num FROM i_orders WHERE uid = 5 AND order_time =to_days(now()) [ RunTime:0.0000s ]

[ 2017-05-12T21:22:47+08:00 ] 127.0.0.1 /index.php?g=User&m=Login&a=dologin
INFO: [ app_begin ] --START--
INFO: Run Behavior\ReadHtmlCacheBehavior [ RunTime:0.002000s ]
INFO: Run Behavior\CheckLangBehavior [ RunTime:0.003000s ]
INFO: Run Common\Behavior\UrldecodeGetBehavior [ RunTime:0.002000s ]
INFO: [ app_begin ] --END-- [ RunTime:0.007000s ]
NOTIC: [8] Undefined index: user E:\bad\application\Common\Controller\HomebaseController.class.php 第 37 行.
SQL: SHOW COLUMNS FROM `i_users` [ RunTime:0.0020s ]
NOTIC: [8] Undefined index: auto E:\bad\simplewind\Core\Library\Think\Model.class.php 第 1128 行.
SQL: SELECT * FROM `i_users` WHERE `user_status` = 1 AND `mobile` = '15412123212' LIMIT 1   [ RunTime:0.0000s ]
SQL: UPDATE `i_users` SET `last_login_time`='2017-05-12 21:22:47',`last_login_ip`='127.0.0.1' WHERE `id` = '4' [ RunTime:0.0360s ]

[ 2017-05-12T21:25:56+08:00 ] 127.0.0.1 /index.php?g=User&m=Login&a=dologin
INFO: [ app_begin ] --START--
INFO: Run Behavior\ReadHtmlCacheBehavior [ RunTime:0.001000s ]
INFO: Run Behavior\CheckLangBehavior [ RunTime:0.005000s ]
INFO: Run Common\Behavior\UrldecodeGetBehavior [ RunTime:0.002000s ]
INFO: [ app_begin ] --END-- [ RunTime:0.009000s ]
NOTIC: [8] Undefined index: user E:\bad\application\Common\Controller\HomebaseController.class.php 第 37 行.
SQL: SHOW COLUMNS FROM `i_users` [ RunTime:0.0020s ]
NOTIC: [8] Undefined index: auto E:\bad\simplewind\Core\Library\Think\Model.class.php 第 1128 行.
SQL: SELECT * FROM `i_users` WHERE `user_status` = 1 AND `mobile` = '18815412178' LIMIT 1   [ RunTime:0.0000s ]
SQL: UPDATE `i_users` SET `last_login_time`='2017-05-12 21:25:56',`last_login_ip`='127.0.0.1' WHERE `id` = '5' [ RunTime:0.0380s ]

[ 2017-05-12T21:26:12+08:00 ] 127.0.0.1 /index.php?g=User&m=Center&a=do_duihuan
INFO: [ app_begin ] --START--
INFO: Run Behavior\ReadHtmlCacheBehavior [ RunTime:0.003000s ]
INFO: Run Behavior\CheckLangBehavior [ RunTime:0.005000s ]
INFO: Run Common\Behavior\UrldecodeGetBehavior [ RunTime:0.003000s ]
INFO: [ app_begin ] --END-- [ RunTime:0.011000s ]
SQL: SHOW COLUMNS FROM `i_users` [ RunTime:0.0030s ]
SQL: SELECT * FROM `i_users` WHERE `id` = '5' LIMIT 1   [ RunTime:0.0010s ]
SQL: SHOW COLUMNS FROM `i_users` [ RunTime:0.0030s ]
SQL: SELECT `user_status` FROM `i_users` WHERE `id` = '5' LIMIT 1   [ RunTime:0.0000s ]
SQL: SHOW COLUMNS FROM `i_users` [ RunTime:0.0020s ]
SQL: SELECT * FROM `i_users` WHERE `id` = '5' LIMIT 1   [ RunTime:0.0000s ]
SQL: SHOW COLUMNS FROM `i_data` [ RunTime:0.0020s ]
SQL: SELECT `data` FROM `i_data` WHERE `id` = 1 LIMIT 1   [ RunTime:0.0000s ]
SQL: SHOW COLUMNS FROM `i_goods` [ RunTime:0.0020s ]
SQL: SELECT * FROM `i_goods` WHERE ( id=20170423124543552.000000 ) LIMIT 1   [ RunTime:0.0000s ]
SQL: SELECT * FROM `i_users` WHERE `uuid` = '8431b7c9-5a98-c32c-8c2d-20979207cca1' LIMIT 1   [ RunTime:0.0000s ]
SQL: SELECT * FROM `i_users` WHERE `uuid` = 'fa6e51e1-7475-248c-aa3f-32406676d8de' LIMIT 1   [ RunTime:0.0000s ]
NOTIC: [8] Undefined variable: insert_jiandian E:\bad\application\User\Controller\CenterController.class.php 第 570 行.
NOTIC: [8] Undefined variable: insert_jiandian E:\bad\application\User\Controller\CenterController.class.php 第 591 行.
NOTIC: [8] Undefined variable: updateGrand E:\bad\application\User\Controller\CenterController.class.php 第 608 行.
SQL: UPDATE i_users SET can_monery = can_monery+10 WHERE id = '4' [ RunTime:0.0000s ]
SQL: INSERT INTO i_ticheng_log (uid,level,pid,score,gid,zhuanfa,add_time,status) VALUES ('4',1,'5',10,20170423124543553,0,NOW(),1) [ RunTime:0.0000s ]
SQL: UPDATE i_users SET score = score - 100 WHERE id = '5' [ RunTime:0.0000s ]
SQL:  INSERT INTO i_orders (order_num,uid,address_id,`number`,gid,goodsInfo,score,pay_score,pay_time) VALUES (20170512212612682,'5',4,'1',20170423124543553,'[{"fname":"next商品|50、红色","fprice":"100","fcount":1,"prices":"100","fid":"20170423124543553-0"}]',100,100,NOW()) [ RunTime:0.0010s ]
SQL: INSERT INTO i_ticheng_log (uid,level,pid,score,gid,action,add_time) VALUES ('5',0,0,100,20170423124543553,0,now()) [ RunTime:0.0000s ]
SQL: UPDATE `i_goods` SET `attribute`='[{\"id\":\"1-0\",\"cost_price\":\"60\",\"selling_price\":\"65\",\"market_value\":\"70\",\"unit\":\"\\u4ef6\",\"stock\":99,\"name\":\"50\",\"info\":\"\\u7ea2\\u8272\"},{\"id\":\"1-0\",\"cost_price\":\"60\",\"selling_price\":\"65\",\"market_value\":\"70\",\"unit\":\"\\u4ef6\",\"stock\":95,\"name\":\"50\",\"info\":\"\\u84dd\\u8272\"},{\"id\":\"1-0\",\"cost_price\":\"60\",\"selling_price\":\"65\",\"market_value\":\"70\",\"unit\":\"\\u4ef6\",\"stock\":\"100\",\"name\":\"50\",\"info\":\"\\u9ed1\\u8272\"},{\"id\":\"1-0\",\"cost_price\":\"60\",\"selling_price\":\"65\",\"market_value\":\"70\",\"unit\":\"\\u4ef6\",\"stock\":\"100\",\"name\":\"49\",\"info\":\"\\u9ed1\\u8272\"},{\"id\":\"1-0\",\"cost_price\":\"60\",\"selling_price\":\"65\",\"market_value\":\"70\",\"unit\":\"\\u4ef6\",\"stock\":\"100\",\"name\":\"48\",\"info\":\"\\u9ed1\\u8272\"},{\"id\":\"1-0\",\"cost_price\":\"60\",\"selling_price\":\"65\",\"market_value\":\"70\",\"unit\":\"\\u4ef6\",\"stock\":\"100\",\"name\":\"48\",\"info\":\"\\u84dd\\u8272\"},{\"id\":\"1-0\",\"cost_price\":\"60\",\"selling_price\":\"65\",\"market_value\":\"70\",\"unit\":\"\\u4ef6\",\"stock\":\"100\",\"name\":\"48\",\"info\":\"\\u7eff\\u8272\"}]' WHERE `id` = '20170423124543553' [ RunTime:0.0660s ]
SQL: SHOW COLUMNS FROM `i_sku` [ RunTime:0.0020s ]
SQL: INSERT INTO `i_sku` (`gid`,`uid`,`action`,`gid_info`,`add_time`,`number`) VALUES ('20170423124543553','5','1','0','2017-05-12','1') [ RunTime:0.0220s ]
SQL: UPDATE `i_users` SET `level`='2' WHERE `id` = '5' [ RunTime:0.0340s ]
SQL: SELECT * FROM `i_users` WHERE `uuid` = '8431b7c9-5a98-c32c-8c2d-20979207cca1' LIMIT 1   [ RunTime:0.0000s ]
SQL: SELECT COUNT(*) AS num FROM i_orders WHERE uid = 5 AND order_time =to_days(now()) [ RunTime:0.0010s ]

[ 2017-05-12T21:26:52+08:00 ] 127.0.0.1 /index.php?g=User&m=Center&a=do_duihuan
INFO: [ app_begin ] --START--
INFO: Run Behavior\ReadHtmlCacheBehavior [ RunTime:0.003001s ]
INFO: Run Behavior\CheckLangBehavior [ RunTime:0.006000s ]
INFO: Run Common\Behavior\UrldecodeGetBehavior [ RunTime:0.003000s ]
INFO: [ app_begin ] --END-- [ RunTime:0.012001s ]
SQL: SHOW COLUMNS FROM `i_users` [ RunTime:0.0020s ]
SQL: SELECT * FROM `i_users` WHERE `id` = '5' LIMIT 1   [ RunTime:0.0000s ]
SQL: SHOW COLUMNS FROM `i_users` [ RunTime:0.0030s ]
SQL: SELECT `user_status` FROM `i_users` WHERE `id` = '5' LIMIT 1   [ RunTime:0.0000s ]
SQL: SHOW COLUMNS FROM `i_users` [ RunTime:0.0020s ]
SQL: SELECT * FROM `i_users` WHERE `id` = '5' LIMIT 1   [ RunTime:0.0000s ]
SQL: SHOW COLUMNS FROM `i_data` [ RunTime:0.0020s ]
SQL: SELECT `data` FROM `i_data` WHERE `id` = 1 LIMIT 1   [ RunTime:0.0010s ]
SQL: SHOW COLUMNS FROM `i_goods` [ RunTime:0.0020s ]
SQL: SELECT * FROM `i_goods` WHERE ( id=20170423124543552.000000 ) LIMIT 1   [ RunTime:0.0000s ]
SQL: SELECT * FROM `i_users` WHERE `uuid` = '8431b7c9-5a98-c32c-8c2d-20979207cca1' LIMIT 1   [ RunTime:0.0010s ]
SQL: SELECT * FROM `i_users` WHERE `uuid` = 'fa6e51e1-7475-248c-aa3f-32406676d8de' LIMIT 1   [ RunTime:0.0000s ]
NOTIC: [8] Undefined variable: insert_jiandian E:\bad\application\User\Controller\CenterController.class.php 第 570 行.
NOTIC: [8] Undefined variable: insert_jiandian E:\bad\application\User\Controller\CenterController.class.php 第 591 行.
SQL: UPDATE i_users SET can_monery = can_monery+10 WHERE id = '4' [ RunTime:0.0010s ]
SQL: INSERT INTO i_ticheng_log (uid,level,pid,score,gid,zhuanfa,add_time,status) VALUES ('4',1,'5',10,20170423124543553,0,NOW(),1) [ RunTime:0.0000s ]
SQL: UPDATE i_users SET can_monery = can_monery + 15 WHERE id = '3' [ RunTime:0.0000s ]
SQL: INSERT INTO i_ticheng_log (uid,level,pid,score,gid,add_time,status) VALUES ('3',2,'5',15,20170423124543553,NOW(),2) [ RunTime:0.0000s ]
SQL:  UPDATE i_users SET can_monery = can_monery + 5 WHERE id = '3' [ RunTime:0.0010s ]
SQL: INSERT INTO i_ticheng_log (uid,level,pid,score,gid,add_time,status) VALUES ('3',2,'5',5,20170423124543553,NOW(),3) [ RunTime:0.0000s ]
SQL: UPDATE i_users SET score = score - 100 WHERE id = '5' [ RunTime:0.0000s ]
SQL:  INSERT INTO i_orders (order_num,uid,address_id,`number`,gid,goodsInfo,score,pay_score,pay_time) VALUES (20170512212652807,'5',4,'1',20170423124543553,'[{"fname":"next商品|50、红色","fprice":"100","fcount":1,"prices":"100","fid":"20170423124543553-0"}]',100,100,NOW()) [ RunTime:0.0000s ]
SQL: INSERT INTO i_ticheng_log (uid,level,pid,score,gid,action,add_time) VALUES ('5',0,0,100,20170423124543553,0,now()) [ RunTime:0.0000s ]
SQL: UPDATE `i_goods` SET `attribute`='[{\"id\":\"1-0\",\"cost_price\":\"60\",\"selling_price\":\"65\",\"market_value\":\"70\",\"unit\":\"\\u4ef6\",\"stock\":98,\"name\":\"50\",\"info\":\"\\u7ea2\\u8272\"},{\"id\":\"1-0\",\"cost_price\":\"60\",\"selling_price\":\"65\",\"market_value\":\"70\",\"unit\":\"\\u4ef6\",\"stock\":95,\"name\":\"50\",\"info\":\"\\u84dd\\u8272\"},{\"id\":\"1-0\",\"cost_price\":\"60\",\"selling_price\":\"65\",\"market_value\":\"70\",\"unit\":\"\\u4ef6\",\"stock\":\"100\",\"name\":\"50\",\"info\":\"\\u9ed1\\u8272\"},{\"id\":\"1-0\",\"cost_price\":\"60\",\"selling_price\":\"65\",\"market_value\":\"70\",\"unit\":\"\\u4ef6\",\"stock\":\"100\",\"name\":\"49\",\"info\":\"\\u9ed1\\u8272\"},{\"id\":\"1-0\",\"cost_price\":\"60\",\"selling_price\":\"65\",\"market_value\":\"70\",\"unit\":\"\\u4ef6\",\"stock\":\"100\",\"name\":\"48\",\"info\":\"\\u9ed1\\u8272\"},{\"id\":\"1-0\",\"cost_price\":\"60\",\"selling_price\":\"65\",\"market_value\":\"70\",\"unit\":\"\\u4ef6\",\"stock\":\"100\",\"name\":\"48\",\"info\":\"\\u84dd\\u8272\"},{\"id\":\"1-0\",\"cost_price\":\"60\",\"selling_price\":\"65\",\"market_value\":\"70\",\"unit\":\"\\u4ef6\",\"stock\":\"100\",\"name\":\"48\",\"info\":\"\\u7eff\\u8272\"}]' WHERE `id` = '20170423124543553' [ RunTime:0.0670s ]
SQL: SHOW COLUMNS FROM `i_sku` [ RunTime:0.0020s ]
SQL: INSERT INTO `i_sku` (`gid`,`uid`,`action`,`gid_info`,`add_time`,`number`) VALUES ('20170423124543553','5','1','0','2017-05-12','1') [ RunTime:0.0290s ]
SQL: UPDATE `i_users` SET `level`='2' WHERE `id` = '5' [ RunTime:0.0270s ]
SQL: SELECT * FROM `i_users` WHERE `uuid` = '8431b7c9-5a98-c32c-8c2d-20979207cca1' LIMIT 1   [ RunTime:0.0010s ]
SQL: SELECT COUNT(*) AS num FROM i_orders WHERE uid = 5 AND order_time =to_days(now()) [ RunTime:0.0000s ]

[ 2017-05-12T21:27:14+08:00 ] 127.0.0.1 /index.php?g=User&m=Login&a=dologin
INFO: [ app_begin ] --START--
INFO: Run Behavior\ReadHtmlCacheBehavior [ RunTime:0.002000s ]
INFO: Run Behavior\CheckLangBehavior [ RunTime:0.004000s ]
INFO: Run Common\Behavior\UrldecodeGetBehavior [ RunTime:0.002000s ]
INFO: [ app_begin ] --END-- [ RunTime:0.009000s ]
NOTIC: [8] Undefined index: user E:\bad\application\Common\Controller\HomebaseController.class.php 第 37 行.
SQL: SHOW COLUMNS FROM `i_users` [ RunTime:0.0020s ]
NOTIC: [8] Undefined index: auto E:\bad\simplewind\Core\Library\Think\Model.class.php 第 1128 行.
SQL: SELECT * FROM `i_users` WHERE `user_status` = 1 AND `mobile` = '18816978511' LIMIT 1   [ RunTime:0.0010s ]
SQL: UPDATE `i_users` SET `last_login_time`='2017-05-12 21:27:14',`last_login_ip`='127.0.0.1' WHERE `id` = '3' [ RunTime:0.0270s ]

[ 2017-05-12T21:28:45+08:00 ] 127.0.0.1 /index.php?g=User&m=Login&a=dologin
INFO: [ app_begin ] --START--
INFO: Run Behavior\ReadHtmlCacheBehavior [ RunTime:0.003000s ]
INFO: Run Behavior\CheckLangBehavior [ RunTime:0.004001s ]
INFO: Run Common\Behavior\UrldecodeGetBehavior [ RunTime:0.001000s ]
INFO: [ app_begin ] --END-- [ RunTime:0.008001s ]
NOTIC: [8] Undefined index: user E:\bad\application\Common\Controller\HomebaseController.class.php 第 37 行.
SQL: SHOW COLUMNS FROM `i_users` [ RunTime:0.0020s ]
NOTIC: [8] Undefined index: auto E:\bad\simplewind\Core\Library\Think\Model.class.php 第 1128 行.
SQL: SELECT * FROM `i_users` WHERE `user_status` = 1 AND `mobile` = '18815412178' LIMIT 1   [ RunTime:0.0000s ]
SQL: UPDATE `i_users` SET `last_login_time`='2017-05-12 21:28:45',`last_login_ip`='127.0.0.1' WHERE `id` = '5' [ RunTime:0.0390s ]

[ 2017-05-12T21:28:54+08:00 ] 127.0.0.1 /index.php?g=User&m=Center&a=do_duihuan
INFO: [ app_begin ] --START--
INFO: Run Behavior\ReadHtmlCacheBehavior [ RunTime:0.002000s ]
INFO: Run Behavior\CheckLangBehavior [ RunTime:0.004000s ]
INFO: Run Common\Behavior\UrldecodeGetBehavior [ RunTime:0.002000s ]
INFO: [ app_begin ] --END-- [ RunTime:0.008000s ]
SQL: SHOW COLUMNS FROM `i_users` [ RunTime:0.0030s ]
SQL: SELECT * FROM `i_users` WHERE `id` = '5' LIMIT 1   [ RunTime:0.0010s ]
SQL: SHOW COLUMNS FROM `i_users` [ RunTime:0.0020s ]
SQL: SELECT `user_status` FROM `i_users` WHERE `id` = '5' LIMIT 1   [ RunTime:0.0000s ]
SQL: SHOW COLUMNS FROM `i_users` [ RunTime:0.0020s ]
SQL: SELECT * FROM `i_users` WHERE `id` = '5' LIMIT 1   [ RunTime:0.0000s ]
SQL: SHOW COLUMNS FROM `i_data` [ RunTime:0.0020s ]
SQL: SELECT `data` FROM `i_data` WHERE `id` = 1 LIMIT 1   [ RunTime:0.0000s ]
SQL: SHOW COLUMNS FROM `i_goods` [ RunTime:0.0010s ]
SQL: SELECT * FROM `i_goods` WHERE ( id=20170422212306784.000000 ) LIMIT 1   [ RunTime:0.0000s ]
SQL: SELECT * FROM `i_users` WHERE `uuid` = '8431b7c9-5a98-c32c-8c2d-20979207cca1' LIMIT 1   [ RunTime:0.0000s ]
SQL: SHOW COLUMNS FROM `i_orders` [ RunTime:0.0020s ]
SQL: SELECT `id` FROM `i_orders` WHERE `uid` = 5 LIMIT 1   [ RunTime:0.0000s ]
SQL: SELECT * FROM `i_users` WHERE `uuid` = 'fa6e51e1-7475-248c-aa3f-32406676d8de' LIMIT 1   [ RunTime:0.0000s ]
SQL: UPDATE i_users SET can_monery = can_monery+4 WHERE id = '4' [ RunTime:0.0010s ]
SQL: INSERT INTO i_ticheng_log (uid,level,pid,score,gid,zhuanfa,add_time,status) VALUES ('4',1,'5',4,20170422212306786,0,NOW(),2) [ RunTime:0.0000s ]
SQL: UPDATE i_users SET can_monery = can_monery+15 WHERE id = '4' [ RunTime:0.0000s ]
SQL: INSERT INTO i_ticheng_log (uid,level,pid,score,gid,zhuanfa,add_time,status) VALUES ('4',1,'5',4,20170422212306786,0,NOW(),3) [ RunTime:0.0000s ]
SQL: UPDATE i_users SET can_monery = can_monery + 15 WHERE id = '3' [ RunTime:0.0000s ]
SQL: INSERT INTO i_ticheng_log (uid,level,pid,score,gid,add_time,status) VALUES ('3',2,'5',15,20170422212306786,NOW(),2) [ RunTime:0.0000s ]
SQL:  UPDATE i_users SET can_monery = can_monery + 4 WHERE id = '3' [ RunTime:0.0000s ]
SQL: INSERT INTO i_ticheng_log (uid,level,pid,score,gid,add_time,status) VALUES ('3',2,'5',4,20170422212306786,NOW(),3) [ RunTime:0.0000s ]
SQL: UPDATE i_users SET score = score - 85 WHERE id = '5' [ RunTime:0.0000s ]
SQL:  INSERT INTO i_orders (order_num,uid,address_id,`number`,gid,goodsInfo,score,pay_score,pay_time) VALUES (20170512212854116,'5',4,'1',20170422212306786,'[{"fname":"规格|小款式、绿色","fprice":"85","fcount":1,"prices":"100","fid":"20170422212306786-1"}]',85,85,NOW()) [ RunTime:0.0000s ]
SQL: INSERT INTO i_ticheng_log (uid,level,pid,score,gid,action,add_time) VALUES ('5',0,0,85,20170422212306786,0,now()) [ RunTime:0.0000s ]
SQL: UPDATE `i_goods` SET `attribute`='[{\"id\":\"1-1\",\"cost_price\":\"8\",\"selling_price\":\"9\",\"market_value\":\"10\",\"unit\":\"\\u4e2a\",\"stock\":\"13\",\"name\":\"\\u5927\\u6b3e\\u5f0f\",\"info\":\"\\u7eff\\u8272\"},{\"id\":\"1-1\",\"cost_price\":\"8\",\"selling_price\":\"9\",\"market_value\":\"10\",\"unit\":\"\\u4e2a\",\"stock\":4,\"name\":\"\\u5c0f\\u6b3e\\u5f0f\",\"info\":\"\\u7ea2\\u8272\"}]' WHERE `id` = '20170422212306786' [ RunTime:0.0660s ]
SQL: SHOW COLUMNS FROM `i_sku` [ RunTime:0.0030s ]
SQL: INSERT INTO `i_sku` (`gid`,`uid`,`action`,`gid_info`,`add_time`,`number`) VALUES ('20170422212306786','5','1','1','2017-05-12','1') [ RunTime:0.0300s ]
SQL: SELECT COUNT(*) AS num FROM i_orders WHERE uid = 5 AND order_time =to_days(now()) [ RunTime:0.0010s ]

[ 2017-05-12T21:29:23+08:00 ] 127.0.0.1 /index.php?g=User&m=Login&a=dologin
INFO: [ app_begin ] --START--
INFO: Run Behavior\ReadHtmlCacheBehavior [ RunTime:0.002000s ]
INFO: Run Behavior\CheckLangBehavior [ RunTime:0.006001s ]
INFO: Run Common\Behavior\UrldecodeGetBehavior [ RunTime:0.002000s ]
INFO: [ app_begin ] --END-- [ RunTime:0.010001s ]
NOTIC: [8] Undefined index: user E:\bad\application\Common\Controller\HomebaseController.class.php 第 37 行.
SQL: SHOW COLUMNS FROM `i_users` [ RunTime:0.0020s ]
NOTIC: [8] Undefined index: auto E:\bad\simplewind\Core\Library\Think\Model.class.php 第 1128 行.
SQL: SELECT * FROM `i_users` WHERE `user_status` = 1 AND `mobile` = '15412123212' LIMIT 1   [ RunTime:0.0000s ]
SQL: UPDATE `i_users` SET `last_login_time`='2017-05-12 21:29:23',`last_login_ip`='127.0.0.1' WHERE `id` = '4' [ RunTime:0.0460s ]

[ 2017-05-12T22:10:54+08:00 ] 127.0.0.1 /index.php?g=User&m=Other&a=index
ERR: 模板不存在:themes/simplebootx/User/Other/index.html

[ 2017-05-12T22:10:55+08:00 ] 127.0.0.1 /index.php?g=User&m=Other&a=index
ERR: 模板不存在:themes/simplebootx/User/Other/index.html

[ 2017-05-12T22:10:55+08:00 ] 127.0.0.1 /index.php?g=User&m=Other&a=index
ERR: 模板不存在:themes/simplebootx/User/Other/index.html

[ 2017-05-12T22:10:55+08:00 ] 127.0.0.1 /index.php?g=User&m=Other&a=index
ERR: 模板不存在:themes/simplebootx/User/Other/index.html

[ 2017-05-12T22:10:55+08:00 ] 127.0.0.1 /index.php?g=User&m=Other&a=index
ERR: 模板不存在:themes/simplebootx/User/Other/index.html

[ 2017-05-12T22:10:56+08:00 ] 127.0.0.1 /index.php?g=User&m=Other&a=index
ERR: 模板不存在:themes/simplebootx/User/Other/index.html

[ 2017-05-12T22:10:56+08:00 ] 127.0.0.1 /index.php?g=User&m=Other&a=index
ERR: 模板不存在:themes/simplebootx/User/Other/index.html

