[ 2017-05-05T20:58:06+08:00 ] 127.0.0.1 /index.php?g=User&m=Login&a=dologin
INFO: [ app_begin ] --START--
INFO: Run Behavior\ReadHtmlCacheBehavior [ RunTime:0.001000s ]
INFO: Run Behavior\CheckLangBehavior [ RunTime:0.003000s ]
INFO: Run Common\Behavior\UrldecodeGetBehavior [ RunTime:0.002000s ]
INFO: [ app_begin ] --END-- [ RunTime:0.007000s ]
SQL: SHOW COLUMNS FROM `i_users` [ RunTime:0.0680s ]
NOTIC: [8] Undefined index: auto E:\bad\simplewind\Core\Library\Think\Model.class.php 第 1128 行.
SQL: SELECT * FROM `i_users` WHERE `user_status` = 1 AND `mobile` = '18816978523' LIMIT 1   [ RunTime:0.0010s ]

[ 2017-05-05T20:59:50+08:00 ] 127.0.0.1 /index.php?g=User&m=Login&a=dologin
INFO: [ app_begin ] --START--
INFO: Run Behavior\ReadHtmlCacheBehavior [ RunTime:0.001000s ]
INFO: Run Behavior\CheckLangBehavior [ RunTime:0.003000s ]
INFO: Run Common\Behavior\UrldecodeGetBehavior [ RunTime:0.002000s ]
INFO: [ app_begin ] --END-- [ RunTime:0.007000s ]
SQL: SHOW COLUMNS FROM `i_users` [ RunTime:0.0020s ]
NOTIC: [8] Undefined index: auto E:\bad\simplewind\Core\Library\Think\Model.class.php 第 1128 行.
SQL: SELECT * FROM `i_users` WHERE `user_status` = 1 AND `mobile` = '18816978523' LIMIT 1   [ RunTime:0.0000s ]

[ 2017-05-05T20:59:59+08:00 ] 127.0.0.1 /index.php?g=User&m=Login&a=dologin
INFO: [ app_begin ] --START--
INFO: Run Behavior\ReadHtmlCacheBehavior [ RunTime:0.002000s ]
INFO: Run Behavior\CheckLangBehavior [ RunTime:0.003000s ]
INFO: Run Common\Behavior\UrldecodeGetBehavior [ RunTime:0.002000s ]
INFO: [ app_begin ] --END-- [ RunTime:0.007000s ]
SQL: SHOW COLUMNS FROM `i_users` [ RunTime:0.0020s ]
NOTIC: [8] Undefined index: auto E:\bad\simplewind\Core\Library\Think\Model.class.php 第 1128 行.
SQL: SELECT * FROM `i_users` WHERE `user_status` = 1 AND `mobile` = '18816978523' LIMIT 1   [ RunTime:0.0000s ]
SQL: UPDATE `i_users` SET `last_login_time`='2017-05-05 20:59:59',`last_login_ip`='127.0.0.1' WHERE `id` = '2' [ RunTime:0.0310s ]

[ 2017-05-05T21:15:39+08:00 ] 127.0.0.1 /index.php?g=User&m=Center&a=saveGoods
INFO: [ app_begin ] --START--
INFO: Run Behavior\ReadHtmlCacheBehavior [ RunTime:0.002000s ]
INFO: Run Behavior\CheckLangBehavior [ RunTime:0.005001s ]
INFO: Run Common\Behavior\UrldecodeGetBehavior [ RunTime:0.002000s ]
INFO: [ app_begin ] --END-- [ RunTime:0.009001s ]
SQL: SHOW COLUMNS FROM `i_users` [ RunTime:0.0030s ]
SQL: SELECT `user_status` FROM `i_users` WHERE `id` = '2' LIMIT 1   [ RunTime:0.0010s ]
SQL: SHOW COLUMNS FROM `i_users` [ RunTime:0.0030s ]
SQL: SELECT * FROM `i_users` WHERE `id` = '2' LIMIT 1   [ RunTime:0.0000s ]
SQL: SHOW COLUMNS FROM `i_user_collection` [ RunTime:0.0020s ]
SQL: SELECT `id` FROM `i_user_collection` WHERE `gid` = 0 AND `uid` = 2 LIMIT 1   [ RunTime:0.0000s ]
SQL: INSERT INTO `i_user_collection` (`gid`,`uid`,`add_time`) VALUES ('0','2','2017-05-05 21:15:39') [ RunTime:0.0000s ]

[ 2017-05-05T21:15:46+08:00 ] 127.0.0.1 /index.php?g=User&m=Center&a=saveGoods
INFO: [ app_begin ] --START--
INFO: Run Behavior\ReadHtmlCacheBehavior [ RunTime:0.003000s ]
INFO: Run Behavior\CheckLangBehavior [ RunTime:0.005001s ]
INFO: Run Common\Behavior\UrldecodeGetBehavior [ RunTime:0.003000s ]
INFO: [ app_begin ] --END-- [ RunTime:0.012001s ]
SQL: SHOW COLUMNS FROM `i_users` [ RunTime:0.0030s ]
SQL: SELECT `user_status` FROM `i_users` WHERE `id` = '2' LIMIT 1   [ RunTime:0.0000s ]
SQL: SHOW COLUMNS FROM `i_users` [ RunTime:0.0030s ]
SQL: SELECT * FROM `i_users` WHERE `id` = '2' LIMIT 1   [ RunTime:0.0010s ]
SQL: SHOW COLUMNS FROM `i_user_collection` [ RunTime:0.0030s ]
SQL: SELECT `id` FROM `i_user_collection` WHERE `gid` = 0 AND `uid` = 2 LIMIT 1   [ RunTime:0.0000s ]

[ 2017-05-05T21:15:54+08:00 ] 127.0.0.1 /index.php?g=User&m=Center&a=saveGoods
INFO: [ app_begin ] --START--
INFO: Run Behavior\ReadHtmlCacheBehavior [ RunTime:0.001000s ]
INFO: Run Behavior\CheckLangBehavior [ RunTime:0.004001s ]
INFO: Run Common\Behavior\UrldecodeGetBehavior [ RunTime:0.001000s ]
INFO: [ app_begin ] --END-- [ RunTime:0.007001s ]
SQL: SHOW COLUMNS FROM `i_users` [ RunTime:0.0020s ]
SQL: SELECT `user_status` FROM `i_users` WHERE `id` = '2' LIMIT 1   [ RunTime:0.0000s ]
SQL: SHOW COLUMNS FROM `i_users` [ RunTime:0.0020s ]
SQL: SELECT * FROM `i_users` WHERE `id` = '2' LIMIT 1   [ RunTime:0.0000s ]
SQL: SHOW COLUMNS FROM `i_user_collection` [ RunTime:0.0020s ]
SQL: SELECT `id` FROM `i_user_collection` WHERE `gid` = 0 AND `uid` = 2 LIMIT 1   [ RunTime:0.0000s ]

[ 2017-05-05T21:16:10+08:00 ] 127.0.0.1 /index.php?g=User&m=Center&a=saveGoods
INFO: [ app_begin ] --START--
INFO: Run Behavior\ReadHtmlCacheBehavior [ RunTime:0.002000s ]
INFO: Run Behavior\CheckLangBehavior [ RunTime:0.003000s ]
INFO: Run Common\Behavior\UrldecodeGetBehavior [ RunTime:0.002000s ]
INFO: [ app_begin ] --END-- [ RunTime:0.007000s ]
SQL: SHOW COLUMNS FROM `i_users` [ RunTime:0.0020s ]
SQL: SELECT `user_status` FROM `i_users` WHERE `id` = '2' LIMIT 1   [ RunTime:0.0000s ]
SQL: SHOW COLUMNS FROM `i_users` [ RunTime:0.0030s ]
SQL: SELECT * FROM `i_users` WHERE `id` = '2' LIMIT 1   [ RunTime:0.0010s ]
SQL: SHOW COLUMNS FROM `i_user_collection` [ RunTime:0.0020s ]
SQL: SELECT `id` FROM `i_user_collection` WHERE `gid` = 0 AND `uid` = 2 LIMIT 1   [ RunTime:0.0000s ]

[ 2017-05-05T21:18:03+08:00 ] 127.0.0.1 /index.php?g=User&m=Center&a=saveGoods
INFO: [ app_begin ] --START--
INFO: Run Behavior\ReadHtmlCacheBehavior [ RunTime:0.001000s ]
INFO: Run Behavior\CheckLangBehavior [ RunTime:0.005001s ]
INFO: Run Common\Behavior\UrldecodeGetBehavior [ RunTime:0.003000s ]
INFO: [ app_begin ] --END-- [ RunTime:0.009001s ]
SQL: SHOW COLUMNS FROM `i_users` [ RunTime:0.0020s ]
SQL: SELECT `user_status` FROM `i_users` WHERE `id` = '2' LIMIT 1   [ RunTime:0.0010s ]
SQL: SHOW COLUMNS FROM `i_users` [ RunTime:0.0020s ]
SQL: SELECT * FROM `i_users` WHERE `id` = '2' LIMIT 1   [ RunTime:0.0000s ]
SQL: SHOW COLUMNS FROM `i_user_collection` [ RunTime:0.0020s ]
SQL: SELECT `id` FROM `i_user_collection` WHERE `gid` = 0 AND `uid` = 2 LIMIT 1   [ RunTime:0.0000s ]

[ 2017-05-05T21:25:04+08:00 ] 127.0.0.1 /index.php?g=User&m=Login&a=dologin
INFO: [ app_begin ] --START--
INFO: Run Behavior\ReadHtmlCacheBehavior [ RunTime:0.002001s ]
INFO: Run Behavior\CheckLangBehavior [ RunTime:0.003000s ]
INFO: Run Common\Behavior\UrldecodeGetBehavior [ RunTime:0.002000s ]
INFO: [ app_begin ] --END-- [ RunTime:0.008001s ]
SQL: SHOW COLUMNS FROM `i_users` [ RunTime:0.0020s ]
NOTIC: [8] Undefined index: auto E:\bad\simplewind\Core\Library\Think\Model.class.php 第 1128 行.
SQL: SELECT * FROM `i_users` WHERE `user_status` = 1 AND `mobile` = '18816978523' LIMIT 1   [ RunTime:0.0000s ]
SQL: UPDATE `i_users` SET `last_login_time`='2017-05-05 21:25:04',`last_login_ip`='127.0.0.1' WHERE `id` = '2' [ RunTime:0.0370s ]

[ 2017-05-05T21:25:18+08:00 ] 127.0.0.1 /index.php?g=User&m=Center&a=my_save
ERR: 1064:You have an error in your SQL syntax; check the manual that corresponds to your MariaDB server version for the right syntax to use near '* FROM i_user_collection a LEFT JOIN i_goods b ON a.gid = b.id' at line 1
 [ SQL语句 ] : SELECT a.id AS sid,.* FROM i_user_collection a LEFT JOIN i_goods b ON a.gid = b.id

[ 2017-05-05T21:25:42+08:00 ] 127.0.0.1 /index.php?g=User&m=Center&a=my_save
ERR: 1064:You have an error in your SQL syntax; check the manual that corresponds to your MariaDB server version for the right syntax to use near '* FROM i_user_collection a LEFT JOIN i_goods b ON a.gid = b.id' at line 1
 [ SQL语句 ] : SELECT a.id AS sid,* FROM i_user_collection a LEFT JOIN i_goods b ON a.gid = b.id

[ 2017-05-05T21:25:43+08:00 ] 127.0.0.1 /index.php?g=User&m=Center&a=my_save
ERR: 1064:You have an error in your SQL syntax; check the manual that corresponds to your MariaDB server version for the right syntax to use near '* FROM i_user_collection a LEFT JOIN i_goods b ON a.gid = b.id' at line 1
 [ SQL语句 ] : SELECT a.id AS sid,* FROM i_user_collection a LEFT JOIN i_goods b ON a.gid = b.id

[ 2017-05-05T21:25:43+08:00 ] 127.0.0.1 /index.php?g=User&m=Center&a=my_save
ERR: 1064:You have an error in your SQL syntax; check the manual that corresponds to your MariaDB server version for the right syntax to use near '* FROM i_user_collection a LEFT JOIN i_goods b ON a.gid = b.id' at line 1
 [ SQL语句 ] : SELECT a.id AS sid,* FROM i_user_collection a LEFT JOIN i_goods b ON a.gid = b.id

[ 2017-05-05T21:34:13+08:00 ] 127.0.0.1 /index.php?g=User&m=Center&a=saveGoods
INFO: [ app_begin ] --START--
INFO: Run Behavior\ReadHtmlCacheBehavior [ RunTime:0.003000s ]
INFO: Run Behavior\CheckLangBehavior [ RunTime:0.005000s ]
INFO: Run Common\Behavior\UrldecodeGetBehavior [ RunTime:0.003000s ]
INFO: [ app_begin ] --END-- [ RunTime:0.011000s ]
SQL: SHOW COLUMNS FROM `i_users` [ RunTime:0.0020s ]
SQL: SELECT `user_status` FROM `i_users` WHERE `id` = '2' LIMIT 1   [ RunTime:0.0000s ]
SQL: SHOW COLUMNS FROM `i_users` [ RunTime:0.0020s ]
SQL: SELECT * FROM `i_users` WHERE `id` = '2' LIMIT 1   [ RunTime:0.0000s ]
SQL: SHOW COLUMNS FROM `i_user_collection` [ RunTime:0.0020s ]
SQL: SELECT `id` FROM `i_user_collection` WHERE `gid` = '' AND `uid` = 2 LIMIT 1   [ RunTime:0.0000s ]

[ 2017-05-05T21:38:03+08:00 ] 127.0.0.1 /index.php?g=User&m=Center&a=saveGoods
INFO: [ app_begin ] --START--
INFO: Run Behavior\ReadHtmlCacheBehavior [ RunTime:0.002001s ]
INFO: Run Behavior\CheckLangBehavior [ RunTime:0.003000s ]
INFO: Run Common\Behavior\UrldecodeGetBehavior [ RunTime:0.002000s ]
INFO: [ app_begin ] --END-- [ RunTime:0.008001s ]
SQL: SHOW COLUMNS FROM `i_users` [ RunTime:0.0030s ]
SQL: SELECT `user_status` FROM `i_users` WHERE `id` = '2' LIMIT 1   [ RunTime:0.0010s ]
SQL: SHOW COLUMNS FROM `i_users` [ RunTime:0.0040s ]
SQL: SELECT * FROM `i_users` WHERE `id` = '2' LIMIT 1   [ RunTime:0.0000s ]
SQL: SHOW COLUMNS FROM `i_user_collection` [ RunTime:0.0020s ]
SQL: SELECT `id` FROM `i_user_collection` WHERE `gid` = '20170422212306786' AND `uid` = 2 LIMIT 1   [ RunTime:0.0010s ]
SQL: INSERT INTO `i_user_collection` (`gid`,`uid`,`add_time`) VALUES ('20170422212306786','2','2017-05-05 21:38:03') [ RunTime:0.0000s ]

[ 2017-05-05T21:47:32+08:00 ] 127.0.0.1 /index.php?g=User&m=Center&a=my_save
ERR: 1052:Column 'add_time' in order clause is ambiguous
 [ SQL语句 ] : SELECT *,a.id AS sid,b.id AS gid FROM i_user_collection a LEFT JOIN i_goods b ON a.gid = b.id ORDER BY add_time DESC

[ 2017-05-05T21:47:33+08:00 ] 127.0.0.1 /index.php?g=User&m=Center&a=my_save
ERR: 1052:Column 'add_time' in order clause is ambiguous
 [ SQL语句 ] : SELECT *,a.id AS sid,b.id AS gid FROM i_user_collection a LEFT JOIN i_goods b ON a.gid = b.id ORDER BY add_time DESC

[ 2017-05-05T21:47:34+08:00 ] 127.0.0.1 /index.php?g=User&m=Center&a=my_save
ERR: 1052:Column 'add_time' in order clause is ambiguous
 [ SQL语句 ] : SELECT *,a.id AS sid,b.id AS gid FROM i_user_collection a LEFT JOIN i_goods b ON a.gid = b.id ORDER BY add_time DESC

[ 2017-05-05T21:47:34+08:00 ] 127.0.0.1 /index.php?g=User&m=Center&a=my_save
ERR: 1052:Column 'add_time' in order clause is ambiguous
 [ SQL语句 ] : SELECT *,a.id AS sid,b.id AS gid FROM i_user_collection a LEFT JOIN i_goods b ON a.gid = b.id ORDER BY add_time DESC

[ 2017-05-05T21:47:34+08:00 ] 127.0.0.1 /index.php?g=User&m=Center&a=my_save
ERR: 1052:Column 'add_time' in order clause is ambiguous
 [ SQL语句 ] : SELECT *,a.id AS sid,b.id AS gid FROM i_user_collection a LEFT JOIN i_goods b ON a.gid = b.id ORDER BY add_time DESC

[ 2017-05-05T21:47:35+08:00 ] 127.0.0.1 /index.php?g=User&m=Center&a=my_save
ERR: 1052:Column 'add_time' in order clause is ambiguous
 [ SQL语句 ] : SELECT *,a.id AS sid,b.id AS gid FROM i_user_collection a LEFT JOIN i_goods b ON a.gid = b.id ORDER BY add_time DESC

[ 2017-05-05T21:47:35+08:00 ] 127.0.0.1 /index.php?g=User&m=Center&a=my_save
ERR: 1052:Column 'add_time' in order clause is ambiguous
 [ SQL语句 ] : SELECT *,a.id AS sid,b.id AS gid FROM i_user_collection a LEFT JOIN i_goods b ON a.gid = b.id ORDER BY add_time DESC

[ 2017-05-05T21:47:36+08:00 ] 127.0.0.1 /index.php?g=User&m=Center&a=my_save
ERR: 1052:Column 'add_time' in order clause is ambiguous
 [ SQL语句 ] : SELECT *,a.id AS sid,b.id AS gid FROM i_user_collection a LEFT JOIN i_goods b ON a.gid = b.id ORDER BY add_time DESC

[ 2017-05-05T21:47:36+08:00 ] 127.0.0.1 /index.php?g=User&m=Center&a=my_save
ERR: 1052:Column 'add_time' in order clause is ambiguous
 [ SQL语句 ] : SELECT *,a.id AS sid,b.id AS gid FROM i_user_collection a LEFT JOIN i_goods b ON a.gid = b.id ORDER BY add_time DESC

[ 2017-05-05T21:47:36+08:00 ] 127.0.0.1 /index.php?g=User&m=Center&a=my_save
ERR: 1052:Column 'add_time' in order clause is ambiguous
 [ SQL语句 ] : SELECT *,a.id AS sid,b.id AS gid FROM i_user_collection a LEFT JOIN i_goods b ON a.gid = b.id ORDER BY add_time DESC

[ 2017-05-05T21:47:36+08:00 ] 127.0.0.1 /index.php?g=User&m=Center&a=my_save
ERR: 1052:Column 'add_time' in order clause is ambiguous
 [ SQL语句 ] : SELECT *,a.id AS sid,b.id AS gid FROM i_user_collection a LEFT JOIN i_goods b ON a.gid = b.id ORDER BY add_time DESC

[ 2017-05-05T21:47:36+08:00 ] 127.0.0.1 /index.php?g=User&m=Center&a=my_save
ERR: 1052:Column 'add_time' in order clause is ambiguous
 [ SQL语句 ] : SELECT *,a.id AS sid,b.id AS gid FROM i_user_collection a LEFT JOIN i_goods b ON a.gid = b.id ORDER BY add_time DESC

[ 2017-05-05T21:47:44+08:00 ] 127.0.0.1 /index.php?g=User&m=Center&a=my_save
ERR: 1052:Column 'add_time' in order clause is ambiguous
 [ SQL语句 ] : SELECT *,a.id AS sid,b.id AS gid FROM i_user_collection a LEFT JOIN i_goods b ON a.gid = b.id ORDER BY add_time DESC

[ 2017-05-05T21:47:45+08:00 ] 127.0.0.1 /index.php?g=User&m=Center&a=my_save
ERR: 1052:Column 'add_time' in order clause is ambiguous
 [ SQL语句 ] : SELECT *,a.id AS sid,b.id AS gid FROM i_user_collection a LEFT JOIN i_goods b ON a.gid = b.id ORDER BY add_time DESC

[ 2017-05-05T21:47:50+08:00 ] 127.0.0.1 /index.php?g=User&m=Center&a=my_save
ERR: 1052:Column 'add_time' in order clause is ambiguous
 [ SQL语句 ] : SELECT *,a.id AS sid,b.id AS gid FROM i_user_collection a LEFT JOIN i_goods b ON a.gid = b.id ORDER BY add_time DESC

[ 2017-05-05T22:42:10+08:00 ] 127.0.0.1 /index.php?g=User&m=Center&a=delete_shoucang&id=2
INFO: [ app_begin ] --START--
INFO: Run Behavior\ReadHtmlCacheBehavior [ RunTime:0.003000s ]
INFO: Run Behavior\CheckLangBehavior [ RunTime:0.004000s ]
INFO: Run Common\Behavior\UrldecodeGetBehavior [ RunTime:0.002000s ]
INFO: [ app_begin ] --END-- [ RunTime:0.010000s ]
SQL: SHOW COLUMNS FROM `i_users` [ RunTime:0.0030s ]
SQL: SELECT `user_status` FROM `i_users` WHERE `id` = '2' LIMIT 1   [ RunTime:0.0000s ]
SQL: SHOW COLUMNS FROM `i_users` [ RunTime:0.0020s ]
SQL: SELECT * FROM `i_users` WHERE `id` = '2' LIMIT 1   [ RunTime:0.0010s ]
SQL: SHOW COLUMNS FROM `i_user_collection` [ RunTime:0.0020s ]
SQL: DELETE FROM `i_user_collection` WHERE `id` = 2 AND `uid` = 2 [ RunTime:0.0000s ]

[ 2017-05-05T22:42:27+08:00 ] 127.0.0.1 /index.php?g=User&m=Center&a=saveGoods
INFO: [ app_begin ] --START--
INFO: Run Behavior\ReadHtmlCacheBehavior [ RunTime:0.002000s ]
INFO: Run Behavior\CheckLangBehavior [ RunTime:0.003000s ]
INFO: Run Common\Behavior\UrldecodeGetBehavior [ RunTime:0.003000s ]
INFO: [ app_begin ] --END-- [ RunTime:0.008000s ]
SQL: SHOW COLUMNS FROM `i_users` [ RunTime:0.0030s ]
SQL: SELECT `user_status` FROM `i_users` WHERE `id` = '2' LIMIT 1   [ RunTime:0.0010s ]
SQL: SHOW COLUMNS FROM `i_users` [ RunTime:0.0020s ]
SQL: SELECT * FROM `i_users` WHERE `id` = '2' LIMIT 1   [ RunTime:0.0000s ]
SQL: SHOW COLUMNS FROM `i_user_collection` [ RunTime:0.0020s ]
SQL: SELECT `id` FROM `i_user_collection` WHERE `gid` = '20170422212306786' AND `uid` = 2 LIMIT 1   [ RunTime:0.0010s ]
SQL: INSERT INTO `i_user_collection` (`gid`,`uid`,`add_time`) VALUES ('20170422212306786','2','2017-05-05 22:42:27') [ RunTime:0.0000s ]

[ 2017-05-05T22:42:33+08:00 ] 127.0.0.1 /index.php?g=User&m=Center&a=delete_shoucang&id=3
INFO: [ app_begin ] --START--
INFO: Run Behavior\ReadHtmlCacheBehavior [ RunTime:0.002000s ]
INFO: Run Behavior\CheckLangBehavior [ RunTime:0.003000s ]
INFO: Run Common\Behavior\UrldecodeGetBehavior [ RunTime:0.003001s ]
INFO: [ app_begin ] --END-- [ RunTime:0.009001s ]
SQL: SHOW COLUMNS FROM `i_users` [ RunTime:0.0020s ]
SQL: SELECT `user_status` FROM `i_users` WHERE `id` = '2' LIMIT 1   [ RunTime:0.0000s ]
SQL: SHOW COLUMNS FROM `i_users` [ RunTime:0.0020s ]
SQL: SELECT * FROM `i_users` WHERE `id` = '2' LIMIT 1   [ RunTime:0.0010s ]
SQL: SHOW COLUMNS FROM `i_user_collection` [ RunTime:0.0010s ]
SQL: DELETE FROM `i_user_collection` WHERE `id` = 3 AND `uid` = 2 [ RunTime:0.0000s ]

[ 2017-05-05T22:44:52+08:00 ] 127.0.0.1 /index.php?g=User&m=Center&a=saveGoods
INFO: [ app_begin ] --START--
INFO: Run Behavior\ReadHtmlCacheBehavior [ RunTime:0.002000s ]
INFO: Run Behavior\CheckLangBehavior [ RunTime:0.004000s ]
INFO: Run Common\Behavior\UrldecodeGetBehavior [ RunTime:0.002000s ]
INFO: [ app_begin ] --END-- [ RunTime:0.008000s ]
SQL: SHOW COLUMNS FROM `i_users` [ RunTime:0.0020s ]
SQL: SELECT `user_status` FROM `i_users` WHERE `id` = '2' LIMIT 1   [ RunTime:0.0000s ]
SQL: SHOW COLUMNS FROM `i_users` [ RunTime:0.0030s ]
SQL: SELECT * FROM `i_users` WHERE `id` = '2' LIMIT 1   [ RunTime:0.0000s ]
SQL: SHOW COLUMNS FROM `i_user_collection` [ RunTime:0.0030s ]
SQL: SELECT `id` FROM `i_user_collection` WHERE `gid` = '20170422212306786' AND `uid` = 2 LIMIT 1   [ RunTime:0.0000s ]
SQL: INSERT INTO `i_user_collection` (`gid`,`uid`,`add_time`) VALUES ('20170422212306786','2','2017-05-05 22:44:52') [ RunTime:0.0000s ]

[ 2017-05-05T22:44:56+08:00 ] 127.0.0.1 /index.php?g=User&m=Center&a=delete_shoucang&id=4
INFO: [ app_begin ] --START--
INFO: Run Behavior\ReadHtmlCacheBehavior [ RunTime:0.002000s ]
INFO: Run Behavior\CheckLangBehavior [ RunTime:0.005000s ]
INFO: Run Common\Behavior\UrldecodeGetBehavior [ RunTime:0.001000s ]
INFO: [ app_begin ] --END-- [ RunTime:0.008000s ]
SQL: SHOW COLUMNS FROM `i_users` [ RunTime:0.0030s ]
SQL: SELECT `user_status` FROM `i_users` WHERE `id` = '2' LIMIT 1   [ RunTime:0.0000s ]
SQL: SHOW COLUMNS FROM `i_users` [ RunTime:0.0030s ]
SQL: SELECT * FROM `i_users` WHERE `id` = '2' LIMIT 1   [ RunTime:0.0000s ]
SQL: SHOW COLUMNS FROM `i_user_collection` [ RunTime:0.0010s ]
SQL: DELETE FROM `i_user_collection` WHERE `id` = 4 AND `uid` = 2 [ RunTime:0.0000s ]

[ 2017-05-05T22:47:03+08:00 ] 127.0.0.1 /index.php?g=User&m=Center&a=saveGoods
INFO: [ app_begin ] --START--
INFO: Run Behavior\ReadHtmlCacheBehavior [ RunTime:0.001000s ]
INFO: Run Behavior\CheckLangBehavior [ RunTime:0.004000s ]
INFO: Run Common\Behavior\UrldecodeGetBehavior [ RunTime:0.001000s ]
INFO: [ app_begin ] --END-- [ RunTime:0.006000s ]
SQL: SHOW COLUMNS FROM `i_users` [ RunTime:0.0030s ]
SQL: SELECT `user_status` FROM `i_users` WHERE `id` = '2' LIMIT 1   [ RunTime:0.0000s ]
SQL: SHOW COLUMNS FROM `i_users` [ RunTime:0.0030s ]
SQL: SELECT * FROM `i_users` WHERE `id` = '2' LIMIT 1   [ RunTime:0.0010s ]
SQL: SHOW COLUMNS FROM `i_user_collection` [ RunTime:0.0020s ]
SQL: SELECT `id` FROM `i_user_collection` WHERE `gid` = '20170422212306786' AND `uid` = 2 LIMIT 1   [ RunTime:0.0010s ]
SQL: INSERT INTO `i_user_collection` (`gid`,`uid`,`add_time`) VALUES ('20170422212306786','2','2017-05-05 22:47:03') [ RunTime:0.0000s ]

[ 2017-05-05T22:47:12+08:00 ] 127.0.0.1 /index.php?g=User&m=Center&a=delete_shoucang&id=5
INFO: [ app_begin ] --START--
INFO: Run Behavior\ReadHtmlCacheBehavior [ RunTime:0.001000s ]
INFO: Run Behavior\CheckLangBehavior [ RunTime:0.004000s ]
INFO: Run Common\Behavior\UrldecodeGetBehavior [ RunTime:0.002000s ]
INFO: [ app_begin ] --END-- [ RunTime:0.007000s ]
SQL: SHOW COLUMNS FROM `i_users` [ RunTime:0.0030s ]
SQL: SELECT `user_status` FROM `i_users` WHERE `id` = '2' LIMIT 1   [ RunTime:0.0000s ]
SQL: SHOW COLUMNS FROM `i_users` [ RunTime:0.0020s ]
SQL: SELECT * FROM `i_users` WHERE `id` = '2' LIMIT 1   [ RunTime:0.0000s ]
SQL: SHOW COLUMNS FROM `i_user_collection` [ RunTime:0.0030s ]
SQL: DELETE FROM `i_user_collection` WHERE `id` = 5 AND `uid` = 2 [ RunTime:0.0000s ]

[ 2017-05-05T22:48:59+08:00 ] 127.0.0.1 /index.php?g=User&m=Center&a=saveGoods
INFO: [ app_begin ] --START--
INFO: Run Behavior\ReadHtmlCacheBehavior [ RunTime:0.002000s ]
INFO: Run Behavior\CheckLangBehavior [ RunTime:0.003001s ]
INFO: Run Common\Behavior\UrldecodeGetBehavior [ RunTime:0.004000s ]
INFO: [ app_begin ] --END-- [ RunTime:0.009001s ]
SQL: SHOW COLUMNS FROM `i_users` [ RunTime:0.0020s ]
SQL: SELECT `user_status` FROM `i_users` WHERE `id` = '2' LIMIT 1   [ RunTime:0.0010s ]
SQL: SHOW COLUMNS FROM `i_users` [ RunTime:0.0030s ]
SQL: SELECT * FROM `i_users` WHERE `id` = '2' LIMIT 1   [ RunTime:0.0000s ]
SQL: SHOW COLUMNS FROM `i_user_collection` [ RunTime:0.0020s ]
SQL: SELECT `id` FROM `i_user_collection` WHERE `gid` = '20170422212306786' AND `uid` = 2 LIMIT 1   [ RunTime:0.0000s ]
SQL: INSERT INTO `i_user_collection` (`gid`,`uid`,`add_time`) VALUES ('20170422212306786','2','2017-05-05 22:48:59') [ RunTime:0.0000s ]

